INFO - 2024-05-11 00:05:10 --> Controller "App\Controllers\base\Beranda" loaded.
INFO - 2024-05-11 00:36:13 --> Controller "App\Controllers\base\Beranda" loaded.
INFO - 2024-05-11 00:47:08 --> Controller "App\Controllers\base\Beranda" loaded.
INFO - 2024-05-11 00:54:26 --> Controller "App\Controllers\base\Beranda" loaded.
INFO - 2024-05-11 01:03:10 --> Controller "App\Controllers\base\Beranda" loaded.
INFO - 2024-05-11 01:06:32 --> Controller "App\Controllers\base\Beranda" loaded.
INFO - 2024-05-11 02:01:50 --> Controller "App\Controllers\base\Beranda" loaded.
INFO - 2024-05-11 02:07:41 --> Session: Class initialized using 'CodeIgniter\Session\Handlers\FileHandler' driver.
INFO - 2024-05-11 02:07:43 --> Session: Class initialized using 'CodeIgniter\Session\Handlers\FileHandler' driver.
INFO - 2024-05-11 02:07:43 --> Controller "App\Controllers\base\Dashboard" loaded.
INFO - 2024-05-11 02:11:23 --> Controller "App\Controllers\base\Beranda" loaded.
INFO - 2024-05-11 02:12:48 --> Controller "App\Controllers\base\Beranda" loaded.
INFO - 2024-05-11 02:13:10 --> Controller "App\Controllers\base\Beranda" loaded.
INFO - 2024-05-11 03:00:46 --> Controller "App\Controllers\base\Beranda" loaded.
INFO - 2024-05-11 03:09:25 --> Controller "App\Controllers\base\Beranda" loaded.
INFO - 2024-05-11 03:11:00 --> Controller "App\Controllers\base\Beranda" loaded.
INFO - 2024-05-11 03:17:34 --> Controller "App\Controllers\base\Beranda" loaded.
INFO - 2024-05-11 03:23:51 --> Controller "App\Controllers\base\Beranda" loaded.
INFO - 2024-05-11 03:24:03 --> Controller "App\Controllers\base\Beranda" loaded.
INFO - 2024-05-11 03:36:00 --> Controller "App\Controllers\base\Beranda" loaded.
INFO - 2024-05-11 03:51:38 --> Controller "App\Controllers\base\Beranda" loaded.
INFO - 2024-05-11 04:13:15 --> Controller "App\Controllers\base\Beranda" loaded.
INFO - 2024-05-11 04:23:52 --> Controller "App\Controllers\base\Beranda" loaded.
INFO - 2024-05-11 04:28:32 --> Controller "App\Controllers\base\Beranda" loaded.
INFO - 2024-05-11 04:31:36 --> Controller "App\Controllers\base\Beranda" loaded.
INFO - 2024-05-11 04:43:21 --> Controller "App\Controllers\base\Beranda" loaded.
INFO - 2024-05-11 04:46:48 --> Controller "App\Controllers\base\Beranda" loaded.
INFO - 2024-05-11 04:47:26 --> Controller "App\Controllers\base\Beranda" loaded.
INFO - 2024-05-11 05:13:36 --> Controller "App\Controllers\base\Beranda" loaded.
INFO - 2024-05-11 05:32:57 --> Controller "App\Controllers\base\Beranda" loaded.
INFO - 2024-05-11 05:41:08 --> Controller "App\Controllers\base\Beranda" loaded.
INFO - 2024-05-11 06:06:43 --> Controller "App\Controllers\base\Beranda" loaded.
INFO - 2024-05-11 06:13:48 --> Controller "App\Controllers\base\Beranda" loaded.
INFO - 2024-05-11 06:29:06 --> Controller "App\Controllers\base\Beranda" loaded.
INFO - 2024-05-11 06:36:00 --> Controller "App\Controllers\base\Beranda" loaded.
INFO - 2024-05-11 06:37:29 --> Session: Class initialized using 'CodeIgniter\Session\Handlers\FileHandler' driver.
INFO - 2024-05-11 06:37:29 --> Controller "App\Controllers\base\Beranda" loaded.
INFO - 2024-05-11 06:39:32 --> Controller "App\Controllers\base\Beranda" loaded.
INFO - 2024-05-11 06:40:19 --> Session: Class initialized using 'CodeIgniter\Session\Handlers\FileHandler' driver.
INFO - 2024-05-11 06:40:19 --> Controller "App\Controllers\bukutamu\Bukutamu" loaded.
INFO - 2024-05-11 06:40:37 --> Session: Class initialized using 'CodeIgniter\Session\Handlers\FileHandler' driver.
INFO - 2024-05-11 06:40:37 --> Controller "App\Controllers\bukutamu\Bukutamu" loaded.
INFO - 2024-05-11 06:41:27 --> Controller "App\Controllers\base\Beranda" loaded.
INFO - 2024-05-11 06:41:46 --> Controller "App\Controllers\base\Beranda" loaded.
INFO - 2024-05-11 06:42:29 --> Controller "App\Controllers\base\Beranda" loaded.
INFO - 2024-05-11 06:42:35 --> Controller "App\Controllers\base\Beranda" loaded.
INFO - 2024-05-11 06:49:42 --> Controller "App\Controllers\base\Beranda" loaded.
INFO - 2024-05-11 06:53:37 --> Controller "App\Controllers\base\Beranda" loaded.
INFO - 2024-05-11 07:00:04 --> Controller "App\Controllers\base\Beranda" loaded.
INFO - 2024-05-11 07:01:09 --> Session: Class initialized using 'CodeIgniter\Session\Handlers\FileHandler' driver.
INFO - 2024-05-11 07:01:09 --> Controller "App\Controllers\undangan\Undangan" loaded.
INFO - 2024-05-11 07:01:20 --> Session: Class initialized using 'CodeIgniter\Session\Handlers\FileHandler' driver.
INFO - 2024-05-11 07:01:20 --> Controller "App\Controllers\undangan\Undangan" loaded.
INFO - 2024-05-11 07:06:47 --> Controller "App\Controllers\base\Beranda" loaded.
INFO - 2024-05-11 07:06:53 --> Controller "App\Controllers\base\Beranda" loaded.
INFO - 2024-05-11 07:06:55 --> Controller "App\Controllers\base\Beranda" loaded.
INFO - 2024-05-11 07:14:05 --> Controller "App\Controllers\base\Beranda" loaded.
INFO - 2024-05-11 07:14:21 --> Controller "App\Controllers\base\Beranda" loaded.
INFO - 2024-05-11 07:44:58 --> Controller "App\Controllers\base\Beranda" loaded.
INFO - 2024-05-11 07:52:04 --> Controller "App\Controllers\base\Beranda" loaded.
INFO - 2024-05-11 08:11:15 --> Controller "App\Controllers\base\Beranda" loaded.
INFO - 2024-05-11 08:14:57 --> Controller "App\Controllers\base\Beranda" loaded.
INFO - 2024-05-11 08:15:04 --> Session: Class initialized using 'CodeIgniter\Session\Handlers\FileHandler' driver.
INFO - 2024-05-11 08:15:04 --> Controller "App\Controllers\base\Order" loaded.
INFO - 2024-05-11 08:15:05 --> Controller "App\Controllers\base\Beranda" loaded.
INFO - 2024-05-11 08:31:53 --> Controller "App\Controllers\base\Beranda" loaded.
INFO - 2024-05-11 08:35:29 --> Controller "App\Controllers\base\Beranda" loaded.
INFO - 2024-05-11 08:35:47 --> Controller "App\Controllers\base\Beranda" loaded.
INFO - 2024-05-11 08:50:59 --> Controller "App\Controllers\base\Beranda" loaded.
INFO - 2024-05-11 08:53:20 --> Controller "App\Controllers\base\Beranda" loaded.
INFO - 2024-05-11 08:55:46 --> Controller "App\Controllers\base\Beranda" loaded.
INFO - 2024-05-11 08:57:00 --> Controller "App\Controllers\base\Beranda" loaded.
INFO - 2024-05-11 09:04:02 --> Controller "App\Controllers\base\Beranda" loaded.
INFO - 2024-05-11 09:05:01 --> Controller "App\Controllers\base\Beranda" loaded.
INFO - 2024-05-11 09:05:06 --> Session: Class initialized using 'CodeIgniter\Session\Handlers\FileHandler' driver.
INFO - 2024-05-11 09:05:06 --> Controller "App\Controllers\base\Dashboard" loaded.
INFO - 2024-05-11 09:05:08 --> Session: Class initialized using 'CodeIgniter\Session\Handlers\FileHandler' driver.
INFO - 2024-05-11 09:05:08 --> Controller "App\Controllers\base\Lupa_password" loaded.
INFO - 2024-05-11 09:05:15 --> Session: Class initialized using 'CodeIgniter\Session\Handlers\FileHandler' driver.
INFO - 2024-05-11 09:05:15 --> Controller "App\Controllers\base\Lupa_password" loaded.
ERROR - 2024-05-11 09:05:15 --> Email: sendWithSmtp throwed fsockopen(): php_network_getaddresses: getaddrinfo failed: Name or service not known
INFO - 2024-05-11 09:05:15 --> Session: Class initialized using 'CodeIgniter\Session\Handlers\FileHandler' driver.
INFO - 2024-05-11 09:05:15 --> Controller "App\Controllers\base\Lupa_password" loaded.
INFO - 2024-05-11 09:05:34 --> Session: Class initialized using 'CodeIgniter\Session\Handlers\FileHandler' driver.
INFO - 2024-05-11 09:05:34 --> Controller "App\Controllers\admin\Admin" loaded.
INFO - 2024-05-11 09:05:37 --> Session: Class initialized using 'CodeIgniter\Session\Handlers\FileHandler' driver.
INFO - 2024-05-11 09:05:37 --> Controller "App\Controllers\admin\Admin" loaded.
INFO - 2024-05-11 09:05:37 --> Session: Class initialized using 'CodeIgniter\Session\Handlers\FileHandler' driver.
INFO - 2024-05-11 09:05:37 --> Controller "App\Controllers\admin\Admin" loaded.
INFO - 2024-05-11 09:05:45 --> Session: Class initialized using 'CodeIgniter\Session\Handlers\FileHandler' driver.
INFO - 2024-05-11 09:05:45 --> Controller "App\Controllers\admin\Admin" loaded.
INFO - 2024-05-11 09:07:44 --> Controller "App\Controllers\base\Beranda" loaded.
INFO - 2024-05-11 09:15:21 --> Controller "App\Controllers\base\Beranda" loaded.
INFO - 2024-05-11 09:16:35 --> Controller "App\Controllers\base\Beranda" loaded.
INFO - 2024-05-11 09:31:02 --> Controller "App\Controllers\base\Beranda" loaded.
INFO - 2024-05-11 09:34:14 --> Controller "App\Controllers\base\Beranda" loaded.
INFO - 2024-05-11 09:34:56 --> Controller "App\Controllers\base\Beranda" loaded.
INFO - 2024-05-11 09:35:49 --> Controller "App\Controllers\base\Beranda" loaded.
INFO - 2024-05-11 10:00:11 --> Controller "App\Controllers\base\Beranda" loaded.
INFO - 2024-05-11 10:11:40 --> Controller "App\Controllers\base\Beranda" loaded.
INFO - 2024-05-11 10:15:52 --> Controller "App\Controllers\base\Beranda" loaded.
INFO - 2024-05-11 10:17:55 --> Controller "App\Controllers\base\Beranda" loaded.
INFO - 2024-05-11 10:54:35 --> Controller "App\Controllers\base\Beranda" loaded.
INFO - 2024-05-11 10:58:25 --> Controller "App\Controllers\base\Beranda" loaded.
INFO - 2024-05-11 11:06:04 --> Controller "App\Controllers\base\Beranda" loaded.
INFO - 2024-05-11 11:06:05 --> Controller "App\Controllers\base\Beranda" loaded.
INFO - 2024-05-11 12:05:51 --> Controller "App\Controllers\base\Beranda" loaded.
INFO - 2024-05-11 12:06:00 --> Controller "App\Controllers\base\Beranda" loaded.
INFO - 2024-05-11 12:06:35 --> Session: Class initialized using 'CodeIgniter\Session\Handlers\FileHandler' driver.
INFO - 2024-05-11 12:06:35 --> Controller "App\Controllers\base\Dashboard" loaded.
INFO - 2024-05-11 12:07:27 --> Controller "App\Controllers\base\Beranda" loaded.
INFO - 2024-05-11 12:07:32 --> Session: Class initialized using 'CodeIgniter\Session\Handlers\FileHandler' driver.
INFO - 2024-05-11 12:07:32 --> Controller "App\Controllers\base\Lupa_password" loaded.
INFO - 2024-05-11 12:12:34 --> Session: Class initialized using 'CodeIgniter\Session\Handlers\FileHandler' driver.
INFO - 2024-05-11 12:12:34 --> Controller "App\Controllers\base\Lupa_password" loaded.
INFO - 2024-05-11 12:33:49 --> Controller "App\Controllers\base\Beranda" loaded.
INFO - 2024-05-11 12:33:50 --> Controller "App\Controllers\base\Beranda" loaded.
INFO - 2024-05-11 12:33:50 --> Controller "App\Controllers\base\Beranda" loaded.
INFO - 2024-05-11 12:34:14 --> Controller "App\Controllers\base\Beranda" loaded.
INFO - 2024-05-11 12:34:24 --> Controller "App\Controllers\base\Beranda" loaded.
INFO - 2024-05-11 12:46:10 --> Controller "App\Controllers\base\Beranda" loaded.
INFO - 2024-05-11 12:46:12 --> Controller "App\Controllers\base\Beranda" loaded.
INFO - 2024-05-11 12:46:14 --> Session: Class initialized using 'CodeIgniter\Session\Handlers\FileHandler' driver.
INFO - 2024-05-11 12:46:14 --> Controller "App\Controllers\base\Dashboard" loaded.
INFO - 2024-05-11 12:50:33 --> Controller "App\Controllers\base\Beranda" loaded.
INFO - 2024-05-11 13:20:17 --> Controller "App\Controllers\base\Beranda" loaded.
INFO - 2024-05-11 13:25:43 --> Controller "App\Controllers\base\Beranda" loaded.
INFO - 2024-05-11 13:31:15 --> Controller "App\Controllers\base\Beranda" loaded.
INFO - 2024-05-11 13:32:41 --> Controller "App\Controllers\base\Beranda" loaded.
INFO - 2024-05-11 13:33:16 --> Controller "App\Controllers\base\Beranda" loaded.
INFO - 2024-05-11 13:33:30 --> Controller "App\Controllers\base\Beranda" loaded.
INFO - 2024-05-11 13:34:35 --> Controller "App\Controllers\base\Beranda" loaded.
INFO - 2024-05-11 13:37:05 --> Controller "App\Controllers\base\Beranda" loaded.
INFO - 2024-05-11 15:06:27 --> Controller "App\Controllers\base\Beranda" loaded.
INFO - 2024-05-11 15:31:39 --> Session: Class initialized using 'CodeIgniter\Session\Handlers\FileHandler' driver.
INFO - 2024-05-11 15:31:39 --> Controller "App\Controllers\undangan\Undangan" loaded.
INFO - 2024-05-11 15:34:53 --> Session: Class initialized using 'CodeIgniter\Session\Handlers\FileHandler' driver.
INFO - 2024-05-11 15:34:53 --> Controller "App\Controllers\admin\Admin" loaded.
INFO - 2024-05-11 15:35:12 --> Controller "App\Controllers\base\Beranda" loaded.
INFO - 2024-05-11 15:37:46 --> Session: Class initialized using 'CodeIgniter\Session\Handlers\FileHandler' driver.
INFO - 2024-05-11 15:37:46 --> Controller "App\Controllers\bukutamu\Bukutamu" loaded.
INFO - 2024-05-11 15:41:39 --> Controller "App\Controllers\base\Beranda" loaded.
INFO - 2024-05-11 15:43:36 --> Controller "App\Controllers\base\Beranda" loaded.
INFO - 2024-05-11 16:00:14 --> Controller "App\Controllers\base\Beranda" loaded.
INFO - 2024-05-11 16:03:51 --> Controller "App\Controllers\base\Beranda" loaded.
INFO - 2024-05-11 16:09:41 --> Controller "App\Controllers\base\Beranda" loaded.
INFO - 2024-05-11 17:19:00 --> Controller "App\Controllers\base\Beranda" loaded.
INFO - 2024-05-11 17:19:22 --> Controller "App\Controllers\base\Beranda" loaded.
INFO - 2024-05-11 17:19:27 --> Controller "App\Controllers\base\Beranda" loaded.
INFO - 2024-05-11 17:20:06 --> Controller "App\Controllers\base\Beranda" loaded.
INFO - 2024-05-11 17:20:58 --> Controller "App\Controllers\base\Beranda" loaded.
INFO - 2024-05-11 17:21:01 --> Controller "App\Controllers\base\Beranda" loaded.
INFO - 2024-05-11 17:21:03 --> Controller "App\Controllers\base\Beranda" loaded.
INFO - 2024-05-11 17:22:02 --> Controller "App\Controllers\base\Beranda" loaded.
INFO - 2024-05-11 17:22:09 --> Controller "App\Controllers\base\Beranda" loaded.
INFO - 2024-05-11 17:55:47 --> Controller "App\Controllers\base\Beranda" loaded.
INFO - 2024-05-11 18:32:34 --> Session: Class initialized using 'CodeIgniter\Session\Handlers\FileHandler' driver.
INFO - 2024-05-11 18:32:34 --> Controller "App\Controllers\admin\Admin" loaded.
INFO - 2024-05-11 18:32:50 --> Session: Class initialized using 'CodeIgniter\Session\Handlers\FileHandler' driver.
INFO - 2024-05-11 18:32:50 --> Controller "App\Controllers\admin\Admin" loaded.
INFO - 2024-05-11 18:40:07 --> Controller "App\Controllers\base\Beranda" loaded.
INFO - 2024-05-11 18:43:08 --> Session: Class initialized using 'CodeIgniter\Session\Handlers\FileHandler' driver.
INFO - 2024-05-11 18:43:08 --> Controller "App\Controllers\admin\Admin" loaded.
INFO - 2024-05-11 18:50:26 --> Controller "App\Controllers\base\Beranda" loaded.
INFO - 2024-05-11 18:50:46 --> Controller "App\Controllers\base\Beranda" loaded.
INFO - 2024-05-11 18:50:46 --> Controller "App\Controllers\base\Beranda" loaded.
INFO - 2024-05-11 18:50:46 --> Controller "App\Controllers\base\Beranda" loaded.
INFO - 2024-05-11 18:50:46 --> Controller "App\Controllers\base\Beranda" loaded.
INFO - 2024-05-11 18:50:46 --> Controller "App\Controllers\base\Beranda" loaded.
INFO - 2024-05-11 18:50:46 --> Controller "App\Controllers\base\Beranda" loaded.
INFO - 2024-05-11 18:50:46 --> Controller "App\Controllers\base\Beranda" loaded.
INFO - 2024-05-11 18:51:05 --> Controller "App\Controllers\base\Beranda" loaded.
INFO - 2024-05-11 18:51:05 --> Controller "App\Controllers\base\Beranda" loaded.
INFO - 2024-05-11 18:51:05 --> Controller "App\Controllers\base\Beranda" loaded.
INFO - 2024-05-11 18:51:05 --> Controller "App\Controllers\base\Beranda" loaded.
INFO - 2024-05-11 18:51:05 --> Controller "App\Controllers\base\Beranda" loaded.
INFO - 2024-05-11 18:51:05 --> Controller "App\Controllers\base\Beranda" loaded.
INFO - 2024-05-11 18:51:05 --> Controller "App\Controllers\base\Beranda" loaded.
INFO - 2024-05-11 18:51:24 --> Controller "App\Controllers\base\Beranda" loaded.
INFO - 2024-05-11 18:51:24 --> Controller "App\Controllers\base\Beranda" loaded.
INFO - 2024-05-11 18:51:24 --> Controller "App\Controllers\base\Beranda" loaded.
INFO - 2024-05-11 18:51:24 --> Controller "App\Controllers\base\Beranda" loaded.
INFO - 2024-05-11 18:51:26 --> Controller "App\Controllers\base\Beranda" loaded.
INFO - 2024-05-11 18:51:26 --> Controller "App\Controllers\base\Beranda" loaded.
INFO - 2024-05-11 18:51:28 --> Controller "App\Controllers\base\Beranda" loaded.
INFO - 2024-05-11 18:51:43 --> Controller "App\Controllers\base\Beranda" loaded.
INFO - 2024-05-11 18:51:43 --> Controller "App\Controllers\base\Beranda" loaded.
INFO - 2024-05-11 18:51:43 --> Controller "App\Controllers\base\Beranda" loaded.
INFO - 2024-05-11 18:51:43 --> Controller "App\Controllers\base\Beranda" loaded.
INFO - 2024-05-11 18:51:43 --> Controller "App\Controllers\base\Beranda" loaded.
INFO - 2024-05-11 18:51:43 --> Controller "App\Controllers\base\Beranda" loaded.
INFO - 2024-05-11 18:51:45 --> Controller "App\Controllers\base\Beranda" loaded.
INFO - 2024-05-11 19:07:00 --> Controller "App\Controllers\base\Beranda" loaded.
INFO - 2024-05-11 19:35:48 --> Controller "App\Controllers\base\Beranda" loaded.
INFO - 2024-05-11 20:21:03 --> Controller "App\Controllers\base\Beranda" loaded.
INFO - 2024-05-11 20:44:23 --> Controller "App\Controllers\base\Beranda" loaded.
INFO - 2024-05-11 20:44:43 --> Controller "App\Controllers\base\Beranda" loaded.
INFO - 2024-05-11 20:44:51 --> Controller "App\Controllers\base\Beranda" loaded.
INFO - 2024-05-11 20:44:54 --> Controller "App\Controllers\base\Beranda" loaded.
INFO - 2024-05-11 20:44:54 --> Controller "App\Controllers\base\Beranda" loaded.
INFO - 2024-05-11 20:55:47 --> Controller "App\Controllers\base\Beranda" loaded.
INFO - 2024-05-11 22:11:16 --> Controller "App\Controllers\base\Beranda" loaded.
INFO - 2024-05-11 22:45:20 --> Controller "App\Controllers\base\Beranda" loaded.
INFO - 2024-05-11 22:52:05 --> Controller "App\Controllers\base\Beranda" loaded.
INFO - 2024-05-11 22:59:53 --> Controller "App\Controllers\base\Beranda" loaded.
INFO - 2024-05-11 23:01:36 --> Controller "App\Controllers\base\Beranda" loaded.
INFO - 2024-05-11 23:01:38 --> Session: Class initialized using 'CodeIgniter\Session\Handlers\FileHandler' driver.
INFO - 2024-05-11 23:01:38 --> Controller "App\Controllers\base\Dashboard" loaded.
INFO - 2024-05-11 23:04:28 --> Controller "App\Controllers\base\Beranda" loaded.
INFO - 2024-05-11 23:08:42 --> Session: Class initialized using 'CodeIgniter\Session\Handlers\FileHandler' driver.
INFO - 2024-05-11 23:08:42 --> Controller "App\Controllers\base\Order" loaded.
INFO - 2024-05-11 23:40:37 --> Controller "App\Controllers\base\Beranda" loaded.
INFO - 2024-05-11 23:40:49 --> Controller "App\Controllers\base\Beranda" loaded.
INFO - 2024-05-11 23:41:45 --> Controller "App\Controllers\base\Beranda" loaded.
INFO - 2024-05-11 23:41:59 --> Controller "App\Controllers\base\Beranda" loaded.
