INFO - 2024-05-10 00:06:07 --> Controller "App\Controllers\base\Beranda" loaded.
INFO - 2024-05-10 00:07:04 --> Controller "App\Controllers\base\Beranda" loaded.
INFO - 2024-05-10 00:12:20 --> Controller "App\Controllers\base\Beranda" loaded.
INFO - 2024-05-10 00:21:34 --> Controller "App\Controllers\base\Beranda" loaded.
INFO - 2024-05-10 00:23:39 --> Controller "App\Controllers\base\Beranda" loaded.
INFO - 2024-05-10 00:32:09 --> Controller "App\Controllers\base\Beranda" loaded.
INFO - 2024-05-10 00:32:09 --> Controller "App\Controllers\base\Beranda" loaded.
INFO - 2024-05-10 00:32:09 --> Controller "App\Controllers\base\Beranda" loaded.
INFO - 2024-05-10 00:32:09 --> Controller "App\Controllers\base\Beranda" loaded.
INFO - 2024-05-10 00:32:09 --> Controller "App\Controllers\base\Beranda" loaded.
INFO - 2024-05-10 00:32:09 --> Controller "App\Controllers\base\Beranda" loaded.
INFO - 2024-05-10 00:32:09 --> Controller "App\Controllers\base\Beranda" loaded.
INFO - 2024-05-10 00:32:09 --> Controller "App\Controllers\base\Beranda" loaded.
INFO - 2024-05-10 00:32:09 --> Controller "App\Controllers\base\Beranda" loaded.
INFO - 2024-05-10 00:32:10 --> Controller "App\Controllers\base\Beranda" loaded.
INFO - 2024-05-10 00:32:10 --> Controller "App\Controllers\base\Beranda" loaded.
INFO - 2024-05-10 00:32:10 --> Controller "App\Controllers\base\Beranda" loaded.
INFO - 2024-05-10 00:32:10 --> Controller "App\Controllers\base\Beranda" loaded.
INFO - 2024-05-10 00:32:10 --> Controller "App\Controllers\base\Beranda" loaded.
INFO - 2024-05-10 00:32:10 --> Controller "App\Controllers\base\Beranda" loaded.
INFO - 2024-05-10 00:32:10 --> Controller "App\Controllers\base\Beranda" loaded.
INFO - 2024-05-10 00:32:11 --> Controller "App\Controllers\base\Beranda" loaded.
INFO - 2024-05-10 00:32:11 --> Controller "App\Controllers\base\Beranda" loaded.
INFO - 2024-05-10 00:32:11 --> Controller "App\Controllers\base\Beranda" loaded.
INFO - 2024-05-10 00:32:11 --> Controller "App\Controllers\base\Beranda" loaded.
INFO - 2024-05-10 00:32:11 --> Controller "App\Controllers\base\Beranda" loaded.
INFO - 2024-05-10 00:32:11 --> Controller "App\Controllers\base\Beranda" loaded.
INFO - 2024-05-10 00:32:11 --> Controller "App\Controllers\base\Beranda" loaded.
INFO - 2024-05-10 00:32:12 --> Controller "App\Controllers\base\Beranda" loaded.
INFO - 2024-05-10 00:32:12 --> Controller "App\Controllers\base\Beranda" loaded.
INFO - 2024-05-10 00:32:12 --> Controller "App\Controllers\base\Beranda" loaded.
INFO - 2024-05-10 00:32:12 --> Controller "App\Controllers\base\Beranda" loaded.
INFO - 2024-05-10 00:32:12 --> Controller "App\Controllers\base\Beranda" loaded.
INFO - 2024-05-10 00:32:12 --> Controller "App\Controllers\base\Beranda" loaded.
INFO - 2024-05-10 00:32:12 --> Controller "App\Controllers\base\Beranda" loaded.
INFO - 2024-05-10 00:32:12 --> Controller "App\Controllers\base\Beranda" loaded.
INFO - 2024-05-10 00:32:12 --> Controller "App\Controllers\base\Beranda" loaded.
INFO - 2024-05-10 00:32:13 --> Controller "App\Controllers\base\Beranda" loaded.
INFO - 2024-05-10 00:32:13 --> Controller "App\Controllers\base\Beranda" loaded.
INFO - 2024-05-10 00:32:13 --> Controller "App\Controllers\base\Beranda" loaded.
INFO - 2024-05-10 00:32:13 --> Controller "App\Controllers\base\Beranda" loaded.
INFO - 2024-05-10 00:32:13 --> Controller "App\Controllers\base\Beranda" loaded.
INFO - 2024-05-10 00:32:13 --> Controller "App\Controllers\base\Beranda" loaded.
INFO - 2024-05-10 00:32:13 --> Controller "App\Controllers\base\Beranda" loaded.
INFO - 2024-05-10 00:32:13 --> Controller "App\Controllers\base\Beranda" loaded.
INFO - 2024-05-10 00:32:13 --> Controller "App\Controllers\base\Beranda" loaded.
INFO - 2024-05-10 00:32:13 --> Controller "App\Controllers\base\Beranda" loaded.
INFO - 2024-05-10 00:32:13 --> Controller "App\Controllers\base\Beranda" loaded.
INFO - 2024-05-10 00:32:13 --> Controller "App\Controllers\base\Beranda" loaded.
INFO - 2024-05-10 00:32:13 --> Controller "App\Controllers\base\Beranda" loaded.
INFO - 2024-05-10 00:32:13 --> Controller "App\Controllers\base\Beranda" loaded.
INFO - 2024-05-10 00:32:14 --> Controller "App\Controllers\base\Beranda" loaded.
INFO - 2024-05-10 00:32:14 --> Controller "App\Controllers\base\Beranda" loaded.
INFO - 2024-05-10 00:46:12 --> Controller "App\Controllers\base\Beranda" loaded.
INFO - 2024-05-10 00:46:19 --> Controller "App\Controllers\base\Beranda" loaded.
INFO - 2024-05-10 00:46:35 --> Controller "App\Controllers\base\Beranda" loaded.
INFO - 2024-05-10 00:52:02 --> Controller "App\Controllers\base\Beranda" loaded.
INFO - 2024-05-10 00:53:40 --> Controller "App\Controllers\base\Beranda" loaded.
INFO - 2024-05-10 00:55:00 --> Session: Class initialized using 'CodeIgniter\Session\Handlers\FileHandler' driver.
INFO - 2024-05-10 00:55:00 --> Controller "App\Controllers\base\Order" loaded.
INFO - 2024-05-10 00:55:19 --> Session: Class initialized using 'CodeIgniter\Session\Handlers\FileHandler' driver.
INFO - 2024-05-10 00:55:19 --> Controller "App\Controllers\base\Order" loaded.
INFO - 2024-05-10 00:56:29 --> Controller "App\Controllers\base\Beranda" loaded.
INFO - 2024-05-10 00:59:16 --> Controller "App\Controllers\base\Beranda" loaded.
INFO - 2024-05-10 00:59:19 --> Controller "App\Controllers\base\Beranda" loaded.
INFO - 2024-05-10 00:59:49 --> Session: Class initialized using 'CodeIgniter\Session\Handlers\FileHandler' driver.
INFO - 2024-05-10 00:59:49 --> Controller "App\Controllers\base\Order" loaded.
INFO - 2024-05-10 00:59:59 --> Session: Class initialized using 'CodeIgniter\Session\Handlers\FileHandler' driver.
INFO - 2024-05-10 00:59:59 --> Controller "App\Controllers\base\Order" loaded.
INFO - 2024-05-10 01:00:59 --> Controller "App\Controllers\base\Beranda" loaded.
INFO - 2024-05-10 01:01:11 --> Controller "App\Controllers\base\Beranda" loaded.
INFO - 2024-05-10 01:01:17 --> Session: Class initialized using 'CodeIgniter\Session\Handlers\FileHandler' driver.
INFO - 2024-05-10 01:01:17 --> Controller "App\Controllers\base\Order" loaded.
INFO - 2024-05-10 01:01:54 --> Session: Class initialized using 'CodeIgniter\Session\Handlers\FileHandler' driver.
INFO - 2024-05-10 01:01:54 --> Controller "App\Controllers\base\Order" loaded.
INFO - 2024-05-10 01:02:46 --> Controller "App\Controllers\base\Beranda" loaded.
INFO - 2024-05-10 01:03:56 --> Controller "App\Controllers\base\Beranda" loaded.
INFO - 2024-05-10 01:04:16 --> Session: Class initialized using 'CodeIgniter\Session\Handlers\FileHandler' driver.
INFO - 2024-05-10 01:04:16 --> Controller "App\Controllers\base\Order" loaded.
INFO - 2024-05-10 01:04:52 --> Session: Class initialized using 'CodeIgniter\Session\Handlers\FileHandler' driver.
INFO - 2024-05-10 01:04:52 --> Controller "App\Controllers\base\Order" loaded.
INFO - 2024-05-10 01:05:03 --> Controller "App\Controllers\base\Beranda" loaded.
INFO - 2024-05-10 01:05:21 --> Session: Class initialized using 'CodeIgniter\Session\Handlers\FileHandler' driver.
INFO - 2024-05-10 01:05:21 --> Controller "App\Controllers\base\Order" loaded.
INFO - 2024-05-10 01:06:37 --> Session: Class initialized using 'CodeIgniter\Session\Handlers\FileHandler' driver.
INFO - 2024-05-10 01:06:37 --> Controller "App\Controllers\base\Order" loaded.
INFO - 2024-05-10 01:06:42 --> Controller "App\Controllers\base\Beranda" loaded.
INFO - 2024-05-10 01:08:34 --> Controller "App\Controllers\base\Beranda" loaded.
INFO - 2024-05-10 01:09:11 --> Session: Class initialized using 'CodeIgniter\Session\Handlers\FileHandler' driver.
INFO - 2024-05-10 01:09:11 --> Controller "App\Controllers\base\Order" loaded.
INFO - 2024-05-10 01:09:23 --> Session: Class initialized using 'CodeIgniter\Session\Handlers\FileHandler' driver.
INFO - 2024-05-10 01:09:23 --> Controller "App\Controllers\base\Order" loaded.
INFO - 2024-05-10 01:12:59 --> Session: Class initialized using 'CodeIgniter\Session\Handlers\FileHandler' driver.
INFO - 2024-05-10 01:12:59 --> Controller "App\Controllers\base\Order" loaded.
INFO - 2024-05-10 01:14:25 --> Session: Class initialized using 'CodeIgniter\Session\Handlers\FileHandler' driver.
INFO - 2024-05-10 01:14:25 --> Controller "App\Controllers\base\Order" loaded.
INFO - 2024-05-10 01:16:18 --> Controller "App\Controllers\base\Beranda" loaded.
INFO - 2024-05-10 01:17:02 --> Controller "App\Controllers\base\Beranda" loaded.
INFO - 2024-05-10 01:18:03 --> Controller "App\Controllers\base\Beranda" loaded.
INFO - 2024-05-10 01:18:30 --> Session: Class initialized using 'CodeIgniter\Session\Handlers\FileHandler' driver.
INFO - 2024-05-10 01:18:30 --> Controller "App\Controllers\base\Order" loaded.
INFO - 2024-05-10 01:18:32 --> Session: Class initialized using 'CodeIgniter\Session\Handlers\FileHandler' driver.
INFO - 2024-05-10 01:18:32 --> Controller "App\Controllers\base\Order" loaded.
INFO - 2024-05-10 01:18:41 --> Controller "App\Controllers\base\Beranda" loaded.
INFO - 2024-05-10 01:18:50 --> Controller "App\Controllers\base\Beranda" loaded.
INFO - 2024-05-10 01:19:28 --> Controller "App\Controllers\base\Beranda" loaded.
INFO - 2024-05-10 01:19:34 --> Controller "App\Controllers\base\Beranda" loaded.
INFO - 2024-05-10 01:19:40 --> Session: Class initialized using 'CodeIgniter\Session\Handlers\FileHandler' driver.
INFO - 2024-05-10 01:19:40 --> Controller "App\Controllers\base\Order" loaded.
INFO - 2024-05-10 01:19:45 --> Controller "App\Controllers\base\Beranda" loaded.
INFO - 2024-05-10 01:20:21 --> Session: Class initialized using 'CodeIgniter\Session\Handlers\FileHandler' driver.
INFO - 2024-05-10 01:20:21 --> Controller "App\Controllers\base\Order" loaded.
INFO - 2024-05-10 01:20:30 --> Session: Class initialized using 'CodeIgniter\Session\Handlers\FileHandler' driver.
INFO - 2024-05-10 01:20:30 --> Controller "App\Controllers\base\Order" loaded.
INFO - 2024-05-10 01:22:14 --> Controller "App\Controllers\base\Beranda" loaded.
INFO - 2024-05-10 01:23:16 --> Session: Class initialized using 'CodeIgniter\Session\Handlers\FileHandler' driver.
INFO - 2024-05-10 01:23:16 --> Controller "App\Controllers\base\Order" loaded.
INFO - 2024-05-10 01:43:22 --> Controller "App\Controllers\base\Beranda" loaded.
INFO - 2024-05-10 01:44:23 --> Controller "App\Controllers\base\Beranda" loaded.
INFO - 2024-05-10 01:56:01 --> Controller "App\Controllers\base\Beranda" loaded.
INFO - 2024-05-10 01:56:01 --> Controller "App\Controllers\base\Beranda" loaded.
INFO - 2024-05-10 01:56:02 --> Controller "App\Controllers\base\Beranda" loaded.
INFO - 2024-05-10 01:56:02 --> Controller "App\Controllers\base\Beranda" loaded.
INFO - 2024-05-10 01:56:03 --> Controller "App\Controllers\base\Beranda" loaded.
INFO - 2024-05-10 01:56:03 --> Controller "App\Controllers\base\Beranda" loaded.
INFO - 2024-05-10 01:56:03 --> Controller "App\Controllers\base\Beranda" loaded.
INFO - 2024-05-10 01:56:04 --> Controller "App\Controllers\base\Beranda" loaded.
INFO - 2024-05-10 01:56:04 --> Controller "App\Controllers\base\Beranda" loaded.
INFO - 2024-05-10 01:56:04 --> Controller "App\Controllers\base\Beranda" loaded.
INFO - 2024-05-10 01:56:04 --> Controller "App\Controllers\base\Beranda" loaded.
INFO - 2024-05-10 01:56:05 --> Controller "App\Controllers\base\Beranda" loaded.
INFO - 2024-05-10 01:56:05 --> Controller "App\Controllers\base\Beranda" loaded.
INFO - 2024-05-10 01:56:05 --> Controller "App\Controllers\base\Beranda" loaded.
INFO - 2024-05-10 01:56:06 --> Controller "App\Controllers\base\Beranda" loaded.
INFO - 2024-05-10 01:56:06 --> Controller "App\Controllers\base\Beranda" loaded.
INFO - 2024-05-10 01:56:06 --> Controller "App\Controllers\base\Beranda" loaded.
INFO - 2024-05-10 02:07:42 --> Controller "App\Controllers\base\Beranda" loaded.
INFO - 2024-05-10 02:07:49 --> Controller "App\Controllers\base\Beranda" loaded.
INFO - 2024-05-10 02:12:31 --> Controller "App\Controllers\base\Beranda" loaded.
INFO - 2024-05-10 02:12:31 --> Controller "App\Controllers\base\Beranda" loaded.
INFO - 2024-05-10 02:12:31 --> Controller "App\Controllers\base\Beranda" loaded.
INFO - 2024-05-10 02:12:32 --> Controller "App\Controllers\base\Beranda" loaded.
INFO - 2024-05-10 02:12:32 --> Controller "App\Controllers\base\Beranda" loaded.
INFO - 2024-05-10 02:12:32 --> Controller "App\Controllers\base\Beranda" loaded.
INFO - 2024-05-10 02:12:32 --> Controller "App\Controllers\base\Beranda" loaded.
INFO - 2024-05-10 02:16:25 --> Controller "App\Controllers\base\Beranda" loaded.
INFO - 2024-05-10 02:18:27 --> Controller "App\Controllers\base\Beranda" loaded.
INFO - 2024-05-10 02:37:36 --> Controller "App\Controllers\base\Beranda" loaded.
INFO - 2024-05-10 02:42:27 --> Controller "App\Controllers\base\Beranda" loaded.
INFO - 2024-05-10 02:43:06 --> Controller "App\Controllers\base\Beranda" loaded.
INFO - 2024-05-10 02:43:06 --> Controller "App\Controllers\base\Beranda" loaded.
INFO - 2024-05-10 02:43:06 --> Controller "App\Controllers\base\Beranda" loaded.
INFO - 2024-05-10 02:43:06 --> Controller "App\Controllers\base\Beranda" loaded.
INFO - 2024-05-10 02:43:06 --> Controller "App\Controllers\base\Beranda" loaded.
INFO - 2024-05-10 02:43:06 --> Controller "App\Controllers\base\Beranda" loaded.
INFO - 2024-05-10 02:43:06 --> Controller "App\Controllers\base\Beranda" loaded.
INFO - 2024-05-10 02:43:06 --> Controller "App\Controllers\base\Beranda" loaded.
INFO - 2024-05-10 02:43:06 --> Controller "App\Controllers\base\Beranda" loaded.
INFO - 2024-05-10 02:43:06 --> Controller "App\Controllers\base\Beranda" loaded.
INFO - 2024-05-10 02:43:06 --> Controller "App\Controllers\base\Beranda" loaded.
INFO - 2024-05-10 02:43:07 --> Controller "App\Controllers\base\Beranda" loaded.
INFO - 2024-05-10 02:43:07 --> Controller "App\Controllers\base\Beranda" loaded.
INFO - 2024-05-10 02:43:07 --> Controller "App\Controllers\base\Beranda" loaded.
INFO - 2024-05-10 02:43:07 --> Controller "App\Controllers\base\Beranda" loaded.
INFO - 2024-05-10 02:43:07 --> Controller "App\Controllers\base\Beranda" loaded.
INFO - 2024-05-10 02:43:07 --> Controller "App\Controllers\base\Beranda" loaded.
INFO - 2024-05-10 02:43:07 --> Controller "App\Controllers\base\Beranda" loaded.
INFO - 2024-05-10 02:48:26 --> Session: Class initialized using 'CodeIgniter\Session\Handlers\FileHandler' driver.
INFO - 2024-05-10 02:48:26 --> Controller "App\Controllers\base\Order" loaded.
INFO - 2024-05-10 02:49:04 --> Session: Class initialized using 'CodeIgniter\Session\Handlers\FileHandler' driver.
INFO - 2024-05-10 02:49:04 --> Controller "App\Controllers\admin\Admin" loaded.
INFO - 2024-05-10 02:49:28 --> Controller "App\Controllers\base\Beranda" loaded.
INFO - 2024-05-10 03:03:29 --> Controller "App\Controllers\base\Beranda" loaded.
INFO - 2024-05-10 03:11:43 --> Controller "App\Controllers\base\Beranda" loaded.
INFO - 2024-05-10 03:11:58 --> Controller "App\Controllers\base\Beranda" loaded.
INFO - 2024-05-10 03:12:00 --> Controller "App\Controllers\base\Beranda" loaded.
INFO - 2024-05-10 03:12:52 --> Controller "App\Controllers\base\Beranda" loaded.
INFO - 2024-05-10 03:17:51 --> Controller "App\Controllers\base\Beranda" loaded.
INFO - 2024-05-10 03:17:56 --> Controller "App\Controllers\base\Beranda" loaded.
INFO - 2024-05-10 03:17:56 --> Controller "App\Controllers\base\Beranda" loaded.
INFO - 2024-05-10 03:17:57 --> Controller "App\Controllers\base\Beranda" loaded.
INFO - 2024-05-10 03:17:57 --> Controller "App\Controllers\base\Beranda" loaded.
INFO - 2024-05-10 03:17:58 --> Controller "App\Controllers\base\Beranda" loaded.
INFO - 2024-05-10 03:20:02 --> Controller "App\Controllers\base\Beranda" loaded.
INFO - 2024-05-10 03:23:50 --> Controller "App\Controllers\base\Beranda" loaded.
INFO - 2024-05-10 04:04:02 --> Controller "App\Controllers\base\Beranda" loaded.
INFO - 2024-05-10 04:06:56 --> Controller "App\Controllers\base\Beranda" loaded.
INFO - 2024-05-10 04:06:56 --> Controller "App\Controllers\base\Beranda" loaded.
INFO - 2024-05-10 04:06:58 --> Controller "App\Controllers\base\Beranda" loaded.
INFO - 2024-05-10 04:07:16 --> Controller "App\Controllers\base\Beranda" loaded.
INFO - 2024-05-10 04:07:18 --> Controller "App\Controllers\base\Beranda" loaded.
INFO - 2024-05-10 04:18:32 --> Controller "App\Controllers\base\Beranda" loaded.
INFO - 2024-05-10 04:18:33 --> Controller "App\Controllers\base\Beranda" loaded.
INFO - 2024-05-10 04:20:26 --> Controller "App\Controllers\base\Beranda" loaded.
INFO - 2024-05-10 04:20:28 --> Controller "App\Controllers\base\Beranda" loaded.
INFO - 2024-05-10 04:20:32 --> Controller "App\Controllers\base\Beranda" loaded.
INFO - 2024-05-10 04:20:33 --> Controller "App\Controllers\base\Beranda" loaded.
INFO - 2024-05-10 04:20:36 --> Controller "App\Controllers\base\Beranda" loaded.
INFO - 2024-05-10 04:20:36 --> Session: Class initialized using 'CodeIgniter\Session\Handlers\FileHandler' driver.
INFO - 2024-05-10 04:20:36 --> Controller "App\Controllers\base\Dashboard" loaded.
INFO - 2024-05-10 04:20:37 --> Session: Class initialized using 'CodeIgniter\Session\Handlers\FileHandler' driver.
INFO - 2024-05-10 04:20:37 --> Controller "App\Controllers\base\Order" loaded.
INFO - 2024-05-10 04:20:38 --> Controller "App\Controllers\base\Beranda" loaded.
INFO - 2024-05-10 04:20:38 --> Controller "App\Controllers\base\Beranda" loaded.
INFO - 2024-05-10 04:20:40 --> Controller "App\Controllers\base\Beranda" loaded.
INFO - 2024-05-10 04:20:40 --> Controller "App\Controllers\base\Beranda" loaded.
INFO - 2024-05-10 04:20:41 --> Session: Class initialized using 'CodeIgniter\Session\Handlers\FileHandler' driver.
INFO - 2024-05-10 04:20:41 --> Controller "App\Controllers\base\Order" loaded.
INFO - 2024-05-10 04:20:41 --> Session: Class initialized using 'CodeIgniter\Session\Handlers\FileHandler' driver.
INFO - 2024-05-10 04:20:41 --> Controller "App\Controllers\base\Order" loaded.
INFO - 2024-05-10 04:20:42 --> Controller "App\Controllers\base\Beranda" loaded.
INFO - 2024-05-10 04:20:42 --> Controller "App\Controllers\base\Beranda" loaded.
INFO - 2024-05-10 04:20:42 --> Session: Class initialized using 'CodeIgniter\Session\Handlers\FileHandler' driver.
INFO - 2024-05-10 04:20:42 --> Controller "App\Controllers\base\Order" loaded.
INFO - 2024-05-10 04:20:43 --> Session: Class initialized using 'CodeIgniter\Session\Handlers\FileHandler' driver.
INFO - 2024-05-10 04:20:43 --> Controller "App\Controllers\base\Order" loaded.
INFO - 2024-05-10 04:20:43 --> Controller "App\Controllers\base\Beranda" loaded.
INFO - 2024-05-10 04:20:43 --> Controller "App\Controllers\base\Beranda" loaded.
INFO - 2024-05-10 04:20:44 --> Session: Class initialized using 'CodeIgniter\Session\Handlers\FileHandler' driver.
INFO - 2024-05-10 04:20:44 --> Controller "App\Controllers\base\Order" loaded.
INFO - 2024-05-10 04:20:44 --> Session: Class initialized using 'CodeIgniter\Session\Handlers\FileHandler' driver.
INFO - 2024-05-10 04:20:44 --> Controller "App\Controllers\base\Order" loaded.
INFO - 2024-05-10 04:20:45 --> Controller "App\Controllers\base\Beranda" loaded.
INFO - 2024-05-10 04:20:45 --> Controller "App\Controllers\base\Beranda" loaded.
INFO - 2024-05-10 04:20:45 --> Session: Class initialized using 'CodeIgniter\Session\Handlers\FileHandler' driver.
INFO - 2024-05-10 04:20:45 --> Controller "App\Controllers\base\Order" loaded.
INFO - 2024-05-10 04:20:46 --> Session: Class initialized using 'CodeIgniter\Session\Handlers\FileHandler' driver.
INFO - 2024-05-10 04:20:46 --> Controller "App\Controllers\base\Order" loaded.
INFO - 2024-05-10 04:20:46 --> Controller "App\Controllers\base\Beranda" loaded.
INFO - 2024-05-10 04:20:47 --> Controller "App\Controllers\base\Beranda" loaded.
INFO - 2024-05-10 04:20:47 --> Session: Class initialized using 'CodeIgniter\Session\Handlers\FileHandler' driver.
INFO - 2024-05-10 04:20:47 --> Controller "App\Controllers\base\Order" loaded.
INFO - 2024-05-10 04:20:47 --> Session: Class initialized using 'CodeIgniter\Session\Handlers\FileHandler' driver.
INFO - 2024-05-10 04:20:47 --> Controller "App\Controllers\base\Order" loaded.
INFO - 2024-05-10 04:20:48 --> Controller "App\Controllers\base\Beranda" loaded.
INFO - 2024-05-10 04:20:48 --> Controller "App\Controllers\base\Beranda" loaded.
INFO - 2024-05-10 04:20:48 --> Session: Class initialized using 'CodeIgniter\Session\Handlers\FileHandler' driver.
INFO - 2024-05-10 04:20:48 --> Controller "App\Controllers\base\Order" loaded.
INFO - 2024-05-10 04:20:49 --> Session: Class initialized using 'CodeIgniter\Session\Handlers\FileHandler' driver.
INFO - 2024-05-10 04:20:49 --> Controller "App\Controllers\base\Order" loaded.
INFO - 2024-05-10 04:20:49 --> Controller "App\Controllers\base\Beranda" loaded.
INFO - 2024-05-10 04:20:49 --> Controller "App\Controllers\base\Beranda" loaded.
INFO - 2024-05-10 04:20:52 --> Controller "App\Controllers\base\Beranda" loaded.
INFO - 2024-05-10 04:20:52 --> Controller "App\Controllers\base\Beranda" loaded.
INFO - 2024-05-10 04:20:56 --> Controller "App\Controllers\base\Beranda" loaded.
INFO - 2024-05-10 04:20:56 --> Controller "App\Controllers\base\Beranda" loaded.
INFO - 2024-05-10 04:20:56 --> Controller "App\Controllers\base\Beranda" loaded.
INFO - 2024-05-10 04:20:57 --> Controller "App\Controllers\base\Beranda" loaded.
INFO - 2024-05-10 04:20:57 --> Controller "App\Controllers\base\Beranda" loaded.
INFO - 2024-05-10 04:20:58 --> Controller "App\Controllers\base\Beranda" loaded.
INFO - 2024-05-10 04:20:58 --> Controller "App\Controllers\base\Beranda" loaded.
INFO - 2024-05-10 04:20:58 --> Controller "App\Controllers\base\Beranda" loaded.
INFO - 2024-05-10 04:20:59 --> Controller "App\Controllers\base\Beranda" loaded.
INFO - 2024-05-10 04:20:59 --> Controller "App\Controllers\base\Beranda" loaded.
INFO - 2024-05-10 04:20:59 --> Controller "App\Controllers\base\Beranda" loaded.
INFO - 2024-05-10 04:21:00 --> Controller "App\Controllers\base\Beranda" loaded.
INFO - 2024-05-10 04:21:00 --> Controller "App\Controllers\base\Beranda" loaded.
INFO - 2024-05-10 04:21:00 --> Controller "App\Controllers\base\Beranda" loaded.
INFO - 2024-05-10 04:21:01 --> Controller "App\Controllers\base\Beranda" loaded.
INFO - 2024-05-10 04:21:01 --> Controller "App\Controllers\base\Beranda" loaded.
INFO - 2024-05-10 04:21:01 --> Controller "App\Controllers\base\Beranda" loaded.
INFO - 2024-05-10 04:21:02 --> Controller "App\Controllers\base\Beranda" loaded.
INFO - 2024-05-10 04:21:02 --> Controller "App\Controllers\base\Beranda" loaded.
INFO - 2024-05-10 04:21:02 --> Controller "App\Controllers\base\Beranda" loaded.
INFO - 2024-05-10 04:21:07 --> Controller "App\Controllers\base\Beranda" loaded.
INFO - 2024-05-10 04:21:07 --> Session: Class initialized using 'CodeIgniter\Session\Handlers\FileHandler' driver.
INFO - 2024-05-10 04:21:07 --> Controller "App\Controllers\base\Lupa_password" loaded.
INFO - 2024-05-10 04:21:32 --> Controller "App\Controllers\base\Beranda" loaded.
INFO - 2024-05-10 04:21:32 --> Controller "App\Controllers\base\Beranda" loaded.
INFO - 2024-05-10 04:22:13 --> Controller "App\Controllers\base\Beranda" loaded.
INFO - 2024-05-10 04:22:15 --> Controller "App\Controllers\base\Beranda" loaded.
INFO - 2024-05-10 04:22:16 --> Session: Class initialized using 'CodeIgniter\Session\Handlers\FileHandler' driver.
INFO - 2024-05-10 04:22:16 --> Controller "App\Controllers\base\Order" loaded.
INFO - 2024-05-10 04:22:16 --> Session: Class initialized using 'CodeIgniter\Session\Handlers\FileHandler' driver.
INFO - 2024-05-10 04:22:16 --> Controller "App\Controllers\base\Order" loaded.
INFO - 2024-05-10 04:22:17 --> Controller "App\Controllers\base\Beranda" loaded.
INFO - 2024-05-10 04:22:18 --> Controller "App\Controllers\base\Beranda" loaded.
INFO - 2024-05-10 04:22:18 --> Session: Class initialized using 'CodeIgniter\Session\Handlers\FileHandler' driver.
INFO - 2024-05-10 04:22:18 --> Controller "App\Controllers\base\Order" loaded.
INFO - 2024-05-10 04:22:18 --> Session: Class initialized using 'CodeIgniter\Session\Handlers\FileHandler' driver.
INFO - 2024-05-10 04:22:18 --> Controller "App\Controllers\base\Order" loaded.
INFO - 2024-05-10 04:22:19 --> Controller "App\Controllers\base\Beranda" loaded.
INFO - 2024-05-10 04:22:20 --> Controller "App\Controllers\base\Beranda" loaded.
INFO - 2024-05-10 04:22:21 --> Session: Class initialized using 'CodeIgniter\Session\Handlers\FileHandler' driver.
INFO - 2024-05-10 04:22:21 --> Controller "App\Controllers\base\Order" loaded.
INFO - 2024-05-10 04:22:21 --> Session: Class initialized using 'CodeIgniter\Session\Handlers\FileHandler' driver.
INFO - 2024-05-10 04:22:21 --> Controller "App\Controllers\base\Order" loaded.
INFO - 2024-05-10 04:22:22 --> Controller "App\Controllers\base\Beranda" loaded.
INFO - 2024-05-10 04:22:22 --> Controller "App\Controllers\base\Beranda" loaded.
INFO - 2024-05-10 04:22:23 --> Session: Class initialized using 'CodeIgniter\Session\Handlers\FileHandler' driver.
INFO - 2024-05-10 04:22:23 --> Controller "App\Controllers\base\Order" loaded.
INFO - 2024-05-10 04:22:23 --> Session: Class initialized using 'CodeIgniter\Session\Handlers\FileHandler' driver.
INFO - 2024-05-10 04:22:23 --> Controller "App\Controllers\base\Order" loaded.
INFO - 2024-05-10 04:22:24 --> Controller "App\Controllers\base\Beranda" loaded.
INFO - 2024-05-10 04:22:24 --> Controller "App\Controllers\base\Beranda" loaded.
INFO - 2024-05-10 04:22:25 --> Session: Class initialized using 'CodeIgniter\Session\Handlers\FileHandler' driver.
INFO - 2024-05-10 04:22:25 --> Controller "App\Controllers\base\Order" loaded.
INFO - 2024-05-10 04:22:25 --> Session: Class initialized using 'CodeIgniter\Session\Handlers\FileHandler' driver.
INFO - 2024-05-10 04:22:25 --> Controller "App\Controllers\base\Order" loaded.
INFO - 2024-05-10 04:22:26 --> Controller "App\Controllers\base\Beranda" loaded.
INFO - 2024-05-10 04:22:26 --> Controller "App\Controllers\base\Beranda" loaded.
INFO - 2024-05-10 04:22:27 --> Session: Class initialized using 'CodeIgniter\Session\Handlers\FileHandler' driver.
INFO - 2024-05-10 04:22:27 --> Controller "App\Controllers\base\Order" loaded.
INFO - 2024-05-10 04:22:27 --> Session: Class initialized using 'CodeIgniter\Session\Handlers\FileHandler' driver.
INFO - 2024-05-10 04:22:27 --> Controller "App\Controllers\base\Order" loaded.
INFO - 2024-05-10 04:22:28 --> Controller "App\Controllers\base\Beranda" loaded.
INFO - 2024-05-10 04:22:28 --> Controller "App\Controllers\base\Beranda" loaded.
INFO - 2024-05-10 04:22:28 --> Controller "App\Controllers\base\Beranda" loaded.
INFO - 2024-05-10 04:22:29 --> Controller "App\Controllers\base\Beranda" loaded.
INFO - 2024-05-10 04:22:31 --> Controller "App\Controllers\base\Beranda" loaded.
INFO - 2024-05-10 04:22:31 --> Controller "App\Controllers\base\Beranda" loaded.
INFO - 2024-05-10 04:22:32 --> Controller "App\Controllers\base\Beranda" loaded.
INFO - 2024-05-10 04:22:32 --> Controller "App\Controllers\base\Beranda" loaded.
INFO - 2024-05-10 04:22:32 --> Controller "App\Controllers\base\Beranda" loaded.
INFO - 2024-05-10 04:22:33 --> Controller "App\Controllers\base\Beranda" loaded.
INFO - 2024-05-10 04:22:33 --> Controller "App\Controllers\base\Beranda" loaded.
INFO - 2024-05-10 04:22:34 --> Controller "App\Controllers\base\Beranda" loaded.
INFO - 2024-05-10 04:22:34 --> Controller "App\Controllers\base\Beranda" loaded.
INFO - 2024-05-10 04:22:34 --> Controller "App\Controllers\base\Beranda" loaded.
INFO - 2024-05-10 04:22:35 --> Controller "App\Controllers\base\Beranda" loaded.
INFO - 2024-05-10 04:22:35 --> Controller "App\Controllers\base\Beranda" loaded.
INFO - 2024-05-10 04:22:36 --> Controller "App\Controllers\base\Beranda" loaded.
INFO - 2024-05-10 04:22:36 --> Controller "App\Controllers\base\Beranda" loaded.
INFO - 2024-05-10 04:22:37 --> Controller "App\Controllers\base\Beranda" loaded.
INFO - 2024-05-10 04:22:37 --> Controller "App\Controllers\base\Beranda" loaded.
INFO - 2024-05-10 04:22:37 --> Controller "App\Controllers\base\Beranda" loaded.
INFO - 2024-05-10 04:22:38 --> Controller "App\Controllers\base\Beranda" loaded.
INFO - 2024-05-10 04:22:38 --> Controller "App\Controllers\base\Beranda" loaded.
INFO - 2024-05-10 04:22:39 --> Controller "App\Controllers\base\Beranda" loaded.
INFO - 2024-05-10 04:22:57 --> Controller "App\Controllers\base\Beranda" loaded.
INFO - 2024-05-10 04:22:57 --> Controller "App\Controllers\base\Beranda" loaded.
INFO - 2024-05-10 04:22:58 --> Controller "App\Controllers\base\Beranda" loaded.
INFO - 2024-05-10 04:22:58 --> Controller "App\Controllers\base\Beranda" loaded.
INFO - 2024-05-10 04:22:58 --> Controller "App\Controllers\base\Beranda" loaded.
INFO - 2024-05-10 04:22:59 --> Controller "App\Controllers\base\Beranda" loaded.
INFO - 2024-05-10 04:22:59 --> Controller "App\Controllers\base\Beranda" loaded.
INFO - 2024-05-10 04:23:00 --> Controller "App\Controllers\base\Beranda" loaded.
INFO - 2024-05-10 04:23:00 --> Controller "App\Controllers\base\Beranda" loaded.
INFO - 2024-05-10 04:23:00 --> Controller "App\Controllers\base\Beranda" loaded.
INFO - 2024-05-10 04:23:01 --> Controller "App\Controllers\base\Beranda" loaded.
INFO - 2024-05-10 04:23:01 --> Controller "App\Controllers\base\Beranda" loaded.
INFO - 2024-05-10 04:23:02 --> Controller "App\Controllers\base\Beranda" loaded.
INFO - 2024-05-10 04:23:02 --> Controller "App\Controllers\base\Beranda" loaded.
INFO - 2024-05-10 04:23:02 --> Controller "App\Controllers\base\Beranda" loaded.
INFO - 2024-05-10 04:23:03 --> Controller "App\Controllers\base\Beranda" loaded.
INFO - 2024-05-10 04:23:03 --> Controller "App\Controllers\base\Beranda" loaded.
INFO - 2024-05-10 04:23:04 --> Controller "App\Controllers\base\Beranda" loaded.
INFO - 2024-05-10 04:23:04 --> Controller "App\Controllers\base\Beranda" loaded.
INFO - 2024-05-10 04:23:04 --> Controller "App\Controllers\base\Beranda" loaded.
INFO - 2024-05-10 04:23:05 --> Controller "App\Controllers\base\Beranda" loaded.
INFO - 2024-05-10 04:23:05 --> Controller "App\Controllers\base\Beranda" loaded.
INFO - 2024-05-10 04:23:06 --> Controller "App\Controllers\base\Beranda" loaded.
INFO - 2024-05-10 04:23:06 --> Controller "App\Controllers\base\Beranda" loaded.
INFO - 2024-05-10 04:23:36 --> Controller "App\Controllers\base\Beranda" loaded.
INFO - 2024-05-10 04:23:37 --> Controller "App\Controllers\base\Beranda" loaded.
INFO - 2024-05-10 04:23:37 --> Controller "App\Controllers\base\Beranda" loaded.
INFO - 2024-05-10 04:23:37 --> Controller "App\Controllers\base\Beranda" loaded.
INFO - 2024-05-10 04:23:38 --> Controller "App\Controllers\base\Beranda" loaded.
INFO - 2024-05-10 04:23:39 --> Controller "App\Controllers\base\Beranda" loaded.
INFO - 2024-05-10 04:23:39 --> Controller "App\Controllers\base\Beranda" loaded.
INFO - 2024-05-10 04:23:40 --> Controller "App\Controllers\base\Beranda" loaded.
INFO - 2024-05-10 04:23:40 --> Controller "App\Controllers\base\Beranda" loaded.
INFO - 2024-05-10 04:23:40 --> Controller "App\Controllers\base\Beranda" loaded.
INFO - 2024-05-10 04:23:41 --> Controller "App\Controllers\base\Beranda" loaded.
INFO - 2024-05-10 04:23:41 --> Controller "App\Controllers\base\Beranda" loaded.
INFO - 2024-05-10 04:23:42 --> Controller "App\Controllers\base\Beranda" loaded.
INFO - 2024-05-10 04:23:43 --> Controller "App\Controllers\base\Beranda" loaded.
INFO - 2024-05-10 04:23:43 --> Controller "App\Controllers\base\Beranda" loaded.
INFO - 2024-05-10 04:23:43 --> Controller "App\Controllers\base\Beranda" loaded.
INFO - 2024-05-10 04:23:44 --> Controller "App\Controllers\base\Beranda" loaded.
INFO - 2024-05-10 04:23:44 --> Controller "App\Controllers\base\Beranda" loaded.
INFO - 2024-05-10 04:23:45 --> Controller "App\Controllers\base\Beranda" loaded.
INFO - 2024-05-10 04:23:45 --> Controller "App\Controllers\base\Beranda" loaded.
INFO - 2024-05-10 04:23:45 --> Controller "App\Controllers\base\Beranda" loaded.
INFO - 2024-05-10 04:23:46 --> Controller "App\Controllers\base\Beranda" loaded.
INFO - 2024-05-10 04:23:46 --> Controller "App\Controllers\base\Beranda" loaded.
INFO - 2024-05-10 04:23:47 --> Controller "App\Controllers\base\Beranda" loaded.
INFO - 2024-05-10 04:24:00 --> Controller "App\Controllers\base\Beranda" loaded.
INFO - 2024-05-10 04:24:00 --> Controller "App\Controllers\base\Beranda" loaded.
INFO - 2024-05-10 04:24:01 --> Controller "App\Controllers\base\Beranda" loaded.
INFO - 2024-05-10 04:24:01 --> Controller "App\Controllers\base\Beranda" loaded.
INFO - 2024-05-10 04:24:01 --> Controller "App\Controllers\base\Beranda" loaded.
INFO - 2024-05-10 04:24:02 --> Controller "App\Controllers\base\Beranda" loaded.
INFO - 2024-05-10 04:24:02 --> Controller "App\Controllers\base\Beranda" loaded.
INFO - 2024-05-10 04:24:03 --> Controller "App\Controllers\base\Beranda" loaded.
INFO - 2024-05-10 04:24:03 --> Controller "App\Controllers\base\Beranda" loaded.
INFO - 2024-05-10 04:24:03 --> Controller "App\Controllers\base\Beranda" loaded.
INFO - 2024-05-10 04:24:04 --> Controller "App\Controllers\base\Beranda" loaded.
INFO - 2024-05-10 04:24:04 --> Controller "App\Controllers\base\Beranda" loaded.
INFO - 2024-05-10 04:24:05 --> Controller "App\Controllers\base\Beranda" loaded.
INFO - 2024-05-10 04:24:05 --> Controller "App\Controllers\base\Beranda" loaded.
INFO - 2024-05-10 04:24:05 --> Controller "App\Controllers\base\Beranda" loaded.
INFO - 2024-05-10 04:24:06 --> Controller "App\Controllers\base\Beranda" loaded.
INFO - 2024-05-10 04:24:06 --> Controller "App\Controllers\base\Beranda" loaded.
INFO - 2024-05-10 04:24:07 --> Controller "App\Controllers\base\Beranda" loaded.
INFO - 2024-05-10 04:24:07 --> Controller "App\Controllers\base\Beranda" loaded.
INFO - 2024-05-10 04:24:08 --> Controller "App\Controllers\base\Beranda" loaded.
INFO - 2024-05-10 04:24:08 --> Controller "App\Controllers\base\Beranda" loaded.
INFO - 2024-05-10 04:24:09 --> Controller "App\Controllers\base\Beranda" loaded.
INFO - 2024-05-10 04:24:09 --> Controller "App\Controllers\base\Beranda" loaded.
INFO - 2024-05-10 04:24:10 --> Controller "App\Controllers\base\Beranda" loaded.
INFO - 2024-05-10 04:24:18 --> Controller "App\Controllers\base\Beranda" loaded.
INFO - 2024-05-10 04:24:19 --> Controller "App\Controllers\base\Beranda" loaded.
INFO - 2024-05-10 04:24:19 --> Controller "App\Controllers\base\Beranda" loaded.
INFO - 2024-05-10 04:24:20 --> Controller "App\Controllers\base\Beranda" loaded.
INFO - 2024-05-10 04:24:21 --> Controller "App\Controllers\base\Beranda" loaded.
INFO - 2024-05-10 04:24:21 --> Controller "App\Controllers\base\Beranda" loaded.
INFO - 2024-05-10 04:24:22 --> Controller "App\Controllers\base\Beranda" loaded.
INFO - 2024-05-10 04:24:22 --> Controller "App\Controllers\base\Beranda" loaded.
INFO - 2024-05-10 04:24:22 --> Controller "App\Controllers\base\Beranda" loaded.
INFO - 2024-05-10 04:24:23 --> Controller "App\Controllers\base\Beranda" loaded.
INFO - 2024-05-10 04:24:23 --> Controller "App\Controllers\base\Beranda" loaded.
INFO - 2024-05-10 04:24:23 --> Controller "App\Controllers\base\Beranda" loaded.
INFO - 2024-05-10 04:24:24 --> Controller "App\Controllers\base\Beranda" loaded.
INFO - 2024-05-10 04:24:24 --> Controller "App\Controllers\base\Beranda" loaded.
INFO - 2024-05-10 04:24:24 --> Controller "App\Controllers\base\Beranda" loaded.
INFO - 2024-05-10 04:24:25 --> Controller "App\Controllers\base\Beranda" loaded.
INFO - 2024-05-10 04:24:25 --> Controller "App\Controllers\base\Beranda" loaded.
INFO - 2024-05-10 04:24:25 --> Controller "App\Controllers\base\Beranda" loaded.
INFO - 2024-05-10 04:24:26 --> Controller "App\Controllers\base\Beranda" loaded.
INFO - 2024-05-10 04:24:26 --> Controller "App\Controllers\base\Beranda" loaded.
INFO - 2024-05-10 04:24:26 --> Controller "App\Controllers\base\Beranda" loaded.
INFO - 2024-05-10 04:24:26 --> Controller "App\Controllers\base\Beranda" loaded.
INFO - 2024-05-10 04:24:27 --> Controller "App\Controllers\base\Beranda" loaded.
INFO - 2024-05-10 04:24:27 --> Controller "App\Controllers\base\Beranda" loaded.
INFO - 2024-05-10 04:24:36 --> Controller "App\Controllers\base\Beranda" loaded.
INFO - 2024-05-10 04:24:37 --> Controller "App\Controllers\base\Beranda" loaded.
INFO - 2024-05-10 04:24:37 --> Controller "App\Controllers\base\Beranda" loaded.
INFO - 2024-05-10 04:24:37 --> Controller "App\Controllers\base\Beranda" loaded.
INFO - 2024-05-10 04:24:38 --> Controller "App\Controllers\base\Beranda" loaded.
INFO - 2024-05-10 04:24:38 --> Controller "App\Controllers\base\Beranda" loaded.
INFO - 2024-05-10 04:24:38 --> Controller "App\Controllers\base\Beranda" loaded.
INFO - 2024-05-10 04:24:39 --> Controller "App\Controllers\base\Beranda" loaded.
INFO - 2024-05-10 04:24:39 --> Controller "App\Controllers\base\Beranda" loaded.
INFO - 2024-05-10 04:24:39 --> Controller "App\Controllers\base\Beranda" loaded.
INFO - 2024-05-10 04:24:40 --> Controller "App\Controllers\base\Beranda" loaded.
INFO - 2024-05-10 04:24:40 --> Controller "App\Controllers\base\Beranda" loaded.
INFO - 2024-05-10 04:24:40 --> Controller "App\Controllers\base\Beranda" loaded.
INFO - 2024-05-10 04:24:41 --> Controller "App\Controllers\base\Beranda" loaded.
INFO - 2024-05-10 04:24:41 --> Controller "App\Controllers\base\Beranda" loaded.
INFO - 2024-05-10 04:24:41 --> Controller "App\Controllers\base\Beranda" loaded.
INFO - 2024-05-10 04:24:42 --> Controller "App\Controllers\base\Beranda" loaded.
INFO - 2024-05-10 04:24:42 --> Controller "App\Controllers\base\Beranda" loaded.
INFO - 2024-05-10 04:24:42 --> Controller "App\Controllers\base\Beranda" loaded.
INFO - 2024-05-10 04:24:42 --> Controller "App\Controllers\base\Beranda" loaded.
INFO - 2024-05-10 04:24:43 --> Controller "App\Controllers\base\Beranda" loaded.
INFO - 2024-05-10 04:24:43 --> Controller "App\Controllers\base\Beranda" loaded.
INFO - 2024-05-10 04:24:43 --> Controller "App\Controllers\base\Beranda" loaded.
INFO - 2024-05-10 04:24:44 --> Controller "App\Controllers\base\Beranda" loaded.
INFO - 2024-05-10 04:24:51 --> Controller "App\Controllers\base\Beranda" loaded.
INFO - 2024-05-10 04:24:52 --> Controller "App\Controllers\base\Beranda" loaded.
INFO - 2024-05-10 04:24:52 --> Controller "App\Controllers\base\Beranda" loaded.
INFO - 2024-05-10 04:24:52 --> Controller "App\Controllers\base\Beranda" loaded.
INFO - 2024-05-10 04:24:53 --> Controller "App\Controllers\base\Beranda" loaded.
INFO - 2024-05-10 04:24:53 --> Controller "App\Controllers\base\Beranda" loaded.
INFO - 2024-05-10 04:24:53 --> Controller "App\Controllers\base\Beranda" loaded.
INFO - 2024-05-10 04:24:54 --> Controller "App\Controllers\base\Beranda" loaded.
INFO - 2024-05-10 04:24:54 --> Controller "App\Controllers\base\Beranda" loaded.
INFO - 2024-05-10 04:24:54 --> Controller "App\Controllers\base\Beranda" loaded.
INFO - 2024-05-10 04:24:55 --> Controller "App\Controllers\base\Beranda" loaded.
INFO - 2024-05-10 04:24:55 --> Controller "App\Controllers\base\Beranda" loaded.
INFO - 2024-05-10 04:24:55 --> Controller "App\Controllers\base\Beranda" loaded.
INFO - 2024-05-10 04:24:56 --> Controller "App\Controllers\base\Beranda" loaded.
INFO - 2024-05-10 04:24:56 --> Controller "App\Controllers\base\Beranda" loaded.
INFO - 2024-05-10 04:24:56 --> Controller "App\Controllers\base\Beranda" loaded.
INFO - 2024-05-10 04:24:57 --> Controller "App\Controllers\base\Beranda" loaded.
INFO - 2024-05-10 04:24:57 --> Controller "App\Controllers\base\Beranda" loaded.
INFO - 2024-05-10 04:24:57 --> Controller "App\Controllers\base\Beranda" loaded.
INFO - 2024-05-10 04:24:58 --> Controller "App\Controllers\base\Beranda" loaded.
INFO - 2024-05-10 04:24:58 --> Controller "App\Controllers\base\Beranda" loaded.
INFO - 2024-05-10 04:24:59 --> Controller "App\Controllers\base\Beranda" loaded.
INFO - 2024-05-10 04:25:01 --> Controller "App\Controllers\base\Beranda" loaded.
INFO - 2024-05-10 04:25:02 --> Controller "App\Controllers\base\Beranda" loaded.
INFO - 2024-05-10 04:26:00 --> Controller "App\Controllers\base\Beranda" loaded.
INFO - 2024-05-10 04:26:00 --> Controller "App\Controllers\base\Beranda" loaded.
INFO - 2024-05-10 04:26:00 --> Session: Class initialized using 'CodeIgniter\Session\Handlers\FileHandler' driver.
INFO - 2024-05-10 04:26:00 --> Controller "App\Controllers\base\Order" loaded.
INFO - 2024-05-10 04:26:01 --> Session: Class initialized using 'CodeIgniter\Session\Handlers\FileHandler' driver.
INFO - 2024-05-10 04:26:01 --> Controller "App\Controllers\base\Order" loaded.
INFO - 2024-05-10 04:26:02 --> Controller "App\Controllers\base\Beranda" loaded.
INFO - 2024-05-10 04:26:02 --> Controller "App\Controllers\base\Beranda" loaded.
INFO - 2024-05-10 04:26:02 --> Session: Class initialized using 'CodeIgniter\Session\Handlers\FileHandler' driver.
INFO - 2024-05-10 04:26:02 --> Controller "App\Controllers\base\Order" loaded.
INFO - 2024-05-10 04:26:03 --> Session: Class initialized using 'CodeIgniter\Session\Handlers\FileHandler' driver.
INFO - 2024-05-10 04:26:03 --> Controller "App\Controllers\base\Order" loaded.
INFO - 2024-05-10 04:26:03 --> Controller "App\Controllers\base\Beranda" loaded.
INFO - 2024-05-10 04:26:04 --> Controller "App\Controllers\base\Beranda" loaded.
INFO - 2024-05-10 04:26:04 --> Session: Class initialized using 'CodeIgniter\Session\Handlers\FileHandler' driver.
INFO - 2024-05-10 04:26:04 --> Controller "App\Controllers\base\Order" loaded.
INFO - 2024-05-10 04:26:05 --> Session: Class initialized using 'CodeIgniter\Session\Handlers\FileHandler' driver.
INFO - 2024-05-10 04:26:05 --> Controller "App\Controllers\base\Order" loaded.
INFO - 2024-05-10 04:26:05 --> Controller "App\Controllers\base\Beranda" loaded.
INFO - 2024-05-10 04:26:06 --> Controller "App\Controllers\base\Beranda" loaded.
INFO - 2024-05-10 04:26:06 --> Session: Class initialized using 'CodeIgniter\Session\Handlers\FileHandler' driver.
INFO - 2024-05-10 04:26:06 --> Controller "App\Controllers\base\Order" loaded.
INFO - 2024-05-10 04:26:07 --> Session: Class initialized using 'CodeIgniter\Session\Handlers\FileHandler' driver.
INFO - 2024-05-10 04:26:07 --> Controller "App\Controllers\base\Order" loaded.
INFO - 2024-05-10 04:26:07 --> Controller "App\Controllers\base\Beranda" loaded.
INFO - 2024-05-10 04:26:08 --> Controller "App\Controllers\base\Beranda" loaded.
INFO - 2024-05-10 04:26:08 --> Session: Class initialized using 'CodeIgniter\Session\Handlers\FileHandler' driver.
INFO - 2024-05-10 04:26:08 --> Controller "App\Controllers\base\Order" loaded.
INFO - 2024-05-10 04:26:08 --> Session: Class initialized using 'CodeIgniter\Session\Handlers\FileHandler' driver.
INFO - 2024-05-10 04:26:08 --> Controller "App\Controllers\base\Order" loaded.
INFO - 2024-05-10 04:26:09 --> Controller "App\Controllers\base\Beranda" loaded.
INFO - 2024-05-10 04:26:10 --> Controller "App\Controllers\base\Beranda" loaded.
INFO - 2024-05-10 04:26:10 --> Session: Class initialized using 'CodeIgniter\Session\Handlers\FileHandler' driver.
INFO - 2024-05-10 04:26:10 --> Controller "App\Controllers\base\Order" loaded.
INFO - 2024-05-10 04:26:10 --> Session: Class initialized using 'CodeIgniter\Session\Handlers\FileHandler' driver.
INFO - 2024-05-10 04:26:10 --> Controller "App\Controllers\base\Order" loaded.
INFO - 2024-05-10 04:26:11 --> Controller "App\Controllers\base\Beranda" loaded.
INFO - 2024-05-10 04:26:11 --> Controller "App\Controllers\base\Beranda" loaded.
INFO - 2024-05-10 04:26:12 --> Session: Class initialized using 'CodeIgniter\Session\Handlers\FileHandler' driver.
INFO - 2024-05-10 04:26:12 --> Controller "App\Controllers\base\Order" loaded.
INFO - 2024-05-10 04:26:12 --> Session: Class initialized using 'CodeIgniter\Session\Handlers\FileHandler' driver.
INFO - 2024-05-10 04:26:12 --> Controller "App\Controllers\base\Order" loaded.
INFO - 2024-05-10 04:26:13 --> Controller "App\Controllers\base\Beranda" loaded.
INFO - 2024-05-10 04:26:13 --> Controller "App\Controllers\base\Beranda" loaded.
INFO - 2024-05-10 04:26:14 --> Session: Class initialized using 'CodeIgniter\Session\Handlers\FileHandler' driver.
INFO - 2024-05-10 04:26:14 --> Controller "App\Controllers\base\Order" loaded.
INFO - 2024-05-10 04:26:15 --> Session: Class initialized using 'CodeIgniter\Session\Handlers\FileHandler' driver.
INFO - 2024-05-10 04:26:15 --> Controller "App\Controllers\base\Order" loaded.
INFO - 2024-05-10 04:26:19 --> Controller "App\Controllers\base\Beranda" loaded.
INFO - 2024-05-10 04:26:19 --> Controller "App\Controllers\base\Beranda" loaded.
INFO - 2024-05-10 04:26:29 --> Controller "App\Controllers\base\Beranda" loaded.
INFO - 2024-05-10 04:26:29 --> Controller "App\Controllers\base\Beranda" loaded.
INFO - 2024-05-10 04:26:30 --> Controller "App\Controllers\base\Beranda" loaded.
INFO - 2024-05-10 04:26:30 --> Controller "App\Controllers\base\Beranda" loaded.
INFO - 2024-05-10 04:26:31 --> Controller "App\Controllers\base\Beranda" loaded.
INFO - 2024-05-10 04:26:31 --> Controller "App\Controllers\base\Beranda" loaded.
INFO - 2024-05-10 04:26:32 --> Controller "App\Controllers\base\Beranda" loaded.
INFO - 2024-05-10 04:26:32 --> Controller "App\Controllers\base\Beranda" loaded.
INFO - 2024-05-10 04:26:33 --> Controller "App\Controllers\base\Beranda" loaded.
INFO - 2024-05-10 04:26:33 --> Controller "App\Controllers\base\Beranda" loaded.
INFO - 2024-05-10 04:26:33 --> Controller "App\Controllers\base\Beranda" loaded.
INFO - 2024-05-10 04:26:34 --> Controller "App\Controllers\base\Beranda" loaded.
INFO - 2024-05-10 04:26:34 --> Controller "App\Controllers\base\Beranda" loaded.
INFO - 2024-05-10 04:26:35 --> Controller "App\Controllers\base\Beranda" loaded.
INFO - 2024-05-10 04:26:35 --> Controller "App\Controllers\base\Beranda" loaded.
INFO - 2024-05-10 04:26:36 --> Controller "App\Controllers\base\Beranda" loaded.
INFO - 2024-05-10 04:26:36 --> Controller "App\Controllers\base\Beranda" loaded.
INFO - 2024-05-10 04:26:37 --> Controller "App\Controllers\base\Beranda" loaded.
INFO - 2024-05-10 04:26:37 --> Controller "App\Controllers\base\Beranda" loaded.
INFO - 2024-05-10 04:26:37 --> Controller "App\Controllers\base\Beranda" loaded.
INFO - 2024-05-10 04:26:38 --> Controller "App\Controllers\base\Beranda" loaded.
INFO - 2024-05-10 04:26:38 --> Controller "App\Controllers\base\Beranda" loaded.
INFO - 2024-05-10 04:26:39 --> Controller "App\Controllers\base\Beranda" loaded.
INFO - 2024-05-10 04:26:39 --> Controller "App\Controllers\base\Beranda" loaded.
INFO - 2024-05-10 04:26:50 --> Controller "App\Controllers\base\Beranda" loaded.
INFO - 2024-05-10 04:26:51 --> Controller "App\Controllers\base\Beranda" loaded.
INFO - 2024-05-10 04:26:51 --> Controller "App\Controllers\base\Beranda" loaded.
INFO - 2024-05-10 04:26:51 --> Controller "App\Controllers\base\Beranda" loaded.
INFO - 2024-05-10 04:26:51 --> Controller "App\Controllers\base\Beranda" loaded.
INFO - 2024-05-10 04:26:52 --> Controller "App\Controllers\base\Beranda" loaded.
INFO - 2024-05-10 04:26:52 --> Controller "App\Controllers\base\Beranda" loaded.
INFO - 2024-05-10 04:26:52 --> Controller "App\Controllers\base\Beranda" loaded.
INFO - 2024-05-10 04:26:53 --> Controller "App\Controllers\base\Beranda" loaded.
INFO - 2024-05-10 04:26:53 --> Controller "App\Controllers\base\Beranda" loaded.
INFO - 2024-05-10 04:26:53 --> Controller "App\Controllers\base\Beranda" loaded.
INFO - 2024-05-10 04:26:54 --> Controller "App\Controllers\base\Beranda" loaded.
INFO - 2024-05-10 04:26:54 --> Controller "App\Controllers\base\Beranda" loaded.
INFO - 2024-05-10 04:26:54 --> Controller "App\Controllers\base\Beranda" loaded.
INFO - 2024-05-10 04:26:55 --> Controller "App\Controllers\base\Beranda" loaded.
INFO - 2024-05-10 04:26:55 --> Controller "App\Controllers\base\Beranda" loaded.
INFO - 2024-05-10 04:26:55 --> Controller "App\Controllers\base\Beranda" loaded.
INFO - 2024-05-10 04:26:56 --> Controller "App\Controllers\base\Beranda" loaded.
INFO - 2024-05-10 04:26:56 --> Controller "App\Controllers\base\Beranda" loaded.
INFO - 2024-05-10 04:26:56 --> Controller "App\Controllers\base\Beranda" loaded.
INFO - 2024-05-10 04:26:57 --> Controller "App\Controllers\base\Beranda" loaded.
INFO - 2024-05-10 04:26:57 --> Controller "App\Controllers\base\Beranda" loaded.
INFO - 2024-05-10 04:26:57 --> Controller "App\Controllers\base\Beranda" loaded.
INFO - 2024-05-10 04:26:57 --> Controller "App\Controllers\base\Beranda" loaded.
INFO - 2024-05-10 04:27:05 --> Controller "App\Controllers\base\Beranda" loaded.
INFO - 2024-05-10 04:27:05 --> Controller "App\Controllers\base\Beranda" loaded.
INFO - 2024-05-10 04:27:05 --> Controller "App\Controllers\base\Beranda" loaded.
INFO - 2024-05-10 04:27:05 --> Controller "App\Controllers\base\Beranda" loaded.
INFO - 2024-05-10 04:27:06 --> Controller "App\Controllers\base\Beranda" loaded.
INFO - 2024-05-10 04:27:06 --> Controller "App\Controllers\base\Beranda" loaded.
INFO - 2024-05-10 04:27:06 --> Controller "App\Controllers\base\Beranda" loaded.
INFO - 2024-05-10 04:27:07 --> Controller "App\Controllers\base\Beranda" loaded.
INFO - 2024-05-10 04:27:07 --> Controller "App\Controllers\base\Beranda" loaded.
INFO - 2024-05-10 04:27:07 --> Controller "App\Controllers\base\Beranda" loaded.
INFO - 2024-05-10 04:27:08 --> Controller "App\Controllers\base\Beranda" loaded.
INFO - 2024-05-10 04:27:08 --> Controller "App\Controllers\base\Beranda" loaded.
INFO - 2024-05-10 04:27:08 --> Controller "App\Controllers\base\Beranda" loaded.
INFO - 2024-05-10 04:27:09 --> Controller "App\Controllers\base\Beranda" loaded.
INFO - 2024-05-10 04:27:09 --> Controller "App\Controllers\base\Beranda" loaded.
INFO - 2024-05-10 04:27:10 --> Controller "App\Controllers\base\Beranda" loaded.
INFO - 2024-05-10 04:27:11 --> Controller "App\Controllers\base\Beranda" loaded.
INFO - 2024-05-10 04:27:11 --> Controller "App\Controllers\base\Beranda" loaded.
INFO - 2024-05-10 04:27:11 --> Controller "App\Controllers\base\Beranda" loaded.
INFO - 2024-05-10 04:27:12 --> Controller "App\Controllers\base\Beranda" loaded.
INFO - 2024-05-10 04:27:12 --> Controller "App\Controllers\base\Beranda" loaded.
INFO - 2024-05-10 04:27:12 --> Controller "App\Controllers\base\Beranda" loaded.
INFO - 2024-05-10 04:27:13 --> Controller "App\Controllers\base\Beranda" loaded.
INFO - 2024-05-10 04:27:13 --> Controller "App\Controllers\base\Beranda" loaded.
INFO - 2024-05-10 04:27:27 --> Controller "App\Controllers\base\Beranda" loaded.
INFO - 2024-05-10 04:27:28 --> Controller "App\Controllers\base\Beranda" loaded.
INFO - 2024-05-10 04:27:28 --> Controller "App\Controllers\base\Beranda" loaded.
INFO - 2024-05-10 04:27:28 --> Controller "App\Controllers\base\Beranda" loaded.
INFO - 2024-05-10 04:27:29 --> Controller "App\Controllers\base\Beranda" loaded.
INFO - 2024-05-10 04:27:29 --> Controller "App\Controllers\base\Beranda" loaded.
INFO - 2024-05-10 04:27:29 --> Controller "App\Controllers\base\Beranda" loaded.
INFO - 2024-05-10 04:27:30 --> Controller "App\Controllers\base\Beranda" loaded.
INFO - 2024-05-10 04:27:30 --> Controller "App\Controllers\base\Beranda" loaded.
INFO - 2024-05-10 04:27:30 --> Controller "App\Controllers\base\Beranda" loaded.
INFO - 2024-05-10 04:27:31 --> Controller "App\Controllers\base\Beranda" loaded.
INFO - 2024-05-10 04:27:31 --> Controller "App\Controllers\base\Beranda" loaded.
INFO - 2024-05-10 04:27:31 --> Controller "App\Controllers\base\Beranda" loaded.
INFO - 2024-05-10 04:27:32 --> Controller "App\Controllers\base\Beranda" loaded.
INFO - 2024-05-10 04:27:32 --> Controller "App\Controllers\base\Beranda" loaded.
INFO - 2024-05-10 04:27:32 --> Controller "App\Controllers\base\Beranda" loaded.
INFO - 2024-05-10 04:27:33 --> Controller "App\Controllers\base\Beranda" loaded.
INFO - 2024-05-10 04:27:33 --> Controller "App\Controllers\base\Beranda" loaded.
INFO - 2024-05-10 04:27:33 --> Controller "App\Controllers\base\Beranda" loaded.
INFO - 2024-05-10 04:27:33 --> Controller "App\Controllers\base\Beranda" loaded.
INFO - 2024-05-10 04:27:34 --> Controller "App\Controllers\base\Beranda" loaded.
INFO - 2024-05-10 04:27:34 --> Controller "App\Controllers\base\Beranda" loaded.
INFO - 2024-05-10 04:27:34 --> Controller "App\Controllers\base\Beranda" loaded.
INFO - 2024-05-10 04:27:35 --> Controller "App\Controllers\base\Beranda" loaded.
INFO - 2024-05-10 04:27:42 --> Controller "App\Controllers\base\Beranda" loaded.
INFO - 2024-05-10 04:27:43 --> Controller "App\Controllers\base\Beranda" loaded.
INFO - 2024-05-10 04:27:43 --> Controller "App\Controllers\base\Beranda" loaded.
INFO - 2024-05-10 04:27:43 --> Controller "App\Controllers\base\Beranda" loaded.
INFO - 2024-05-10 04:27:44 --> Controller "App\Controllers\base\Beranda" loaded.
INFO - 2024-05-10 04:27:44 --> Controller "App\Controllers\base\Beranda" loaded.
INFO - 2024-05-10 04:27:45 --> Controller "App\Controllers\base\Beranda" loaded.
INFO - 2024-05-10 04:27:45 --> Controller "App\Controllers\base\Beranda" loaded.
INFO - 2024-05-10 04:27:45 --> Controller "App\Controllers\base\Beranda" loaded.
INFO - 2024-05-10 04:27:46 --> Controller "App\Controllers\base\Beranda" loaded.
INFO - 2024-05-10 04:28:38 --> Controller "App\Controllers\base\Beranda" loaded.
INFO - 2024-05-10 04:28:38 --> Controller "App\Controllers\base\Beranda" loaded.
INFO - 2024-05-10 04:28:39 --> Controller "App\Controllers\base\Beranda" loaded.
INFO - 2024-05-10 04:28:39 --> Controller "App\Controllers\base\Beranda" loaded.
INFO - 2024-05-10 04:28:40 --> Controller "App\Controllers\base\Beranda" loaded.
INFO - 2024-05-10 04:28:41 --> Controller "App\Controllers\base\Beranda" loaded.
INFO - 2024-05-10 04:28:41 --> Controller "App\Controllers\base\Beranda" loaded.
INFO - 2024-05-10 04:28:41 --> Controller "App\Controllers\base\Beranda" loaded.
INFO - 2024-05-10 04:28:42 --> Controller "App\Controllers\base\Beranda" loaded.
INFO - 2024-05-10 04:28:42 --> Controller "App\Controllers\base\Beranda" loaded.
INFO - 2024-05-10 04:30:11 --> Controller "App\Controllers\base\Beranda" loaded.
INFO - 2024-05-10 04:30:23 --> Controller "App\Controllers\base\Beranda" loaded.
INFO - 2024-05-10 04:32:43 --> Controller "App\Controllers\base\Beranda" loaded.
INFO - 2024-05-10 04:33:10 --> Controller "App\Controllers\base\Beranda" loaded.
INFO - 2024-05-10 04:33:27 --> Session: Class initialized using 'CodeIgniter\Session\Handlers\FileHandler' driver.
INFO - 2024-05-10 04:33:27 --> Controller "App\Controllers\base\Dashboard" loaded.
INFO - 2024-05-10 04:33:35 --> Session: Class initialized using 'CodeIgniter\Session\Handlers\FileHandler' driver.
INFO - 2024-05-10 04:33:35 --> Controller "App\Controllers\base\Dashboard" loaded.
INFO - 2024-05-10 04:34:40 --> Controller "App\Controllers\base\Beranda" loaded.
INFO - 2024-05-10 04:35:17 --> Controller "App\Controllers\base\Beranda" loaded.
INFO - 2024-05-10 04:36:50 --> Session: Class initialized using 'CodeIgniter\Session\Handlers\FileHandler' driver.
INFO - 2024-05-10 04:36:50 --> Controller "App\Controllers\base\Order" loaded.
INFO - 2024-05-10 04:36:50 --> Controller "App\Controllers\base\Beranda" loaded.
INFO - 2024-05-10 04:36:59 --> Session: Class initialized using 'CodeIgniter\Session\Handlers\FileHandler' driver.
INFO - 2024-05-10 04:36:59 --> Controller "App\Controllers\base\Order" loaded.
INFO - 2024-05-10 04:37:00 --> Controller "App\Controllers\base\Beranda" loaded.
INFO - 2024-05-10 04:37:53 --> Controller "App\Controllers\base\Beranda" loaded.
INFO - 2024-05-10 04:47:20 --> Controller "App\Controllers\base\Beranda" loaded.
INFO - 2024-05-10 04:47:28 --> Controller "App\Controllers\base\Beranda" loaded.
INFO - 2024-05-10 04:47:32 --> Session: Class initialized using 'CodeIgniter\Session\Handlers\FileHandler' driver.
INFO - 2024-05-10 04:47:32 --> Controller "App\Controllers\base\Order" loaded.
INFO - 2024-05-10 04:47:42 --> Session: Class initialized using 'CodeIgniter\Session\Handlers\FileHandler' driver.
INFO - 2024-05-10 04:47:42 --> Controller "App\Controllers\base\Order" loaded.
INFO - 2024-05-10 04:48:44 --> Controller "App\Controllers\base\Beranda" loaded.
INFO - 2024-05-10 04:48:54 --> Controller "App\Controllers\base\Beranda" loaded.
INFO - 2024-05-10 04:49:02 --> Controller "App\Controllers\base\Beranda" loaded.
INFO - 2024-05-10 04:49:42 --> Session: Class initialized using 'CodeIgniter\Session\Handlers\FileHandler' driver.
INFO - 2024-05-10 04:49:42 --> Controller "App\Controllers\base\Order" loaded.
INFO - 2024-05-10 04:51:04 --> Session: Class initialized using 'CodeIgniter\Session\Handlers\FileHandler' driver.
INFO - 2024-05-10 04:51:04 --> Controller "App\Controllers\base\Order" loaded.
INFO - 2024-05-10 04:51:28 --> Controller "App\Controllers\base\Beranda" loaded.
INFO - 2024-05-10 04:52:22 --> Controller "App\Controllers\base\Beranda" loaded.
INFO - 2024-05-10 04:54:17 --> Controller "App\Controllers\base\Beranda" loaded.
INFO - 2024-05-10 04:54:22 --> Controller "App\Controllers\base\Beranda" loaded.
INFO - 2024-05-10 04:54:35 --> Session: Class initialized using 'CodeIgniter\Session\Handlers\FileHandler' driver.
INFO - 2024-05-10 04:54:35 --> Controller "App\Controllers\base\Order" loaded.
INFO - 2024-05-10 04:54:55 --> Session: Class initialized using 'CodeIgniter\Session\Handlers\FileHandler' driver.
INFO - 2024-05-10 04:54:55 --> Controller "App\Controllers\base\Order" loaded.
INFO - 2024-05-10 04:55:25 --> Controller "App\Controllers\base\Beranda" loaded.
INFO - 2024-05-10 04:55:40 --> Controller "App\Controllers\base\Beranda" loaded.
INFO - 2024-05-10 04:55:59 --> Session: Class initialized using 'CodeIgniter\Session\Handlers\FileHandler' driver.
INFO - 2024-05-10 04:55:59 --> Controller "App\Controllers\base\Order" loaded.
INFO - 2024-05-10 04:58:17 --> Session: Class initialized using 'CodeIgniter\Session\Handlers\FileHandler' driver.
INFO - 2024-05-10 04:58:17 --> Controller "App\Controllers\base\Order" loaded.
INFO - 2024-05-10 04:59:55 --> Controller "App\Controllers\base\Beranda" loaded.
INFO - 2024-05-10 05:00:14 --> Controller "App\Controllers\base\Beranda" loaded.
INFO - 2024-05-10 05:09:23 --> Controller "App\Controllers\base\Beranda" loaded.
INFO - 2024-05-10 05:09:50 --> Controller "App\Controllers\base\Beranda" loaded.
INFO - 2024-05-10 05:12:44 --> Controller "App\Controllers\base\Beranda" loaded.
INFO - 2024-05-10 05:14:27 --> Controller "App\Controllers\base\Beranda" loaded.
INFO - 2024-05-10 05:14:43 --> Controller "App\Controllers\base\Beranda" loaded.
INFO - 2024-05-10 05:14:45 --> Controller "App\Controllers\base\Beranda" loaded.
INFO - 2024-05-10 05:14:57 --> Controller "App\Controllers\base\Beranda" loaded.
INFO - 2024-05-10 05:17:04 --> Controller "App\Controllers\base\Beranda" loaded.
INFO - 2024-05-10 05:17:21 --> Controller "App\Controllers\base\Beranda" loaded.
INFO - 2024-05-10 05:17:23 --> Controller "App\Controllers\base\Beranda" loaded.
INFO - 2024-05-10 05:17:33 --> Controller "App\Controllers\base\Beranda" loaded.
INFO - 2024-05-10 05:17:52 --> Controller "App\Controllers\base\Beranda" loaded.
INFO - 2024-05-10 05:18:17 --> Controller "App\Controllers\base\Beranda" loaded.
INFO - 2024-05-10 05:33:52 --> Controller "App\Controllers\base\Beranda" loaded.
INFO - 2024-05-10 05:41:05 --> Controller "App\Controllers\base\Beranda" loaded.
INFO - 2024-05-10 05:41:26 --> Controller "App\Controllers\base\Beranda" loaded.
INFO - 2024-05-10 05:42:44 --> Controller "App\Controllers\base\Beranda" loaded.
INFO - 2024-05-10 05:43:24 --> Controller "App\Controllers\base\Beranda" loaded.
INFO - 2024-05-10 05:55:54 --> Controller "App\Controllers\base\Beranda" loaded.
INFO - 2024-05-10 06:07:33 --> Controller "App\Controllers\base\Beranda" loaded.
INFO - 2024-05-10 06:08:18 --> Controller "App\Controllers\base\Beranda" loaded.
INFO - 2024-05-10 06:08:31 --> Session: Class initialized using 'CodeIgniter\Session\Handlers\FileHandler' driver.
INFO - 2024-05-10 06:08:31 --> Controller "App\Controllers\base\Order" loaded.
INFO - 2024-05-10 06:08:52 --> Session: Class initialized using 'CodeIgniter\Session\Handlers\FileHandler' driver.
INFO - 2024-05-10 06:08:52 --> Controller "App\Controllers\base\Order" loaded.
INFO - 2024-05-10 06:10:16 --> Controller "App\Controllers\base\Beranda" loaded.
INFO - 2024-05-10 06:10:34 --> Controller "App\Controllers\base\Beranda" loaded.
INFO - 2024-05-10 06:10:57 --> Session: Class initialized using 'CodeIgniter\Session\Handlers\FileHandler' driver.
INFO - 2024-05-10 06:10:57 --> Controller "App\Controllers\base\Order" loaded.
INFO - 2024-05-10 06:10:59 --> Session: Class initialized using 'CodeIgniter\Session\Handlers\FileHandler' driver.
INFO - 2024-05-10 06:10:59 --> Controller "App\Controllers\base\Order" loaded.
INFO - 2024-05-10 06:12:37 --> Controller "App\Controllers\base\Beranda" loaded.
INFO - 2024-05-10 06:12:43 --> Controller "App\Controllers\base\Beranda" loaded.
INFO - 2024-05-10 06:13:07 --> Session: Class initialized using 'CodeIgniter\Session\Handlers\FileHandler' driver.
INFO - 2024-05-10 06:13:07 --> Controller "App\Controllers\base\Order" loaded.
INFO - 2024-05-10 06:13:24 --> Session: Class initialized using 'CodeIgniter\Session\Handlers\FileHandler' driver.
INFO - 2024-05-10 06:13:24 --> Controller "App\Controllers\base\Order" loaded.
INFO - 2024-05-10 06:17:25 --> Session: Class initialized using 'CodeIgniter\Session\Handlers\FileHandler' driver.
INFO - 2024-05-10 06:17:25 --> Controller "App\Controllers\base\Order" loaded.
INFO - 2024-05-10 06:20:35 --> Session: Class initialized using 'CodeIgniter\Session\Handlers\FileHandler' driver.
INFO - 2024-05-10 06:20:35 --> Controller "App\Controllers\base\Order" loaded.
INFO - 2024-05-10 06:24:31 --> Controller "App\Controllers\base\Beranda" loaded.
INFO - 2024-05-10 06:24:51 --> Controller "App\Controllers\base\Beranda" loaded.
INFO - 2024-05-10 06:25:12 --> Session: Class initialized using 'CodeIgniter\Session\Handlers\FileHandler' driver.
INFO - 2024-05-10 06:25:12 --> Controller "App\Controllers\base\Order" loaded.
INFO - 2024-05-10 06:25:38 --> Session: Class initialized using 'CodeIgniter\Session\Handlers\FileHandler' driver.
INFO - 2024-05-10 06:25:38 --> Controller "App\Controllers\base\Order" loaded.
INFO - 2024-05-10 06:33:10 --> Controller "App\Controllers\base\Beranda" loaded.
INFO - 2024-05-10 06:33:15 --> Controller "App\Controllers\base\Beranda" loaded.
INFO - 2024-05-10 06:33:32 --> Session: Class initialized using 'CodeIgniter\Session\Handlers\FileHandler' driver.
INFO - 2024-05-10 06:33:32 --> Controller "App\Controllers\base\Order" loaded.
INFO - 2024-05-10 06:34:08 --> Session: Class initialized using 'CodeIgniter\Session\Handlers\FileHandler' driver.
INFO - 2024-05-10 06:34:08 --> Controller "App\Controllers\base\Order" loaded.
INFO - 2024-05-10 06:34:19 --> Controller "App\Controllers\base\Beranda" loaded.
INFO - 2024-05-10 06:34:40 --> Controller "App\Controllers\base\Beranda" loaded.
INFO - 2024-05-10 06:35:04 --> Controller "App\Controllers\base\Beranda" loaded.
INFO - 2024-05-10 06:35:32 --> Controller "App\Controllers\base\Beranda" loaded.
INFO - 2024-05-10 06:40:49 --> Controller "App\Controllers\base\Beranda" loaded.
INFO - 2024-05-10 06:40:51 --> Controller "App\Controllers\base\Beranda" loaded.
INFO - 2024-05-10 06:41:05 --> Controller "App\Controllers\base\Beranda" loaded.
INFO - 2024-05-10 06:41:27 --> Controller "App\Controllers\base\Beranda" loaded.
INFO - 2024-05-10 06:42:36 --> Controller "App\Controllers\base\Beranda" loaded.
INFO - 2024-05-10 06:42:43 --> Controller "App\Controllers\base\Beranda" loaded.
INFO - 2024-05-10 06:43:02 --> Controller "App\Controllers\base\Beranda" loaded.
INFO - 2024-05-10 06:43:14 --> Controller "App\Controllers\base\Beranda" loaded.
INFO - 2024-05-10 06:44:30 --> Controller "App\Controllers\base\Beranda" loaded.
INFO - 2024-05-10 06:45:31 --> Controller "App\Controllers\base\Beranda" loaded.
INFO - 2024-05-10 06:46:31 --> Controller "App\Controllers\base\Beranda" loaded.
INFO - 2024-05-10 06:46:43 --> Controller "App\Controllers\base\Beranda" loaded.
INFO - 2024-05-10 06:47:16 --> Controller "App\Controllers\base\Beranda" loaded.
INFO - 2024-05-10 06:47:57 --> Controller "App\Controllers\base\Beranda" loaded.
INFO - 2024-05-10 06:48:07 --> Controller "App\Controllers\base\Beranda" loaded.
INFO - 2024-05-10 06:48:26 --> Controller "App\Controllers\base\Beranda" loaded.
INFO - 2024-05-10 06:51:53 --> Controller "App\Controllers\base\Beranda" loaded.
INFO - 2024-05-10 06:52:03 --> Controller "App\Controllers\base\Beranda" loaded.
INFO - 2024-05-10 06:53:21 --> Controller "App\Controllers\base\Beranda" loaded.
INFO - 2024-05-10 06:53:31 --> Controller "App\Controllers\base\Beranda" loaded.
INFO - 2024-05-10 06:55:20 --> Controller "App\Controllers\base\Beranda" loaded.
INFO - 2024-05-10 06:55:43 --> Controller "App\Controllers\base\Beranda" loaded.
INFO - 2024-05-10 06:57:33 --> Controller "App\Controllers\base\Beranda" loaded.
INFO - 2024-05-10 06:58:12 --> Controller "App\Controllers\base\Beranda" loaded.
INFO - 2024-05-10 06:58:18 --> Controller "App\Controllers\base\Beranda" loaded.
INFO - 2024-05-10 06:58:44 --> Controller "App\Controllers\base\Beranda" loaded.
INFO - 2024-05-10 06:59:36 --> Controller "App\Controllers\base\Beranda" loaded.
INFO - 2024-05-10 06:59:46 --> Controller "App\Controllers\base\Beranda" loaded.
INFO - 2024-05-10 07:00:52 --> Controller "App\Controllers\base\Beranda" loaded.
INFO - 2024-05-10 07:01:21 --> Controller "App\Controllers\base\Beranda" loaded.
INFO - 2024-05-10 07:02:53 --> Controller "App\Controllers\base\Beranda" loaded.
INFO - 2024-05-10 07:06:41 --> Controller "App\Controllers\base\Beranda" loaded.
INFO - 2024-05-10 07:10:07 --> Controller "App\Controllers\base\Beranda" loaded.
INFO - 2024-05-10 07:10:27 --> Controller "App\Controllers\base\Beranda" loaded.
INFO - 2024-05-10 07:10:53 --> Controller "App\Controllers\base\Beranda" loaded.
INFO - 2024-05-10 07:11:02 --> Controller "App\Controllers\base\Beranda" loaded.
INFO - 2024-05-10 07:13:22 --> Controller "App\Controllers\base\Beranda" loaded.
INFO - 2024-05-10 07:14:34 --> Controller "App\Controllers\base\Beranda" loaded.
INFO - 2024-05-10 07:18:34 --> Controller "App\Controllers\base\Beranda" loaded.
INFO - 2024-05-10 07:18:48 --> Controller "App\Controllers\base\Beranda" loaded.
INFO - 2024-05-10 07:19:07 --> Controller "App\Controllers\base\Beranda" loaded.
INFO - 2024-05-10 07:20:02 --> Controller "App\Controllers\base\Beranda" loaded.
INFO - 2024-05-10 07:20:16 --> Controller "App\Controllers\base\Beranda" loaded.
INFO - 2024-05-10 07:24:20 --> Controller "App\Controllers\base\Beranda" loaded.
INFO - 2024-05-10 07:26:20 --> Controller "App\Controllers\base\Beranda" loaded.
INFO - 2024-05-10 07:26:54 --> Controller "App\Controllers\base\Beranda" loaded.
INFO - 2024-05-10 07:27:31 --> Controller "App\Controllers\base\Beranda" loaded.
INFO - 2024-05-10 07:31:51 --> Controller "App\Controllers\base\Beranda" loaded.
INFO - 2024-05-10 07:32:02 --> Controller "App\Controllers\base\Beranda" loaded.
INFO - 2024-05-10 07:32:33 --> Controller "App\Controllers\base\Beranda" loaded.
INFO - 2024-05-10 07:35:17 --> Controller "App\Controllers\base\Beranda" loaded.
INFO - 2024-05-10 07:37:53 --> Controller "App\Controllers\base\Beranda" loaded.
INFO - 2024-05-10 07:38:11 --> Controller "App\Controllers\base\Beranda" loaded.
INFO - 2024-05-10 07:55:27 --> Controller "App\Controllers\base\Beranda" loaded.
INFO - 2024-05-10 08:16:31 --> Controller "App\Controllers\base\Beranda" loaded.
INFO - 2024-05-10 08:16:31 --> Controller "App\Controllers\base\Beranda" loaded.
INFO - 2024-05-10 08:16:32 --> Controller "App\Controllers\base\Beranda" loaded.
INFO - 2024-05-10 08:16:32 --> Controller "App\Controllers\base\Beranda" loaded.
INFO - 2024-05-10 08:16:33 --> Controller "App\Controllers\base\Beranda" loaded.
INFO - 2024-05-10 08:16:33 --> Controller "App\Controllers\base\Beranda" loaded.
INFO - 2024-05-10 08:16:33 --> Controller "App\Controllers\base\Beranda" loaded.
INFO - 2024-05-10 08:16:35 --> Controller "App\Controllers\base\Beranda" loaded.
INFO - 2024-05-10 08:16:35 --> Controller "App\Controllers\base\Beranda" loaded.
INFO - 2024-05-10 08:16:35 --> Controller "App\Controllers\base\Beranda" loaded.
INFO - 2024-05-10 08:16:36 --> Controller "App\Controllers\base\Beranda" loaded.
INFO - 2024-05-10 08:16:36 --> Controller "App\Controllers\base\Beranda" loaded.
INFO - 2024-05-10 08:16:36 --> Controller "App\Controllers\base\Beranda" loaded.
INFO - 2024-05-10 08:16:37 --> Controller "App\Controllers\base\Beranda" loaded.
INFO - 2024-05-10 08:16:37 --> Controller "App\Controllers\base\Beranda" loaded.
INFO - 2024-05-10 08:16:37 --> Controller "App\Controllers\base\Beranda" loaded.
INFO - 2024-05-10 08:16:38 --> Controller "App\Controllers\base\Beranda" loaded.
INFO - 2024-05-10 08:19:57 --> Controller "App\Controllers\base\Beranda" loaded.
INFO - 2024-05-10 08:35:14 --> Controller "App\Controllers\base\Beranda" loaded.
INFO - 2024-05-10 09:02:57 --> Controller "App\Controllers\base\Beranda" loaded.
INFO - 2024-05-10 09:25:27 --> Controller "App\Controllers\base\Beranda" loaded.
INFO - 2024-05-10 09:33:12 --> Controller "App\Controllers\base\Beranda" loaded.
INFO - 2024-05-10 09:34:33 --> Controller "App\Controllers\base\Beranda" loaded.
INFO - 2024-05-10 09:34:35 --> Controller "App\Controllers\base\Beranda" loaded.
INFO - 2024-05-10 09:34:48 --> Controller "App\Controllers\base\Beranda" loaded.
INFO - 2024-05-10 09:37:09 --> Controller "App\Controllers\base\Beranda" loaded.
INFO - 2024-05-10 09:37:46 --> Controller "App\Controllers\base\Beranda" loaded.
INFO - 2024-05-10 09:38:03 --> Controller "App\Controllers\base\Beranda" loaded.
INFO - 2024-05-10 09:38:06 --> Controller "App\Controllers\base\Beranda" loaded.
INFO - 2024-05-10 09:46:22 --> Controller "App\Controllers\base\Beranda" loaded.
INFO - 2024-05-10 10:10:58 --> Controller "App\Controllers\base\Beranda" loaded.
INFO - 2024-05-10 10:19:47 --> Session: Class initialized using 'CodeIgniter\Session\Handlers\FileHandler' driver.
INFO - 2024-05-10 10:19:47 --> Controller "App\Controllers\base\Order" loaded.
INFO - 2024-05-10 10:19:47 --> Controller "App\Controllers\base\Beranda" loaded.
INFO - 2024-05-10 10:19:52 --> Controller "App\Controllers\base\Beranda" loaded.
INFO - 2024-05-10 10:21:32 --> Controller "App\Controllers\base\Beranda" loaded.
INFO - 2024-05-10 10:26:53 --> Controller "App\Controllers\base\Beranda" loaded.
INFO - 2024-05-10 10:26:57 --> Controller "App\Controllers\base\Beranda" loaded.
INFO - 2024-05-10 10:34:15 --> Session: Class initialized using 'CodeIgniter\Session\Handlers\FileHandler' driver.
INFO - 2024-05-10 10:34:15 --> Controller "App\Controllers\base\Dashboard" loaded.
INFO - 2024-05-10 10:34:41 --> Session: Class initialized using 'CodeIgniter\Session\Handlers\FileHandler' driver.
INFO - 2024-05-10 10:34:41 --> Controller "App\Controllers\admin\Admin" loaded.
INFO - 2024-05-10 10:34:44 --> Session: Class initialized using 'CodeIgniter\Session\Handlers\FileHandler' driver.
INFO - 2024-05-10 10:34:44 --> Controller "App\Controllers\admin\Admin" loaded.
INFO - 2024-05-10 10:34:44 --> Session: Class initialized using 'CodeIgniter\Session\Handlers\FileHandler' driver.
INFO - 2024-05-10 10:34:44 --> Controller "App\Controllers\admin\Admin" loaded.
INFO - 2024-05-10 10:34:52 --> Session: Class initialized using 'CodeIgniter\Session\Handlers\FileHandler' driver.
INFO - 2024-05-10 10:34:52 --> Controller "App\Controllers\admin\Admin" loaded.
INFO - 2024-05-10 10:41:40 --> Session: Class initialized using 'CodeIgniter\Session\Handlers\FileHandler' driver.
INFO - 2024-05-10 10:41:40 --> Controller "App\Controllers\base\Dashboard" loaded.
INFO - 2024-05-10 10:41:43 --> Session: Class initialized using 'CodeIgniter\Session\Handlers\FileHandler' driver.
INFO - 2024-05-10 10:41:43 --> Controller "App\Controllers\admin\Admin" loaded.
INFO - 2024-05-10 10:41:51 --> Session: Class initialized using 'CodeIgniter\Session\Handlers\FileHandler' driver.
INFO - 2024-05-10 10:41:51 --> Controller "App\Controllers\admin\Admin" loaded.
INFO - 2024-05-10 10:41:51 --> Session: Class initialized using 'CodeIgniter\Session\Handlers\FileHandler' driver.
INFO - 2024-05-10 10:41:51 --> Controller "App\Controllers\admin\Admin" loaded.
INFO - 2024-05-10 10:41:56 --> Session: Class initialized using 'CodeIgniter\Session\Handlers\FileHandler' driver.
INFO - 2024-05-10 10:41:56 --> Controller "App\Controllers\base\Dashboard" loaded.
INFO - 2024-05-10 10:42:03 --> Session: Class initialized using 'CodeIgniter\Session\Handlers\FileHandler' driver.
INFO - 2024-05-10 10:42:03 --> Controller "App\Controllers\base\Dashboard" loaded.
INFO - 2024-05-10 10:42:03 --> Session: Class initialized using 'CodeIgniter\Session\Handlers\FileHandler' driver.
INFO - 2024-05-10 10:42:03 --> Controller "App\Controllers\base\Dashboard" loaded.
INFO - 2024-05-10 10:42:07 --> Session: Class initialized using 'CodeIgniter\Session\Handlers\FileHandler' driver.
INFO - 2024-05-10 10:42:07 --> Controller "App\Controllers\base\Dashboard" loaded.
INFO - 2024-05-10 10:42:09 --> Session: Class initialized using 'CodeIgniter\Session\Handlers\FileHandler' driver.
INFO - 2024-05-10 10:42:09 --> Controller "App\Controllers\base\Dashboard" loaded.
INFO - 2024-05-10 10:44:59 --> Controller "App\Controllers\base\Beranda" loaded.
INFO - 2024-05-10 10:49:10 --> Session: Class initialized using 'CodeIgniter\Session\Handlers\FileHandler' driver.
INFO - 2024-05-10 10:49:10 --> Controller "App\Controllers\base\Dashboard" loaded.
INFO - 2024-05-10 10:49:10 --> Session: Class initialized using 'CodeIgniter\Session\Handlers\FileHandler' driver.
INFO - 2024-05-10 10:49:10 --> Controller "App\Controllers\base\Dashboard" loaded.
INFO - 2024-05-10 10:49:15 --> Session: Class initialized using 'CodeIgniter\Session\Handlers\FileHandler' driver.
INFO - 2024-05-10 10:49:15 --> Controller "App\Controllers\base\Dashboard" loaded.
INFO - 2024-05-10 10:49:19 --> Session: Class initialized using 'CodeIgniter\Session\Handlers\FileHandler' driver.
INFO - 2024-05-10 10:49:19 --> Controller "App\Controllers\base\Dashboard" loaded.
INFO - 2024-05-10 10:49:19 --> Session: Class initialized using 'CodeIgniter\Session\Handlers\FileHandler' driver.
INFO - 2024-05-10 10:49:19 --> Controller "App\Controllers\base\Dashboard" loaded.
INFO - 2024-05-10 10:49:22 --> Session: Class initialized using 'CodeIgniter\Session\Handlers\FileHandler' driver.
INFO - 2024-05-10 10:49:23 --> Controller "App\Controllers\base\Dashboard" loaded.
INFO - 2024-05-10 10:49:30 --> Controller "App\Controllers\base\Beranda" loaded.
INFO - 2024-05-10 10:50:42 --> Session: Class initialized using 'CodeIgniter\Session\Handlers\FileHandler' driver.
INFO - 2024-05-10 10:50:42 --> Controller "App\Controllers\base\Dashboard" loaded.
INFO - 2024-05-10 10:50:42 --> Session: Class initialized using 'CodeIgniter\Session\Handlers\FileHandler' driver.
INFO - 2024-05-10 10:50:42 --> Controller "App\Controllers\base\Dashboard" loaded.
INFO - 2024-05-10 10:50:57 --> Session: Class initialized using 'CodeIgniter\Session\Handlers\FileHandler' driver.
INFO - 2024-05-10 10:50:57 --> Controller "App\Controllers\undangan\Undangan" loaded.
INFO - 2024-05-10 11:00:45 --> Controller "App\Controllers\base\Beranda" loaded.
INFO - 2024-05-10 11:05:28 --> Session: Class initialized using 'CodeIgniter\Session\Handlers\FileHandler' driver.
INFO - 2024-05-10 11:05:28 --> Controller "App\Controllers\admin\Admin" loaded.
INFO - 2024-05-10 11:09:07 --> Controller "App\Controllers\base\Beranda" loaded.
INFO - 2024-05-10 11:09:08 --> Controller "App\Controllers\base\Beranda" loaded.
INFO - 2024-05-10 11:10:10 --> Session: Class initialized using 'CodeIgniter\Session\Handlers\FileHandler' driver.
INFO - 2024-05-10 11:10:10 --> Controller "App\Controllers\bukutamu\Bukutamu" loaded.
INFO - 2024-05-10 11:16:22 --> Session: Class initialized using 'CodeIgniter\Session\Handlers\FileHandler' driver.
INFO - 2024-05-10 11:16:22 --> Controller "App\Controllers\base\Order" loaded.
INFO - 2024-05-10 11:18:02 --> Controller "App\Controllers\base\Beranda" loaded.
INFO - 2024-05-10 11:30:33 --> Controller "App\Controllers\base\Beranda" loaded.
INFO - 2024-05-10 11:30:38 --> Controller "App\Controllers\base\Beranda" loaded.
INFO - 2024-05-10 11:37:34 --> Controller "App\Controllers\base\Beranda" loaded.
INFO - 2024-05-10 11:43:53 --> Controller "App\Controllers\base\Beranda" loaded.
INFO - 2024-05-10 11:43:53 --> Controller "App\Controllers\base\Beranda" loaded.
INFO - 2024-05-10 11:43:53 --> Controller "App\Controllers\base\Beranda" loaded.
INFO - 2024-05-10 11:43:55 --> Controller "App\Controllers\base\Beranda" loaded.
INFO - 2024-05-10 11:43:58 --> Controller "App\Controllers\base\Beranda" loaded.
INFO - 2024-05-10 11:49:46 --> Controller "App\Controllers\base\Beranda" loaded.
INFO - 2024-05-10 11:58:33 --> Controller "App\Controllers\base\Beranda" loaded.
INFO - 2024-05-10 12:01:23 --> Controller "App\Controllers\base\Beranda" loaded.
INFO - 2024-05-10 12:23:59 --> Controller "App\Controllers\base\Beranda" loaded.
INFO - 2024-05-10 12:41:15 --> Controller "App\Controllers\base\Beranda" loaded.
INFO - 2024-05-10 12:41:15 --> Controller "App\Controllers\base\Beranda" loaded.
INFO - 2024-05-10 12:41:19 --> Controller "App\Controllers\base\Beranda" loaded.
INFO - 2024-05-10 12:41:19 --> Controller "App\Controllers\base\Beranda" loaded.
INFO - 2024-05-10 12:41:23 --> Controller "App\Controllers\base\Beranda" loaded.
INFO - 2024-05-10 12:41:23 --> Controller "App\Controllers\base\Beranda" loaded.
INFO - 2024-05-10 12:41:26 --> Controller "App\Controllers\base\Beranda" loaded.
INFO - 2024-05-10 12:41:33 --> Controller "App\Controllers\base\Beranda" loaded.
INFO - 2024-05-10 12:41:33 --> Controller "App\Controllers\base\Beranda" loaded.
INFO - 2024-05-10 12:41:37 --> Controller "App\Controllers\base\Beranda" loaded.
INFO - 2024-05-10 12:41:39 --> Controller "App\Controllers\base\Beranda" loaded.
INFO - 2024-05-10 12:41:42 --> Controller "App\Controllers\base\Beranda" loaded.
INFO - 2024-05-10 12:41:43 --> Controller "App\Controllers\base\Beranda" loaded.
INFO - 2024-05-10 12:41:44 --> Controller "App\Controllers\base\Beranda" loaded.
INFO - 2024-05-10 12:46:22 --> Controller "App\Controllers\base\Beranda" loaded.
INFO - 2024-05-10 12:52:22 --> Controller "App\Controllers\base\Beranda" loaded.
INFO - 2024-05-10 12:54:20 --> Controller "App\Controllers\base\Beranda" loaded.
INFO - 2024-05-10 12:59:15 --> Controller "App\Controllers\base\Beranda" loaded.
INFO - 2024-05-10 13:10:18 --> Controller "App\Controllers\base\Beranda" loaded.
INFO - 2024-05-10 13:41:27 --> Controller "App\Controllers\base\Beranda" loaded.
INFO - 2024-05-10 13:59:31 --> Controller "App\Controllers\base\Beranda" loaded.
INFO - 2024-05-10 13:59:39 --> Controller "App\Controllers\base\Beranda" loaded.
INFO - 2024-05-10 14:06:50 --> Controller "App\Controllers\base\Beranda" loaded.
INFO - 2024-05-10 14:12:13 --> Controller "App\Controllers\base\Beranda" loaded.
INFO - 2024-05-10 14:21:18 --> Controller "App\Controllers\base\Beranda" loaded.
INFO - 2024-05-10 14:29:53 --> Session: Class initialized using 'CodeIgniter\Session\Handlers\FileHandler' driver.
INFO - 2024-05-10 14:29:53 --> Controller "App\Controllers\admin\Admin" loaded.
INFO - 2024-05-10 14:31:56 --> Controller "App\Controllers\base\Beranda" loaded.
INFO - 2024-05-10 14:32:01 --> Controller "App\Controllers\base\Beranda" loaded.
INFO - 2024-05-10 14:32:03 --> Controller "App\Controllers\base\Beranda" loaded.
INFO - 2024-05-10 14:32:05 --> Controller "App\Controllers\base\Beranda" loaded.
INFO - 2024-05-10 14:32:07 --> Controller "App\Controllers\base\Beranda" loaded.
INFO - 2024-05-10 14:32:09 --> Controller "App\Controllers\base\Beranda" loaded.
INFO - 2024-05-10 14:32:11 --> Controller "App\Controllers\base\Beranda" loaded.
INFO - 2024-05-10 14:32:14 --> Session: Class initialized using 'CodeIgniter\Session\Handlers\FileHandler' driver.
INFO - 2024-05-10 14:32:15 --> Controller "App\Controllers\base\Beranda" loaded.
INFO - 2024-05-10 14:32:17 --> Controller "App\Controllers\base\Beranda" loaded.
INFO - 2024-05-10 14:43:35 --> Controller "App\Controllers\base\Beranda" loaded.
INFO - 2024-05-10 14:50:49 --> Controller "App\Controllers\base\Beranda" loaded.
INFO - 2024-05-10 14:59:50 --> Controller "App\Controllers\base\Beranda" loaded.
INFO - 2024-05-10 15:11:26 --> Controller "App\Controllers\base\Beranda" loaded.
INFO - 2024-05-10 15:11:29 --> Session: Class initialized using 'CodeIgniter\Session\Handlers\FileHandler' driver.
INFO - 2024-05-10 15:11:29 --> Controller "App\Controllers\base\Dashboard" loaded.
INFO - 2024-05-10 15:11:39 --> Session: Class initialized using 'CodeIgniter\Session\Handlers\FileHandler' driver.
INFO - 2024-05-10 15:11:39 --> Controller "App\Controllers\base\Dashboard" loaded.
INFO - 2024-05-10 15:11:39 --> Session: Class initialized using 'CodeIgniter\Session\Handlers\FileHandler' driver.
INFO - 2024-05-10 15:11:39 --> Controller "App\Controllers\base\Dashboard" loaded.
INFO - 2024-05-10 15:11:43 --> Session: Class initialized using 'CodeIgniter\Session\Handlers\FileHandler' driver.
INFO - 2024-05-10 15:11:43 --> Controller "App\Controllers\base\Dashboard" loaded.
INFO - 2024-05-10 15:21:56 --> Session: Class initialized using 'CodeIgniter\Session\Handlers\FileHandler' driver.
INFO - 2024-05-10 15:21:56 --> Controller "App\Controllers\undangan\Undangan" loaded.
INFO - 2024-05-10 15:22:10 --> Session: Class initialized using 'CodeIgniter\Session\Handlers\FileHandler' driver.
INFO - 2024-05-10 15:22:10 --> Controller "App\Controllers\admin\Admin" loaded.
INFO - 2024-05-10 15:22:35 --> Session: Class initialized using 'CodeIgniter\Session\Handlers\FileHandler' driver.
INFO - 2024-05-10 15:22:35 --> Controller "App\Controllers\base\Dashboard" loaded.
INFO - 2024-05-10 15:22:35 --> Session: Class initialized using 'CodeIgniter\Session\Handlers\FileHandler' driver.
INFO - 2024-05-10 15:22:35 --> Controller "App\Controllers\base\Dashboard" loaded.
INFO - 2024-05-10 15:22:50 --> Session: Class initialized using 'CodeIgniter\Session\Handlers\FileHandler' driver.
INFO - 2024-05-10 15:22:50 --> Controller "App\Controllers\bukutamu\Bukutamu" loaded.
INFO - 2024-05-10 15:22:52 --> Session: Class initialized using 'CodeIgniter\Session\Handlers\FileHandler' driver.
INFO - 2024-05-10 15:22:52 --> Controller "App\Controllers\base\Lupa_password" loaded.
INFO - 2024-05-10 15:22:55 --> Session: Class initialized using 'CodeIgniter\Session\Handlers\FileHandler' driver.
INFO - 2024-05-10 15:22:55 --> Controller "App\Controllers\base\Lupa_password" loaded.
ERROR - 2024-05-10 15:22:55 --> Email: sendWithSmtp throwed fsockopen(): php_network_getaddresses: getaddrinfo failed: Name or service not known
INFO - 2024-05-10 15:22:55 --> Session: Class initialized using 'CodeIgniter\Session\Handlers\FileHandler' driver.
INFO - 2024-05-10 15:22:55 --> Controller "App\Controllers\base\Lupa_password" loaded.
INFO - 2024-05-10 15:23:03 --> Session: Class initialized using 'CodeIgniter\Session\Handlers\FileHandler' driver.
INFO - 2024-05-10 15:23:03 --> Controller "App\Controllers\base\Lupa_password" loaded.
ERROR - 2024-05-10 15:23:03 --> Email: sendWithSmtp throwed fsockopen(): php_network_getaddresses: getaddrinfo failed: Name or service not known
INFO - 2024-05-10 15:23:03 --> Session: Class initialized using 'CodeIgniter\Session\Handlers\FileHandler' driver.
INFO - 2024-05-10 15:23:03 --> Controller "App\Controllers\base\Lupa_password" loaded.
INFO - 2024-05-10 15:23:06 --> Session: Class initialized using 'CodeIgniter\Session\Handlers\FileHandler' driver.
INFO - 2024-05-10 15:23:06 --> Controller "App\Controllers\base\Dashboard" loaded.
INFO - 2024-05-10 15:23:12 --> Session: Class initialized using 'CodeIgniter\Session\Handlers\FileHandler' driver.
INFO - 2024-05-10 15:23:12 --> Session: Class initialized using 'CodeIgniter\Session\Handlers\FileHandler' driver.
INFO - 2024-05-10 15:23:12 --> Controller "App\Controllers\admin\Admin" loaded.
INFO - 2024-05-10 15:23:15 --> Session: Class initialized using 'CodeIgniter\Session\Handlers\FileHandler' driver.
INFO - 2024-05-10 15:23:15 --> Controller "App\Controllers\admin\Admin" loaded.
INFO - 2024-05-10 15:23:15 --> Session: Class initialized using 'CodeIgniter\Session\Handlers\FileHandler' driver.
INFO - 2024-05-10 15:23:15 --> Controller "App\Controllers\admin\Admin" loaded.
INFO - 2024-05-10 15:23:21 --> Session: Class initialized using 'CodeIgniter\Session\Handlers\FileHandler' driver.
INFO - 2024-05-10 15:23:21 --> Controller "App\Controllers\admin\Admin" loaded.
INFO - 2024-05-10 15:23:48 --> Controller "App\Controllers\base\Beranda" loaded.
INFO - 2024-05-10 15:27:35 --> Session: Class initialized using 'CodeIgniter\Session\Handlers\FileHandler' driver.
INFO - 2024-05-10 15:27:35 --> Controller "App\Controllers\base\Dashboard" loaded.
INFO - 2024-05-10 15:27:35 --> Session: Class initialized using 'CodeIgniter\Session\Handlers\FileHandler' driver.
INFO - 2024-05-10 15:27:35 --> Controller "App\Controllers\base\Dashboard" loaded.
INFO - 2024-05-10 15:27:40 --> Session: Class initialized using 'CodeIgniter\Session\Handlers\FileHandler' driver.
INFO - 2024-05-10 15:27:40 --> Controller "App\Controllers\base\Dashboard" loaded.
INFO - 2024-05-10 15:27:47 --> Session: Class initialized using 'CodeIgniter\Session\Handlers\FileHandler' driver.
INFO - 2024-05-10 15:27:47 --> Controller "App\Controllers\base\Dashboard" loaded.
INFO - 2024-05-10 15:31:00 --> Controller "App\Controllers\base\Beranda" loaded.
INFO - 2024-05-10 15:35:24 --> Session: Class initialized using 'CodeIgniter\Session\Handlers\FileHandler' driver.
INFO - 2024-05-10 15:35:24 --> Controller "App\Controllers\base\Dashboard" loaded.
INFO - 2024-05-10 15:35:25 --> Session: Class initialized using 'CodeIgniter\Session\Handlers\FileHandler' driver.
INFO - 2024-05-10 15:35:25 --> Controller "App\Controllers\base\Dashboard" loaded.
INFO - 2024-05-10 15:35:26 --> Session: Class initialized using 'CodeIgniter\Session\Handlers\FileHandler' driver.
INFO - 2024-05-10 15:35:26 --> Controller "App\Controllers\base\Lupa_password" loaded.
INFO - 2024-05-10 15:35:32 --> Session: Class initialized using 'CodeIgniter\Session\Handlers\FileHandler' driver.
INFO - 2024-05-10 15:35:32 --> Controller "App\Controllers\base\Lupa_password" loaded.
ERROR - 2024-05-10 15:35:32 --> Email: sendWithSmtp throwed fsockopen(): php_network_getaddresses: getaddrinfo failed: Name or service not known
INFO - 2024-05-10 15:35:32 --> Session: Class initialized using 'CodeIgniter\Session\Handlers\FileHandler' driver.
INFO - 2024-05-10 15:35:32 --> Controller "App\Controllers\base\Lupa_password" loaded.
INFO - 2024-05-10 15:44:05 --> Controller "App\Controllers\base\Beranda" loaded.
INFO - 2024-05-10 15:58:59 --> Session: Class initialized using 'CodeIgniter\Session\Handlers\FileHandler' driver.
INFO - 2024-05-10 15:58:59 --> Controller "App\Controllers\base\Lupa_password" loaded.
ERROR - 2024-05-10 15:58:59 --> Email: sendWithSmtp throwed fsockopen(): php_network_getaddresses: getaddrinfo failed: Name or service not known
INFO - 2024-05-10 15:58:59 --> Session: Class initialized using 'CodeIgniter\Session\Handlers\FileHandler' driver.
INFO - 2024-05-10 15:58:59 --> Controller "App\Controllers\base\Lupa_password" loaded.
INFO - 2024-05-10 15:59:05 --> Session: Class initialized using 'CodeIgniter\Session\Handlers\FileHandler' driver.
INFO - 2024-05-10 15:59:05 --> Controller "App\Controllers\base\Dashboard" loaded.
INFO - 2024-05-10 16:00:15 --> Controller "App\Controllers\base\Beranda" loaded.
INFO - 2024-05-10 16:12:30 --> Controller "App\Controllers\base\Beranda" loaded.
INFO - 2024-05-10 16:14:49 --> Session: Class initialized using 'CodeIgniter\Session\Handlers\FileHandler' driver.
INFO - 2024-05-10 16:14:49 --> Controller "App\Controllers\base\Dashboard" loaded.
INFO - 2024-05-10 16:14:51 --> Session: Class initialized using 'CodeIgniter\Session\Handlers\FileHandler' driver.
INFO - 2024-05-10 16:14:51 --> Controller "App\Controllers\base\Lupa_password" loaded.
INFO - 2024-05-10 16:14:56 --> Session: Class initialized using 'CodeIgniter\Session\Handlers\FileHandler' driver.
INFO - 2024-05-10 16:14:56 --> Controller "App\Controllers\base\Lupa_password" loaded.
ERROR - 2024-05-10 16:14:56 --> Email: sendWithSmtp throwed fsockopen(): php_network_getaddresses: getaddrinfo failed: Name or service not known
INFO - 2024-05-10 16:14:56 --> Session: Class initialized using 'CodeIgniter\Session\Handlers\FileHandler' driver.
INFO - 2024-05-10 16:14:56 --> Controller "App\Controllers\base\Lupa_password" loaded.
INFO - 2024-05-10 16:15:09 --> Session: Class initialized using 'CodeIgniter\Session\Handlers\FileHandler' driver.
INFO - 2024-05-10 16:15:09 --> Controller "App\Controllers\base\Dashboard" loaded.
INFO - 2024-05-10 16:15:11 --> Session: Class initialized using 'CodeIgniter\Session\Handlers\FileHandler' driver.
INFO - 2024-05-10 16:15:11 --> Controller "App\Controllers\base\Lupa_password" loaded.
INFO - 2024-05-10 16:19:39 --> Controller "App\Controllers\base\Beranda" loaded.
INFO - 2024-05-10 16:31:14 --> Controller "App\Controllers\base\Beranda" loaded.
INFO - 2024-05-10 17:00:21 --> Controller "App\Controllers\base\Beranda" loaded.
INFO - 2024-05-10 17:31:17 --> Session: Class initialized using 'CodeIgniter\Session\Handlers\FileHandler' driver.
INFO - 2024-05-10 17:31:17 --> Controller "App\Controllers\bukutamu\Bukutamu" loaded.
INFO - 2024-05-10 17:32:49 --> Controller "App\Controllers\base\Beranda" loaded.
INFO - 2024-05-10 17:32:49 --> Controller "App\Controllers\base\Beranda" loaded.
INFO - 2024-05-10 18:00:39 --> Controller "App\Controllers\base\Beranda" loaded.
INFO - 2024-05-10 18:04:06 --> Controller "App\Controllers\base\Beranda" loaded.
INFO - 2024-05-10 18:36:28 --> Controller "App\Controllers\base\Beranda" loaded.
INFO - 2024-05-10 18:39:42 --> Controller "App\Controllers\base\Beranda" loaded.
INFO - 2024-05-10 18:48:22 --> Controller "App\Controllers\base\Beranda" loaded.
INFO - 2024-05-10 18:52:25 --> Controller "App\Controllers\base\Beranda" loaded.
INFO - 2024-05-10 19:00:55 --> Controller "App\Controllers\base\Beranda" loaded.
INFO - 2024-05-10 19:44:00 --> Controller "App\Controllers\base\Beranda" loaded.
INFO - 2024-05-10 19:44:12 --> Controller "App\Controllers\base\Beranda" loaded.
INFO - 2024-05-10 19:44:15 --> Controller "App\Controllers\base\Beranda" loaded.
INFO - 2024-05-10 19:44:57 --> Controller "App\Controllers\base\Beranda" loaded.
INFO - 2024-05-10 19:45:01 --> Session: Class initialized using 'CodeIgniter\Session\Handlers\FileHandler' driver.
INFO - 2024-05-10 19:45:01 --> Controller "App\Controllers\base\Dashboard" loaded.
INFO - 2024-05-10 19:45:05 --> Session: Class initialized using 'CodeIgniter\Session\Handlers\FileHandler' driver.
INFO - 2024-05-10 19:45:05 --> Controller "App\Controllers\base\Order" loaded.
INFO - 2024-05-10 19:45:10 --> Controller "App\Controllers\base\Beranda" loaded.
INFO - 2024-05-10 19:45:16 --> Controller "App\Controllers\base\Beranda" loaded.
INFO - 2024-05-10 19:46:18 --> Controller "App\Controllers\base\Beranda" loaded.
INFO - 2024-05-10 19:46:23 --> Controller "App\Controllers\base\Beranda" loaded.
INFO - 2024-05-10 19:46:25 --> Controller "App\Controllers\base\Beranda" loaded.
INFO - 2024-05-10 19:47:31 --> Controller "App\Controllers\base\Beranda" loaded.
INFO - 2024-05-10 19:48:03 --> Session: Class initialized using 'CodeIgniter\Session\Handlers\FileHandler' driver.
INFO - 2024-05-10 19:48:03 --> Controller "App\Controllers\base\Order" loaded.
INFO - 2024-05-10 19:48:08 --> Controller "App\Controllers\base\Beranda" loaded.
INFO - 2024-05-10 19:48:15 --> Controller "App\Controllers\base\Beranda" loaded.
INFO - 2024-05-10 19:51:14 --> Controller "App\Controllers\base\Beranda" loaded.
INFO - 2024-05-10 19:51:34 --> Controller "App\Controllers\base\Beranda" loaded.
INFO - 2024-05-10 20:01:24 --> Controller "App\Controllers\base\Beranda" loaded.
INFO - 2024-05-10 20:03:15 --> Controller "App\Controllers\base\Beranda" loaded.
INFO - 2024-05-10 20:24:18 --> Session: Class initialized using 'CodeIgniter\Session\Handlers\FileHandler' driver.
INFO - 2024-05-10 20:24:18 --> Controller "App\Controllers\base\Order" loaded.
INFO - 2024-05-10 20:40:48 --> Controller "App\Controllers\base\Beranda" loaded.
INFO - 2024-05-10 20:40:51 --> Controller "App\Controllers\base\Beranda" loaded.
INFO - 2024-05-10 20:40:53 --> Controller "App\Controllers\base\Beranda" loaded.
INFO - 2024-05-10 21:01:47 --> Session: Class initialized using 'CodeIgniter\Session\Handlers\FileHandler' driver.
INFO - 2024-05-10 21:01:47 --> Controller "App\Controllers\base\Order" loaded.
INFO - 2024-05-10 21:02:09 --> Controller "App\Controllers\base\Beranda" loaded.
INFO - 2024-05-10 21:07:18 --> Controller "App\Controllers\base\Beranda" loaded.
INFO - 2024-05-10 21:30:32 --> Controller "App\Controllers\base\Beranda" loaded.
INFO - 2024-05-10 21:30:49 --> Controller "App\Controllers\base\Beranda" loaded.
INFO - 2024-05-10 21:34:39 --> Controller "App\Controllers\base\Beranda" loaded.
INFO - 2024-05-10 21:34:43 --> Controller "App\Controllers\base\Beranda" loaded.
INFO - 2024-05-10 21:34:44 --> Controller "App\Controllers\base\Beranda" loaded.
INFO - 2024-05-10 21:34:47 --> Controller "App\Controllers\base\Beranda" loaded.
INFO - 2024-05-10 21:39:48 --> Controller "App\Controllers\base\Beranda" loaded.
INFO - 2024-05-10 21:53:27 --> Controller "App\Controllers\base\Beranda" loaded.
INFO - 2024-05-10 22:02:39 --> Controller "App\Controllers\base\Beranda" loaded.
INFO - 2024-05-10 22:03:00 --> Controller "App\Controllers\base\Beranda" loaded.
INFO - 2024-05-10 22:03:03 --> Controller "App\Controllers\base\Beranda" loaded.
INFO - 2024-05-10 22:03:03 --> Controller "App\Controllers\base\Beranda" loaded.
INFO - 2024-05-10 22:03:05 --> Controller "App\Controllers\base\Beranda" loaded.
INFO - 2024-05-10 22:03:07 --> Controller "App\Controllers\base\Beranda" loaded.
INFO - 2024-05-10 22:03:11 --> Controller "App\Controllers\base\Beranda" loaded.
INFO - 2024-05-10 22:05:03 --> Controller "App\Controllers\base\Beranda" loaded.
INFO - 2024-05-10 22:05:25 --> Controller "App\Controllers\base\Beranda" loaded.
INFO - 2024-05-10 22:05:31 --> Controller "App\Controllers\base\Beranda" loaded.
INFO - 2024-05-10 22:42:55 --> Controller "App\Controllers\base\Beranda" loaded.
INFO - 2024-05-10 22:57:44 --> Controller "App\Controllers\base\Beranda" loaded.
INFO - 2024-05-10 22:57:47 --> Controller "App\Controllers\base\Beranda" loaded.
INFO - 2024-05-10 23:11:48 --> Controller "App\Controllers\base\Beranda" loaded.
