INFO - 2024-05-08 00:31:39 --> Controller "App\Controllers\base\Beranda" loaded.
INFO - 2024-05-08 00:34:44 --> Session: Class initialized using 'CodeIgniter\Session\Handlers\FileHandler' driver.
INFO - 2024-05-08 00:34:44 --> Controller "App\Controllers\admin\Admin" loaded.
INFO - 2024-05-08 00:46:01 --> Controller "App\Controllers\base\Beranda" loaded.
INFO - 2024-05-08 01:03:15 --> Controller "App\Controllers\base\Beranda" loaded.
INFO - 2024-05-08 01:24:32 --> Controller "App\Controllers\base\Beranda" loaded.
INFO - 2024-05-08 01:24:33 --> Controller "App\Controllers\base\Beranda" loaded.
INFO - 2024-05-08 01:24:35 --> Controller "App\Controllers\base\Beranda" loaded.
INFO - 2024-05-08 01:29:16 --> Controller "App\Controllers\base\Beranda" loaded.
INFO - 2024-05-08 01:31:01 --> Controller "App\Controllers\base\Beranda" loaded.
INFO - 2024-05-08 01:31:04 --> Controller "App\Controllers\base\Beranda" loaded.
INFO - 2024-05-08 01:44:20 --> Controller "App\Controllers\base\Beranda" loaded.
INFO - 2024-05-08 01:44:48 --> Controller "App\Controllers\base\Beranda" loaded.
INFO - 2024-05-08 01:55:50 --> Controller "App\Controllers\base\Beranda" loaded.
INFO - 2024-05-08 02:14:49 --> Controller "App\Controllers\base\Beranda" loaded.
INFO - 2024-05-08 02:29:16 --> Controller "App\Controllers\base\Beranda" loaded.
INFO - 2024-05-08 02:42:13 --> Controller "App\Controllers\base\Beranda" loaded.
INFO - 2024-05-08 02:42:14 --> Controller "App\Controllers\base\Beranda" loaded.
INFO - 2024-05-08 03:19:50 --> Controller "App\Controllers\base\Beranda" loaded.
INFO - 2024-05-08 03:22:28 --> Controller "App\Controllers\base\Beranda" loaded.
INFO - 2024-05-08 03:36:48 --> Session: Class initialized using 'CodeIgniter\Session\Handlers\FileHandler' driver.
INFO - 2024-05-08 03:36:48 --> Controller "App\Controllers\admin\Admin" loaded.
INFO - 2024-05-08 04:06:19 --> Controller "App\Controllers\base\Beranda" loaded.
INFO - 2024-05-08 04:06:19 --> Controller "App\Controllers\base\Beranda" loaded.
INFO - 2024-05-08 04:06:20 --> Controller "App\Controllers\base\Beranda" loaded.
INFO - 2024-05-08 04:06:20 --> Controller "App\Controllers\base\Beranda" loaded.
INFO - 2024-05-08 04:06:27 --> Controller "App\Controllers\base\Beranda" loaded.
INFO - 2024-05-08 04:14:25 --> Controller "App\Controllers\base\Beranda" loaded.
INFO - 2024-05-08 04:15:44 --> Controller "App\Controllers\base\Beranda" loaded.
INFO - 2024-05-08 04:16:40 --> Controller "App\Controllers\base\Beranda" loaded.
INFO - 2024-05-08 04:17:18 --> Controller "App\Controllers\base\Beranda" loaded.
INFO - 2024-05-08 04:40:59 --> Controller "App\Controllers\base\Beranda" loaded.
INFO - 2024-05-08 05:18:08 --> Controller "App\Controllers\base\Beranda" loaded.
INFO - 2024-05-08 06:14:28 --> Controller "App\Controllers\base\Beranda" loaded.
INFO - 2024-05-08 06:48:42 --> Controller "App\Controllers\base\Beranda" loaded.
INFO - 2024-05-08 07:06:42 --> Controller "App\Controllers\base\Beranda" loaded.
INFO - 2024-05-08 07:14:13 --> Controller "App\Controllers\base\Beranda" loaded.
INFO - 2024-05-08 07:17:04 --> Controller "App\Controllers\base\Beranda" loaded.
INFO - 2024-05-08 07:17:22 --> Controller "App\Controllers\base\Beranda" loaded.
INFO - 2024-05-08 07:22:01 --> Controller "App\Controllers\base\Beranda" loaded.
INFO - 2024-05-08 07:22:02 --> Controller "App\Controllers\base\Beranda" loaded.
INFO - 2024-05-08 07:22:02 --> Controller "App\Controllers\base\Beranda" loaded.
INFO - 2024-05-08 07:22:50 --> Session: Class initialized using 'CodeIgniter\Session\Handlers\FileHandler' driver.
INFO - 2024-05-08 07:22:50 --> Controller "App\Controllers\bukutamu\Bukutamu" loaded.
INFO - 2024-05-08 07:44:29 --> Controller "App\Controllers\base\Beranda" loaded.
INFO - 2024-05-08 08:07:37 --> Controller "App\Controllers\base\Beranda" loaded.
INFO - 2024-05-08 08:07:53 --> Session: Class initialized using 'CodeIgniter\Session\Handlers\FileHandler' driver.
INFO - 2024-05-08 08:07:53 --> Controller "App\Controllers\base\Order" loaded.
INFO - 2024-05-08 08:07:53 --> Session: Class initialized using 'CodeIgniter\Session\Handlers\FileHandler' driver.
INFO - 2024-05-08 08:07:53 --> Controller "App\Controllers\base\Order" loaded.
INFO - 2024-05-08 08:07:54 --> Session: Class initialized using 'CodeIgniter\Session\Handlers\FileHandler' driver.
INFO - 2024-05-08 08:07:54 --> Controller "App\Controllers\base\Order" loaded.
INFO - 2024-05-08 08:07:55 --> Controller "App\Controllers\base\Beranda" loaded.
INFO - 2024-05-08 08:10:01 --> Controller "App\Controllers\base\Beranda" loaded.
INFO - 2024-05-08 08:10:59 --> Controller "App\Controllers\base\Beranda" loaded.
INFO - 2024-05-08 08:16:42 --> Controller "App\Controllers\base\Beranda" loaded.
INFO - 2024-05-08 08:16:43 --> Controller "App\Controllers\base\Beranda" loaded.
INFO - 2024-05-08 08:49:22 --> Controller "App\Controllers\base\Beranda" loaded.
INFO - 2024-05-08 08:50:37 --> Session: Class initialized using 'CodeIgniter\Session\Handlers\FileHandler' driver.
INFO - 2024-05-08 08:50:37 --> Controller "App\Controllers\undangan\Undangan" loaded.
INFO - 2024-05-08 08:50:56 --> Session: Class initialized using 'CodeIgniter\Session\Handlers\FileHandler' driver.
INFO - 2024-05-08 08:50:56 --> Controller "App\Controllers\undangan\Undangan" loaded.
INFO - 2024-05-08 08:51:40 --> Session: Class initialized using 'CodeIgniter\Session\Handlers\FileHandler' driver.
INFO - 2024-05-08 08:51:40 --> Controller "App\Controllers\undangan\Undangan" loaded.
INFO - 2024-05-08 08:57:01 --> Controller "App\Controllers\base\Beranda" loaded.
INFO - 2024-05-08 08:57:02 --> Controller "App\Controllers\base\Beranda" loaded.
INFO - 2024-05-08 09:03:47 --> Controller "App\Controllers\base\Beranda" loaded.
INFO - 2024-05-08 09:17:07 --> Session: Class initialized using 'CodeIgniter\Session\Handlers\FileHandler' driver.
INFO - 2024-05-08 09:17:07 --> Controller "App\Controllers\base\Order" loaded.
INFO - 2024-05-08 09:17:08 --> Controller "App\Controllers\base\Beranda" loaded.
INFO - 2024-05-08 09:30:13 --> Controller "App\Controllers\base\Beranda" loaded.
INFO - 2024-05-08 09:46:31 --> Controller "App\Controllers\base\Beranda" loaded.
INFO - 2024-05-08 09:46:31 --> Controller "App\Controllers\base\Beranda" loaded.
INFO - 2024-05-08 09:46:32 --> Controller "App\Controllers\base\Beranda" loaded.
INFO - 2024-05-08 09:46:33 --> Controller "App\Controllers\base\Beranda" loaded.
INFO - 2024-05-08 09:46:35 --> Controller "App\Controllers\base\Beranda" loaded.
INFO - 2024-05-08 09:51:48 --> Controller "App\Controllers\base\Beranda" loaded.
INFO - 2024-05-08 09:52:28 --> Controller "App\Controllers\base\Beranda" loaded.
INFO - 2024-05-08 09:52:29 --> Controller "App\Controllers\base\Beranda" loaded.
INFO - 2024-05-08 09:53:57 --> Controller "App\Controllers\base\Beranda" loaded.
INFO - 2024-05-08 09:54:43 --> Controller "App\Controllers\base\Beranda" loaded.
INFO - 2024-05-08 09:56:46 --> Controller "App\Controllers\base\Beranda" loaded.
INFO - 2024-05-08 10:05:00 --> Controller "App\Controllers\base\Beranda" loaded.
INFO - 2024-05-08 10:14:09 --> Controller "App\Controllers\base\Beranda" loaded.
INFO - 2024-05-08 10:26:20 --> Controller "App\Controllers\base\Beranda" loaded.
INFO - 2024-05-08 10:32:58 --> Controller "App\Controllers\base\Beranda" loaded.
INFO - 2024-05-08 10:38:18 --> Controller "App\Controllers\base\Beranda" loaded.
INFO - 2024-05-08 10:38:19 --> Controller "App\Controllers\base\Beranda" loaded.
INFO - 2024-05-08 10:38:30 --> Controller "App\Controllers\base\Beranda" loaded.
INFO - 2024-05-08 10:41:48 --> Controller "App\Controllers\base\Beranda" loaded.
INFO - 2024-05-08 10:52:25 --> Controller "App\Controllers\base\Beranda" loaded.
INFO - 2024-05-08 11:01:32 --> Controller "App\Controllers\base\Beranda" loaded.
INFO - 2024-05-08 11:05:08 --> Controller "App\Controllers\base\Beranda" loaded.
INFO - 2024-05-08 11:05:59 --> Controller "App\Controllers\base\Beranda" loaded.
INFO - 2024-05-08 11:05:59 --> Controller "App\Controllers\base\Beranda" loaded.
INFO - 2024-05-08 11:06:00 --> Controller "App\Controllers\base\Beranda" loaded.
INFO - 2024-05-08 11:06:01 --> Controller "App\Controllers\base\Beranda" loaded.
INFO - 2024-05-08 11:12:21 --> Controller "App\Controllers\base\Beranda" loaded.
INFO - 2024-05-08 11:14:30 --> Controller "App\Controllers\base\Beranda" loaded.
INFO - 2024-05-08 11:30:43 --> Controller "App\Controllers\base\Beranda" loaded.
INFO - 2024-05-08 11:30:44 --> Controller "App\Controllers\base\Beranda" loaded.
INFO - 2024-05-08 11:30:44 --> Controller "App\Controllers\base\Beranda" loaded.
INFO - 2024-05-08 11:30:45 --> Controller "App\Controllers\base\Beranda" loaded.
INFO - 2024-05-08 11:30:45 --> Controller "App\Controllers\base\Beranda" loaded.
INFO - 2024-05-08 11:30:45 --> Controller "App\Controllers\base\Beranda" loaded.
INFO - 2024-05-08 11:30:45 --> Controller "App\Controllers\base\Beranda" loaded.
INFO - 2024-05-08 11:30:45 --> Controller "App\Controllers\base\Beranda" loaded.
INFO - 2024-05-08 11:30:46 --> Controller "App\Controllers\base\Beranda" loaded.
INFO - 2024-05-08 11:30:47 --> Controller "App\Controllers\base\Beranda" loaded.
INFO - 2024-05-08 11:30:47 --> Controller "App\Controllers\base\Beranda" loaded.
INFO - 2024-05-08 11:30:47 --> Controller "App\Controllers\base\Beranda" loaded.
INFO - 2024-05-08 11:30:47 --> Controller "App\Controllers\base\Beranda" loaded.
INFO - 2024-05-08 11:35:34 --> Controller "App\Controllers\base\Beranda" loaded.
INFO - 2024-05-08 11:43:29 --> Controller "App\Controllers\base\Beranda" loaded.
INFO - 2024-05-08 11:43:46 --> Controller "App\Controllers\base\Beranda" loaded.
INFO - 2024-05-08 11:43:53 --> Controller "App\Controllers\base\Beranda" loaded.
INFO - 2024-05-08 11:59:42 --> Controller "App\Controllers\base\Beranda" loaded.
INFO - 2024-05-08 12:07:15 --> Session: Class initialized using 'CodeIgniter\Session\Handlers\FileHandler' driver.
INFO - 2024-05-08 12:07:15 --> Controller "App\Controllers\bukutamu\Bukutamu" loaded.
INFO - 2024-05-08 12:07:21 --> Session: Class initialized using 'CodeIgniter\Session\Handlers\FileHandler' driver.
INFO - 2024-05-08 12:07:21 --> Controller "App\Controllers\bukutamu\Bukutamu" loaded.
INFO - 2024-05-08 12:08:46 --> Controller "App\Controllers\base\Beranda" loaded.
INFO - 2024-05-08 12:14:08 --> Controller "App\Controllers\base\Beranda" loaded.
INFO - 2024-05-08 12:17:19 --> Controller "App\Controllers\base\Beranda" loaded.
INFO - 2024-05-08 12:17:22 --> Controller "App\Controllers\base\Beranda" loaded.
INFO - 2024-05-08 12:25:59 --> Controller "App\Controllers\base\Beranda" loaded.
INFO - 2024-05-08 12:26:08 --> Controller "App\Controllers\base\Beranda" loaded.
INFO - 2024-05-08 12:31:56 --> Controller "App\Controllers\base\Beranda" loaded.
INFO - 2024-05-08 12:32:10 --> Controller "App\Controllers\base\Beranda" loaded.
INFO - 2024-05-08 12:39:44 --> Controller "App\Controllers\base\Beranda" loaded.
INFO - 2024-05-08 12:39:45 --> Controller "App\Controllers\base\Beranda" loaded.
INFO - 2024-05-08 12:44:48 --> Controller "App\Controllers\base\Beranda" loaded.
INFO - 2024-05-08 12:50:19 --> Controller "App\Controllers\base\Beranda" loaded.
INFO - 2024-05-08 12:57:11 --> Controller "App\Controllers\base\Beranda" loaded.
INFO - 2024-05-08 13:13:08 --> Controller "App\Controllers\base\Beranda" loaded.
INFO - 2024-05-08 13:22:05 --> Controller "App\Controllers\base\Beranda" loaded.
INFO - 2024-05-08 13:22:09 --> Controller "App\Controllers\base\Beranda" loaded.
INFO - 2024-05-08 13:22:13 --> Controller "App\Controllers\base\Beranda" loaded.
INFO - 2024-05-08 13:22:16 --> Controller "App\Controllers\base\Beranda" loaded.
INFO - 2024-05-08 13:33:47 --> Controller "App\Controllers\base\Beranda" loaded.
INFO - 2024-05-08 13:33:50 --> Controller "App\Controllers\base\Beranda" loaded.
INFO - 2024-05-08 13:33:51 --> Controller "App\Controllers\base\Beranda" loaded.
INFO - 2024-05-08 13:33:53 --> Controller "App\Controllers\base\Beranda" loaded.
INFO - 2024-05-08 13:33:54 --> Controller "App\Controllers\base\Beranda" loaded.
INFO - 2024-05-08 13:33:55 --> Controller "App\Controllers\base\Beranda" loaded.
INFO - 2024-05-08 13:33:57 --> Controller "App\Controllers\base\Beranda" loaded.
INFO - 2024-05-08 13:46:16 --> Controller "App\Controllers\base\Beranda" loaded.
INFO - 2024-05-08 13:50:46 --> Session: Class initialized using 'CodeIgniter\Session\Handlers\FileHandler' driver.
INFO - 2024-05-08 13:50:46 --> Controller "App\Controllers\bukutamu\Bukutamu" loaded.
INFO - 2024-05-08 13:56:03 --> Controller "App\Controllers\base\Beranda" loaded.
INFO - 2024-05-08 14:00:16 --> Controller "App\Controllers\base\Beranda" loaded.
INFO - 2024-05-08 14:27:28 --> Controller "App\Controllers\base\Beranda" loaded.
INFO - 2024-05-08 14:40:09 --> Controller "App\Controllers\base\Beranda" loaded.
INFO - 2024-05-08 14:40:51 --> Controller "App\Controllers\base\Beranda" loaded.
INFO - 2024-05-08 14:42:45 --> Controller "App\Controllers\base\Beranda" loaded.
INFO - 2024-05-08 14:45:49 --> Controller "App\Controllers\base\Beranda" loaded.
INFO - 2024-05-08 14:50:43 --> Controller "App\Controllers\base\Beranda" loaded.
INFO - 2024-05-08 15:03:16 --> Session: Class initialized using 'CodeIgniter\Session\Handlers\FileHandler' driver.
INFO - 2024-05-08 15:03:16 --> Controller "App\Controllers\base\Order" loaded.
INFO - 2024-05-08 15:06:28 --> Controller "App\Controllers\base\Beranda" loaded.
INFO - 2024-05-08 15:12:23 --> Controller "App\Controllers\base\Beranda" loaded.
INFO - 2024-05-08 15:12:26 --> Controller "App\Controllers\base\Beranda" loaded.
INFO - 2024-05-08 15:12:47 --> Session: Class initialized using 'CodeIgniter\Session\Handlers\FileHandler' driver.
INFO - 2024-05-08 15:12:47 --> Controller "App\Controllers\undangan\Undangan" loaded.
INFO - 2024-05-08 15:23:12 --> Controller "App\Controllers\base\Beranda" loaded.
INFO - 2024-05-08 15:23:34 --> Session: Class initialized using 'CodeIgniter\Session\Handlers\FileHandler' driver.
INFO - 2024-05-08 15:23:34 --> Controller "App\Controllers\undangan\Undangan" loaded.
INFO - 2024-05-08 15:26:29 --> Session: Class initialized using 'CodeIgniter\Session\Handlers\FileHandler' driver.
INFO - 2024-05-08 15:26:29 --> Controller "App\Controllers\admin\Admin" loaded.
INFO - 2024-05-08 15:26:41 --> Session: Class initialized using 'CodeIgniter\Session\Handlers\FileHandler' driver.
INFO - 2024-05-08 15:26:41 --> Controller "App\Controllers\bukutamu\Bukutamu" loaded.
INFO - 2024-05-08 15:45:01 --> Session: Class initialized using 'CodeIgniter\Session\Handlers\FileHandler' driver.
INFO - 2024-05-08 15:45:01 --> Controller "App\Controllers\undangan\Undangan" loaded.
INFO - 2024-05-08 16:06:34 --> Controller "App\Controllers\base\Beranda" loaded.
INFO - 2024-05-08 16:06:35 --> Controller "App\Controllers\base\Beranda" loaded.
INFO - 2024-05-08 16:06:35 --> Controller "App\Controllers\base\Beranda" loaded.
INFO - 2024-05-08 16:06:36 --> Controller "App\Controllers\base\Beranda" loaded.
INFO - 2024-05-08 16:06:36 --> Controller "App\Controllers\base\Beranda" loaded.
INFO - 2024-05-08 16:06:36 --> Controller "App\Controllers\base\Beranda" loaded.
INFO - 2024-05-08 16:06:36 --> Controller "App\Controllers\base\Beranda" loaded.
INFO - 2024-05-08 16:06:37 --> Controller "App\Controllers\base\Beranda" loaded.
INFO - 2024-05-08 16:06:37 --> Controller "App\Controllers\base\Beranda" loaded.
INFO - 2024-05-08 16:06:37 --> Controller "App\Controllers\base\Beranda" loaded.
INFO - 2024-05-08 16:06:38 --> Controller "App\Controllers\base\Beranda" loaded.
INFO - 2024-05-08 16:06:38 --> Controller "App\Controllers\base\Beranda" loaded.
INFO - 2024-05-08 16:06:38 --> Controller "App\Controllers\base\Beranda" loaded.
INFO - 2024-05-08 16:06:39 --> Controller "App\Controllers\base\Beranda" loaded.
INFO - 2024-05-08 16:06:39 --> Controller "App\Controllers\base\Beranda" loaded.
INFO - 2024-05-08 16:06:39 --> Controller "App\Controllers\base\Beranda" loaded.
INFO - 2024-05-08 16:06:39 --> Controller "App\Controllers\base\Beranda" loaded.
INFO - 2024-05-08 16:12:30 --> Controller "App\Controllers\base\Beranda" loaded.
INFO - 2024-05-08 16:18:25 --> Controller "App\Controllers\base\Beranda" loaded.
INFO - 2024-05-08 16:18:25 --> Controller "App\Controllers\base\Beranda" loaded.
INFO - 2024-05-08 16:18:25 --> Controller "App\Controllers\base\Beranda" loaded.
INFO - 2024-05-08 16:18:25 --> Controller "App\Controllers\base\Beranda" loaded.
INFO - 2024-05-08 16:18:25 --> Controller "App\Controllers\base\Beranda" loaded.
INFO - 2024-05-08 16:18:25 --> Controller "App\Controllers\base\Beranda" loaded.
INFO - 2024-05-08 16:18:25 --> Controller "App\Controllers\base\Beranda" loaded.
INFO - 2024-05-08 16:18:25 --> Controller "App\Controllers\base\Beranda" loaded.
INFO - 2024-05-08 16:18:25 --> Controller "App\Controllers\base\Beranda" loaded.
INFO - 2024-05-08 16:18:25 --> Controller "App\Controllers\base\Beranda" loaded.
INFO - 2024-05-08 16:18:25 --> Controller "App\Controllers\base\Beranda" loaded.
INFO - 2024-05-08 16:18:25 --> Controller "App\Controllers\base\Beranda" loaded.
INFO - 2024-05-08 16:18:25 --> Controller "App\Controllers\base\Beranda" loaded.
INFO - 2024-05-08 16:18:25 --> Controller "App\Controllers\base\Beranda" loaded.
INFO - 2024-05-08 16:18:25 --> Controller "App\Controllers\base\Beranda" loaded.
INFO - 2024-05-08 16:18:25 --> Controller "App\Controllers\base\Beranda" loaded.
INFO - 2024-05-08 16:18:26 --> Controller "App\Controllers\base\Beranda" loaded.
INFO - 2024-05-08 16:18:26 --> Controller "App\Controllers\base\Beranda" loaded.
INFO - 2024-05-08 16:21:11 --> Controller "App\Controllers\base\Beranda" loaded.
INFO - 2024-05-08 16:40:09 --> Controller "App\Controllers\base\Beranda" loaded.
INFO - 2024-05-08 16:40:09 --> Controller "App\Controllers\base\Beranda" loaded.
INFO - 2024-05-08 16:40:10 --> Controller "App\Controllers\base\Beranda" loaded.
INFO - 2024-05-08 16:40:10 --> Controller "App\Controllers\base\Beranda" loaded.
INFO - 2024-05-08 16:40:11 --> Controller "App\Controllers\base\Beranda" loaded.
INFO - 2024-05-08 16:40:11 --> Controller "App\Controllers\base\Beranda" loaded.
INFO - 2024-05-08 16:40:12 --> Controller "App\Controllers\base\Beranda" loaded.
INFO - 2024-05-08 16:40:12 --> Controller "App\Controllers\base\Beranda" loaded.
INFO - 2024-05-08 16:40:13 --> Controller "App\Controllers\base\Beranda" loaded.
INFO - 2024-05-08 16:40:13 --> Controller "App\Controllers\base\Beranda" loaded.
INFO - 2024-05-08 16:40:13 --> Controller "App\Controllers\base\Beranda" loaded.
INFO - 2024-05-08 16:40:13 --> Controller "App\Controllers\base\Beranda" loaded.
INFO - 2024-05-08 16:40:14 --> Controller "App\Controllers\base\Beranda" loaded.
INFO - 2024-05-08 16:40:14 --> Controller "App\Controllers\base\Beranda" loaded.
INFO - 2024-05-08 16:40:14 --> Controller "App\Controllers\base\Beranda" loaded.
INFO - 2024-05-08 16:40:15 --> Controller "App\Controllers\base\Beranda" loaded.
INFO - 2024-05-08 16:40:15 --> Controller "App\Controllers\base\Beranda" loaded.
INFO - 2024-05-08 16:40:51 --> Controller "App\Controllers\base\Beranda" loaded.
INFO - 2024-05-08 16:40:52 --> Controller "App\Controllers\base\Beranda" loaded.
INFO - 2024-05-08 16:40:52 --> Controller "App\Controllers\base\Beranda" loaded.
INFO - 2024-05-08 16:40:52 --> Controller "App\Controllers\base\Beranda" loaded.
INFO - 2024-05-08 16:40:53 --> Controller "App\Controllers\base\Beranda" loaded.
INFO - 2024-05-08 16:40:53 --> Controller "App\Controllers\base\Beranda" loaded.
INFO - 2024-05-08 16:40:53 --> Controller "App\Controllers\base\Beranda" loaded.
INFO - 2024-05-08 16:40:54 --> Controller "App\Controllers\base\Beranda" loaded.
INFO - 2024-05-08 16:40:54 --> Controller "App\Controllers\base\Beranda" loaded.
INFO - 2024-05-08 16:40:54 --> Controller "App\Controllers\base\Beranda" loaded.
INFO - 2024-05-08 16:40:54 --> Controller "App\Controllers\base\Beranda" loaded.
INFO - 2024-05-08 16:40:55 --> Controller "App\Controllers\base\Beranda" loaded.
INFO - 2024-05-08 16:40:55 --> Controller "App\Controllers\base\Beranda" loaded.
INFO - 2024-05-08 16:40:55 --> Controller "App\Controllers\base\Beranda" loaded.
INFO - 2024-05-08 16:40:56 --> Controller "App\Controllers\base\Beranda" loaded.
INFO - 2024-05-08 16:40:56 --> Controller "App\Controllers\base\Beranda" loaded.
INFO - 2024-05-08 16:40:56 --> Controller "App\Controllers\base\Beranda" loaded.
INFO - 2024-05-08 16:44:24 --> Controller "App\Controllers\base\Beranda" loaded.
INFO - 2024-05-08 16:47:23 --> Controller "App\Controllers\base\Beranda" loaded.
INFO - 2024-05-08 16:47:23 --> Controller "App\Controllers\base\Beranda" loaded.
INFO - 2024-05-08 16:47:23 --> Controller "App\Controllers\base\Beranda" loaded.
INFO - 2024-05-08 16:47:23 --> Controller "App\Controllers\base\Beranda" loaded.
INFO - 2024-05-08 16:47:23 --> Controller "App\Controllers\base\Beranda" loaded.
INFO - 2024-05-08 16:47:23 --> Controller "App\Controllers\base\Beranda" loaded.
INFO - 2024-05-08 16:47:23 --> Controller "App\Controllers\base\Beranda" loaded.
INFO - 2024-05-08 16:47:23 --> Controller "App\Controllers\base\Beranda" loaded.
INFO - 2024-05-08 16:47:23 --> Controller "App\Controllers\base\Beranda" loaded.
INFO - 2024-05-08 16:47:23 --> Controller "App\Controllers\base\Beranda" loaded.
INFO - 2024-05-08 16:47:24 --> Controller "App\Controllers\base\Beranda" loaded.
INFO - 2024-05-08 16:47:24 --> Controller "App\Controllers\base\Beranda" loaded.
INFO - 2024-05-08 16:47:24 --> Controller "App\Controllers\base\Beranda" loaded.
INFO - 2024-05-08 16:47:24 --> Controller "App\Controllers\base\Beranda" loaded.
INFO - 2024-05-08 16:47:24 --> Controller "App\Controllers\base\Beranda" loaded.
INFO - 2024-05-08 16:47:24 --> Controller "App\Controllers\base\Beranda" loaded.
INFO - 2024-05-08 16:47:24 --> Controller "App\Controllers\base\Beranda" loaded.
INFO - 2024-05-08 16:47:24 --> Controller "App\Controllers\base\Beranda" loaded.
INFO - 2024-05-08 16:48:16 --> Controller "App\Controllers\base\Beranda" loaded.
INFO - 2024-05-08 17:01:59 --> Controller "App\Controllers\base\Beranda" loaded.
INFO - 2024-05-08 17:01:59 --> Controller "App\Controllers\base\Beranda" loaded.
INFO - 2024-05-08 17:01:59 --> Controller "App\Controllers\base\Beranda" loaded.
INFO - 2024-05-08 17:01:59 --> Controller "App\Controllers\base\Beranda" loaded.
INFO - 2024-05-08 17:01:59 --> Controller "App\Controllers\base\Beranda" loaded.
INFO - 2024-05-08 17:01:59 --> Controller "App\Controllers\base\Beranda" loaded.
INFO - 2024-05-08 17:01:59 --> Controller "App\Controllers\base\Beranda" loaded.
INFO - 2024-05-08 17:01:59 --> Controller "App\Controllers\base\Beranda" loaded.
INFO - 2024-05-08 17:01:59 --> Controller "App\Controllers\base\Beranda" loaded.
INFO - 2024-05-08 17:01:59 --> Controller "App\Controllers\base\Beranda" loaded.
INFO - 2024-05-08 17:01:59 --> Controller "App\Controllers\base\Beranda" loaded.
INFO - 2024-05-08 17:01:59 --> Controller "App\Controllers\base\Beranda" loaded.
INFO - 2024-05-08 17:02:00 --> Controller "App\Controllers\base\Beranda" loaded.
INFO - 2024-05-08 17:02:00 --> Controller "App\Controllers\base\Beranda" loaded.
INFO - 2024-05-08 17:02:00 --> Controller "App\Controllers\base\Beranda" loaded.
INFO - 2024-05-08 17:02:00 --> Controller "App\Controllers\base\Beranda" loaded.
INFO - 2024-05-08 17:02:00 --> Controller "App\Controllers\base\Beranda" loaded.
INFO - 2024-05-08 17:02:00 --> Controller "App\Controllers\base\Beranda" loaded.
INFO - 2024-05-08 17:17:34 --> Session: Class initialized using 'CodeIgniter\Session\Handlers\FileHandler' driver.
INFO - 2024-05-08 17:17:34 --> Controller "App\Controllers\base\Order" loaded.
INFO - 2024-05-08 17:17:36 --> Controller "App\Controllers\base\Beranda" loaded.
INFO - 2024-05-08 17:17:50 --> Controller "App\Controllers\base\Beranda" loaded.
INFO - 2024-05-08 17:18:06 --> Controller "App\Controllers\base\Beranda" loaded.
INFO - 2024-05-08 17:18:21 --> Controller "App\Controllers\base\Beranda" loaded.
INFO - 2024-05-08 17:18:35 --> Controller "App\Controllers\base\Beranda" loaded.
INFO - 2024-05-08 17:18:48 --> Controller "App\Controllers\base\Beranda" loaded.
INFO - 2024-05-08 17:19:04 --> Controller "App\Controllers\base\Beranda" loaded.
INFO - 2024-05-08 17:19:18 --> Session: Class initialized using 'CodeIgniter\Session\Handlers\FileHandler' driver.
INFO - 2024-05-08 17:19:18 --> Controller "App\Controllers\base\Dashboard" loaded.
INFO - 2024-05-08 17:19:31 --> Session: Class initialized using 'CodeIgniter\Session\Handlers\FileHandler' driver.
INFO - 2024-05-08 17:19:31 --> Controller "App\Controllers\base\Order" loaded.
INFO - 2024-05-08 17:19:46 --> Session: Class initialized using 'CodeIgniter\Session\Handlers\FileHandler' driver.
INFO - 2024-05-08 17:19:46 --> Controller "App\Controllers\base\Order" loaded.
INFO - 2024-05-08 17:19:59 --> Session: Class initialized using 'CodeIgniter\Session\Handlers\FileHandler' driver.
INFO - 2024-05-08 17:19:59 --> Controller "App\Controllers\base\Order" loaded.
INFO - 2024-05-08 17:20:14 --> Session: Class initialized using 'CodeIgniter\Session\Handlers\FileHandler' driver.
INFO - 2024-05-08 17:20:14 --> Controller "App\Controllers\base\Order" loaded.
INFO - 2024-05-08 17:20:25 --> Session: Class initialized using 'CodeIgniter\Session\Handlers\FileHandler' driver.
INFO - 2024-05-08 17:20:25 --> Controller "App\Controllers\base\Order" loaded.
INFO - 2024-05-08 17:20:38 --> Session: Class initialized using 'CodeIgniter\Session\Handlers\FileHandler' driver.
INFO - 2024-05-08 17:20:38 --> Controller "App\Controllers\base\Order" loaded.
INFO - 2024-05-08 17:20:49 --> Controller "App\Controllers\base\Beranda" loaded.
INFO - 2024-05-08 17:21:01 --> Controller "App\Controllers\base\Beranda" loaded.
INFO - 2024-05-08 17:21:15 --> Controller "App\Controllers\base\Beranda" loaded.
INFO - 2024-05-08 17:21:28 --> Controller "App\Controllers\base\Beranda" loaded.
INFO - 2024-05-08 17:24:45 --> Controller "App\Controllers\base\Beranda" loaded.
INFO - 2024-05-08 17:30:27 --> Controller "App\Controllers\base\Beranda" loaded.
INFO - 2024-05-08 17:40:32 --> Controller "App\Controllers\base\Beranda" loaded.
INFO - 2024-05-08 17:45:30 --> Controller "App\Controllers\base\Beranda" loaded.
INFO - 2024-05-08 17:46:23 --> Controller "App\Controllers\base\Beranda" loaded.
INFO - 2024-05-08 17:46:24 --> Controller "App\Controllers\base\Beranda" loaded.
INFO - 2024-05-08 17:47:22 --> Controller "App\Controllers\base\Beranda" loaded.
INFO - 2024-05-08 17:47:54 --> Controller "App\Controllers\base\Beranda" loaded.
INFO - 2024-05-08 17:48:54 --> Controller "App\Controllers\base\Beranda" loaded.
INFO - 2024-05-08 17:49:13 --> Controller "App\Controllers\base\Beranda" loaded.
INFO - 2024-05-08 17:49:39 --> Controller "App\Controllers\base\Beranda" loaded.
INFO - 2024-05-08 17:50:13 --> Controller "App\Controllers\base\Beranda" loaded.
INFO - 2024-05-08 17:50:14 --> Controller "App\Controllers\base\Beranda" loaded.
INFO - 2024-05-08 17:50:15 --> Controller "App\Controllers\base\Beranda" loaded.
INFO - 2024-05-08 17:50:28 --> Controller "App\Controllers\base\Beranda" loaded.
INFO - 2024-05-08 17:50:41 --> Controller "App\Controllers\base\Beranda" loaded.
INFO - 2024-05-08 17:50:56 --> Controller "App\Controllers\base\Beranda" loaded.
INFO - 2024-05-08 17:51:09 --> Controller "App\Controllers\base\Beranda" loaded.
INFO - 2024-05-08 17:51:21 --> Controller "App\Controllers\base\Beranda" loaded.
INFO - 2024-05-08 17:51:35 --> Session: Class initialized using 'CodeIgniter\Session\Handlers\FileHandler' driver.
INFO - 2024-05-08 17:51:35 --> Controller "App\Controllers\base\Order" loaded.
INFO - 2024-05-08 17:51:47 --> Session: Class initialized using 'CodeIgniter\Session\Handlers\FileHandler' driver.
INFO - 2024-05-08 17:51:47 --> Controller "App\Controllers\base\Order" loaded.
INFO - 2024-05-08 17:52:00 --> Controller "App\Controllers\base\Beranda" loaded.
INFO - 2024-05-08 17:52:14 --> Session: Class initialized using 'CodeIgniter\Session\Handlers\FileHandler' driver.
INFO - 2024-05-08 17:52:14 --> Controller "App\Controllers\base\Order" loaded.
INFO - 2024-05-08 17:52:29 --> Controller "App\Controllers\base\Beranda" loaded.
INFO - 2024-05-08 17:52:46 --> Session: Class initialized using 'CodeIgniter\Session\Handlers\FileHandler' driver.
INFO - 2024-05-08 17:52:46 --> Controller "App\Controllers\base\Order" loaded.
INFO - 2024-05-08 17:52:59 --> Session: Class initialized using 'CodeIgniter\Session\Handlers\FileHandler' driver.
INFO - 2024-05-08 17:52:59 --> Controller "App\Controllers\base\Order" loaded.
INFO - 2024-05-08 17:53:11 --> Session: Class initialized using 'CodeIgniter\Session\Handlers\FileHandler' driver.
INFO - 2024-05-08 17:53:11 --> Controller "App\Controllers\base\Lupa_password" loaded.
INFO - 2024-05-08 17:53:26 --> Controller "App\Controllers\base\Beranda" loaded.
INFO - 2024-05-08 17:53:39 --> Controller "App\Controllers\base\Beranda" loaded.
INFO - 2024-05-08 17:53:53 --> Controller "App\Controllers\base\Beranda" loaded.
INFO - 2024-05-08 17:54:07 --> Controller "App\Controllers\base\Beranda" loaded.
INFO - 2024-05-08 17:54:23 --> Session: Class initialized using 'CodeIgniter\Session\Handlers\FileHandler' driver.
INFO - 2024-05-08 17:54:23 --> Controller "App\Controllers\base\Order" loaded.
INFO - 2024-05-08 18:22:43 --> Controller "App\Controllers\base\Beranda" loaded.
INFO - 2024-05-08 18:22:55 --> Controller "App\Controllers\base\Beranda" loaded.
INFO - 2024-05-08 18:23:08 --> Controller "App\Controllers\base\Beranda" loaded.
INFO - 2024-05-08 18:23:18 --> Controller "App\Controllers\base\Beranda" loaded.
INFO - 2024-05-08 18:23:29 --> Controller "App\Controllers\base\Beranda" loaded.
INFO - 2024-05-08 18:23:41 --> Controller "App\Controllers\base\Beranda" loaded.
INFO - 2024-05-08 18:23:57 --> Controller "App\Controllers\base\Beranda" loaded.
INFO - 2024-05-08 18:24:04 --> Session: Class initialized using 'CodeIgniter\Session\Handlers\FileHandler' driver.
INFO - 2024-05-08 18:24:04 --> Controller "App\Controllers\base\Order" loaded.
INFO - 2024-05-08 18:24:22 --> Session: Class initialized using 'CodeIgniter\Session\Handlers\FileHandler' driver.
INFO - 2024-05-08 18:24:22 --> Controller "App\Controllers\base\Order" loaded.
INFO - 2024-05-08 18:24:43 --> Session: Class initialized using 'CodeIgniter\Session\Handlers\FileHandler' driver.
INFO - 2024-05-08 18:24:43 --> Controller "App\Controllers\base\Order" loaded.
INFO - 2024-05-08 18:24:59 --> Session: Class initialized using 'CodeIgniter\Session\Handlers\FileHandler' driver.
INFO - 2024-05-08 18:24:59 --> Controller "App\Controllers\base\Order" loaded.
INFO - 2024-05-08 18:25:14 --> Session: Class initialized using 'CodeIgniter\Session\Handlers\FileHandler' driver.
INFO - 2024-05-08 18:25:14 --> Controller "App\Controllers\base\Order" loaded.
INFO - 2024-05-08 18:25:24 --> Session: Class initialized using 'CodeIgniter\Session\Handlers\FileHandler' driver.
INFO - 2024-05-08 18:25:24 --> Controller "App\Controllers\base\Order" loaded.
INFO - 2024-05-08 18:25:34 --> Session: Class initialized using 'CodeIgniter\Session\Handlers\FileHandler' driver.
INFO - 2024-05-08 18:25:34 --> Controller "App\Controllers\base\Order" loaded.
INFO - 2024-05-08 18:25:44 --> Session: Class initialized using 'CodeIgniter\Session\Handlers\FileHandler' driver.
INFO - 2024-05-08 18:25:44 --> Controller "App\Controllers\base\Order" loaded.
INFO - 2024-05-08 18:25:54 --> Controller "App\Controllers\base\Beranda" loaded.
INFO - 2024-05-08 18:26:06 --> Controller "App\Controllers\base\Beranda" loaded.
INFO - 2024-05-08 18:30:14 --> Controller "App\Controllers\base\Beranda" loaded.
INFO - 2024-05-08 18:30:58 --> Controller "App\Controllers\base\Beranda" loaded.
INFO - 2024-05-08 18:36:29 --> Controller "App\Controllers\base\Beranda" loaded.
INFO - 2024-05-08 18:46:12 --> Controller "App\Controllers\base\Beranda" loaded.
INFO - 2024-05-08 18:51:44 --> Controller "App\Controllers\base\Beranda" loaded.
INFO - 2024-05-08 19:02:42 --> Controller "App\Controllers\base\Beranda" loaded.
INFO - 2024-05-08 19:10:05 --> Session: Class initialized using 'CodeIgniter\Session\Handlers\FileHandler' driver.
INFO - 2024-05-08 19:10:05 --> Controller "App\Controllers\base\Order" loaded.
INFO - 2024-05-08 19:29:42 --> Controller "App\Controllers\base\Beranda" loaded.
INFO - 2024-05-08 19:30:32 --> Controller "App\Controllers\base\Beranda" loaded.
INFO - 2024-05-08 19:36:43 --> Controller "App\Controllers\base\Beranda" loaded.
INFO - 2024-05-08 19:39:21 --> Controller "App\Controllers\base\Beranda" loaded.
INFO - 2024-05-08 19:39:21 --> Controller "App\Controllers\base\Beranda" loaded.
INFO - 2024-05-08 19:39:22 --> Controller "App\Controllers\base\Beranda" loaded.
INFO - 2024-05-08 19:39:22 --> Controller "App\Controllers\base\Beranda" loaded.
INFO - 2024-05-08 19:39:23 --> Controller "App\Controllers\base\Beranda" loaded.
INFO - 2024-05-08 19:39:23 --> Controller "App\Controllers\base\Beranda" loaded.
INFO - 2024-05-08 19:39:23 --> Controller "App\Controllers\base\Beranda" loaded.
INFO - 2024-05-08 19:39:24 --> Controller "App\Controllers\base\Beranda" loaded.
INFO - 2024-05-08 19:39:24 --> Controller "App\Controllers\base\Beranda" loaded.
INFO - 2024-05-08 19:39:24 --> Controller "App\Controllers\base\Beranda" loaded.
INFO - 2024-05-08 19:39:24 --> Controller "App\Controllers\base\Beranda" loaded.
INFO - 2024-05-08 19:39:25 --> Controller "App\Controllers\base\Beranda" loaded.
INFO - 2024-05-08 19:39:25 --> Controller "App\Controllers\base\Beranda" loaded.
INFO - 2024-05-08 19:39:25 --> Controller "App\Controllers\base\Beranda" loaded.
INFO - 2024-05-08 19:39:26 --> Controller "App\Controllers\base\Beranda" loaded.
INFO - 2024-05-08 19:39:26 --> Controller "App\Controllers\base\Beranda" loaded.
INFO - 2024-05-08 19:39:26 --> Controller "App\Controllers\base\Beranda" loaded.
INFO - 2024-05-08 19:45:01 --> Controller "App\Controllers\base\Beranda" loaded.
INFO - 2024-05-08 19:45:01 --> Controller "App\Controllers\base\Beranda" loaded.
INFO - 2024-05-08 19:45:01 --> Controller "App\Controllers\base\Beranda" loaded.
INFO - 2024-05-08 19:45:01 --> Controller "App\Controllers\base\Beranda" loaded.
INFO - 2024-05-08 19:45:01 --> Controller "App\Controllers\base\Beranda" loaded.
INFO - 2024-05-08 19:45:01 --> Controller "App\Controllers\base\Beranda" loaded.
INFO - 2024-05-08 19:45:01 --> Controller "App\Controllers\base\Beranda" loaded.
INFO - 2024-05-08 19:45:01 --> Controller "App\Controllers\base\Beranda" loaded.
INFO - 2024-05-08 19:45:01 --> Controller "App\Controllers\base\Beranda" loaded.
INFO - 2024-05-08 19:45:01 --> Controller "App\Controllers\base\Beranda" loaded.
INFO - 2024-05-08 19:45:01 --> Controller "App\Controllers\base\Beranda" loaded.
INFO - 2024-05-08 19:45:02 --> Controller "App\Controllers\base\Beranda" loaded.
INFO - 2024-05-08 19:45:02 --> Controller "App\Controllers\base\Beranda" loaded.
INFO - 2024-05-08 19:45:02 --> Controller "App\Controllers\base\Beranda" loaded.
INFO - 2024-05-08 19:45:02 --> Controller "App\Controllers\base\Beranda" loaded.
INFO - 2024-05-08 19:45:02 --> Controller "App\Controllers\base\Beranda" loaded.
INFO - 2024-05-08 19:45:02 --> Controller "App\Controllers\base\Beranda" loaded.
INFO - 2024-05-08 19:45:02 --> Controller "App\Controllers\base\Beranda" loaded.
INFO - 2024-05-08 19:50:14 --> Session: Class initialized using 'CodeIgniter\Session\Handlers\FileHandler' driver.
INFO - 2024-05-08 19:50:14 --> Controller "App\Controllers\base\Order" loaded.
INFO - 2024-05-08 19:52:58 --> Controller "App\Controllers\base\Beranda" loaded.
INFO - 2024-05-08 19:53:28 --> Controller "App\Controllers\base\Beranda" loaded.
INFO - 2024-05-08 20:06:30 --> Controller "App\Controllers\base\Beranda" loaded.
INFO - 2024-05-08 20:08:36 --> Controller "App\Controllers\base\Beranda" loaded.
INFO - 2024-05-08 20:08:36 --> Controller "App\Controllers\base\Beranda" loaded.
INFO - 2024-05-08 20:08:37 --> Controller "App\Controllers\base\Beranda" loaded.
INFO - 2024-05-08 20:08:37 --> Controller "App\Controllers\base\Beranda" loaded.
INFO - 2024-05-08 20:08:38 --> Controller "App\Controllers\base\Beranda" loaded.
INFO - 2024-05-08 20:08:38 --> Controller "App\Controllers\base\Beranda" loaded.
INFO - 2024-05-08 20:08:38 --> Controller "App\Controllers\base\Beranda" loaded.
INFO - 2024-05-08 20:08:38 --> Controller "App\Controllers\base\Beranda" loaded.
INFO - 2024-05-08 20:08:39 --> Controller "App\Controllers\base\Beranda" loaded.
INFO - 2024-05-08 20:08:39 --> Controller "App\Controllers\base\Beranda" loaded.
INFO - 2024-05-08 20:08:39 --> Controller "App\Controllers\base\Beranda" loaded.
INFO - 2024-05-08 20:08:40 --> Controller "App\Controllers\base\Beranda" loaded.
INFO - 2024-05-08 20:08:40 --> Controller "App\Controllers\base\Beranda" loaded.
INFO - 2024-05-08 20:08:40 --> Controller "App\Controllers\base\Beranda" loaded.
INFO - 2024-05-08 20:08:41 --> Controller "App\Controllers\base\Beranda" loaded.
INFO - 2024-05-08 20:08:41 --> Controller "App\Controllers\base\Beranda" loaded.
INFO - 2024-05-08 20:08:41 --> Controller "App\Controllers\base\Beranda" loaded.
INFO - 2024-05-08 20:12:38 --> Controller "App\Controllers\base\Beranda" loaded.
INFO - 2024-05-08 20:12:39 --> Controller "App\Controllers\base\Beranda" loaded.
INFO - 2024-05-08 20:12:39 --> Controller "App\Controllers\base\Beranda" loaded.
INFO - 2024-05-08 20:12:40 --> Controller "App\Controllers\base\Beranda" loaded.
INFO - 2024-05-08 20:12:40 --> Controller "App\Controllers\base\Beranda" loaded.
INFO - 2024-05-08 20:12:40 --> Controller "App\Controllers\base\Beranda" loaded.
INFO - 2024-05-08 20:12:41 --> Controller "App\Controllers\base\Beranda" loaded.
INFO - 2024-05-08 20:12:41 --> Controller "App\Controllers\base\Beranda" loaded.
INFO - 2024-05-08 20:12:41 --> Controller "App\Controllers\base\Beranda" loaded.
INFO - 2024-05-08 20:12:42 --> Controller "App\Controllers\base\Beranda" loaded.
INFO - 2024-05-08 20:12:42 --> Controller "App\Controllers\base\Beranda" loaded.
INFO - 2024-05-08 20:12:42 --> Controller "App\Controllers\base\Beranda" loaded.
INFO - 2024-05-08 20:12:43 --> Controller "App\Controllers\base\Beranda" loaded.
INFO - 2024-05-08 20:12:43 --> Controller "App\Controllers\base\Beranda" loaded.
INFO - 2024-05-08 20:12:43 --> Controller "App\Controllers\base\Beranda" loaded.
INFO - 2024-05-08 20:12:44 --> Controller "App\Controllers\base\Beranda" loaded.
INFO - 2024-05-08 20:12:44 --> Controller "App\Controllers\base\Beranda" loaded.
INFO - 2024-05-08 20:15:03 --> Controller "App\Controllers\base\Beranda" loaded.
INFO - 2024-05-08 20:21:14 --> Controller "App\Controllers\base\Beranda" loaded.
INFO - 2024-05-08 20:21:14 --> Controller "App\Controllers\base\Beranda" loaded.
INFO - 2024-05-08 20:21:14 --> Controller "App\Controllers\base\Beranda" loaded.
INFO - 2024-05-08 20:21:14 --> Controller "App\Controllers\base\Beranda" loaded.
INFO - 2024-05-08 20:21:14 --> Controller "App\Controllers\base\Beranda" loaded.
INFO - 2024-05-08 20:21:14 --> Controller "App\Controllers\base\Beranda" loaded.
INFO - 2024-05-08 20:21:14 --> Controller "App\Controllers\base\Beranda" loaded.
INFO - 2024-05-08 20:21:14 --> Controller "App\Controllers\base\Beranda" loaded.
INFO - 2024-05-08 20:21:15 --> Controller "App\Controllers\base\Beranda" loaded.
INFO - 2024-05-08 20:21:15 --> Controller "App\Controllers\base\Beranda" loaded.
INFO - 2024-05-08 20:21:15 --> Controller "App\Controllers\base\Beranda" loaded.
INFO - 2024-05-08 20:21:15 --> Controller "App\Controllers\base\Beranda" loaded.
INFO - 2024-05-08 20:21:15 --> Controller "App\Controllers\base\Beranda" loaded.
INFO - 2024-05-08 20:21:15 --> Controller "App\Controllers\base\Beranda" loaded.
INFO - 2024-05-08 20:21:15 --> Controller "App\Controllers\base\Beranda" loaded.
INFO - 2024-05-08 20:21:15 --> Controller "App\Controllers\base\Beranda" loaded.
INFO - 2024-05-08 20:21:15 --> Controller "App\Controllers\base\Beranda" loaded.
INFO - 2024-05-08 20:21:15 --> Controller "App\Controllers\base\Beranda" loaded.
INFO - 2024-05-08 20:21:45 --> Controller "App\Controllers\base\Beranda" loaded.
INFO - 2024-05-08 20:21:45 --> Controller "App\Controllers\base\Beranda" loaded.
INFO - 2024-05-08 20:21:45 --> Controller "App\Controllers\base\Beranda" loaded.
INFO - 2024-05-08 20:21:45 --> Controller "App\Controllers\base\Beranda" loaded.
INFO - 2024-05-08 20:21:45 --> Controller "App\Controllers\base\Beranda" loaded.
INFO - 2024-05-08 20:21:45 --> Controller "App\Controllers\base\Beranda" loaded.
INFO - 2024-05-08 20:21:45 --> Controller "App\Controllers\base\Beranda" loaded.
INFO - 2024-05-08 20:21:45 --> Controller "App\Controllers\base\Beranda" loaded.
INFO - 2024-05-08 20:21:45 --> Controller "App\Controllers\base\Beranda" loaded.
INFO - 2024-05-08 20:21:46 --> Controller "App\Controllers\base\Beranda" loaded.
INFO - 2024-05-08 20:21:46 --> Controller "App\Controllers\base\Beranda" loaded.
INFO - 2024-05-08 20:21:46 --> Controller "App\Controllers\base\Beranda" loaded.
INFO - 2024-05-08 20:21:46 --> Controller "App\Controllers\base\Beranda" loaded.
INFO - 2024-05-08 20:21:46 --> Controller "App\Controllers\base\Beranda" loaded.
INFO - 2024-05-08 20:21:46 --> Controller "App\Controllers\base\Beranda" loaded.
INFO - 2024-05-08 20:21:46 --> Controller "App\Controllers\base\Beranda" loaded.
INFO - 2024-05-08 20:21:46 --> Controller "App\Controllers\base\Beranda" loaded.
INFO - 2024-05-08 20:21:46 --> Controller "App\Controllers\base\Beranda" loaded.
INFO - 2024-05-08 20:45:43 --> Session: Class initialized using 'CodeIgniter\Session\Handlers\FileHandler' driver.
INFO - 2024-05-08 20:45:43 --> Controller "App\Controllers\base\Order" loaded.
INFO - 2024-05-08 20:56:35 --> Controller "App\Controllers\base\Beranda" loaded.
INFO - 2024-05-08 21:07:29 --> Controller "App\Controllers\base\Beranda" loaded.
INFO - 2024-05-08 21:10:26 --> Controller "App\Controllers\base\Beranda" loaded.
INFO - 2024-05-08 21:23:47 --> Controller "App\Controllers\base\Beranda" loaded.
INFO - 2024-05-08 21:42:09 --> Controller "App\Controllers\base\Beranda" loaded.
INFO - 2024-05-08 22:04:45 --> Controller "App\Controllers\base\Beranda" loaded.
INFO - 2024-05-08 22:15:45 --> Session: Class initialized using 'CodeIgniter\Session\Handlers\FileHandler' driver.
INFO - 2024-05-08 22:15:45 --> Controller "App\Controllers\base\Order" loaded.
INFO - 2024-05-08 22:42:48 --> Controller "App\Controllers\base\Beranda" loaded.
INFO - 2024-05-08 23:15:32 --> Controller "App\Controllers\base\Beranda" loaded.
INFO - 2024-05-08 23:25:59 --> Controller "App\Controllers\base\Beranda" loaded.
