INFO - 2024-05-13 00:17:57 --> Controller "App\Controllers\base\Beranda" loaded.
INFO - 2024-05-13 00:17:57 --> Controller "App\Controllers\base\Beranda" loaded.
INFO - 2024-05-13 00:17:57 --> Controller "App\Controllers\base\Beranda" loaded.
INFO - 2024-05-13 00:17:57 --> Controller "App\Controllers\base\Beranda" loaded.
INFO - 2024-05-13 00:17:58 --> Controller "App\Controllers\base\Beranda" loaded.
INFO - 2024-05-13 00:17:58 --> Controller "App\Controllers\base\Beranda" loaded.
INFO - 2024-05-13 00:17:58 --> Controller "App\Controllers\base\Beranda" loaded.
INFO - 2024-05-13 00:17:58 --> Controller "App\Controllers\base\Beranda" loaded.
INFO - 2024-05-13 00:17:58 --> Controller "App\Controllers\base\Beranda" loaded.
INFO - 2024-05-13 00:17:58 --> Controller "App\Controllers\base\Beranda" loaded.
INFO - 2024-05-13 00:17:59 --> Controller "App\Controllers\base\Beranda" loaded.
INFO - 2024-05-13 00:17:59 --> Controller "App\Controllers\base\Beranda" loaded.
INFO - 2024-05-13 00:17:59 --> Controller "App\Controllers\base\Beranda" loaded.
INFO - 2024-05-13 00:17:59 --> Controller "App\Controllers\base\Beranda" loaded.
INFO - 2024-05-13 00:17:59 --> Controller "App\Controllers\base\Beranda" loaded.
INFO - 2024-05-13 00:17:59 --> Controller "App\Controllers\base\Beranda" loaded.
INFO - 2024-05-13 00:17:59 --> Controller "App\Controllers\base\Beranda" loaded.
INFO - 2024-05-13 00:17:59 --> Controller "App\Controllers\base\Beranda" loaded.
INFO - 2024-05-13 00:17:59 --> Controller "App\Controllers\base\Beranda" loaded.
INFO - 2024-05-13 00:18:00 --> Controller "App\Controllers\base\Beranda" loaded.
INFO - 2024-05-13 00:18:00 --> Controller "App\Controllers\base\Beranda" loaded.
INFO - 2024-05-13 00:18:00 --> Controller "App\Controllers\base\Beranda" loaded.
INFO - 2024-05-13 00:18:00 --> Controller "App\Controllers\base\Beranda" loaded.
INFO - 2024-05-13 00:18:00 --> Controller "App\Controllers\base\Beranda" loaded.
INFO - 2024-05-13 00:18:00 --> Controller "App\Controllers\base\Beranda" loaded.
INFO - 2024-05-13 00:18:01 --> Controller "App\Controllers\base\Beranda" loaded.
INFO - 2024-05-13 00:18:01 --> Controller "App\Controllers\base\Beranda" loaded.
INFO - 2024-05-13 00:18:01 --> Controller "App\Controllers\base\Beranda" loaded.
INFO - 2024-05-13 00:18:01 --> Controller "App\Controllers\base\Beranda" loaded.
INFO - 2024-05-13 00:18:01 --> Controller "App\Controllers\base\Beranda" loaded.
INFO - 2024-05-13 00:18:01 --> Controller "App\Controllers\base\Beranda" loaded.
INFO - 2024-05-13 00:18:01 --> Controller "App\Controllers\base\Beranda" loaded.
INFO - 2024-05-13 00:18:01 --> Controller "App\Controllers\base\Beranda" loaded.
INFO - 2024-05-13 00:18:02 --> Controller "App\Controllers\base\Beranda" loaded.
INFO - 2024-05-13 00:18:02 --> Controller "App\Controllers\base\Beranda" loaded.
INFO - 2024-05-13 00:18:02 --> Controller "App\Controllers\base\Beranda" loaded.
INFO - 2024-05-13 00:18:02 --> Controller "App\Controllers\base\Beranda" loaded.
INFO - 2024-05-13 00:18:02 --> Controller "App\Controllers\base\Beranda" loaded.
INFO - 2024-05-13 00:18:02 --> Controller "App\Controllers\base\Beranda" loaded.
INFO - 2024-05-13 00:18:02 --> Controller "App\Controllers\base\Beranda" loaded.
INFO - 2024-05-13 00:18:02 --> Controller "App\Controllers\base\Beranda" loaded.
INFO - 2024-05-13 00:18:03 --> Controller "App\Controllers\base\Beranda" loaded.
INFO - 2024-05-13 00:18:03 --> Controller "App\Controllers\base\Beranda" loaded.
INFO - 2024-05-13 00:18:03 --> Controller "App\Controllers\base\Beranda" loaded.
INFO - 2024-05-13 00:18:03 --> Controller "App\Controllers\base\Beranda" loaded.
INFO - 2024-05-13 00:18:03 --> Controller "App\Controllers\base\Beranda" loaded.
INFO - 2024-05-13 00:18:04 --> Controller "App\Controllers\base\Beranda" loaded.
INFO - 2024-05-13 00:18:04 --> Controller "App\Controllers\base\Beranda" loaded.
INFO - 2024-05-13 00:18:04 --> Controller "App\Controllers\base\Beranda" loaded.
INFO - 2024-05-13 00:18:04 --> Controller "App\Controllers\base\Beranda" loaded.
INFO - 2024-05-13 00:18:05 --> Controller "App\Controllers\base\Beranda" loaded.
INFO - 2024-05-13 00:18:05 --> Controller "App\Controllers\base\Beranda" loaded.
INFO - 2024-05-13 00:18:05 --> Controller "App\Controllers\base\Beranda" loaded.
INFO - 2024-05-13 00:18:05 --> Controller "App\Controllers\base\Beranda" loaded.
INFO - 2024-05-13 00:18:05 --> Controller "App\Controllers\base\Beranda" loaded.
INFO - 2024-05-13 00:18:05 --> Controller "App\Controllers\base\Beranda" loaded.
INFO - 2024-05-13 00:18:06 --> Controller "App\Controllers\base\Beranda" loaded.
INFO - 2024-05-13 00:18:06 --> Controller "App\Controllers\base\Beranda" loaded.
INFO - 2024-05-13 00:18:06 --> Controller "App\Controllers\base\Beranda" loaded.
INFO - 2024-05-13 00:18:07 --> Controller "App\Controllers\base\Beranda" loaded.
INFO - 2024-05-13 00:18:07 --> Controller "App\Controllers\base\Beranda" loaded.
INFO - 2024-05-13 00:18:08 --> Controller "App\Controllers\base\Beranda" loaded.
INFO - 2024-05-13 00:18:08 --> Controller "App\Controllers\base\Beranda" loaded.
INFO - 2024-05-13 00:18:09 --> Controller "App\Controllers\base\Beranda" loaded.
INFO - 2024-05-13 00:18:10 --> Controller "App\Controllers\base\Beranda" loaded.
INFO - 2024-05-13 00:18:10 --> Controller "App\Controllers\base\Beranda" loaded.
INFO - 2024-05-13 00:18:11 --> Controller "App\Controllers\base\Beranda" loaded.
INFO - 2024-05-13 00:18:12 --> Controller "App\Controllers\base\Beranda" loaded.
INFO - 2024-05-13 00:24:21 --> Controller "App\Controllers\base\Beranda" loaded.
INFO - 2024-05-13 00:41:44 --> Controller "App\Controllers\base\Beranda" loaded.
INFO - 2024-05-13 00:41:44 --> Controller "App\Controllers\base\Beranda" loaded.
INFO - 2024-05-13 00:41:45 --> Controller "App\Controllers\base\Beranda" loaded.
INFO - 2024-05-13 00:41:47 --> Controller "App\Controllers\base\Beranda" loaded.
INFO - 2024-05-13 01:04:22 --> Controller "App\Controllers\base\Beranda" loaded.
INFO - 2024-05-13 01:46:36 --> Controller "App\Controllers\base\Beranda" loaded.
INFO - 2024-05-13 02:48:36 --> Controller "App\Controllers\base\Beranda" loaded.
INFO - 2024-05-13 03:24:06 --> Controller "App\Controllers\base\Beranda" loaded.
INFO - 2024-05-13 03:25:00 --> Session: Class initialized using 'CodeIgniter\Session\Handlers\FileHandler' driver.
INFO - 2024-05-13 03:25:00 --> Controller "App\Controllers\base\Order" loaded.
INFO - 2024-05-13 03:25:04 --> Controller "App\Controllers\base\Beranda" loaded.
INFO - 2024-05-13 03:25:08 --> Session: Class initialized using 'CodeIgniter\Session\Handlers\FileHandler' driver.
INFO - 2024-05-13 03:25:08 --> Controller "App\Controllers\base\Order" loaded.
INFO - 2024-05-13 03:25:12 --> Controller "App\Controllers\base\Beranda" loaded.
INFO - 2024-05-13 03:25:16 --> Controller "App\Controllers\base\Beranda" loaded.
INFO - 2024-05-13 03:25:20 --> Controller "App\Controllers\base\Beranda" loaded.
INFO - 2024-05-13 03:25:24 --> Session: Class initialized using 'CodeIgniter\Session\Handlers\FileHandler' driver.
INFO - 2024-05-13 03:25:24 --> Controller "App\Controllers\base\Order" loaded.
INFO - 2024-05-13 03:25:27 --> Session: Class initialized using 'CodeIgniter\Session\Handlers\FileHandler' driver.
INFO - 2024-05-13 03:25:27 --> Controller "App\Controllers\base\Order" loaded.
INFO - 2024-05-13 03:25:32 --> Controller "App\Controllers\base\Beranda" loaded.
INFO - 2024-05-13 03:25:35 --> Session: Class initialized using 'CodeIgniter\Session\Handlers\FileHandler' driver.
INFO - 2024-05-13 03:25:35 --> Controller "App\Controllers\base\Order" loaded.
INFO - 2024-05-13 03:25:40 --> Controller "App\Controllers\base\Beranda" loaded.
INFO - 2024-05-13 03:25:44 --> Controller "App\Controllers\base\Beranda" loaded.
INFO - 2024-05-13 03:25:47 --> Controller "App\Controllers\base\Beranda" loaded.
INFO - 2024-05-13 03:25:51 --> Session: Class initialized using 'CodeIgniter\Session\Handlers\FileHandler' driver.
INFO - 2024-05-13 03:25:51 --> Controller "App\Controllers\base\Order" loaded.
INFO - 2024-05-13 03:25:56 --> Session: Class initialized using 'CodeIgniter\Session\Handlers\FileHandler' driver.
INFO - 2024-05-13 03:25:56 --> Controller "App\Controllers\base\Dashboard" loaded.
INFO - 2024-05-13 03:26:00 --> Session: Class initialized using 'CodeIgniter\Session\Handlers\FileHandler' driver.
INFO - 2024-05-13 03:26:00 --> Controller "App\Controllers\base\Order" loaded.
INFO - 2024-05-13 03:26:03 --> Session: Class initialized using 'CodeIgniter\Session\Handlers\FileHandler' driver.
INFO - 2024-05-13 03:26:03 --> Controller "App\Controllers\base\Order" loaded.
INFO - 2024-05-13 03:26:08 --> Session: Class initialized using 'CodeIgniter\Session\Handlers\FileHandler' driver.
INFO - 2024-05-13 03:26:08 --> Controller "App\Controllers\base\Order" loaded.
INFO - 2024-05-13 03:26:11 --> Controller "App\Controllers\base\Beranda" loaded.
INFO - 2024-05-13 03:26:16 --> Controller "App\Controllers\base\Beranda" loaded.
INFO - 2024-05-13 03:26:19 --> Controller "App\Controllers\base\Beranda" loaded.
INFO - 2024-05-13 03:26:23 --> Controller "App\Controllers\base\Beranda" loaded.
INFO - 2024-05-13 03:26:28 --> Session: Class initialized using 'CodeIgniter\Session\Handlers\FileHandler' driver.
INFO - 2024-05-13 03:26:28 --> Controller "App\Controllers\base\Order" loaded.
INFO - 2024-05-13 03:26:32 --> Session: Class initialized using 'CodeIgniter\Session\Handlers\FileHandler' driver.
INFO - 2024-05-13 03:26:32 --> Controller "App\Controllers\base\Order" loaded.
INFO - 2024-05-13 03:26:35 --> Session: Class initialized using 'CodeIgniter\Session\Handlers\FileHandler' driver.
INFO - 2024-05-13 03:26:35 --> Controller "App\Controllers\base\Order" loaded.
INFO - 2024-05-13 03:26:39 --> Session: Class initialized using 'CodeIgniter\Session\Handlers\FileHandler' driver.
INFO - 2024-05-13 03:26:39 --> Controller "App\Controllers\base\Order" loaded.
INFO - 2024-05-13 03:26:43 --> Controller "App\Controllers\base\Beranda" loaded.
INFO - 2024-05-13 03:26:47 --> Controller "App\Controllers\base\Beranda" loaded.
INFO - 2024-05-13 03:26:52 --> Session: Class initialized using 'CodeIgniter\Session\Handlers\FileHandler' driver.
INFO - 2024-05-13 03:26:52 --> Controller "App\Controllers\base\Lupa_password" loaded.
INFO - 2024-05-13 03:35:50 --> Controller "App\Controllers\base\Beranda" loaded.
INFO - 2024-05-13 03:35:53 --> Controller "App\Controllers\base\Beranda" loaded.
INFO - 2024-05-13 03:35:53 --> Controller "App\Controllers\base\Beranda" loaded.
INFO - 2024-05-13 03:35:56 --> Controller "App\Controllers\base\Beranda" loaded.
INFO - 2024-05-13 03:35:56 --> Controller "App\Controllers\base\Beranda" loaded.
INFO - 2024-05-13 03:35:57 --> Controller "App\Controllers\base\Beranda" loaded.
INFO - 2024-05-13 03:35:58 --> Controller "App\Controllers\base\Beranda" loaded.
INFO - 2024-05-13 03:36:00 --> Controller "App\Controllers\base\Beranda" loaded.
INFO - 2024-05-13 03:37:30 --> Controller "App\Controllers\base\Beranda" loaded.
INFO - 2024-05-13 03:37:31 --> Controller "App\Controllers\base\Beranda" loaded.
INFO - 2024-05-13 03:37:31 --> Controller "App\Controllers\base\Beranda" loaded.
INFO - 2024-05-13 03:37:31 --> Controller "App\Controllers\base\Beranda" loaded.
INFO - 2024-05-13 03:37:32 --> Controller "App\Controllers\base\Beranda" loaded.
INFO - 2024-05-13 03:37:32 --> Controller "App\Controllers\base\Beranda" loaded.
INFO - 2024-05-13 03:37:32 --> Controller "App\Controllers\base\Beranda" loaded.
INFO - 2024-05-13 03:37:32 --> Controller "App\Controllers\base\Beranda" loaded.
INFO - 2024-05-13 03:37:33 --> Controller "App\Controllers\base\Beranda" loaded.
INFO - 2024-05-13 03:37:33 --> Controller "App\Controllers\base\Beranda" loaded.
INFO - 2024-05-13 03:37:33 --> Controller "App\Controllers\base\Beranda" loaded.
INFO - 2024-05-13 03:37:34 --> Controller "App\Controllers\base\Beranda" loaded.
INFO - 2024-05-13 03:37:34 --> Controller "App\Controllers\base\Beranda" loaded.
INFO - 2024-05-13 03:37:34 --> Controller "App\Controllers\base\Beranda" loaded.
INFO - 2024-05-13 03:37:34 --> Controller "App\Controllers\base\Beranda" loaded.
INFO - 2024-05-13 03:37:35 --> Controller "App\Controllers\base\Beranda" loaded.
INFO - 2024-05-13 03:37:35 --> Controller "App\Controllers\base\Beranda" loaded.
INFO - 2024-05-13 04:01:23 --> Controller "App\Controllers\base\Beranda" loaded.
INFO - 2024-05-13 04:05:25 --> Controller "App\Controllers\base\Beranda" loaded.
INFO - 2024-05-13 04:08:05 --> Controller "App\Controllers\base\Beranda" loaded.
INFO - 2024-05-13 04:14:03 --> Controller "App\Controllers\base\Beranda" loaded.
INFO - 2024-05-13 04:14:14 --> Controller "App\Controllers\base\Beranda" loaded.
INFO - 2024-05-13 04:14:16 --> Session: Class initialized using 'CodeIgniter\Session\Handlers\FileHandler' driver.
INFO - 2024-05-13 04:14:16 --> Session: Class initialized using 'CodeIgniter\Session\Handlers\FileHandler' driver.
INFO - 2024-05-13 04:14:16 --> Controller "App\Controllers\base\Order" loaded.
INFO - 2024-05-13 04:14:16 --> Controller "App\Controllers\base\Beranda" loaded.
INFO - 2024-05-13 04:14:16 --> Controller "App\Controllers\base\Dashboard" loaded.
INFO - 2024-05-13 04:14:17 --> Session: Class initialized using 'CodeIgniter\Session\Handlers\FileHandler' driver.
INFO - 2024-05-13 04:14:17 --> Controller "App\Controllers\base\Beranda" loaded.
INFO - 2024-05-13 04:14:17 --> Controller "App\Controllers\base\Order" loaded.
INFO - 2024-05-13 04:14:17 --> Controller "App\Controllers\base\Beranda" loaded.
INFO - 2024-05-13 04:14:17 --> Controller "App\Controllers\base\Beranda" loaded.
INFO - 2024-05-13 04:14:17 --> Controller "App\Controllers\base\Beranda" loaded.
INFO - 2024-05-13 04:14:17 --> Session: Class initialized using 'CodeIgniter\Session\Handlers\FileHandler' driver.
INFO - 2024-05-13 04:14:17 --> Controller "App\Controllers\base\Order" loaded.
INFO - 2024-05-13 04:14:17 --> Session: Class initialized using 'CodeIgniter\Session\Handlers\FileHandler' driver.
INFO - 2024-05-13 04:14:17 --> Controller "App\Controllers\base\Order" loaded.
INFO - 2024-05-13 04:14:17 --> Session: Class initialized using 'CodeIgniter\Session\Handlers\FileHandler' driver.
INFO - 2024-05-13 04:14:17 --> Controller "App\Controllers\base\Beranda" loaded.
INFO - 2024-05-13 04:14:17 --> Controller "App\Controllers\base\Order" loaded.
INFO - 2024-05-13 04:14:18 --> Session: Class initialized using 'CodeIgniter\Session\Handlers\FileHandler' driver.
INFO - 2024-05-13 04:14:18 --> Controller "App\Controllers\base\Order" loaded.
INFO - 2024-05-13 04:14:18 --> Controller "App\Controllers\base\Beranda" loaded.
INFO - 2024-05-13 04:14:18 --> Controller "App\Controllers\base\Beranda" loaded.
INFO - 2024-05-13 04:14:18 --> Controller "App\Controllers\base\Beranda" loaded.
INFO - 2024-05-13 04:14:18 --> Session: Class initialized using 'CodeIgniter\Session\Handlers\FileHandler' driver.
INFO - 2024-05-13 04:14:18 --> Controller "App\Controllers\base\Order" loaded.
INFO - 2024-05-13 04:14:18 --> Controller "App\Controllers\base\Beranda" loaded.
INFO - 2024-05-13 04:14:18 --> Controller "App\Controllers\base\Beranda" loaded.
INFO - 2024-05-13 04:14:18 --> Session: Class initialized using 'CodeIgniter\Session\Handlers\FileHandler' driver.
INFO - 2024-05-13 04:14:18 --> Controller "App\Controllers\base\Lupa_password" loaded.
INFO - 2024-05-13 04:14:20 --> Controller "App\Controllers\base\Beranda" loaded.
INFO - 2024-05-13 04:14:20 --> Session: Class initialized using 'CodeIgniter\Session\Handlers\FileHandler' driver.
INFO - 2024-05-13 04:14:20 --> Controller "App\Controllers\base\Order" loaded.
INFO - 2024-05-13 04:14:20 --> Controller "App\Controllers\base\Beranda" loaded.
INFO - 2024-05-13 04:14:20 --> Session: Class initialized using 'CodeIgniter\Session\Handlers\FileHandler' driver.
INFO - 2024-05-13 04:14:20 --> Controller "App\Controllers\base\Order" loaded.
INFO - 2024-05-13 04:14:20 --> Controller "App\Controllers\base\Beranda" loaded.
INFO - 2024-05-13 04:14:20 --> Session: Class initialized using 'CodeIgniter\Session\Handlers\FileHandler' driver.
INFO - 2024-05-13 04:14:20 --> Controller "App\Controllers\base\Beranda" loaded.
INFO - 2024-05-13 04:14:20 --> Session: Class initialized using 'CodeIgniter\Session\Handlers\FileHandler' driver.
INFO - 2024-05-13 04:14:20 --> Controller "App\Controllers\base\Order" loaded.
INFO - 2024-05-13 04:14:20 --> Controller "App\Controllers\base\Order" loaded.
INFO - 2024-05-13 04:14:20 --> Controller "App\Controllers\base\Beranda" loaded.
INFO - 2024-05-13 04:14:20 --> Session: Class initialized using 'CodeIgniter\Session\Handlers\FileHandler' driver.
INFO - 2024-05-13 04:14:20 --> Controller "App\Controllers\base\Order" loaded.
INFO - 2024-05-13 04:14:20 --> Controller "App\Controllers\base\Beranda" loaded.
INFO - 2024-05-13 04:14:20 --> Controller "App\Controllers\base\Beranda" loaded.
INFO - 2024-05-13 04:14:20 --> Session: Class initialized using 'CodeIgniter\Session\Handlers\FileHandler' driver.
INFO - 2024-05-13 04:14:20 --> Controller "App\Controllers\base\Beranda" loaded.
INFO - 2024-05-13 04:14:20 --> Controller "App\Controllers\base\Order" loaded.
INFO - 2024-05-13 04:14:20 --> Controller "App\Controllers\base\Beranda" loaded.
INFO - 2024-05-13 04:14:20 --> Controller "App\Controllers\base\Beranda" loaded.
INFO - 2024-05-13 04:14:20 --> Controller "App\Controllers\base\Beranda" loaded.
INFO - 2024-05-13 04:14:20 --> Controller "App\Controllers\base\Beranda" loaded.
INFO - 2024-05-13 04:14:20 --> Controller "App\Controllers\base\Beranda" loaded.
INFO - 2024-05-13 04:14:20 --> Controller "App\Controllers\base\Beranda" loaded.
INFO - 2024-05-13 04:14:20 --> Controller "App\Controllers\base\Beranda" loaded.
INFO - 2024-05-13 04:14:20 --> Controller "App\Controllers\base\Beranda" loaded.
INFO - 2024-05-13 04:14:21 --> Controller "App\Controllers\base\Beranda" loaded.
INFO - 2024-05-13 04:14:22 --> Session: Class initialized using 'CodeIgniter\Session\Handlers\FileHandler' driver.
INFO - 2024-05-13 04:14:22 --> Controller "App\Controllers\base\Beranda" loaded.
INFO - 2024-05-13 04:14:22 --> Controller "App\Controllers\base\Order" loaded.
INFO - 2024-05-13 04:14:22 --> Session: Class initialized using 'CodeIgniter\Session\Handlers\FileHandler' driver.
INFO - 2024-05-13 04:14:22 --> Controller "App\Controllers\base\Order" loaded.
INFO - 2024-05-13 04:14:22 --> Controller "App\Controllers\base\Beranda" loaded.
INFO - 2024-05-13 04:14:22 --> Controller "App\Controllers\base\Beranda" loaded.
INFO - 2024-05-13 04:14:22 --> Controller "App\Controllers\base\Beranda" loaded.
INFO - 2024-05-13 04:14:22 --> Session: Class initialized using 'CodeIgniter\Session\Handlers\FileHandler' driver.
INFO - 2024-05-13 04:14:22 --> Controller "App\Controllers\base\Beranda" loaded.
INFO - 2024-05-13 04:14:22 --> Session: Class initialized using 'CodeIgniter\Session\Handlers\FileHandler' driver.
INFO - 2024-05-13 04:14:22 --> Controller "App\Controllers\base\Order" loaded.
INFO - 2024-05-13 04:14:22 --> Controller "App\Controllers\base\Order" loaded.
INFO - 2024-05-13 04:14:22 --> Session: Class initialized using 'CodeIgniter\Session\Handlers\FileHandler' driver.
INFO - 2024-05-13 04:14:22 --> Session: Class initialized using 'CodeIgniter\Session\Handlers\FileHandler' driver.
INFO - 2024-05-13 04:14:22 --> Controller "App\Controllers\base\Order" loaded.
INFO - 2024-05-13 04:14:22 --> Controller "App\Controllers\base\Order" loaded.
INFO - 2024-05-13 04:14:22 --> Controller "App\Controllers\base\Beranda" loaded.
INFO - 2024-05-13 04:14:22 --> Controller "App\Controllers\base\Beranda" loaded.
INFO - 2024-05-13 04:14:22 --> Session: Class initialized using 'CodeIgniter\Session\Handlers\FileHandler' driver.
INFO - 2024-05-13 04:14:22 --> Controller "App\Controllers\base\Order" loaded.
INFO - 2024-05-13 04:14:22 --> Session: Class initialized using 'CodeIgniter\Session\Handlers\FileHandler' driver.
INFO - 2024-05-13 04:14:22 --> Controller "App\Controllers\base\Beranda" loaded.
INFO - 2024-05-13 04:14:22 --> Controller "App\Controllers\base\Order" loaded.
INFO - 2024-05-13 04:14:23 --> Controller "App\Controllers\base\Beranda" loaded.
INFO - 2024-05-13 04:14:24 --> Controller "App\Controllers\base\Beranda" loaded.
INFO - 2024-05-13 04:26:48 --> Controller "App\Controllers\base\Beranda" loaded.
INFO - 2024-05-13 05:10:08 --> Controller "App\Controllers\base\Beranda" loaded.
INFO - 2024-05-13 05:11:57 --> Controller "App\Controllers\base\Beranda" loaded.
INFO - 2024-05-13 05:21:20 --> Controller "App\Controllers\base\Beranda" loaded.
INFO - 2024-05-13 05:21:42 --> Controller "App\Controllers\base\Beranda" loaded.
INFO - 2024-05-13 05:21:50 --> Controller "App\Controllers\base\Beranda" loaded.
INFO - 2024-05-13 05:39:27 --> Controller "App\Controllers\base\Beranda" loaded.
INFO - 2024-05-13 06:13:46 --> Controller "App\Controllers\base\Beranda" loaded.
INFO - 2024-05-13 06:14:05 --> Controller "App\Controllers\base\Beranda" loaded.
INFO - 2024-05-13 06:14:05 --> Controller "App\Controllers\base\Beranda" loaded.
INFO - 2024-05-13 06:14:05 --> Controller "App\Controllers\base\Beranda" loaded.
INFO - 2024-05-13 06:14:05 --> Controller "App\Controllers\base\Beranda" loaded.
INFO - 2024-05-13 06:14:05 --> Controller "App\Controllers\base\Beranda" loaded.
INFO - 2024-05-13 06:14:06 --> Controller "App\Controllers\base\Beranda" loaded.
INFO - 2024-05-13 06:14:07 --> Controller "App\Controllers\base\Beranda" loaded.
INFO - 2024-05-13 07:09:21 --> Controller "App\Controllers\base\Beranda" loaded.
INFO - 2024-05-13 07:09:21 --> Controller "App\Controllers\base\Beranda" loaded.
INFO - 2024-05-13 07:09:25 --> Controller "App\Controllers\base\Beranda" loaded.
INFO - 2024-05-13 07:09:25 --> Controller "App\Controllers\base\Beranda" loaded.
INFO - 2024-05-13 07:12:00 --> Controller "App\Controllers\base\Beranda" loaded.
INFO - 2024-05-13 07:12:13 --> Controller "App\Controllers\base\Beranda" loaded.
INFO - 2024-05-13 07:12:13 --> Controller "App\Controllers\base\Beranda" loaded.
INFO - 2024-05-13 07:12:13 --> Controller "App\Controllers\base\Beranda" loaded.
INFO - 2024-05-13 07:12:13 --> Controller "App\Controllers\base\Beranda" loaded.
INFO - 2024-05-13 07:12:14 --> Controller "App\Controllers\base\Beranda" loaded.
INFO - 2024-05-13 07:12:15 --> Controller "App\Controllers\base\Beranda" loaded.
INFO - 2024-05-13 07:12:16 --> Controller "App\Controllers\base\Beranda" loaded.
INFO - 2024-05-13 07:27:19 --> Session: Class initialized using 'CodeIgniter\Session\Handlers\FileHandler' driver.
INFO - 2024-05-13 07:27:19 --> Controller "App\Controllers\undangan\Undangan" loaded.
INFO - 2024-05-13 07:45:04 --> Controller "App\Controllers\base\Beranda" loaded.
INFO - 2024-05-13 07:46:25 --> Controller "App\Controllers\base\Beranda" loaded.
INFO - 2024-05-13 07:50:30 --> Controller "App\Controllers\base\Beranda" loaded.
INFO - 2024-05-13 07:51:50 --> Controller "App\Controllers\base\Beranda" loaded.
INFO - 2024-05-13 07:52:22 --> Controller "App\Controllers\base\Beranda" loaded.
INFO - 2024-05-13 08:02:41 --> Controller "App\Controllers\base\Beranda" loaded.
INFO - 2024-05-13 08:25:09 --> Controller "App\Controllers\base\Beranda" loaded.
INFO - 2024-05-13 08:39:56 --> Controller "App\Controllers\base\Beranda" loaded.
INFO - 2024-05-13 08:43:10 --> Session: Class initialized using 'CodeIgniter\Session\Handlers\FileHandler' driver.
INFO - 2024-05-13 08:43:10 --> Controller "App\Controllers\undangan\Undangan" loaded.
INFO - 2024-05-13 08:47:58 --> Controller "App\Controllers\base\Beranda" loaded.
INFO - 2024-05-13 08:47:58 --> Controller "App\Controllers\base\Beranda" loaded.
INFO - 2024-05-13 08:57:16 --> Controller "App\Controllers\base\Beranda" loaded.
INFO - 2024-05-13 09:00:44 --> Controller "App\Controllers\base\Beranda" loaded.
INFO - 2024-05-13 09:04:48 --> Controller "App\Controllers\base\Beranda" loaded.
INFO - 2024-05-13 09:11:39 --> Controller "App\Controllers\base\Beranda" loaded.
INFO - 2024-05-13 09:15:46 --> Controller "App\Controllers\base\Beranda" loaded.
INFO - 2024-05-13 09:18:47 --> Controller "App\Controllers\base\Beranda" loaded.
INFO - 2024-05-13 09:26:14 --> Controller "App\Controllers\base\Beranda" loaded.
INFO - 2024-05-13 09:39:52 --> Controller "App\Controllers\base\Beranda" loaded.
INFO - 2024-05-13 09:39:53 --> Controller "App\Controllers\base\Beranda" loaded.
INFO - 2024-05-13 09:39:54 --> Controller "App\Controllers\base\Beranda" loaded.
INFO - 2024-05-13 09:39:55 --> Controller "App\Controllers\base\Beranda" loaded.
INFO - 2024-05-13 09:39:56 --> Controller "App\Controllers\base\Beranda" loaded.
INFO - 2024-05-13 09:41:18 --> Controller "App\Controllers\base\Beranda" loaded.
INFO - 2024-05-13 09:46:48 --> Controller "App\Controllers\base\Beranda" loaded.
INFO - 2024-05-13 09:53:10 --> Controller "App\Controllers\base\Beranda" loaded.
INFO - 2024-05-13 09:55:54 --> Session: Class initialized using 'CodeIgniter\Session\Handlers\FileHandler' driver.
INFO - 2024-05-13 09:55:54 --> Controller "App\Controllers\base\Order" loaded.
INFO - 2024-05-13 10:06:41 --> Controller "App\Controllers\base\Beranda" loaded.
INFO - 2024-05-13 10:10:19 --> Controller "App\Controllers\base\Beranda" loaded.
INFO - 2024-05-13 10:10:23 --> Session: Class initialized using 'CodeIgniter\Session\Handlers\FileHandler' driver.
INFO - 2024-05-13 10:10:23 --> Controller "App\Controllers\base\Order" loaded.
INFO - 2024-05-13 10:12:13 --> Controller "App\Controllers\base\Beranda" loaded.
INFO - 2024-05-13 10:13:42 --> Controller "App\Controllers\base\Beranda" loaded.
INFO - 2024-05-13 10:20:48 --> Controller "App\Controllers\base\Beranda" loaded.
INFO - 2024-05-13 10:20:50 --> Session: Class initialized using 'CodeIgniter\Session\Handlers\FileHandler' driver.
INFO - 2024-05-13 10:20:50 --> Controller "App\Controllers\base\Dashboard" loaded.
INFO - 2024-05-13 10:20:58 --> Session: Class initialized using 'CodeIgniter\Session\Handlers\FileHandler' driver.
INFO - 2024-05-13 10:20:58 --> Controller "App\Controllers\base\Dashboard" loaded.
INFO - 2024-05-13 10:20:58 --> Session: Class initialized using 'CodeIgniter\Session\Handlers\FileHandler' driver.
INFO - 2024-05-13 10:20:58 --> Controller "App\Controllers\base\Dashboard" loaded.
INFO - 2024-05-13 10:20:59 --> Session: Class initialized using 'CodeIgniter\Session\Handlers\FileHandler' driver.
INFO - 2024-05-13 10:20:59 --> Controller "App\Controllers\base\Dashboard" loaded.
INFO - 2024-05-13 10:21:00 --> Session: Class initialized using 'CodeIgniter\Session\Handlers\FileHandler' driver.
INFO - 2024-05-13 10:21:00 --> Controller "App\Controllers\base\Dashboard" loaded.
INFO - 2024-05-13 10:21:02 --> Session: Class initialized using 'CodeIgniter\Session\Handlers\FileHandler' driver.
INFO - 2024-05-13 10:21:02 --> Controller "App\Controllers\base\Dashboard" loaded.
INFO - 2024-05-13 10:21:02 --> Session: Class initialized using 'CodeIgniter\Session\Handlers\FileHandler' driver.
INFO - 2024-05-13 10:21:02 --> Controller "App\Controllers\base\Dashboard" loaded.
INFO - 2024-05-13 10:21:04 --> Session: Class initialized using 'CodeIgniter\Session\Handlers\FileHandler' driver.
INFO - 2024-05-13 10:21:04 --> Controller "App\Controllers\base\Dashboard" loaded.
INFO - 2024-05-13 10:21:15 --> Controller "App\Controllers\base\Beranda" loaded.
INFO - 2024-05-13 10:21:37 --> Session: Class initialized using 'CodeIgniter\Session\Handlers\FileHandler' driver.
INFO - 2024-05-13 10:21:37 --> Controller "App\Controllers\base\Dashboard" loaded.
INFO - 2024-05-13 10:21:40 --> Session: Class initialized using 'CodeIgniter\Session\Handlers\FileHandler' driver.
INFO - 2024-05-13 10:21:40 --> Controller "App\Controllers\base\Dashboard" loaded.
INFO - 2024-05-13 10:21:44 --> Session: Class initialized using 'CodeIgniter\Session\Handlers\FileHandler' driver.
INFO - 2024-05-13 10:21:44 --> Controller "App\Controllers\base\Dashboard" loaded.
INFO - 2024-05-13 10:22:01 --> Session: Class initialized using 'CodeIgniter\Session\Handlers\FileHandler' driver.
INFO - 2024-05-13 10:22:01 --> Controller "App\Controllers\undangan\Undangan" loaded.
INFO - 2024-05-13 10:22:21 --> Session: Class initialized using 'CodeIgniter\Session\Handlers\FileHandler' driver.
INFO - 2024-05-13 10:22:21 --> Controller "App\Controllers\base\Dashboard" loaded.
INFO - 2024-05-13 10:22:21 --> Session: Class initialized using 'CodeIgniter\Session\Handlers\FileHandler' driver.
INFO - 2024-05-13 10:22:21 --> Controller "App\Controllers\base\Dashboard" loaded.
INFO - 2024-05-13 10:22:26 --> Controller "App\Controllers\base\Beranda" loaded.
INFO - 2024-05-13 10:22:32 --> Session: Class initialized using 'CodeIgniter\Session\Handlers\FileHandler' driver.
INFO - 2024-05-13 10:22:32 --> Controller "App\Controllers\base\Order" loaded.
INFO - 2024-05-13 10:22:33 --> Controller "App\Controllers\base\Beranda" loaded.
INFO - 2024-05-13 10:22:36 --> Controller "App\Controllers\base\Beranda" loaded.
INFO - 2024-05-13 10:22:38 --> Session: Class initialized using 'CodeIgniter\Session\Handlers\FileHandler' driver.
INFO - 2024-05-13 10:22:38 --> Controller "App\Controllers\base\Order" loaded.
INFO - 2024-05-13 10:22:55 --> Controller "App\Controllers\base\Beranda" loaded.
INFO - 2024-05-13 10:23:02 --> Controller "App\Controllers\base\Beranda" loaded.
INFO - 2024-05-13 10:23:04 --> Session: Class initialized using 'CodeIgniter\Session\Handlers\FileHandler' driver.
INFO - 2024-05-13 10:23:04 --> Controller "App\Controllers\base\Order" loaded.
INFO - 2024-05-13 10:23:16 --> Controller "App\Controllers\base\Beranda" loaded.
INFO - 2024-05-13 10:23:58 --> Controller "App\Controllers\base\Beranda" loaded.
INFO - 2024-05-13 10:24:04 --> Controller "App\Controllers\base\Beranda" loaded.
INFO - 2024-05-13 10:24:56 --> Session: Class initialized using 'CodeIgniter\Session\Handlers\FileHandler' driver.
INFO - 2024-05-13 10:24:56 --> Controller "App\Controllers\base\Order" loaded.
INFO - 2024-05-13 10:31:07 --> Controller "App\Controllers\base\Beranda" loaded.
INFO - 2024-05-13 10:37:59 --> Controller "App\Controllers\base\Beranda" loaded.
INFO - 2024-05-13 10:38:52 --> Session: Class initialized using 'CodeIgniter\Session\Handlers\FileHandler' driver.
INFO - 2024-05-13 10:38:52 --> Controller "App\Controllers\base\Order" loaded.
INFO - 2024-05-13 10:52:12 --> Session: Class initialized using 'CodeIgniter\Session\Handlers\FileHandler' driver.
INFO - 2024-05-13 10:52:12 --> Controller "App\Controllers\base\Order" loaded.
INFO - 2024-05-13 11:06:08 --> Session: Class initialized using 'CodeIgniter\Session\Handlers\FileHandler' driver.
INFO - 2024-05-13 11:06:08 --> Controller "App\Controllers\base\Order" loaded.
INFO - 2024-05-13 11:15:05 --> Controller "App\Controllers\base\Beranda" loaded.
INFO - 2024-05-13 11:21:17 --> Session: Class initialized using 'CodeIgniter\Session\Handlers\FileHandler' driver.
INFO - 2024-05-13 11:21:17 --> Controller "App\Controllers\base\Order" loaded.
INFO - 2024-05-13 11:30:41 --> Controller "App\Controllers\base\Beranda" loaded.
INFO - 2024-05-13 11:34:10 --> Controller "App\Controllers\base\Beranda" loaded.
INFO - 2024-05-13 11:34:12 --> Controller "App\Controllers\base\Beranda" loaded.
INFO - 2024-05-13 11:34:14 --> Controller "App\Controllers\base\Beranda" loaded.
INFO - 2024-05-13 11:34:15 --> Controller "App\Controllers\base\Beranda" loaded.
INFO - 2024-05-13 11:34:17 --> Controller "App\Controllers\base\Beranda" loaded.
INFO - 2024-05-13 11:34:19 --> Controller "App\Controllers\base\Beranda" loaded.
INFO - 2024-05-13 11:34:21 --> Controller "App\Controllers\base\Beranda" loaded.
INFO - 2024-05-13 11:34:24 --> Session: Class initialized using 'CodeIgniter\Session\Handlers\FileHandler' driver.
INFO - 2024-05-13 11:34:26 --> Controller "App\Controllers\base\Beranda" loaded.
INFO - 2024-05-13 11:34:27 --> Controller "App\Controllers\base\Beranda" loaded.
INFO - 2024-05-13 11:37:48 --> Controller "App\Controllers\base\Beranda" loaded.
INFO - 2024-05-13 11:39:06 --> Controller "App\Controllers\base\Beranda" loaded.
INFO - 2024-05-13 11:53:46 --> Controller "App\Controllers\base\Beranda" loaded.
INFO - 2024-05-13 11:54:51 --> Controller "App\Controllers\base\Beranda" loaded.
INFO - 2024-05-13 12:03:24 --> Controller "App\Controllers\base\Beranda" loaded.
INFO - 2024-05-13 12:49:29 --> Controller "App\Controllers\base\Beranda" loaded.
