INFO - 2022-02-11 14:15:16 --> Controller "App\Controllers\base\Beranda" loaded.
INFO - 2022-02-11 14:15:43 --> Session: Class initialized using 'CodeIgniter\Session\Handlers\FileHandler' driver.
INFO - 2022-02-11 14:15:43 --> Controller "App\Controllers\undangan\Undangan" loaded.
INFO - 2022-02-11 14:15:52 --> Session: Class initialized using 'CodeIgniter\Session\Handlers\FileHandler' driver.
INFO - 2022-02-11 14:15:52 --> Controller "App\Controllers\admin\Admin" loaded.
INFO - 2022-02-11 14:16:24 --> Session: Class initialized using 'CodeIgniter\Session\Handlers\FileHandler' driver.
INFO - 2022-02-11 14:16:24 --> Controller "App\Controllers\admin\Admin" loaded.
INFO - 2022-02-11 14:16:59 --> Session: Class initialized using 'CodeIgniter\Session\Handlers\FileHandler' driver.
INFO - 2022-02-11 14:16:59 --> Controller "App\Controllers\undangan\Undangan" loaded.
INFO - 2022-02-11 14:40:07 --> Controller "App\Controllers\base\Beranda" loaded.
INFO - 2022-02-11 14:40:56 --> Session: Class initialized using 'CodeIgniter\Session\Handlers\FileHandler' driver.
INFO - 2022-02-11 14:40:56 --> Controller "App\Controllers\base\Order" loaded.
INFO - 2022-02-11 14:40:56 --> Controller "App\Controllers\base\Beranda" loaded.
INFO - 2022-02-11 14:41:01 --> Session: Class initialized using 'CodeIgniter\Session\Handlers\FileHandler' driver.
INFO - 2022-02-11 14:41:01 --> Controller "App\Controllers\base\Order" loaded.
INFO - 2022-02-11 15:05:54 --> Session: Class initialized using 'CodeIgniter\Session\Handlers\FileHandler' driver.
INFO - 2022-02-11 15:05:54 --> Controller "App\Controllers\admin\Admin" loaded.
INFO - 2022-02-11 15:06:00 --> Session: Class initialized using 'CodeIgniter\Session\Handlers\FileHandler' driver.
INFO - 2022-02-11 15:06:00 --> Controller "App\Controllers\admin\Admin" loaded.
INFO - 2022-02-11 15:06:04 --> Session: Class initialized using 'CodeIgniter\Session\Handlers\FileHandler' driver.
INFO - 2022-02-11 15:06:04 --> Controller "App\Controllers\admin\Admin" loaded.
INFO - 2022-02-11 15:06:05 --> Session: Class initialized using 'CodeIgniter\Session\Handlers\FileHandler' driver.
INFO - 2022-02-11 15:06:05 --> Controller "App\Controllers\admin\Admin" loaded.
INFO - 2022-02-11 15:06:11 --> Session: Class initialized using 'CodeIgniter\Session\Handlers\FileHandler' driver.
INFO - 2022-02-11 15:06:11 --> Controller "App\Controllers\admin\Admin" loaded.
INFO - 2022-02-11 15:06:16 --> Session: Class initialized using 'CodeIgniter\Session\Handlers\FileHandler' driver.
INFO - 2022-02-11 15:06:16 --> Controller "App\Controllers\admin\Admin" loaded.
INFO - 2022-02-11 15:06:31 --> Session: Class initialized using 'CodeIgniter\Session\Handlers\FileHandler' driver.
INFO - 2022-02-11 15:06:31 --> Controller "App\Controllers\undangan\Undangan" loaded.
INFO - 2022-02-11 15:06:43 --> Session: Class initialized using 'CodeIgniter\Session\Handlers\FileHandler' driver.
INFO - 2022-02-11 15:06:43 --> Controller "App\Controllers\admin\Admin" loaded.
INFO - 2022-02-11 15:06:43 --> Session: Class initialized using 'CodeIgniter\Session\Handlers\FileHandler' driver.
INFO - 2022-02-11 15:06:43 --> Controller "App\Controllers\admin\Admin" loaded.
INFO - 2022-02-11 15:06:45 --> Session: Class initialized using 'CodeIgniter\Session\Handlers\FileHandler' driver.
INFO - 2022-02-11 15:06:45 --> Controller "App\Controllers\undangan\Undangan" loaded.
INFO - 2022-02-11 15:06:49 --> Session: Class initialized using 'CodeIgniter\Session\Handlers\FileHandler' driver.
INFO - 2022-02-11 15:06:49 --> Controller "App\Controllers\bukutamu\Bukutamu" loaded.
INFO - 2022-02-11 15:07:02 --> Controller "App\Controllers\base\Beranda" loaded.
INFO - 2022-02-11 15:07:08 --> Session: Class initialized using 'CodeIgniter\Session\Handlers\FileHandler' driver.
INFO - 2022-02-11 15:07:08 --> Controller "App\Controllers\base\Dashboard" loaded.
INFO - 2022-02-11 15:07:17 --> Session: Class initialized using 'CodeIgniter\Session\Handlers\FileHandler' driver.
INFO - 2022-02-11 15:07:17 --> Controller "App\Controllers\admin\Admin" loaded.
INFO - 2022-02-11 15:07:28 --> Session: Class initialized using 'CodeIgniter\Session\Handlers\FileHandler' driver.
INFO - 2022-02-11 15:07:28 --> Controller "App\Controllers\base\Dashboard" loaded.
INFO - 2022-02-11 15:07:28 --> Session: Class initialized using 'CodeIgniter\Session\Handlers\FileHandler' driver.
INFO - 2022-02-11 15:07:28 --> Controller "App\Controllers\base\Dashboard" loaded.
INFO - 2022-02-11 15:07:36 --> Session: Class initialized using 'CodeIgniter\Session\Handlers\FileHandler' driver.
INFO - 2022-02-11 15:07:36 --> Controller "App\Controllers\admin\Admin" loaded.
INFO - 2022-02-11 15:07:56 --> Session: Class initialized using 'CodeIgniter\Session\Handlers\FileHandler' driver.
INFO - 2022-02-11 15:07:56 --> Controller "App\Controllers\admin\Admin" loaded.
INFO - 2022-02-11 15:07:56 --> Session: Class initialized using 'CodeIgniter\Session\Handlers\FileHandler' driver.
INFO - 2022-02-11 15:07:56 --> Controller "App\Controllers\admin\Admin" loaded.
INFO - 2022-02-11 15:08:04 --> Session: Class initialized using 'CodeIgniter\Session\Handlers\FileHandler' driver.
INFO - 2022-02-11 15:08:04 --> Controller "App\Controllers\base\Dashboard" loaded.
INFO - 2022-02-11 15:08:04 --> Session: Class initialized using 'CodeIgniter\Session\Handlers\FileHandler' driver.
INFO - 2022-02-11 15:08:04 --> Controller "App\Controllers\base\Dashboard" loaded.
INFO - 2022-02-11 15:08:18 --> Session: Class initialized using 'CodeIgniter\Session\Handlers\FileHandler' driver.
INFO - 2022-02-11 15:08:18 --> Controller "App\Controllers\base\Dashboard" loaded.
INFO - 2022-02-11 15:08:22 --> Session: Class initialized using 'CodeIgniter\Session\Handlers\FileHandler' driver.
INFO - 2022-02-11 15:08:22 --> Controller "App\Controllers\base\Dashboard" loaded.
INFO - 2022-02-11 15:08:31 --> Session: Class initialized using 'CodeIgniter\Session\Handlers\FileHandler' driver.
INFO - 2022-02-11 15:08:31 --> Controller "App\Controllers\base\Dashboard" loaded.
INFO - 2022-02-11 15:08:42 --> Session: Class initialized using 'CodeIgniter\Session\Handlers\FileHandler' driver.
INFO - 2022-02-11 15:08:42 --> Controller "App\Controllers\admin\Admin" loaded.
INFO - 2022-02-11 15:08:55 --> Session: Class initialized using 'CodeIgniter\Session\Handlers\FileHandler' driver.
INFO - 2022-02-11 15:08:55 --> Controller "App\Controllers\admin\Admin" loaded.
INFO - 2022-02-11 15:22:24 --> Session: Class initialized using 'CodeIgniter\Session\Handlers\FileHandler' driver.
INFO - 2022-02-11 15:22:24 --> Controller "App\Controllers\admin\Admin" loaded.
INFO - 2022-02-11 15:31:44 --> Session: Class initialized using 'CodeIgniter\Session\Handlers\FileHandler' driver.
INFO - 2022-02-11 15:31:44 --> Controller "App\Controllers\admin\Admin" loaded.
INFO - 2022-02-11 15:31:47 --> Session: Class initialized using 'CodeIgniter\Session\Handlers\FileHandler' driver.
INFO - 2022-02-11 15:31:47 --> Controller "App\Controllers\admin\Admin" loaded.
INFO - 2022-02-11 15:31:51 --> Session: Class initialized using 'CodeIgniter\Session\Handlers\FileHandler' driver.
INFO - 2022-02-11 15:31:51 --> Controller "App\Controllers\admin\Admin" loaded.
INFO - 2022-02-11 15:31:53 --> Session: Class initialized using 'CodeIgniter\Session\Handlers\FileHandler' driver.
INFO - 2022-02-11 15:31:53 --> Controller "App\Controllers\admin\Admin" loaded.
INFO - 2022-02-11 15:32:02 --> Session: Class initialized using 'CodeIgniter\Session\Handlers\FileHandler' driver.
INFO - 2022-02-11 15:32:02 --> Controller "App\Controllers\admin\Admin" loaded.
INFO - 2022-02-11 15:32:05 --> Session: Class initialized using 'CodeIgniter\Session\Handlers\FileHandler' driver.
INFO - 2022-02-11 15:32:05 --> Controller "App\Controllers\admin\Admin" loaded.
INFO - 2022-02-11 15:32:08 --> Session: Class initialized using 'CodeIgniter\Session\Handlers\FileHandler' driver.
INFO - 2022-02-11 15:32:08 --> Controller "App\Controllers\admin\Admin" loaded.
INFO - 2022-02-11 15:32:12 --> Session: Class initialized using 'CodeIgniter\Session\Handlers\FileHandler' driver.
INFO - 2022-02-11 15:32:12 --> Controller "App\Controllers\admin\Admin" loaded.
INFO - 2022-02-11 15:32:15 --> Session: Class initialized using 'CodeIgniter\Session\Handlers\FileHandler' driver.
INFO - 2022-02-11 15:32:15 --> Controller "App\Controllers\admin\Admin" loaded.
INFO - 2022-02-11 15:32:42 --> Controller "App\Controllers\base\Beranda" loaded.
INFO - 2022-02-11 15:32:48 --> Session: Class initialized using 'CodeIgniter\Session\Handlers\FileHandler' driver.
INFO - 2022-02-11 15:32:48 --> Controller "App\Controllers\base\Dashboard" loaded.
INFO - 2022-02-11 15:32:48 --> Session: Class initialized using 'CodeIgniter\Session\Handlers\FileHandler' driver.
INFO - 2022-02-11 15:32:48 --> Controller "App\Controllers\base\Dashboard" loaded.
INFO - 2022-02-11 15:32:59 --> Session: Class initialized using 'CodeIgniter\Session\Handlers\FileHandler' driver.
INFO - 2022-02-11 15:32:59 --> Controller "App\Controllers\base\Dashboard" loaded.
INFO - 2022-02-11 15:33:04 --> Session: Class initialized using 'CodeIgniter\Session\Handlers\FileHandler' driver.
INFO - 2022-02-11 15:33:04 --> Controller "App\Controllers\base\Dashboard" loaded.
INFO - 2022-02-11 15:33:37 --> Session: Class initialized using 'CodeIgniter\Session\Handlers\FileHandler' driver.
INFO - 2022-02-11 15:33:37 --> Controller "App\Controllers\base\Dashboard" loaded.
INFO - 2022-02-11 15:33:38 --> Session: Class initialized using 'CodeIgniter\Session\Handlers\FileHandler' driver.
INFO - 2022-02-11 15:33:38 --> Controller "App\Controllers\base\Dashboard" loaded.
INFO - 2022-02-11 15:34:19 --> Session: Class initialized using 'CodeIgniter\Session\Handlers\FileHandler' driver.
INFO - 2022-02-11 15:34:19 --> Controller "App\Controllers\base\Dashboard" loaded.
INFO - 2022-02-11 15:34:25 --> Session: Class initialized using 'CodeIgniter\Session\Handlers\FileHandler' driver.
INFO - 2022-02-11 15:34:25 --> Controller "App\Controllers\base\Dashboard" loaded.
INFO - 2022-02-11 15:34:28 --> Session: Class initialized using 'CodeIgniter\Session\Handlers\FileHandler' driver.
INFO - 2022-02-11 15:34:28 --> Controller "App\Controllers\undangan\Undangan" loaded.
INFO - 2022-02-11 15:36:30 --> Session: Class initialized using 'CodeIgniter\Session\Handlers\FileHandler' driver.
INFO - 2022-02-11 15:36:30 --> Controller "App\Controllers\base\Dashboard" loaded.
INFO - 2022-02-11 15:36:53 --> Session: Class initialized using 'CodeIgniter\Session\Handlers\FileHandler' driver.
INFO - 2022-02-11 15:36:53 --> Controller "App\Controllers\base\Dashboard" loaded.
INFO - 2022-02-11 15:37:02 --> Session: Class initialized using 'CodeIgniter\Session\Handlers\FileHandler' driver.
INFO - 2022-02-11 15:37:02 --> Controller "App\Controllers\base\Dashboard" loaded.
INFO - 2022-02-11 15:37:02 --> Session: Class initialized using 'CodeIgniter\Session\Handlers\FileHandler' driver.
INFO - 2022-02-11 15:37:02 --> Controller "App\Controllers\base\Dashboard" loaded.
INFO - 2022-02-11 15:37:09 --> Session: Class initialized using 'CodeIgniter\Session\Handlers\FileHandler' driver.
INFO - 2022-02-11 15:37:09 --> Controller "App\Controllers\undangan\Undangan" loaded.
INFO - 2022-02-11 15:37:10 --> Session: Class initialized using 'CodeIgniter\Session\Handlers\FileHandler' driver.
INFO - 2022-02-11 15:37:10 --> Controller "App\Controllers\undangan\Undangan" loaded.
INFO - 2022-02-11 15:37:10 --> Session: Class initialized using 'CodeIgniter\Session\Handlers\FileHandler' driver.
INFO - 2022-02-11 15:37:10 --> Controller "App\Controllers\undangan\Undangan" loaded.
INFO - 2022-02-11 15:37:11 --> Session: Class initialized using 'CodeIgniter\Session\Handlers\FileHandler' driver.
INFO - 2022-02-11 15:37:11 --> Controller "App\Controllers\undangan\Undangan" loaded.
INFO - 2022-02-11 15:37:40 --> Session: Class initialized using 'CodeIgniter\Session\Handlers\FileHandler' driver.
INFO - 2022-02-11 15:37:40 --> Controller "App\Controllers\undangan\Undangan" loaded.
INFO - 2022-02-11 15:37:41 --> Session: Class initialized using 'CodeIgniter\Session\Handlers\FileHandler' driver.
INFO - 2022-02-11 15:37:41 --> Controller "App\Controllers\undangan\Undangan" loaded.
INFO - 2022-02-11 15:37:41 --> Session: Class initialized using 'CodeIgniter\Session\Handlers\FileHandler' driver.
INFO - 2022-02-11 15:37:41 --> Controller "App\Controllers\undangan\Undangan" loaded.
INFO - 2022-02-11 15:37:43 --> Session: Class initialized using 'CodeIgniter\Session\Handlers\FileHandler' driver.
INFO - 2022-02-11 15:37:43 --> Controller "App\Controllers\undangan\Undangan" loaded.
INFO - 2022-02-11 15:37:49 --> Session: Class initialized using 'CodeIgniter\Session\Handlers\FileHandler' driver.
INFO - 2022-02-11 15:37:49 --> Controller "App\Controllers\undangan\Undangan" loaded.
INFO - 2022-02-11 15:38:11 --> Session: Class initialized using 'CodeIgniter\Session\Handlers\FileHandler' driver.
INFO - 2022-02-11 15:38:11 --> Controller "App\Controllers\base\Dashboard" loaded.
INFO - 2022-02-11 15:38:12 --> Session: Class initialized using 'CodeIgniter\Session\Handlers\FileHandler' driver.
INFO - 2022-02-11 15:38:12 --> Controller "App\Controllers\base\Dashboard" loaded.
INFO - 2022-02-11 15:38:24 --> Session: Class initialized using 'CodeIgniter\Session\Handlers\FileHandler' driver.
INFO - 2022-02-11 15:38:24 --> Controller "App\Controllers\undangan\Undangan" loaded.
INFO - 2022-02-11 15:38:24 --> Session: Class initialized using 'CodeIgniter\Session\Handlers\FileHandler' driver.
INFO - 2022-02-11 15:38:24 --> Controller "App\Controllers\undangan\Undangan" loaded.
INFO - 2022-02-11 15:38:24 --> Session: Class initialized using 'CodeIgniter\Session\Handlers\FileHandler' driver.
INFO - 2022-02-11 15:38:24 --> Controller "App\Controllers\undangan\Undangan" loaded.
INFO - 2022-02-11 15:38:29 --> Session: Class initialized using 'CodeIgniter\Session\Handlers\FileHandler' driver.
INFO - 2022-02-11 15:38:29 --> Controller "App\Controllers\undangan\Undangan" loaded.
INFO - 2022-02-11 15:40:13 --> Session: Class initialized using 'CodeIgniter\Session\Handlers\FileHandler' driver.
INFO - 2022-02-11 15:40:13 --> Controller "App\Controllers\base\Dashboard" loaded.
INFO - 2022-02-11 15:40:14 --> Session: Class initialized using 'CodeIgniter\Session\Handlers\FileHandler' driver.
INFO - 2022-02-11 15:40:14 --> Controller "App\Controllers\base\Dashboard" loaded.
INFO - 2022-02-11 15:40:33 --> Session: Class initialized using 'CodeIgniter\Session\Handlers\FileHandler' driver.
INFO - 2022-02-11 15:40:33 --> Controller "App\Controllers\undangan\Undangan" loaded.
INFO - 2022-02-11 15:40:42 --> Session: Class initialized using 'CodeIgniter\Session\Handlers\FileHandler' driver.
INFO - 2022-02-11 15:40:42 --> Controller "App\Controllers\undangan\Undangan" loaded.
INFO - 2022-02-11 15:40:43 --> Session: Class initialized using 'CodeIgniter\Session\Handlers\FileHandler' driver.
INFO - 2022-02-11 15:40:43 --> Controller "App\Controllers\undangan\Undangan" loaded.
INFO - 2022-02-11 15:40:43 --> Session: Class initialized using 'CodeIgniter\Session\Handlers\FileHandler' driver.
INFO - 2022-02-11 15:40:43 --> Controller "App\Controllers\undangan\Undangan" loaded.
INFO - 2022-02-11 15:43:40 --> Session: Class initialized using 'CodeIgniter\Session\Handlers\FileHandler' driver.
INFO - 2022-02-11 15:43:40 --> Controller "App\Controllers\undangan\Undangan" loaded.
INFO - 2022-02-11 15:43:40 --> Session: Class initialized using 'CodeIgniter\Session\Handlers\FileHandler' driver.
INFO - 2022-02-11 15:43:40 --> Controller "App\Controllers\undangan\Undangan" loaded.
INFO - 2022-02-11 15:43:40 --> Session: Class initialized using 'CodeIgniter\Session\Handlers\FileHandler' driver.
INFO - 2022-02-11 15:43:40 --> Controller "App\Controllers\undangan\Undangan" loaded.
INFO - 2022-02-11 15:44:04 --> Session: Class initialized using 'CodeIgniter\Session\Handlers\FileHandler' driver.
INFO - 2022-02-11 15:44:04 --> Controller "App\Controllers\base\Dashboard" loaded.
INFO - 2022-02-11 15:44:13 --> Session: Class initialized using 'CodeIgniter\Session\Handlers\FileHandler' driver.
INFO - 2022-02-11 15:44:13 --> Controller "App\Controllers\base\Dashboard" loaded.
INFO - 2022-02-11 15:44:25 --> Session: Class initialized using 'CodeIgniter\Session\Handlers\FileHandler' driver.
INFO - 2022-02-11 15:44:25 --> Controller "App\Controllers\base\Dashboard" loaded.
INFO - 2022-02-11 15:44:31 --> Session: Class initialized using 'CodeIgniter\Session\Handlers\FileHandler' driver.
INFO - 2022-02-11 15:44:31 --> Controller "App\Controllers\base\Dashboard" loaded.
INFO - 2022-02-11 15:44:38 --> Session: Class initialized using 'CodeIgniter\Session\Handlers\FileHandler' driver.
INFO - 2022-02-11 15:44:38 --> Controller "App\Controllers\base\Dashboard" loaded.
INFO - 2022-02-11 15:44:46 --> Session: Class initialized using 'CodeIgniter\Session\Handlers\FileHandler' driver.
INFO - 2022-02-11 15:44:46 --> Controller "App\Controllers\base\Dashboard" loaded.
INFO - 2022-02-11 15:44:52 --> Session: Class initialized using 'CodeIgniter\Session\Handlers\FileHandler' driver.
INFO - 2022-02-11 15:44:52 --> Controller "App\Controllers\base\Dashboard" loaded.
INFO - 2022-02-11 15:45:03 --> Session: Class initialized using 'CodeIgniter\Session\Handlers\FileHandler' driver.
INFO - 2022-02-11 15:45:03 --> Controller "App\Controllers\base\Dashboard" loaded.
INFO - 2022-02-11 15:45:09 --> Session: Class initialized using 'CodeIgniter\Session\Handlers\FileHandler' driver.
INFO - 2022-02-11 15:45:09 --> Controller "App\Controllers\base\Dashboard" loaded.
INFO - 2022-02-11 15:45:17 --> Session: Class initialized using 'CodeIgniter\Session\Handlers\FileHandler' driver.
INFO - 2022-02-11 15:45:17 --> Controller "App\Controllers\base\Dashboard" loaded.
INFO - 2022-02-11 15:45:28 --> Session: Class initialized using 'CodeIgniter\Session\Handlers\FileHandler' driver.
INFO - 2022-02-11 15:45:28 --> Controller "App\Controllers\undangan\Undangan" loaded.
INFO - 2022-02-11 15:45:42 --> Session: Class initialized using 'CodeIgniter\Session\Handlers\FileHandler' driver.
INFO - 2022-02-11 15:45:42 --> Controller "App\Controllers\base\Dashboard" loaded.
INFO - 2022-02-11 15:45:57 --> Session: Class initialized using 'CodeIgniter\Session\Handlers\FileHandler' driver.
INFO - 2022-02-11 15:45:57 --> Controller "App\Controllers\bukutamu\Bukutamu" loaded.
INFO - 2022-02-11 15:46:43 --> Session: Class initialized using 'CodeIgniter\Session\Handlers\FileHandler' driver.
INFO - 2022-02-11 15:46:43 --> Controller "App\Controllers\bukutamu\Bukutamu" loaded.
INFO - 2022-02-11 15:46:46 --> Session: Class initialized using 'CodeIgniter\Session\Handlers\FileHandler' driver.
INFO - 2022-02-11 15:46:46 --> Controller "App\Controllers\bukutamu\Bukutamu" loaded.
INFO - 2022-02-11 15:46:59 --> Session: Class initialized using 'CodeIgniter\Session\Handlers\FileHandler' driver.
INFO - 2022-02-11 15:46:59 --> Controller "App\Controllers\bukutamu\Bukutamu" loaded.
INFO - 2022-02-11 15:47:12 --> Session: Class initialized using 'CodeIgniter\Session\Handlers\FileHandler' driver.
INFO - 2022-02-11 15:47:12 --> Controller "App\Controllers\base\Dashboard" loaded.
INFO - 2022-02-11 15:47:20 --> Session: Class initialized using 'CodeIgniter\Session\Handlers\FileHandler' driver.
INFO - 2022-02-11 15:47:20 --> Controller "App\Controllers\base\Dashboard" loaded.
INFO - 2022-02-11 15:47:42 --> Session: Class initialized using 'CodeIgniter\Session\Handlers\FileHandler' driver.
INFO - 2022-02-11 15:47:42 --> Controller "App\Controllers\base\Dashboard" loaded.
INFO - 2022-02-11 15:47:56 --> Controller "App\Controllers\base\Beranda" loaded.
INFO - 2022-02-11 15:48:21 --> Session: Class initialized using 'CodeIgniter\Session\Handlers\FileHandler' driver.
INFO - 2022-02-11 15:48:21 --> Controller "App\Controllers\base\Dashboard" loaded.
INFO - 2022-02-11 15:48:35 --> Session: Class initialized using 'CodeIgniter\Session\Handlers\FileHandler' driver.
INFO - 2022-02-11 15:48:35 --> Controller "App\Controllers\bukutamu\Bukutamu" loaded.
INFO - 2022-02-11 15:49:05 --> Session: Class initialized using 'CodeIgniter\Session\Handlers\FileHandler' driver.
INFO - 2022-02-11 15:49:05 --> Controller "App\Controllers\base\Dashboard" loaded.
INFO - 2022-02-11 15:49:10 --> Session: Class initialized using 'CodeIgniter\Session\Handlers\FileHandler' driver.
INFO - 2022-02-11 15:49:10 --> Controller "App\Controllers\base\Dashboard" loaded.
INFO - 2022-02-11 15:49:15 --> Session: Class initialized using 'CodeIgniter\Session\Handlers\FileHandler' driver.
INFO - 2022-02-11 15:49:15 --> Controller "App\Controllers\undangan\Undangan" loaded.
INFO - 2022-02-11 15:51:32 --> Session: Class initialized using 'CodeIgniter\Session\Handlers\FileHandler' driver.
INFO - 2022-02-11 15:51:32 --> Controller "App\Controllers\undangan\Undangan" loaded.
INFO - 2022-02-11 15:53:22 --> Session: Class initialized using 'CodeIgniter\Session\Handlers\FileHandler' driver.
INFO - 2022-02-11 15:53:22 --> Controller "App\Controllers\undangan\Undangan" loaded.
INFO - 2022-02-11 15:53:29 --> Session: Class initialized using 'CodeIgniter\Session\Handlers\FileHandler' driver.
INFO - 2022-02-11 15:53:29 --> Controller "App\Controllers\base\Dashboard" loaded.
INFO - 2022-02-11 15:53:40 --> Session: Class initialized using 'CodeIgniter\Session\Handlers\FileHandler' driver.
INFO - 2022-02-11 15:53:40 --> Controller "App\Controllers\base\Dashboard" loaded.
INFO - 2022-02-11 15:54:12 --> Session: Class initialized using 'CodeIgniter\Session\Handlers\FileHandler' driver.
INFO - 2022-02-11 15:54:12 --> Controller "App\Controllers\base\Dashboard" loaded.
INFO - 2022-02-11 15:54:19 --> Session: Class initialized using 'CodeIgniter\Session\Handlers\FileHandler' driver.
INFO - 2022-02-11 15:54:19 --> Controller "App\Controllers\undangan\Undangan" loaded.
INFO - 2022-02-11 15:55:49 --> Session: Class initialized using 'CodeIgniter\Session\Handlers\FileHandler' driver.
INFO - 2022-02-11 15:55:49 --> Controller "App\Controllers\admin\Admin" loaded.
INFO - 2022-02-11 15:55:50 --> Session: Class initialized using 'CodeIgniter\Session\Handlers\FileHandler' driver.
INFO - 2022-02-11 15:55:50 --> Controller "App\Controllers\admin\Admin" loaded.
INFO - 2022-02-11 15:55:54 --> Session: Class initialized using 'CodeIgniter\Session\Handlers\FileHandler' driver.
INFO - 2022-02-11 15:55:54 --> Controller "App\Controllers\undangan\Undangan" loaded.
INFO - 2022-02-11 15:56:27 --> Session: Class initialized using 'CodeIgniter\Session\Handlers\FileHandler' driver.
INFO - 2022-02-11 15:56:27 --> Controller "App\Controllers\admin\Admin" loaded.
INFO - 2022-02-11 15:56:32 --> Session: Class initialized using 'CodeIgniter\Session\Handlers\FileHandler' driver.
INFO - 2022-02-11 15:56:32 --> Controller "App\Controllers\admin\Admin" loaded.
INFO - 2022-02-11 15:56:39 --> Session: Class initialized using 'CodeIgniter\Session\Handlers\FileHandler' driver.
INFO - 2022-02-11 15:56:39 --> Controller "App\Controllers\undangan\Undangan" loaded.
INFO - 2022-02-11 15:56:57 --> Session: Class initialized using 'CodeIgniter\Session\Handlers\FileHandler' driver.
INFO - 2022-02-11 15:56:57 --> Controller "App\Controllers\undangan\Undangan" loaded.
INFO - 2022-02-11 15:56:57 --> Session: Class initialized using 'CodeIgniter\Session\Handlers\FileHandler' driver.
INFO - 2022-02-11 15:56:57 --> Controller "App\Controllers\undangan\Undangan" loaded.
INFO - 2022-02-11 15:56:58 --> Session: Class initialized using 'CodeIgniter\Session\Handlers\FileHandler' driver.
INFO - 2022-02-11 15:56:58 --> Controller "App\Controllers\undangan\Undangan" loaded.
INFO - 2022-02-11 15:57:29 --> Session: Class initialized using 'CodeIgniter\Session\Handlers\FileHandler' driver.
INFO - 2022-02-11 15:57:29 --> Controller "App\Controllers\admin\Admin" loaded.
INFO - 2022-02-11 15:57:31 --> Session: Class initialized using 'CodeIgniter\Session\Handlers\FileHandler' driver.
INFO - 2022-02-11 15:57:31 --> Controller "App\Controllers\admin\Admin" loaded.
INFO - 2022-02-11 15:58:01 --> Session: Class initialized using 'CodeIgniter\Session\Handlers\FileHandler' driver.
INFO - 2022-02-11 15:58:01 --> Controller "App\Controllers\admin\Admin" loaded.
INFO - 2022-02-11 15:59:16 --> Session: Class initialized using 'CodeIgniter\Session\Handlers\FileHandler' driver.
INFO - 2022-02-11 15:59:16 --> Controller "App\Controllers\admin\Admin" loaded.
INFO - 2022-02-11 15:59:22 --> Session: Class initialized using 'CodeIgniter\Session\Handlers\FileHandler' driver.
INFO - 2022-02-11 15:59:22 --> Controller "App\Controllers\admin\Admin" loaded.
INFO - 2022-02-11 15:59:56 --> Session: Class initialized using 'CodeIgniter\Session\Handlers\FileHandler' driver.
INFO - 2022-02-11 15:59:56 --> Controller "App\Controllers\admin\Admin" loaded.
INFO - 2022-02-11 16:00:28 --> Session: Class initialized using 'CodeIgniter\Session\Handlers\FileHandler' driver.
INFO - 2022-02-11 16:00:28 --> Controller "App\Controllers\admin\Admin" loaded.
INFO - 2022-02-11 16:00:31 --> Session: Class initialized using 'CodeIgniter\Session\Handlers\FileHandler' driver.
INFO - 2022-02-11 16:00:31 --> Controller "App\Controllers\admin\Admin" loaded.
INFO - 2022-02-11 16:00:35 --> Session: Class initialized using 'CodeIgniter\Session\Handlers\FileHandler' driver.
INFO - 2022-02-11 16:00:35 --> Controller "App\Controllers\undangan\Undangan" loaded.
INFO - 2022-02-11 16:00:41 --> Session: Class initialized using 'CodeIgniter\Session\Handlers\FileHandler' driver.
INFO - 2022-02-11 16:00:41 --> Controller "App\Controllers\bukutamu\Bukutamu" loaded.
INFO - 2022-02-11 16:02:01 --> Session: Class initialized using 'CodeIgniter\Session\Handlers\FileHandler' driver.
INFO - 2022-02-11 16:02:01 --> Controller "App\Controllers\undangan\Undangan" loaded.
INFO - 2022-02-11 16:02:19 --> Session: Class initialized using 'CodeIgniter\Session\Handlers\FileHandler' driver.
INFO - 2022-02-11 16:02:19 --> Controller "App\Controllers\undangan\Undangan" loaded.
INFO - 2022-02-11 16:02:40 --> Session: Class initialized using 'CodeIgniter\Session\Handlers\FileHandler' driver.
INFO - 2022-02-11 16:02:40 --> Controller "App\Controllers\bukutamu\Bukutamu" loaded.
INFO - 2022-02-11 16:03:30 --> Session: Class initialized using 'CodeIgniter\Session\Handlers\FileHandler' driver.
INFO - 2022-02-11 16:03:30 --> Controller "App\Controllers\bukutamu\Bukutamu" loaded.
INFO - 2022-02-11 16:04:49 --> Session: Class initialized using 'CodeIgniter\Session\Handlers\FileHandler' driver.
INFO - 2022-02-11 16:04:49 --> Controller "App\Controllers\undangan\Undangan" loaded.
INFO - 2022-02-11 16:05:08 --> Session: Class initialized using 'CodeIgniter\Session\Handlers\FileHandler' driver.
INFO - 2022-02-11 16:05:08 --> Controller "App\Controllers\undangan\Undangan" loaded.
INFO - 2022-02-11 16:06:00 --> Controller "App\Controllers\base\Beranda" loaded.
INFO - 2022-02-11 16:06:10 --> Session: Class initialized using 'CodeIgniter\Session\Handlers\FileHandler' driver.
INFO - 2022-02-11 16:06:10 --> Controller "App\Controllers\base\Dashboard" loaded.
INFO - 2022-02-11 16:06:10 --> Session: Class initialized using 'CodeIgniter\Session\Handlers\FileHandler' driver.
INFO - 2022-02-11 16:06:10 --> Controller "App\Controllers\base\Dashboard" loaded.
INFO - 2022-02-11 16:06:15 --> Session: Class initialized using 'CodeIgniter\Session\Handlers\FileHandler' driver.
INFO - 2022-02-11 16:06:15 --> Controller "App\Controllers\base\Dashboard" loaded.
INFO - 2022-02-11 16:06:27 --> Session: Class initialized using 'CodeIgniter\Session\Handlers\FileHandler' driver.
INFO - 2022-02-11 16:06:27 --> Controller "App\Controllers\undangan\Undangan" loaded.
INFO - 2022-02-11 16:09:59 --> Session: Class initialized using 'CodeIgniter\Session\Handlers\FileHandler' driver.
INFO - 2022-02-11 16:09:59 --> Controller "App\Controllers\undangan\Undangan" loaded.
INFO - 2022-02-11 16:10:10 --> Session: Class initialized using 'CodeIgniter\Session\Handlers\FileHandler' driver.
INFO - 2022-02-11 16:10:10 --> Controller "App\Controllers\base\Dashboard" loaded.
INFO - 2022-02-11 16:10:27 --> Session: Class initialized using 'CodeIgniter\Session\Handlers\FileHandler' driver.
INFO - 2022-02-11 16:10:27 --> Controller "App\Controllers\base\Dashboard" loaded.
INFO - 2022-02-11 16:10:33 --> Session: Class initialized using 'CodeIgniter\Session\Handlers\FileHandler' driver.
INFO - 2022-02-11 16:10:33 --> Controller "App\Controllers\bukutamu\Bukutamu" loaded.
INFO - 2022-02-11 16:10:44 --> Session: Class initialized using 'CodeIgniter\Session\Handlers\FileHandler' driver.
INFO - 2022-02-11 16:10:44 --> Controller "App\Controllers\bukutamu\Bukutamu" loaded.
INFO - 2022-02-11 16:16:08 --> Session: Class initialized using 'CodeIgniter\Session\Handlers\FileHandler' driver.
INFO - 2022-02-11 16:16:08 --> Controller "App\Controllers\bukutamu\Bukutamu" loaded.
INFO - 2022-02-11 16:16:10 --> Session: Class initialized using 'CodeIgniter\Session\Handlers\FileHandler' driver.
INFO - 2022-02-11 16:16:10 --> Controller "App\Controllers\bukutamu\Bukutamu" loaded.
INFO - 2022-02-11 16:34:16 --> Session: Class initialized using 'CodeIgniter\Session\Handlers\FileHandler' driver.
INFO - 2022-02-11 16:34:16 --> Controller "App\Controllers\base\Dashboard" loaded.
INFO - 2022-02-11 16:34:30 --> Session: Class initialized using 'CodeIgniter\Session\Handlers\FileHandler' driver.
INFO - 2022-02-11 16:34:30 --> Controller "App\Controllers\base\Dashboard" loaded.
INFO - 2022-02-11 16:36:47 --> Session: Class initialized using 'CodeIgniter\Session\Handlers\FileHandler' driver.
INFO - 2022-02-11 16:36:47 --> Controller "App\Controllers\base\Dashboard" loaded.
INFO - 2022-02-11 16:37:03 --> Session: Class initialized using 'CodeIgniter\Session\Handlers\FileHandler' driver.
INFO - 2022-02-11 16:37:03 --> Controller "App\Controllers\base\Dashboard" loaded.
INFO - 2022-02-11 16:37:05 --> Session: Class initialized using 'CodeIgniter\Session\Handlers\FileHandler' driver.
INFO - 2022-02-11 16:37:05 --> Controller "App\Controllers\base\Dashboard" loaded.
INFO - 2022-02-11 16:37:09 --> Session: Class initialized using 'CodeIgniter\Session\Handlers\FileHandler' driver.
INFO - 2022-02-11 16:37:09 --> Controller "App\Controllers\base\Dashboard" loaded.
INFO - 2022-02-11 16:37:16 --> Session: Class initialized using 'CodeIgniter\Session\Handlers\FileHandler' driver.
INFO - 2022-02-11 16:37:16 --> Controller "App\Controllers\admin\Admin" loaded.
INFO - 2022-02-11 16:37:19 --> Session: Class initialized using 'CodeIgniter\Session\Handlers\FileHandler' driver.
INFO - 2022-02-11 16:37:19 --> Controller "App\Controllers\admin\Admin" loaded.
INFO - 2022-02-11 16:37:27 --> Session: Class initialized using 'CodeIgniter\Session\Handlers\FileHandler' driver.
INFO - 2022-02-11 16:37:27 --> Controller "App\Controllers\admin\Admin" loaded.
INFO - 2022-02-11 16:40:02 --> Session: Class initialized using 'CodeIgniter\Session\Handlers\FileHandler' driver.
INFO - 2022-02-11 16:40:02 --> Controller "App\Controllers\admin\Admin" loaded.
INFO - 2022-02-11 16:40:02 --> Session: Class initialized using 'CodeIgniter\Session\Handlers\FileHandler' driver.
INFO - 2022-02-11 16:40:02 --> Controller "App\Controllers\admin\Admin" loaded.
INFO - 2022-02-11 16:40:23 --> Session: Class initialized using 'CodeIgniter\Session\Handlers\FileHandler' driver.
INFO - 2022-02-11 16:40:23 --> Controller "App\Controllers\admin\Admin" loaded.
INFO - 2022-02-11 16:40:23 --> Session: Class initialized using 'CodeIgniter\Session\Handlers\FileHandler' driver.
INFO - 2022-02-11 16:40:23 --> Controller "App\Controllers\admin\Admin" loaded.
INFO - 2022-02-11 16:46:21 --> Session: Class initialized using 'CodeIgniter\Session\Handlers\FileHandler' driver.
INFO - 2022-02-11 16:46:21 --> Controller "App\Controllers\admin\Admin" loaded.
INFO - 2022-02-11 16:46:21 --> Session: Class initialized using 'CodeIgniter\Session\Handlers\FileHandler' driver.
INFO - 2022-02-11 16:46:21 --> Controller "App\Controllers\admin\Admin" loaded.
INFO - 2022-02-11 16:46:31 --> Session: Class initialized using 'CodeIgniter\Session\Handlers\FileHandler' driver.
INFO - 2022-02-11 16:46:31 --> Controller "App\Controllers\admin\Admin" loaded.
INFO - 2022-02-11 16:46:35 --> Session: Class initialized using 'CodeIgniter\Session\Handlers\FileHandler' driver.
INFO - 2022-02-11 16:46:35 --> Controller "App\Controllers\admin\Admin" loaded.
INFO - 2022-02-11 16:46:37 --> Session: Class initialized using 'CodeIgniter\Session\Handlers\FileHandler' driver.
INFO - 2022-02-11 16:46:37 --> Controller "App\Controllers\admin\Admin" loaded.
INFO - 2022-02-11 16:50:40 --> Session: Class initialized using 'CodeIgniter\Session\Handlers\FileHandler' driver.
INFO - 2022-02-11 16:50:40 --> Controller "App\Controllers\admin\Admin" loaded.
INFO - 2022-02-11 16:50:44 --> Session: Class initialized using 'CodeIgniter\Session\Handlers\FileHandler' driver.
INFO - 2022-02-11 16:50:44 --> Controller "App\Controllers\admin\Admin" loaded.
INFO - 2022-02-11 16:50:50 --> Session: Class initialized using 'CodeIgniter\Session\Handlers\FileHandler' driver.
INFO - 2022-02-11 16:50:50 --> Controller "App\Controllers\admin\Admin" loaded.
INFO - 2022-02-11 16:50:53 --> Session: Class initialized using 'CodeIgniter\Session\Handlers\FileHandler' driver.
INFO - 2022-02-11 16:50:53 --> Controller "App\Controllers\admin\Admin" loaded.
INFO - 2022-02-11 16:51:01 --> Session: Class initialized using 'CodeIgniter\Session\Handlers\FileHandler' driver.
INFO - 2022-02-11 16:51:01 --> Controller "App\Controllers\admin\Admin" loaded.
INFO - 2022-02-11 16:51:03 --> Session: Class initialized using 'CodeIgniter\Session\Handlers\FileHandler' driver.
INFO - 2022-02-11 16:51:03 --> Controller "App\Controllers\admin\Admin" loaded.
INFO - 2022-02-11 16:51:09 --> Session: Class initialized using 'CodeIgniter\Session\Handlers\FileHandler' driver.
INFO - 2022-02-11 16:51:09 --> Controller "App\Controllers\admin\Admin" loaded.
INFO - 2022-02-11 16:51:12 --> Session: Class initialized using 'CodeIgniter\Session\Handlers\FileHandler' driver.
INFO - 2022-02-11 16:51:12 --> Controller "App\Controllers\admin\Admin" loaded.
INFO - 2022-02-11 16:51:15 --> Session: Class initialized using 'CodeIgniter\Session\Handlers\FileHandler' driver.
INFO - 2022-02-11 16:51:15 --> Controller "App\Controllers\admin\Admin" loaded.
INFO - 2022-02-11 16:52:26 --> Session: Class initialized using 'CodeIgniter\Session\Handlers\FileHandler' driver.
INFO - 2022-02-11 16:52:26 --> Controller "App\Controllers\admin\Admin" loaded.
INFO - 2022-02-11 16:52:30 --> Session: Class initialized using 'CodeIgniter\Session\Handlers\FileHandler' driver.
INFO - 2022-02-11 16:52:30 --> Controller "App\Controllers\admin\Admin" loaded.
INFO - 2022-02-11 16:52:35 --> Session: Class initialized using 'CodeIgniter\Session\Handlers\FileHandler' driver.
INFO - 2022-02-11 16:52:35 --> Controller "App\Controllers\admin\Admin" loaded.
INFO - 2022-02-11 16:52:42 --> Session: Class initialized using 'CodeIgniter\Session\Handlers\FileHandler' driver.
INFO - 2022-02-11 16:52:42 --> Controller "App\Controllers\admin\Admin" loaded.
INFO - 2022-02-11 16:53:43 --> Session: Class initialized using 'CodeIgniter\Session\Handlers\FileHandler' driver.
INFO - 2022-02-11 16:53:43 --> Controller "App\Controllers\admin\Admin" loaded.
INFO - 2022-02-11 16:53:47 --> Session: Class initialized using 'CodeIgniter\Session\Handlers\FileHandler' driver.
INFO - 2022-02-11 16:53:47 --> Controller "App\Controllers\admin\Admin" loaded.
INFO - 2022-02-11 16:54:00 --> Session: Class initialized using 'CodeIgniter\Session\Handlers\FileHandler' driver.
INFO - 2022-02-11 16:54:00 --> Controller "App\Controllers\admin\Admin" loaded.
INFO - 2022-02-11 16:54:00 --> Session: Class initialized using 'CodeIgniter\Session\Handlers\FileHandler' driver.
INFO - 2022-02-11 16:54:00 --> Controller "App\Controllers\admin\Admin" loaded.
INFO - 2022-02-11 16:54:03 --> Session: Class initialized using 'CodeIgniter\Session\Handlers\FileHandler' driver.
INFO - 2022-02-11 16:54:03 --> Controller "App\Controllers\admin\Admin" loaded.
INFO - 2022-02-11 16:54:18 --> Session: Class initialized using 'CodeIgniter\Session\Handlers\FileHandler' driver.
INFO - 2022-02-11 16:54:18 --> Controller "App\Controllers\admin\Admin" loaded.
INFO - 2022-02-11 16:54:22 --> Session: Class initialized using 'CodeIgniter\Session\Handlers\FileHandler' driver.
INFO - 2022-02-11 16:54:22 --> Controller "App\Controllers\admin\Admin" loaded.
INFO - 2022-02-11 16:54:30 --> Session: Class initialized using 'CodeIgniter\Session\Handlers\FileHandler' driver.
INFO - 2022-02-11 16:54:30 --> Controller "App\Controllers\admin\Admin" loaded.
INFO - 2022-02-11 16:55:01 --> Session: Class initialized using 'CodeIgniter\Session\Handlers\FileHandler' driver.
INFO - 2022-02-11 16:55:01 --> Controller "App\Controllers\admin\Admin" loaded.
INFO - 2022-02-11 16:55:01 --> Session: Class initialized using 'CodeIgniter\Session\Handlers\FileHandler' driver.
INFO - 2022-02-11 16:55:01 --> Controller "App\Controllers\admin\Admin" loaded.
INFO - 2022-02-11 16:55:08 --> Session: Class initialized using 'CodeIgniter\Session\Handlers\FileHandler' driver.
INFO - 2022-02-11 16:55:08 --> Controller "App\Controllers\admin\Admin" loaded.
INFO - 2022-02-11 16:55:08 --> Session: Class initialized using 'CodeIgniter\Session\Handlers\FileHandler' driver.
INFO - 2022-02-11 16:55:08 --> Controller "App\Controllers\admin\Admin" loaded.
INFO - 2022-02-11 16:55:13 --> Session: Class initialized using 'CodeIgniter\Session\Handlers\FileHandler' driver.
INFO - 2022-02-11 16:55:13 --> Controller "App\Controllers\admin\Admin" loaded.
INFO - 2022-02-11 16:55:15 --> Session: Class initialized using 'CodeIgniter\Session\Handlers\FileHandler' driver.
INFO - 2022-02-11 16:55:15 --> Controller "App\Controllers\admin\Admin" loaded.
INFO - 2022-02-11 16:55:21 --> Session: Class initialized using 'CodeIgniter\Session\Handlers\FileHandler' driver.
INFO - 2022-02-11 16:55:21 --> Controller "App\Controllers\admin\Admin" loaded.
INFO - 2022-02-11 16:55:29 --> Session: Class initialized using 'CodeIgniter\Session\Handlers\FileHandler' driver.
INFO - 2022-02-11 16:55:29 --> Controller "App\Controllers\admin\Admin" loaded.
INFO - 2022-02-11 16:55:36 --> Session: Class initialized using 'CodeIgniter\Session\Handlers\FileHandler' driver.
INFO - 2022-02-11 16:55:36 --> Controller "App\Controllers\admin\Admin" loaded.
INFO - 2022-02-11 16:55:38 --> Session: Class initialized using 'CodeIgniter\Session\Handlers\FileHandler' driver.
INFO - 2022-02-11 16:55:38 --> Controller "App\Controllers\admin\Admin" loaded.
INFO - 2022-02-11 16:55:41 --> Session: Class initialized using 'CodeIgniter\Session\Handlers\FileHandler' driver.
INFO - 2022-02-11 16:55:41 --> Controller "App\Controllers\admin\Admin" loaded.
INFO - 2022-02-11 16:56:19 --> Session: Class initialized using 'CodeIgniter\Session\Handlers\FileHandler' driver.
INFO - 2022-02-11 16:56:19 --> Controller "App\Controllers\admin\Admin" loaded.
INFO - 2022-02-11 16:56:19 --> Session: Class initialized using 'CodeIgniter\Session\Handlers\FileHandler' driver.
INFO - 2022-02-11 16:56:19 --> Controller "App\Controllers\admin\Admin" loaded.
INFO - 2022-02-11 16:56:36 --> Session: Class initialized using 'CodeIgniter\Session\Handlers\FileHandler' driver.
INFO - 2022-02-11 16:56:36 --> Controller "App\Controllers\admin\Admin" loaded.
INFO - 2022-02-11 16:57:55 --> Session: Class initialized using 'CodeIgniter\Session\Handlers\FileHandler' driver.
INFO - 2022-02-11 16:57:55 --> Controller "App\Controllers\admin\Admin" loaded.
INFO - 2022-02-11 16:57:59 --> Session: Class initialized using 'CodeIgniter\Session\Handlers\FileHandler' driver.
INFO - 2022-02-11 16:57:59 --> Controller "App\Controllers\admin\Admin" loaded.
INFO - 2022-02-11 17:23:11 --> Session: Class initialized using 'CodeIgniter\Session\Handlers\FileHandler' driver.
INFO - 2022-02-11 17:23:12 --> Controller "App\Controllers\admin\Admin" loaded.
INFO - 2022-02-11 17:23:18 --> Session: Class initialized using 'CodeIgniter\Session\Handlers\FileHandler' driver.
INFO - 2022-02-11 17:23:19 --> Controller "App\Controllers\admin\Admin" loaded.
INFO - 2022-02-11 17:26:10 --> Session: Class initialized using 'CodeIgniter\Session\Handlers\FileHandler' driver.
INFO - 2022-02-11 17:26:10 --> Controller "App\Controllers\admin\Admin" loaded.
INFO - 2022-02-11 17:32:25 --> Controller "App\Controllers\base\Beranda" loaded.
INFO - 2022-02-11 17:32:48 --> Controller "App\Controllers\base\Beranda" loaded.
INFO - 2022-02-11 17:34:01 --> Session: Class initialized using 'CodeIgniter\Session\Handlers\FileHandler' driver.
INFO - 2022-02-11 17:34:01 --> Controller "App\Controllers\base\Dashboard" loaded.
INFO - 2022-02-11 17:42:35 --> Session: Class initialized using 'CodeIgniter\Session\Handlers\FileHandler' driver.
INFO - 2022-02-11 17:42:36 --> Controller "App\Controllers\admin\Admin" loaded.
INFO - 2022-02-11 17:52:54 --> Controller "App\Controllers\base\Beranda" loaded.
INFO - 2022-02-11 17:53:08 --> Session: Class initialized using 'CodeIgniter\Session\Handlers\FileHandler' driver.
INFO - 2022-02-11 17:53:08 --> Controller "App\Controllers\base\Order" loaded.
INFO - 2022-02-11 17:54:10 --> Session: Class initialized using 'CodeIgniter\Session\Handlers\FileHandler' driver.
INFO - 2022-02-11 17:54:10 --> Controller "App\Controllers\base\Order" loaded.
INFO - 2022-02-11 17:54:48 --> Session: Class initialized using 'CodeIgniter\Session\Handlers\FileHandler' driver.
INFO - 2022-02-11 17:54:48 --> Controller "App\Controllers\base\Order" loaded.
INFO - 2022-02-11 17:55:42 --> Session: Class initialized using 'CodeIgniter\Session\Handlers\FileHandler' driver.
INFO - 2022-02-11 17:55:42 --> Controller "App\Controllers\base\Order" loaded.
INFO - 2022-02-11 17:56:13 --> Session: Class initialized using 'CodeIgniter\Session\Handlers\FileHandler' driver.
INFO - 2022-02-11 17:56:13 --> Controller "App\Controllers\base\Order" loaded.
INFO - 2022-02-11 17:56:15 --> Session: Class initialized using 'CodeIgniter\Session\Handlers\FileHandler' driver.
INFO - 2022-02-11 17:56:15 --> Controller "App\Controllers\base\Order" loaded.
INFO - 2022-02-11 17:57:36 --> Controller "App\Controllers\base\Beranda" loaded.
INFO - 2022-02-11 17:57:50 --> Session: Class initialized using 'CodeIgniter\Session\Handlers\FileHandler' driver.
INFO - 2022-02-11 17:57:50 --> Controller "App\Controllers\base\Order" loaded.
INFO - 2022-02-11 17:58:08 --> Controller "App\Controllers\base\Beranda" loaded.
INFO - 2022-02-11 17:58:08 --> Controller "App\Controllers\base\Beranda" loaded.
INFO - 2022-02-11 17:58:08 --> Controller "App\Controllers\base\Beranda" loaded.
INFO - 2022-02-11 17:58:08 --> Controller "App\Controllers\base\Beranda" loaded.
INFO - 2022-02-11 18:04:14 --> Session: Class initialized using 'CodeIgniter\Session\Handlers\FileHandler' driver.
INFO - 2022-02-11 18:04:14 --> Controller "App\Controllers\base\Order" loaded.
INFO - 2022-02-11 18:04:17 --> Controller "App\Controllers\base\Beranda" loaded.
INFO - 2022-02-11 18:05:55 --> Controller "App\Controllers\base\Beranda" loaded.
INFO - 2022-02-11 18:06:09 --> Session: Class initialized using 'CodeIgniter\Session\Handlers\FileHandler' driver.
INFO - 2022-02-11 18:06:09 --> Controller "App\Controllers\base\Order" loaded.
INFO - 2022-02-11 18:07:23 --> Session: Class initialized using 'CodeIgniter\Session\Handlers\FileHandler' driver.
INFO - 2022-02-11 18:07:23 --> Controller "App\Controllers\base\Order" loaded.
INFO - 2022-02-11 18:07:24 --> Controller "App\Controllers\base\Beranda" loaded.
INFO - 2022-02-11 18:07:41 --> Session: Class initialized using 'CodeIgniter\Session\Handlers\FileHandler' driver.
INFO - 2022-02-11 18:07:41 --> Controller "App\Controllers\base\Order" loaded.
INFO - 2022-02-11 18:07:41 --> Session: Class initialized using 'CodeIgniter\Session\Handlers\FileHandler' driver.
INFO - 2022-02-11 18:07:41 --> Controller "App\Controllers\base\Order" loaded.
INFO - 2022-02-11 18:07:42 --> Session: Class initialized using 'CodeIgniter\Session\Handlers\FileHandler' driver.
INFO - 2022-02-11 18:07:42 --> Controller "App\Controllers\base\Order" loaded.
INFO - 2022-02-11 18:07:42 --> Session: Class initialized using 'CodeIgniter\Session\Handlers\FileHandler' driver.
INFO - 2022-02-11 18:07:42 --> Controller "App\Controllers\base\Order" loaded.
INFO - 2022-02-11 18:07:43 --> Session: Class initialized using 'CodeIgniter\Session\Handlers\FileHandler' driver.
INFO - 2022-02-11 18:07:43 --> Controller "App\Controllers\base\Order" loaded.
INFO - 2022-02-11 18:07:43 --> Session: Class initialized using 'CodeIgniter\Session\Handlers\FileHandler' driver.
INFO - 2022-02-11 18:07:43 --> Controller "App\Controllers\base\Order" loaded.
INFO - 2022-02-11 18:07:44 --> Session: Class initialized using 'CodeIgniter\Session\Handlers\FileHandler' driver.
INFO - 2022-02-11 18:07:44 --> Controller "App\Controllers\base\Order" loaded.
INFO - 2022-02-11 18:07:48 --> Session: Class initialized using 'CodeIgniter\Session\Handlers\FileHandler' driver.
INFO - 2022-02-11 18:07:48 --> Controller "App\Controllers\base\Order" loaded.
INFO - 2022-02-11 18:07:52 --> Session: Class initialized using 'CodeIgniter\Session\Handlers\FileHandler' driver.
INFO - 2022-02-11 18:07:52 --> Controller "App\Controllers\base\Order" loaded.
INFO - 2022-02-11 18:07:53 --> Session: Class initialized using 'CodeIgniter\Session\Handlers\FileHandler' driver.
INFO - 2022-02-11 18:07:53 --> Controller "App\Controllers\base\Order" loaded.
INFO - 2022-02-11 18:08:16 --> Session: Class initialized using 'CodeIgniter\Session\Handlers\FileHandler' driver.
INFO - 2022-02-11 18:08:16 --> Controller "App\Controllers\undangan\Undangan" loaded.
INFO - 2022-02-11 18:08:23 --> Session: Class initialized using 'CodeIgniter\Session\Handlers\FileHandler' driver.
INFO - 2022-02-11 18:08:23 --> Controller "App\Controllers\base\Dashboard" loaded.
INFO - 2022-02-11 18:08:23 --> Session: Class initialized using 'CodeIgniter\Session\Handlers\FileHandler' driver.
INFO - 2022-02-11 18:08:23 --> Controller "App\Controllers\base\Dashboard" loaded.
INFO - 2022-02-11 18:08:45 --> Session: Class initialized using 'CodeIgniter\Session\Handlers\FileHandler' driver.
INFO - 2022-02-11 18:08:45 --> Controller "App\Controllers\base\Dashboard" loaded.
INFO - 2022-02-11 18:08:45 --> Session: Class initialized using 'CodeIgniter\Session\Handlers\FileHandler' driver.
INFO - 2022-02-11 18:08:45 --> Controller "App\Controllers\base\Dashboard" loaded.
INFO - 2022-02-11 18:09:07 --> Session: Class initialized using 'CodeIgniter\Session\Handlers\FileHandler' driver.
INFO - 2022-02-11 18:09:07 --> Controller "App\Controllers\base\Dashboard" loaded.
INFO - 2022-02-11 18:09:11 --> Session: Class initialized using 'CodeIgniter\Session\Handlers\FileHandler' driver.
INFO - 2022-02-11 18:09:11 --> Controller "App\Controllers\base\Dashboard" loaded.
INFO - 2022-02-11 18:11:46 --> Controller "App\Controllers\base\Beranda" loaded.
INFO - 2022-02-11 18:11:51 --> Session: Class initialized using 'CodeIgniter\Session\Handlers\FileHandler' driver.
INFO - 2022-02-11 18:11:51 --> Controller "App\Controllers\base\Dashboard" loaded.
INFO - 2022-02-11 18:11:51 --> Session: Class initialized using 'CodeIgniter\Session\Handlers\FileHandler' driver.
INFO - 2022-02-11 18:11:51 --> Controller "App\Controllers\base\Dashboard" loaded.
INFO - 2022-02-11 18:12:31 --> Session: Class initialized using 'CodeIgniter\Session\Handlers\FileHandler' driver.
INFO - 2022-02-11 18:12:31 --> Controller "App\Controllers\base\Dashboard" loaded.
INFO - 2022-02-11 18:14:06 --> Session: Class initialized using 'CodeIgniter\Session\Handlers\FileHandler' driver.
INFO - 2022-02-11 18:14:06 --> Controller "App\Controllers\base\Order" loaded.
INFO - 2022-02-11 18:14:09 --> Session: Class initialized using 'CodeIgniter\Session\Handlers\FileHandler' driver.
INFO - 2022-02-11 18:14:09 --> Controller "App\Controllers\base\Dashboard" loaded.
INFO - 2022-02-11 18:14:09 --> Session: Class initialized using 'CodeIgniter\Session\Handlers\FileHandler' driver.
INFO - 2022-02-11 18:14:09 --> Controller "App\Controllers\base\Dashboard" loaded.
INFO - 2022-02-11 18:14:13 --> Session: Class initialized using 'CodeIgniter\Session\Handlers\FileHandler' driver.
INFO - 2022-02-11 18:14:13 --> Controller "App\Controllers\base\Dashboard" loaded.
INFO - 2022-02-11 18:14:13 --> Session: Class initialized using 'CodeIgniter\Session\Handlers\FileHandler' driver.
INFO - 2022-02-11 18:14:13 --> Controller "App\Controllers\base\Dashboard" loaded.
INFO - 2022-02-11 18:14:26 --> Session: Class initialized using 'CodeIgniter\Session\Handlers\FileHandler' driver.
INFO - 2022-02-11 18:14:26 --> Controller "App\Controllers\admin\Admin" loaded.
INFO - 2022-02-11 18:14:30 --> Session: Class initialized using 'CodeIgniter\Session\Handlers\FileHandler' driver.
INFO - 2022-02-11 18:14:30 --> Controller "App\Controllers\admin\Admin" loaded.
INFO - 2022-02-11 18:14:36 --> Session: Class initialized using 'CodeIgniter\Session\Handlers\FileHandler' driver.
INFO - 2022-02-11 18:14:36 --> Controller "App\Controllers\admin\Admin" loaded.
INFO - 2022-02-11 18:14:59 --> Session: Class initialized using 'CodeIgniter\Session\Handlers\FileHandler' driver.
INFO - 2022-02-11 18:14:59 --> Controller "App\Controllers\admin\Admin" loaded.
INFO - 2022-02-11 18:15:02 --> Session: Class initialized using 'CodeIgniter\Session\Handlers\FileHandler' driver.
INFO - 2022-02-11 18:15:02 --> Controller "App\Controllers\admin\Admin" loaded.
INFO - 2022-02-11 18:15:04 --> Session: Class initialized using 'CodeIgniter\Session\Handlers\FileHandler' driver.
INFO - 2022-02-11 18:15:04 --> Controller "App\Controllers\admin\Admin" loaded.
INFO - 2022-02-11 18:15:11 --> Session: Class initialized using 'CodeIgniter\Session\Handlers\FileHandler' driver.
INFO - 2022-02-11 18:15:11 --> Controller "App\Controllers\admin\Admin" loaded.
INFO - 2022-02-11 18:15:26 --> Session: Class initialized using 'CodeIgniter\Session\Handlers\FileHandler' driver.
INFO - 2022-02-11 18:15:26 --> Controller "App\Controllers\admin\Admin" loaded.
INFO - 2022-02-11 18:15:30 --> Session: Class initialized using 'CodeIgniter\Session\Handlers\FileHandler' driver.
INFO - 2022-02-11 18:15:30 --> Controller "App\Controllers\admin\Admin" loaded.
INFO - 2022-02-11 18:15:39 --> Session: Class initialized using 'CodeIgniter\Session\Handlers\FileHandler' driver.
INFO - 2022-02-11 18:15:39 --> Controller "App\Controllers\admin\Admin" loaded.
INFO - 2022-02-11 18:16:04 --> Session: Class initialized using 'CodeIgniter\Session\Handlers\FileHandler' driver.
INFO - 2022-02-11 18:16:04 --> Controller "App\Controllers\admin\Admin" loaded.
INFO - 2022-02-11 18:16:20 --> Session: Class initialized using 'CodeIgniter\Session\Handlers\FileHandler' driver.
INFO - 2022-02-11 18:16:20 --> Controller "App\Controllers\admin\Admin" loaded.
INFO - 2022-02-11 18:16:25 --> Session: Class initialized using 'CodeIgniter\Session\Handlers\FileHandler' driver.
INFO - 2022-02-11 18:16:25 --> Controller "App\Controllers\admin\Admin" loaded.
INFO - 2022-02-11 18:16:52 --> Session: Class initialized using 'CodeIgniter\Session\Handlers\FileHandler' driver.
INFO - 2022-02-11 18:16:52 --> Controller "App\Controllers\admin\Admin" loaded.
INFO - 2022-02-11 18:16:54 --> Session: Class initialized using 'CodeIgniter\Session\Handlers\FileHandler' driver.
INFO - 2022-02-11 18:16:54 --> Controller "App\Controllers\admin\Admin" loaded.
INFO - 2022-02-11 18:16:56 --> Session: Class initialized using 'CodeIgniter\Session\Handlers\FileHandler' driver.
INFO - 2022-02-11 18:16:56 --> Controller "App\Controllers\admin\Admin" loaded.
INFO - 2022-02-11 18:17:02 --> Session: Class initialized using 'CodeIgniter\Session\Handlers\FileHandler' driver.
INFO - 2022-02-11 18:17:02 --> Controller "App\Controllers\admin\Admin" loaded.
INFO - 2022-02-11 18:17:05 --> Session: Class initialized using 'CodeIgniter\Session\Handlers\FileHandler' driver.
INFO - 2022-02-11 18:17:05 --> Controller "App\Controllers\admin\Admin" loaded.
INFO - 2022-02-11 18:17:52 --> Controller "App\Controllers\base\Beranda" loaded.
INFO - 2022-02-11 18:18:00 --> Controller "App\Controllers\base\Beranda" loaded.
INFO - 2022-02-11 18:18:13 --> Session: Class initialized using 'CodeIgniter\Session\Handlers\FileHandler' driver.
INFO - 2022-02-11 18:18:13 --> Controller "App\Controllers\admin\Admin" loaded.
INFO - 2022-02-11 18:18:27 --> Session: Class initialized using 'CodeIgniter\Session\Handlers\FileHandler' driver.
INFO - 2022-02-11 18:18:27 --> Controller "App\Controllers\admin\Admin" loaded.
INFO - 2022-02-11 18:18:31 --> Session: Class initialized using 'CodeIgniter\Session\Handlers\FileHandler' driver.
INFO - 2022-02-11 18:18:31 --> Controller "App\Controllers\undangan\Undangan" loaded.
INFO - 2022-02-11 18:18:35 --> Session: Class initialized using 'CodeIgniter\Session\Handlers\FileHandler' driver.
INFO - 2022-02-11 18:18:35 --> Controller "App\Controllers\admin\Admin" loaded.
INFO - 2022-02-11 19:16:22 --> Controller "App\Controllers\base\Beranda" loaded.
INFO - 2022-02-11 19:18:26 --> Controller "App\Controllers\base\Beranda" loaded.
INFO - 2022-02-11 19:21:50 --> Controller "App\Controllers\base\Beranda" loaded.
INFO - 2022-02-11 19:39:32 --> Session: Class initialized using 'CodeIgniter\Session\Handlers\FileHandler' driver.
INFO - 2022-02-11 19:39:32 --> Controller "App\Controllers\admin\Admin" loaded.
INFO - 2022-02-11 19:40:14 --> Session: Class initialized using 'CodeIgniter\Session\Handlers\FileHandler' driver.
INFO - 2022-02-11 19:40:14 --> Controller "App\Controllers\admin\Admin" loaded.
INFO - 2022-02-11 19:40:14 --> Session: Class initialized using 'CodeIgniter\Session\Handlers\FileHandler' driver.
INFO - 2022-02-11 19:40:14 --> Controller "App\Controllers\admin\Admin" loaded.
INFO - 2022-02-11 19:40:20 --> Controller "App\Controllers\base\Beranda" loaded.
INFO - 2022-02-11 19:48:26 --> Controller "App\Controllers\base\Beranda" loaded.
INFO - 2022-02-11 19:49:00 --> Controller "App\Controllers\base\Beranda" loaded.
INFO - 2022-02-11 19:49:10 --> Controller "App\Controllers\base\Beranda" loaded.
INFO - 2022-02-11 19:50:18 --> Controller "App\Controllers\base\Beranda" loaded.
INFO - 2022-02-11 19:59:00 --> Controller "App\Controllers\base\Beranda" loaded.
INFO - 2022-02-11 19:59:55 --> Session: Class initialized using 'CodeIgniter\Session\Handlers\FileHandler' driver.
INFO - 2022-02-11 19:59:55 --> Controller "App\Controllers\base\Dashboard" loaded.
INFO - 2022-02-11 19:59:55 --> Session: Class initialized using 'CodeIgniter\Session\Handlers\FileHandler' driver.
INFO - 2022-02-11 19:59:55 --> Controller "App\Controllers\base\Dashboard" loaded.
INFO - 2022-02-11 20:00:32 --> Controller "App\Controllers\base\Beranda" loaded.
INFO - 2022-02-11 20:01:16 --> Controller "App\Controllers\base\Beranda" loaded.
INFO - 2022-02-11 20:08:06 --> Controller "App\Controllers\base\Beranda" loaded.
INFO - 2022-02-11 20:13:59 --> Controller "App\Controllers\base\Beranda" loaded.
INFO - 2022-02-11 20:18:00 --> Controller "App\Controllers\base\Beranda" loaded.
INFO - 2022-02-11 20:23:02 --> Controller "App\Controllers\base\Beranda" loaded.
INFO - 2022-02-11 20:23:04 --> Controller "App\Controllers\base\Beranda" loaded.
INFO - 2022-02-11 20:40:55 --> Controller "App\Controllers\base\Beranda" loaded.
INFO - 2022-02-11 20:42:09 --> Controller "App\Controllers\base\Beranda" loaded.
INFO - 2022-02-11 20:42:13 --> Controller "App\Controllers\base\Beranda" loaded.
INFO - 2022-02-11 20:43:55 --> Controller "App\Controllers\base\Beranda" loaded.
INFO - 2022-02-11 20:44:57 --> Controller "App\Controllers\base\Beranda" loaded.
INFO - 2022-02-11 20:47:20 --> Controller "App\Controllers\base\Beranda" loaded.
INFO - 2022-02-11 20:49:12 --> Controller "App\Controllers\base\Beranda" loaded.
INFO - 2022-02-11 20:50:25 --> Controller "App\Controllers\base\Beranda" loaded.
INFO - 2022-02-11 20:52:41 --> Controller "App\Controllers\base\Beranda" loaded.
INFO - 2022-02-11 20:54:38 --> Controller "App\Controllers\base\Beranda" loaded.
INFO - 2022-02-11 21:00:51 --> Controller "App\Controllers\base\Beranda" loaded.
INFO - 2022-02-11 21:00:52 --> Controller "App\Controllers\base\Beranda" loaded.
INFO - 2022-02-11 21:02:15 --> Controller "App\Controllers\base\Beranda" loaded.
INFO - 2022-02-11 21:02:50 --> Controller "App\Controllers\base\Beranda" loaded.
INFO - 2022-02-11 21:07:51 --> Controller "App\Controllers\base\Beranda" loaded.
INFO - 2022-02-11 21:10:53 --> Controller "App\Controllers\base\Beranda" loaded.
INFO - 2022-02-11 21:14:05 --> Controller "App\Controllers\base\Beranda" loaded.
INFO - 2022-02-11 21:15:15 --> Controller "App\Controllers\base\Beranda" loaded.
INFO - 2022-02-11 21:17:06 --> Controller "App\Controllers\base\Beranda" loaded.
INFO - 2022-02-11 21:19:51 --> Controller "App\Controllers\base\Beranda" loaded.
INFO - 2022-02-11 21:40:45 --> Controller "App\Controllers\base\Beranda" loaded.
INFO - 2022-02-11 21:49:22 --> Controller "App\Controllers\base\Beranda" loaded.
INFO - 2022-02-11 21:55:34 --> Controller "App\Controllers\base\Beranda" loaded.
INFO - 2022-02-11 21:58:33 --> Controller "App\Controllers\base\Beranda" loaded.
INFO - 2022-02-11 22:01:16 --> Controller "App\Controllers\base\Beranda" loaded.
INFO - 2022-02-11 22:18:16 --> Controller "App\Controllers\base\Beranda" loaded.
INFO - 2022-02-11 22:29:03 --> Session: Class initialized using 'CodeIgniter\Session\Handlers\FileHandler' driver.
INFO - 2022-02-11 22:29:03 --> Controller "App\Controllers\base\Dashboard" loaded.
INFO - 2022-02-11 22:29:08 --> Session: Class initialized using 'CodeIgniter\Session\Handlers\FileHandler' driver.
INFO - 2022-02-11 22:29:08 --> Controller "App\Controllers\base\Lupa_password" loaded.
INFO - 2022-02-11 22:29:10 --> Session: Class initialized using 'CodeIgniter\Session\Handlers\FileHandler' driver.
INFO - 2022-02-11 22:29:10 --> Controller "App\Controllers\base\Dashboard" loaded.
INFO - 2022-02-11 22:29:11 --> Session: Class initialized using 'CodeIgniter\Session\Handlers\FileHandler' driver.
INFO - 2022-02-11 22:29:11 --> Controller "App\Controllers\base\Lupa_password" loaded.
INFO - 2022-02-11 22:29:13 --> Session: Class initialized using 'CodeIgniter\Session\Handlers\FileHandler' driver.
INFO - 2022-02-11 22:29:13 --> Controller "App\Controllers\base\Dashboard" loaded.
INFO - 2022-02-11 22:29:16 --> Controller "App\Controllers\base\Beranda" loaded.
INFO - 2022-02-11 22:32:05 --> Controller "App\Controllers\base\Beranda" loaded.
INFO - 2022-02-11 22:33:45 --> Controller "App\Controllers\base\Beranda" loaded.
INFO - 2022-02-11 22:38:28 --> Controller "App\Controllers\base\Beranda" loaded.
INFO - 2022-02-11 22:39:35 --> Controller "App\Controllers\base\Beranda" loaded.
INFO - 2022-02-11 22:43:06 --> Controller "App\Controllers\base\Beranda" loaded.
INFO - 2022-02-11 22:57:30 --> Controller "App\Controllers\base\Beranda" loaded.
INFO - 2022-02-11 22:57:44 --> Controller "App\Controllers\base\Beranda" loaded.
INFO - 2022-02-11 22:58:35 --> Controller "App\Controllers\base\Beranda" loaded.
INFO - 2022-02-11 22:59:11 --> Controller "App\Controllers\base\Beranda" loaded.
INFO - 2022-02-11 23:06:11 --> Controller "App\Controllers\base\Beranda" loaded.
INFO - 2022-02-11 23:10:09 --> Controller "App\Controllers\base\Beranda" loaded.
INFO - 2022-02-11 23:12:31 --> Controller "App\Controllers\base\Beranda" loaded.
INFO - 2022-02-11 23:17:25 --> Controller "App\Controllers\base\Beranda" loaded.
INFO - 2022-02-11 23:21:03 --> Controller "App\Controllers\base\Beranda" loaded.
INFO - 2022-02-11 23:21:04 --> Controller "App\Controllers\base\Beranda" loaded.
INFO - 2022-02-11 23:24:34 --> Controller "App\Controllers\base\Beranda" loaded.
INFO - 2022-02-11 23:26:10 --> Controller "App\Controllers\base\Beranda" loaded.
INFO - 2022-02-11 23:26:26 --> Controller "App\Controllers\base\Beranda" loaded.
INFO - 2022-02-11 23:26:27 --> Controller "App\Controllers\base\Beranda" loaded.
INFO - 2022-02-11 23:28:15 --> Controller "App\Controllers\base\Beranda" loaded.
INFO - 2022-02-11 23:29:17 --> Controller "App\Controllers\base\Beranda" loaded.
INFO - 2022-02-11 23:37:04 --> Controller "App\Controllers\base\Beranda" loaded.
INFO - 2022-02-11 23:38:28 --> Controller "App\Controllers\base\Beranda" loaded.
INFO - 2022-02-11 23:39:04 --> Controller "App\Controllers\base\Beranda" loaded.
INFO - 2022-02-11 23:40:05 --> Controller "App\Controllers\base\Beranda" loaded.
INFO - 2022-02-11 23:44:48 --> Controller "App\Controllers\base\Beranda" loaded.
INFO - 2022-02-11 23:47:02 --> Controller "App\Controllers\base\Beranda" loaded.
INFO - 2022-02-11 23:47:55 --> Controller "App\Controllers\base\Beranda" loaded.
INFO - 2022-02-11 23:48:51 --> Controller "App\Controllers\base\Beranda" loaded.
INFO - 2022-02-11 23:49:09 --> Controller "App\Controllers\base\Beranda" loaded.
INFO - 2022-02-11 23:56:26 --> Controller "App\Controllers\base\Beranda" loaded.
INFO - 2022-02-11 23:58:26 --> Controller "App\Controllers\base\Beranda" loaded.
