INFO - 2024-05-12 00:11:04 --> Controller "App\Controllers\base\Beranda" loaded.
INFO - 2024-05-12 00:11:04 --> Controller "App\Controllers\base\Beranda" loaded.
INFO - 2024-05-12 00:11:41 --> Controller "App\Controllers\base\Beranda" loaded.
INFO - 2024-05-12 00:11:49 --> Controller "App\Controllers\base\Beranda" loaded.
INFO - 2024-05-12 00:11:57 --> Controller "App\Controllers\base\Beranda" loaded.
INFO - 2024-05-12 00:12:17 --> Controller "App\Controllers\base\Beranda" loaded.
INFO - 2024-05-12 00:18:16 --> Controller "App\Controllers\base\Beranda" loaded.
INFO - 2024-05-12 00:32:07 --> Controller "App\Controllers\base\Beranda" loaded.
INFO - 2024-05-12 00:49:29 --> Controller "App\Controllers\base\Beranda" loaded.
INFO - 2024-05-12 00:49:30 --> Controller "App\Controllers\base\Beranda" loaded.
INFO - 2024-05-12 00:49:31 --> Controller "App\Controllers\base\Beranda" loaded.
INFO - 2024-05-12 00:49:32 --> Controller "App\Controllers\base\Beranda" loaded.
INFO - 2024-05-12 00:49:33 --> Controller "App\Controllers\base\Beranda" loaded.
INFO - 2024-05-12 01:47:54 --> Controller "App\Controllers\base\Beranda" loaded.
INFO - 2024-05-12 01:47:59 --> Controller "App\Controllers\base\Beranda" loaded.
INFO - 2024-05-12 03:14:14 --> Controller "App\Controllers\base\Beranda" loaded.
INFO - 2024-05-12 03:19:18 --> Controller "App\Controllers\base\Beranda" loaded.
INFO - 2024-05-12 03:30:10 --> Controller "App\Controllers\base\Beranda" loaded.
INFO - 2024-05-12 03:31:27 --> Controller "App\Controllers\base\Beranda" loaded.
INFO - 2024-05-12 03:31:28 --> Controller "App\Controllers\base\Beranda" loaded.
INFO - 2024-05-12 03:39:47 --> Controller "App\Controllers\base\Beranda" loaded.
INFO - 2024-05-12 04:04:14 --> Controller "App\Controllers\base\Beranda" loaded.
INFO - 2024-05-12 04:06:37 --> Controller "App\Controllers\base\Beranda" loaded.
INFO - 2024-05-12 04:07:15 --> Controller "App\Controllers\base\Beranda" loaded.
INFO - 2024-05-12 04:07:16 --> Controller "App\Controllers\base\Beranda" loaded.
INFO - 2024-05-12 04:07:18 --> Controller "App\Controllers\base\Beranda" loaded.
INFO - 2024-05-12 04:07:18 --> Controller "App\Controllers\base\Beranda" loaded.
INFO - 2024-05-12 04:19:55 --> Controller "App\Controllers\base\Beranda" loaded.
INFO - 2024-05-12 04:37:43 --> Controller "App\Controllers\base\Beranda" loaded.
INFO - 2024-05-12 04:51:10 --> Controller "App\Controllers\base\Beranda" loaded.
INFO - 2024-05-12 04:52:02 --> Controller "App\Controllers\base\Beranda" loaded.
INFO - 2024-05-12 06:05:46 --> Controller "App\Controllers\base\Beranda" loaded.
INFO - 2024-05-12 06:12:08 --> Controller "App\Controllers\base\Beranda" loaded.
INFO - 2024-05-12 06:25:52 --> Controller "App\Controllers\base\Beranda" loaded.
INFO - 2024-05-12 06:28:19 --> Controller "App\Controllers\base\Beranda" loaded.
INFO - 2024-05-12 06:57:37 --> Controller "App\Controllers\base\Beranda" loaded.
INFO - 2024-05-12 06:58:04 --> Controller "App\Controllers\base\Beranda" loaded.
INFO - 2024-05-12 07:05:13 --> Controller "App\Controllers\base\Beranda" loaded.
INFO - 2024-05-12 07:13:30 --> Controller "App\Controllers\base\Beranda" loaded.
INFO - 2024-05-12 07:24:00 --> Controller "App\Controllers\base\Beranda" loaded.
INFO - 2024-05-12 07:51:10 --> Controller "App\Controllers\base\Beranda" loaded.
INFO - 2024-05-12 08:13:10 --> Controller "App\Controllers\base\Beranda" loaded.
INFO - 2024-05-12 08:13:11 --> Controller "App\Controllers\base\Beranda" loaded.
INFO - 2024-05-12 08:19:07 --> Controller "App\Controllers\base\Beranda" loaded.
INFO - 2024-05-12 08:19:08 --> Controller "App\Controllers\base\Beranda" loaded.
INFO - 2024-05-12 08:19:08 --> Controller "App\Controllers\base\Beranda" loaded.
INFO - 2024-05-12 08:19:43 --> Controller "App\Controllers\base\Beranda" loaded.
INFO - 2024-05-12 08:19:48 --> Controller "App\Controllers\base\Beranda" loaded.
INFO - 2024-05-12 08:19:57 --> Controller "App\Controllers\base\Beranda" loaded.
INFO - 2024-05-12 08:20:00 --> Controller "App\Controllers\base\Beranda" loaded.
INFO - 2024-05-12 08:20:01 --> Controller "App\Controllers\base\Beranda" loaded.
INFO - 2024-05-12 08:33:15 --> Controller "App\Controllers\base\Beranda" loaded.
INFO - 2024-05-12 09:06:58 --> Controller "App\Controllers\base\Beranda" loaded.
INFO - 2024-05-12 09:15:33 --> Controller "App\Controllers\base\Beranda" loaded.
INFO - 2024-05-12 09:21:32 --> Controller "App\Controllers\base\Beranda" loaded.
INFO - 2024-05-12 09:21:38 --> Controller "App\Controllers\base\Beranda" loaded.
INFO - 2024-05-12 09:59:18 --> Controller "App\Controllers\base\Beranda" loaded.
INFO - 2024-05-12 10:01:22 --> Controller "App\Controllers\base\Beranda" loaded.
INFO - 2024-05-12 10:09:59 --> Controller "App\Controllers\base\Beranda" loaded.
INFO - 2024-05-12 10:13:31 --> Controller "App\Controllers\base\Beranda" loaded.
INFO - 2024-05-12 10:13:36 --> Controller "App\Controllers\base\Beranda" loaded.
INFO - 2024-05-12 10:34:56 --> Controller "App\Controllers\base\Beranda" loaded.
INFO - 2024-05-12 10:36:24 --> Controller "App\Controllers\base\Beranda" loaded.
INFO - 2024-05-12 10:36:56 --> Session: Class initialized using 'CodeIgniter\Session\Handlers\FileHandler' driver.
INFO - 2024-05-12 10:36:56 --> Controller "App\Controllers\base\Order" loaded.
INFO - 2024-05-12 10:36:57 --> Controller "App\Controllers\base\Beranda" loaded.
INFO - 2024-05-12 10:36:57 --> Session: Class initialized using 'CodeIgniter\Session\Handlers\FileHandler' driver.
INFO - 2024-05-12 10:36:57 --> Controller "App\Controllers\base\Dashboard" loaded.
INFO - 2024-05-12 10:37:00 --> Controller "App\Controllers\base\Beranda" loaded.
INFO - 2024-05-12 10:37:07 --> Controller "App\Controllers\base\Beranda" loaded.
INFO - 2024-05-12 10:37:11 --> Session: Class initialized using 'CodeIgniter\Session\Handlers\FileHandler' driver.
INFO - 2024-05-12 10:37:11 --> Controller "App\Controllers\base\Lupa_password" loaded.
INFO - 2024-05-12 10:37:15 --> Controller "App\Controllers\base\Beranda" loaded.
INFO - 2024-05-12 10:37:28 --> Controller "App\Controllers\base\Beranda" loaded.
INFO - 2024-05-12 10:37:38 --> Controller "App\Controllers\base\Beranda" loaded.
INFO - 2024-05-12 10:37:42 --> Controller "App\Controllers\base\Beranda" loaded.
INFO - 2024-05-12 10:37:44 --> Controller "App\Controllers\base\Beranda" loaded.
INFO - 2024-05-12 10:37:48 --> Controller "App\Controllers\base\Beranda" loaded.
INFO - 2024-05-12 10:37:55 --> Controller "App\Controllers\base\Beranda" loaded.
INFO - 2024-05-12 10:37:56 --> Controller "App\Controllers\base\Beranda" loaded.
INFO - 2024-05-12 10:38:00 --> Controller "App\Controllers\base\Beranda" loaded.
INFO - 2024-05-12 10:38:02 --> Controller "App\Controllers\base\Beranda" loaded.
INFO - 2024-05-12 10:38:04 --> Controller "App\Controllers\base\Beranda" loaded.
INFO - 2024-05-12 10:38:10 --> Controller "App\Controllers\base\Beranda" loaded.
INFO - 2024-05-12 10:38:11 --> Controller "App\Controllers\base\Beranda" loaded.
INFO - 2024-05-12 10:38:12 --> Controller "App\Controllers\base\Beranda" loaded.
INFO - 2024-05-12 10:38:19 --> Controller "App\Controllers\base\Beranda" loaded.
INFO - 2024-05-12 10:38:21 --> Controller "App\Controllers\base\Beranda" loaded.
INFO - 2024-05-12 10:39:09 --> Session: Class initialized using 'CodeIgniter\Session\Handlers\FileHandler' driver.
INFO - 2024-05-12 10:39:09 --> Controller "App\Controllers\base\Dashboard" loaded.
INFO - 2024-05-12 10:40:00 --> Controller "App\Controllers\base\Beranda" loaded.
INFO - 2024-05-12 10:40:44 --> Controller "App\Controllers\base\Beranda" loaded.
INFO - 2024-05-12 10:41:18 --> Session: Class initialized using 'CodeIgniter\Session\Handlers\FileHandler' driver.
INFO - 2024-05-12 10:41:18 --> Controller "App\Controllers\base\Dashboard" loaded.
INFO - 2024-05-12 10:41:18 --> Session: Class initialized using 'CodeIgniter\Session\Handlers\FileHandler' driver.
INFO - 2024-05-12 10:41:18 --> Controller "App\Controllers\base\Dashboard" loaded.
INFO - 2024-05-12 10:41:22 --> Session: Class initialized using 'CodeIgniter\Session\Handlers\FileHandler' driver.
INFO - 2024-05-12 10:41:22 --> Controller "App\Controllers\undangan\Undangan" loaded.
INFO - 2024-05-12 10:41:38 --> Controller "App\Controllers\base\Beranda" loaded.
INFO - 2024-05-12 10:41:42 --> Controller "App\Controllers\base\Beranda" loaded.
INFO - 2024-05-12 10:41:46 --> Controller "App\Controllers\base\Beranda" loaded.
INFO - 2024-05-12 10:41:52 --> Controller "App\Controllers\base\Beranda" loaded.
INFO - 2024-05-12 10:42:24 --> Controller "App\Controllers\base\Beranda" loaded.
INFO - 2024-05-12 10:42:32 --> Controller "App\Controllers\base\Beranda" loaded.
INFO - 2024-05-12 10:42:54 --> Session: Class initialized using 'CodeIgniter\Session\Handlers\FileHandler' driver.
INFO - 2024-05-12 10:42:54 --> Controller "App\Controllers\base\Dashboard" loaded.
INFO - 2024-05-12 10:43:00 --> Controller "App\Controllers\base\Beranda" loaded.
INFO - 2024-05-12 10:43:03 --> Session: Class initialized using 'CodeIgniter\Session\Handlers\FileHandler' driver.
INFO - 2024-05-12 10:43:03 --> Controller "App\Controllers\base\Dashboard" loaded.
INFO - 2024-05-12 10:43:08 --> Controller "App\Controllers\base\Beranda" loaded.
INFO - 2024-05-12 10:43:20 --> Controller "App\Controllers\base\Beranda" loaded.
INFO - 2024-05-12 10:43:27 --> Controller "App\Controllers\base\Beranda" loaded.
INFO - 2024-05-12 10:43:27 --> Session: Class initialized using 'CodeIgniter\Session\Handlers\FileHandler' driver.
INFO - 2024-05-12 10:43:27 --> Controller "App\Controllers\base\Dashboard" loaded.
INFO - 2024-05-12 10:43:30 --> Controller "App\Controllers\base\Beranda" loaded.
INFO - 2024-05-12 10:43:33 --> Controller "App\Controllers\base\Beranda" loaded.
INFO - 2024-05-12 10:43:33 --> Session: Class initialized using 'CodeIgniter\Session\Handlers\FileHandler' driver.
INFO - 2024-05-12 10:43:33 --> Controller "App\Controllers\base\Dashboard" loaded.
INFO - 2024-05-12 10:43:38 --> Session: Class initialized using 'CodeIgniter\Session\Handlers\FileHandler' driver.
INFO - 2024-05-12 10:43:38 --> Controller "App\Controllers\base\Dashboard" loaded.
INFO - 2024-05-12 10:43:44 --> Session: Class initialized using 'CodeIgniter\Session\Handlers\FileHandler' driver.
INFO - 2024-05-12 10:43:44 --> Controller "App\Controllers\base\Dashboard" loaded.
INFO - 2024-05-12 10:43:52 --> Controller "App\Controllers\base\Beranda" loaded.
INFO - 2024-05-12 10:43:52 --> Session: Class initialized using 'CodeIgniter\Session\Handlers\FileHandler' driver.
INFO - 2024-05-12 10:43:52 --> Controller "App\Controllers\base\Order" loaded.
INFO - 2024-05-12 10:43:55 --> Session: Class initialized using 'CodeIgniter\Session\Handlers\FileHandler' driver.
INFO - 2024-05-12 10:43:55 --> Controller "App\Controllers\base\Dashboard" loaded.
INFO - 2024-05-12 10:44:00 --> Session: Class initialized using 'CodeIgniter\Session\Handlers\FileHandler' driver.
INFO - 2024-05-12 10:44:00 --> Controller "App\Controllers\base\Order" loaded.
INFO - 2024-05-12 10:44:01 --> Session: Class initialized using 'CodeIgniter\Session\Handlers\FileHandler' driver.
INFO - 2024-05-12 10:44:01 --> Controller "App\Controllers\base\Order" loaded.
INFO - 2024-05-12 10:44:04 --> Session: Class initialized using 'CodeIgniter\Session\Handlers\FileHandler' driver.
INFO - 2024-05-12 10:44:04 --> Controller "App\Controllers\base\Order" loaded.
INFO - 2024-05-12 10:44:05 --> Session: Class initialized using 'CodeIgniter\Session\Handlers\FileHandler' driver.
INFO - 2024-05-12 10:44:05 --> Controller "App\Controllers\base\Dashboard" loaded.
INFO - 2024-05-12 10:44:10 --> Session: Class initialized using 'CodeIgniter\Session\Handlers\FileHandler' driver.
INFO - 2024-05-12 10:44:10 --> Controller "App\Controllers\base\Dashboard" loaded.
INFO - 2024-05-12 10:44:11 --> Session: Class initialized using 'CodeIgniter\Session\Handlers\FileHandler' driver.
INFO - 2024-05-12 10:44:11 --> Controller "App\Controllers\base\Order" loaded.
INFO - 2024-05-12 10:44:12 --> Session: Class initialized using 'CodeIgniter\Session\Handlers\FileHandler' driver.
INFO - 2024-05-12 10:44:12 --> Controller "App\Controllers\base\Order" loaded.
INFO - 2024-05-12 10:44:13 --> Session: Class initialized using 'CodeIgniter\Session\Handlers\FileHandler' driver.
INFO - 2024-05-12 10:44:13 --> Controller "App\Controllers\base\Dashboard" loaded.
INFO - 2024-05-12 10:44:16 --> Session: Class initialized using 'CodeIgniter\Session\Handlers\FileHandler' driver.
INFO - 2024-05-12 10:44:16 --> Controller "App\Controllers\base\Order" loaded.
INFO - 2024-05-12 10:44:20 --> Session: Class initialized using 'CodeIgniter\Session\Handlers\FileHandler' driver.
INFO - 2024-05-12 10:44:20 --> Controller "App\Controllers\base\Order" loaded.
INFO - 2024-05-12 10:44:24 --> Session: Class initialized using 'CodeIgniter\Session\Handlers\FileHandler' driver.
INFO - 2024-05-12 10:44:24 --> Controller "App\Controllers\base\Order" loaded.
INFO - 2024-05-12 10:44:29 --> Session: Class initialized using 'CodeIgniter\Session\Handlers\FileHandler' driver.
INFO - 2024-05-12 10:44:29 --> Controller "App\Controllers\base\Order" loaded.
INFO - 2024-05-12 10:44:32 --> Session: Class initialized using 'CodeIgniter\Session\Handlers\FileHandler' driver.
INFO - 2024-05-12 10:44:32 --> Controller "App\Controllers\base\Order" loaded.
INFO - 2024-05-12 10:44:32 --> Session: Class initialized using 'CodeIgniter\Session\Handlers\FileHandler' driver.
INFO - 2024-05-12 10:44:32 --> Controller "App\Controllers\base\Dashboard" loaded.
INFO - 2024-05-12 10:44:39 --> Controller "App\Controllers\base\Beranda" loaded.
INFO - 2024-05-12 10:44:41 --> Session: Class initialized using 'CodeIgniter\Session\Handlers\FileHandler' driver.
INFO - 2024-05-12 10:44:41 --> Controller "App\Controllers\base\Order" loaded.
INFO - 2024-05-12 10:44:44 --> Session: Class initialized using 'CodeIgniter\Session\Handlers\FileHandler' driver.
INFO - 2024-05-12 10:44:44 --> Controller "App\Controllers\undangan\Undangan" loaded.
INFO - 2024-05-12 10:44:50 --> Session: Class initialized using 'CodeIgniter\Session\Handlers\FileHandler' driver.
INFO - 2024-05-12 10:44:50 --> Controller "App\Controllers\base\Order" loaded.
INFO - 2024-05-12 10:44:52 --> Session: Class initialized using 'CodeIgniter\Session\Handlers\FileHandler' driver.
INFO - 2024-05-12 10:44:52 --> Controller "App\Controllers\base\Order" loaded.
INFO - 2024-05-12 10:44:57 --> Session: Class initialized using 'CodeIgniter\Session\Handlers\FileHandler' driver.
INFO - 2024-05-12 10:44:57 --> Controller "App\Controllers\base\Order" loaded.
INFO - 2024-05-12 10:45:01 --> Session: Class initialized using 'CodeIgniter\Session\Handlers\FileHandler' driver.
INFO - 2024-05-12 10:45:01 --> Controller "App\Controllers\base\Order" loaded.
INFO - 2024-05-12 10:45:04 --> Session: Class initialized using 'CodeIgniter\Session\Handlers\FileHandler' driver.
INFO - 2024-05-12 10:45:04 --> Controller "App\Controllers\base\Order" loaded.
INFO - 2024-05-12 10:45:08 --> Session: Class initialized using 'CodeIgniter\Session\Handlers\FileHandler' driver.
INFO - 2024-05-12 10:45:08 --> Controller "App\Controllers\base\Order" loaded.
INFO - 2024-05-12 10:45:14 --> Session: Class initialized using 'CodeIgniter\Session\Handlers\FileHandler' driver.
INFO - 2024-05-12 10:45:14 --> Controller "App\Controllers\base\Order" loaded.
INFO - 2024-05-12 10:45:16 --> Session: Class initialized using 'CodeIgniter\Session\Handlers\FileHandler' driver.
INFO - 2024-05-12 10:45:16 --> Controller "App\Controllers\base\Order" loaded.
INFO - 2024-05-12 10:45:20 --> Session: Class initialized using 'CodeIgniter\Session\Handlers\FileHandler' driver.
INFO - 2024-05-12 10:45:20 --> Controller "App\Controllers\base\Order" loaded.
INFO - 2024-05-12 10:45:24 --> Session: Class initialized using 'CodeIgniter\Session\Handlers\FileHandler' driver.
INFO - 2024-05-12 10:45:24 --> Controller "App\Controllers\base\Order" loaded.
INFO - 2024-05-12 10:45:28 --> Session: Class initialized using 'CodeIgniter\Session\Handlers\FileHandler' driver.
INFO - 2024-05-12 10:45:28 --> Controller "App\Controllers\base\Order" loaded.
INFO - 2024-05-12 10:45:32 --> Controller "App\Controllers\base\Beranda" loaded.
INFO - 2024-05-12 10:45:40 --> Session: Class initialized using 'CodeIgniter\Session\Handlers\FileHandler' driver.
INFO - 2024-05-12 10:45:40 --> Controller "App\Controllers\base\Order" loaded.
INFO - 2024-05-12 10:45:44 --> Controller "App\Controllers\base\Beranda" loaded.
INFO - 2024-05-12 10:45:48 --> Controller "App\Controllers\base\Beranda" loaded.
INFO - 2024-05-12 10:45:52 --> Controller "App\Controllers\base\Beranda" loaded.
INFO - 2024-05-12 10:45:56 --> Controller "App\Controllers\base\Beranda" loaded.
INFO - 2024-05-12 10:46:07 --> Controller "App\Controllers\base\Beranda" loaded.
INFO - 2024-05-12 10:46:12 --> Controller "App\Controllers\base\Beranda" loaded.
INFO - 2024-05-12 10:46:28 --> Controller "App\Controllers\base\Beranda" loaded.
INFO - 2024-05-12 10:46:44 --> Controller "App\Controllers\base\Beranda" loaded.
INFO - 2024-05-12 10:46:57 --> Controller "App\Controllers\base\Beranda" loaded.
INFO - 2024-05-12 10:47:00 --> Controller "App\Controllers\base\Beranda" loaded.
INFO - 2024-05-12 10:47:04 --> Controller "App\Controllers\base\Beranda" loaded.
INFO - 2024-05-12 10:47:08 --> Controller "App\Controllers\base\Beranda" loaded.
INFO - 2024-05-12 10:47:12 --> Controller "App\Controllers\base\Beranda" loaded.
INFO - 2024-05-12 10:47:14 --> Session: Class initialized using 'CodeIgniter\Session\Handlers\FileHandler' driver.
INFO - 2024-05-12 10:47:14 --> Controller "App\Controllers\base\Dashboard" loaded.
INFO - 2024-05-12 10:47:25 --> Controller "App\Controllers\base\Beranda" loaded.
INFO - 2024-05-12 10:47:40 --> Controller "App\Controllers\base\Beranda" loaded.
INFO - 2024-05-12 10:47:50 --> Session: Class initialized using 'CodeIgniter\Session\Handlers\FileHandler' driver.
INFO - 2024-05-12 10:47:50 --> Controller "App\Controllers\base\Dashboard" loaded.
INFO - 2024-05-12 10:47:50 --> Session: Class initialized using 'CodeIgniter\Session\Handlers\FileHandler' driver.
INFO - 2024-05-12 10:47:50 --> Controller "App\Controllers\base\Dashboard" loaded.
INFO - 2024-05-12 10:47:52 --> Controller "App\Controllers\base\Beranda" loaded.
INFO - 2024-05-12 10:47:53 --> Controller "App\Controllers\base\Beranda" loaded.
INFO - 2024-05-12 10:48:00 --> Controller "App\Controllers\base\Beranda" loaded.
INFO - 2024-05-12 10:48:05 --> Session: Class initialized using 'CodeIgniter\Session\Handlers\FileHandler' driver.
INFO - 2024-05-12 10:48:05 --> Controller "App\Controllers\undangan\Undangan" loaded.
INFO - 2024-05-12 10:48:08 --> Controller "App\Controllers\base\Beranda" loaded.
INFO - 2024-05-12 10:48:12 --> Session: Class initialized using 'CodeIgniter\Session\Handlers\FileHandler' driver.
INFO - 2024-05-12 10:48:12 --> Controller "App\Controllers\undangan\Undangan" loaded.
INFO - 2024-05-12 10:48:28 --> Controller "App\Controllers\base\Beranda" loaded.
INFO - 2024-05-12 10:48:35 --> Session: Class initialized using 'CodeIgniter\Session\Handlers\FileHandler' driver.
INFO - 2024-05-12 10:48:35 --> Controller "App\Controllers\undangan\Undangan" loaded.
INFO - 2024-05-12 10:48:35 --> Controller "App\Controllers\base\Beranda" loaded.
INFO - 2024-05-12 10:48:36 --> Controller "App\Controllers\base\Beranda" loaded.
INFO - 2024-05-12 10:48:44 --> Controller "App\Controllers\base\Beranda" loaded.
INFO - 2024-05-12 10:48:51 --> Controller "App\Controllers\base\Beranda" loaded.
INFO - 2024-05-12 10:48:52 --> Controller "App\Controllers\base\Beranda" loaded.
INFO - 2024-05-12 10:49:00 --> Controller "App\Controllers\base\Beranda" loaded.
INFO - 2024-05-12 10:49:12 --> Controller "App\Controllers\base\Beranda" loaded.
INFO - 2024-05-12 10:49:18 --> Controller "App\Controllers\base\Beranda" loaded.
INFO - 2024-05-12 10:49:28 --> Controller "App\Controllers\base\Beranda" loaded.
INFO - 2024-05-12 10:49:39 --> Controller "App\Controllers\base\Beranda" loaded.
INFO - 2024-05-12 10:49:40 --> Controller "App\Controllers\base\Beranda" loaded.
INFO - 2024-05-12 10:49:44 --> Controller "App\Controllers\base\Beranda" loaded.
INFO - 2024-05-12 10:50:02 --> Session: Class initialized using 'CodeIgniter\Session\Handlers\FileHandler' driver.
INFO - 2024-05-12 10:50:02 --> Controller "App\Controllers\undangan\Undangan" loaded.
INFO - 2024-05-12 10:50:04 --> Controller "App\Controllers\base\Beranda" loaded.
INFO - 2024-05-12 10:50:08 --> Controller "App\Controllers\base\Beranda" loaded.
INFO - 2024-05-12 10:50:16 --> Controller "App\Controllers\base\Beranda" loaded.
INFO - 2024-05-12 10:50:26 --> Controller "App\Controllers\base\Beranda" loaded.
INFO - 2024-05-12 10:50:49 --> Session: Class initialized using 'CodeIgniter\Session\Handlers\FileHandler' driver.
INFO - 2024-05-12 10:50:49 --> Controller "App\Controllers\undangan\Undangan" loaded.
INFO - 2024-05-12 10:50:52 --> Controller "App\Controllers\base\Beranda" loaded.
INFO - 2024-05-12 10:50:56 --> Controller "App\Controllers\base\Beranda" loaded.
INFO - 2024-05-12 10:51:04 --> Controller "App\Controllers\base\Beranda" loaded.
INFO - 2024-05-12 10:51:05 --> Controller "App\Controllers\base\Beranda" loaded.
INFO - 2024-05-12 10:51:10 --> Controller "App\Controllers\base\Beranda" loaded.
INFO - 2024-05-12 10:51:13 --> Controller "App\Controllers\base\Beranda" loaded.
INFO - 2024-05-12 10:51:16 --> Controller "App\Controllers\base\Beranda" loaded.
INFO - 2024-05-12 10:51:52 --> Controller "App\Controllers\base\Beranda" loaded.
INFO - 2024-05-12 10:52:27 --> Session: Class initialized using 'CodeIgniter\Session\Handlers\FileHandler' driver.
INFO - 2024-05-12 10:52:27 --> Controller "App\Controllers\undangan\Undangan" loaded.
INFO - 2024-05-12 10:52:28 --> Session: Class initialized using 'CodeIgniter\Session\Handlers\FileHandler' driver.
INFO - 2024-05-12 10:52:28 --> Controller "App\Controllers\base\Order" loaded.
INFO - 2024-05-12 10:53:26 --> Session: Class initialized using 'CodeIgniter\Session\Handlers\FileHandler' driver.
INFO - 2024-05-12 10:53:26 --> Controller "App\Controllers\undangan\Undangan" loaded.
INFO - 2024-05-12 11:16:15 --> Controller "App\Controllers\base\Beranda" loaded.
INFO - 2024-05-12 11:19:12 --> Controller "App\Controllers\base\Beranda" loaded.
INFO - 2024-05-12 12:11:54 --> Controller "App\Controllers\base\Beranda" loaded.
INFO - 2024-05-12 12:25:23 --> Session: Class initialized using 'CodeIgniter\Session\Handlers\FileHandler' driver.
INFO - 2024-05-12 12:25:23 --> Controller "App\Controllers\base\Dashboard" loaded.
INFO - 2024-05-12 12:25:36 --> Session: Class initialized using 'CodeIgniter\Session\Handlers\FileHandler' driver.
INFO - 2024-05-12 12:25:36 --> Controller "App\Controllers\base\Dashboard" loaded.
INFO - 2024-05-12 12:25:36 --> Session: Class initialized using 'CodeIgniter\Session\Handlers\FileHandler' driver.
INFO - 2024-05-12 12:25:36 --> Controller "App\Controllers\base\Dashboard" loaded.
INFO - 2024-05-12 12:25:44 --> Controller "App\Controllers\base\Beranda" loaded.
INFO - 2024-05-12 12:27:09 --> Controller "App\Controllers\base\Beranda" loaded.
INFO - 2024-05-12 13:45:19 --> Controller "App\Controllers\base\Beranda" loaded.
INFO - 2024-05-12 14:02:34 --> Controller "App\Controllers\base\Beranda" loaded.
INFO - 2024-05-12 14:02:38 --> Controller "App\Controllers\base\Beranda" loaded.
INFO - 2024-05-12 14:03:20 --> Controller "App\Controllers\base\Beranda" loaded.
INFO - 2024-05-12 14:03:20 --> Controller "App\Controllers\base\Beranda" loaded.
INFO - 2024-05-12 14:03:20 --> Controller "App\Controllers\base\Beranda" loaded.
INFO - 2024-05-12 14:03:21 --> Controller "App\Controllers\base\Beranda" loaded.
INFO - 2024-05-12 14:03:21 --> Controller "App\Controllers\base\Beranda" loaded.
INFO - 2024-05-12 14:03:23 --> Controller "App\Controllers\base\Beranda" loaded.
INFO - 2024-05-12 14:20:42 --> Controller "App\Controllers\base\Beranda" loaded.
INFO - 2024-05-12 14:29:29 --> Controller "App\Controllers\base\Beranda" loaded.
INFO - 2024-05-12 14:33:56 --> Controller "App\Controllers\base\Beranda" loaded.
INFO - 2024-05-12 15:13:43 --> Controller "App\Controllers\base\Beranda" loaded.
INFO - 2024-05-12 15:19:15 --> Session: Class initialized using 'CodeIgniter\Session\Handlers\FileHandler' driver.
INFO - 2024-05-12 15:19:15 --> Controller "App\Controllers\undangan\Undangan" loaded.
INFO - 2024-05-12 15:21:04 --> Controller "App\Controllers\base\Beranda" loaded.
INFO - 2024-05-12 15:21:15 --> Session: Class initialized using 'CodeIgniter\Session\Handlers\FileHandler' driver.
INFO - 2024-05-12 15:21:15 --> Controller "App\Controllers\admin\Admin" loaded.
INFO - 2024-05-12 15:21:19 --> Session: Class initialized using 'CodeIgniter\Session\Handlers\FileHandler' driver.
INFO - 2024-05-12 15:21:19 --> Controller "App\Controllers\admin\Admin" loaded.
INFO - 2024-05-12 15:21:19 --> Session: Class initialized using 'CodeIgniter\Session\Handlers\FileHandler' driver.
INFO - 2024-05-12 15:21:19 --> Controller "App\Controllers\admin\Admin" loaded.
INFO - 2024-05-12 15:23:04 --> Session: Class initialized using 'CodeIgniter\Session\Handlers\FileHandler' driver.
INFO - 2024-05-12 15:23:04 --> Controller "App\Controllers\admin\Admin" loaded.
INFO - 2024-05-12 15:23:52 --> Session: Class initialized using 'CodeIgniter\Session\Handlers\FileHandler' driver.
INFO - 2024-05-12 15:23:52 --> Controller "App\Controllers\bukutamu\Bukutamu" loaded.
INFO - 2024-05-12 15:35:02 --> Session: Class initialized using 'CodeIgniter\Session\Handlers\FileHandler' driver.
INFO - 2024-05-12 15:35:02 --> Controller "App\Controllers\admin\Admin" loaded.
INFO - 2024-05-12 15:35:18 --> Session: Class initialized using 'CodeIgniter\Session\Handlers\FileHandler' driver.
INFO - 2024-05-12 15:35:18 --> Controller "App\Controllers\admin\Admin" loaded.
INFO - 2024-05-12 15:35:41 --> Session: Class initialized using 'CodeIgniter\Session\Handlers\FileHandler' driver.
INFO - 2024-05-12 15:35:41 --> Controller "App\Controllers\base\Order" loaded.
INFO - 2024-05-12 15:35:41 --> Controller "App\Controllers\base\Beranda" loaded.
INFO - 2024-05-12 15:35:51 --> Controller "App\Controllers\base\Beranda" loaded.
INFO - 2024-05-12 15:36:05 --> Controller "App\Controllers\base\Beranda" loaded.
INFO - 2024-05-12 15:36:15 --> Controller "App\Controllers\base\Beranda" loaded.
INFO - 2024-05-12 15:36:46 --> Session: Class initialized using 'CodeIgniter\Session\Handlers\FileHandler' driver.
INFO - 2024-05-12 15:36:46 --> Controller "App\Controllers\base\Order" loaded.
INFO - 2024-05-12 15:36:46 --> Controller "App\Controllers\base\Beranda" loaded.
INFO - 2024-05-12 15:37:01 --> Controller "App\Controllers\base\Beranda" loaded.
INFO - 2024-05-12 15:37:10 --> Controller "App\Controllers\base\Beranda" loaded.
INFO - 2024-05-12 15:44:50 --> Session: Class initialized using 'CodeIgniter\Session\Handlers\FileHandler' driver.
INFO - 2024-05-12 15:44:50 --> Controller "App\Controllers\undangan\Undangan" loaded.
INFO - 2024-05-12 15:44:54 --> Session: Class initialized using 'CodeIgniter\Session\Handlers\FileHandler' driver.
INFO - 2024-05-12 15:44:54 --> Controller "App\Controllers\undangan\Undangan" loaded.
INFO - 2024-05-12 15:45:22 --> Session: Class initialized using 'CodeIgniter\Session\Handlers\FileHandler' driver.
INFO - 2024-05-12 15:45:22 --> Controller "App\Controllers\undangan\Undangan" loaded.
INFO - 2024-05-12 15:46:53 --> Session: Class initialized using 'CodeIgniter\Session\Handlers\FileHandler' driver.
INFO - 2024-05-12 15:46:53 --> Controller "App\Controllers\undangan\Undangan" loaded.
INFO - 2024-05-12 16:33:09 --> Controller "App\Controllers\base\Beranda" loaded.
INFO - 2024-05-12 17:59:19 --> Controller "App\Controllers\base\Beranda" loaded.
INFO - 2024-05-12 17:59:57 --> Controller "App\Controllers\base\Beranda" loaded.
INFO - 2024-05-12 18:03:01 --> Controller "App\Controllers\base\Beranda" loaded.
INFO - 2024-05-12 18:03:03 --> Controller "App\Controllers\base\Beranda" loaded.
INFO - 2024-05-12 18:03:23 --> Controller "App\Controllers\base\Beranda" loaded.
INFO - 2024-05-12 18:03:26 --> Controller "App\Controllers\base\Beranda" loaded.
INFO - 2024-05-12 18:03:27 --> Controller "App\Controllers\base\Beranda" loaded.
INFO - 2024-05-12 18:03:30 --> Controller "App\Controllers\base\Beranda" loaded.
INFO - 2024-05-12 18:03:33 --> Controller "App\Controllers\base\Beranda" loaded.
INFO - 2024-05-12 18:03:40 --> Controller "App\Controllers\base\Beranda" loaded.
INFO - 2024-05-12 18:07:46 --> Controller "App\Controllers\base\Beranda" loaded.
INFO - 2024-05-12 18:12:09 --> Controller "App\Controllers\base\Beranda" loaded.
INFO - 2024-05-12 18:18:57 --> Controller "App\Controllers\base\Beranda" loaded.
INFO - 2024-05-12 18:19:00 --> Controller "App\Controllers\base\Beranda" loaded.
INFO - 2024-05-12 18:19:05 --> Controller "App\Controllers\base\Beranda" loaded.
INFO - 2024-05-12 18:19:06 --> Controller "App\Controllers\base\Beranda" loaded.
INFO - 2024-05-12 18:19:07 --> Controller "App\Controllers\base\Beranda" loaded.
INFO - 2024-05-12 18:19:08 --> Controller "App\Controllers\base\Beranda" loaded.
INFO - 2024-05-12 18:19:09 --> Controller "App\Controllers\base\Beranda" loaded.
INFO - 2024-05-12 18:19:10 --> Controller "App\Controllers\base\Beranda" loaded.
INFO - 2024-05-12 18:19:11 --> Controller "App\Controllers\base\Beranda" loaded.
INFO - 2024-05-12 18:19:13 --> Controller "App\Controllers\base\Beranda" loaded.
INFO - 2024-05-12 18:19:14 --> Controller "App\Controllers\base\Beranda" loaded.
INFO - 2024-05-12 18:19:16 --> Controller "App\Controllers\base\Beranda" loaded.
INFO - 2024-05-12 18:19:16 --> Controller "App\Controllers\base\Beranda" loaded.
INFO - 2024-05-12 18:19:18 --> Controller "App\Controllers\base\Beranda" loaded.
INFO - 2024-05-12 18:19:18 --> Controller "App\Controllers\base\Beranda" loaded.
INFO - 2024-05-12 18:19:20 --> Controller "App\Controllers\base\Beranda" loaded.
INFO - 2024-05-12 18:19:24 --> Controller "App\Controllers\base\Beranda" loaded.
INFO - 2024-05-12 18:19:26 --> Controller "App\Controllers\base\Beranda" loaded.
INFO - 2024-05-12 18:19:40 --> Session: Class initialized using 'CodeIgniter\Session\Handlers\FileHandler' driver.
INFO - 2024-05-12 18:19:40 --> Controller "App\Controllers\base\Dashboard" loaded.
INFO - 2024-05-12 18:20:57 --> Controller "App\Controllers\base\Beranda" loaded.
INFO - 2024-05-12 18:22:26 --> Controller "App\Controllers\base\Beranda" loaded.
INFO - 2024-05-12 18:22:26 --> Controller "App\Controllers\base\Beranda" loaded.
INFO - 2024-05-12 18:25:40 --> Controller "App\Controllers\base\Beranda" loaded.
INFO - 2024-05-12 18:26:18 --> Controller "App\Controllers\base\Beranda" loaded.
INFO - 2024-05-12 18:27:55 --> Controller "App\Controllers\base\Beranda" loaded.
INFO - 2024-05-12 18:33:20 --> Controller "App\Controllers\base\Beranda" loaded.
INFO - 2024-05-12 19:03:53 --> Controller "App\Controllers\base\Beranda" loaded.
INFO - 2024-05-12 19:11:40 --> Controller "App\Controllers\base\Beranda" loaded.
INFO - 2024-05-12 19:12:49 --> Session: Class initialized using 'CodeIgniter\Session\Handlers\FileHandler' driver.
INFO - 2024-05-12 19:12:49 --> Controller "App\Controllers\base\Order" loaded.
INFO - 2024-05-12 19:12:53 --> Controller "App\Controllers\base\Beranda" loaded.
INFO - 2024-05-12 19:25:01 --> Controller "App\Controllers\base\Beranda" loaded.
INFO - 2024-05-12 19:25:05 --> Controller "App\Controllers\base\Beranda" loaded.
INFO - 2024-05-12 19:44:21 --> Session: Class initialized using 'CodeIgniter\Session\Handlers\FileHandler' driver.
INFO - 2024-05-12 19:44:21 --> Controller "App\Controllers\admin\Admin" loaded.
INFO - 2024-05-12 19:52:29 --> Controller "App\Controllers\base\Beranda" loaded.
INFO - 2024-05-12 20:11:44 --> Controller "App\Controllers\base\Beranda" loaded.
INFO - 2024-05-12 20:14:57 --> Controller "App\Controllers\base\Beranda" loaded.
INFO - 2024-05-12 21:11:37 --> Controller "App\Controllers\base\Beranda" loaded.
INFO - 2024-05-12 21:16:48 --> Controller "App\Controllers\base\Beranda" loaded.
INFO - 2024-05-12 21:22:41 --> Controller "App\Controllers\base\Beranda" loaded.
INFO - 2024-05-12 21:54:53 --> Controller "App\Controllers\base\Beranda" loaded.
INFO - 2024-05-12 21:55:43 --> Controller "App\Controllers\base\Beranda" loaded.
INFO - 2024-05-12 21:55:43 --> Controller "App\Controllers\base\Beranda" loaded.
INFO - 2024-05-12 21:55:44 --> Controller "App\Controllers\base\Beranda" loaded.
INFO - 2024-05-12 21:55:45 --> Controller "App\Controllers\base\Beranda" loaded.
INFO - 2024-05-12 21:55:45 --> Controller "App\Controllers\base\Beranda" loaded.
INFO - 2024-05-12 21:55:45 --> Controller "App\Controllers\base\Beranda" loaded.
INFO - 2024-05-12 21:55:47 --> Controller "App\Controllers\base\Beranda" loaded.
INFO - 2024-05-12 22:48:12 --> Controller "App\Controllers\base\Beranda" loaded.
INFO - 2024-05-12 22:48:32 --> Controller "App\Controllers\base\Beranda" loaded.
INFO - 2024-05-12 22:48:32 --> Controller "App\Controllers\base\Beranda" loaded.
INFO - 2024-05-12 22:48:32 --> Controller "App\Controllers\base\Beranda" loaded.
INFO - 2024-05-12 22:48:33 --> Controller "App\Controllers\base\Beranda" loaded.
INFO - 2024-05-12 22:48:33 --> Controller "App\Controllers\base\Beranda" loaded.
INFO - 2024-05-12 22:48:38 --> Controller "App\Controllers\base\Beranda" loaded.
INFO - 2024-05-12 22:48:51 --> Controller "App\Controllers\base\Beranda" loaded.
INFO - 2024-05-12 22:52:42 --> Controller "App\Controllers\base\Beranda" loaded.
INFO - 2024-05-12 23:33:27 --> Controller "App\Controllers\base\Beranda" loaded.
INFO - 2024-05-12 23:49:51 --> Controller "App\Controllers\base\Beranda" loaded.
