INFO - 2022-02-09 20:37:47 --> Controller "App\Controllers\base\Beranda" loaded.
INFO - 2022-02-09 20:38:10 --> Session: Class initialized using 'CodeIgniter\Session\Handlers\FileHandler' driver.
INFO - 2022-02-09 20:38:11 --> Session: Class initialized using 'CodeIgniter\Session\Handlers\FileHandler' driver.
INFO - 2022-02-09 20:38:11 --> Controller "App\Controllers\base\Dashboard" loaded.
INFO - 2022-02-09 20:38:22 --> Session: Class initialized using 'CodeIgniter\Session\Handlers\FileHandler' driver.
INFO - 2022-02-09 20:38:22 --> Controller "App\Controllers\base\Dashboard" loaded.
INFO - 2022-02-09 20:40:09 --> Session: Class initialized using 'CodeIgniter\Session\Handlers\FileHandler' driver.
INFO - 2022-02-09 20:40:09 --> Controller "App\Controllers\admin\Admin" loaded.
INFO - 2022-02-09 20:43:52 --> Session: Class initialized using 'CodeIgniter\Session\Handlers\FileHandler' driver.
INFO - 2022-02-09 20:43:52 --> Controller "App\Controllers\admin\Admin" loaded.
INFO - 2022-02-09 20:43:53 --> Session: Class initialized using 'CodeIgniter\Session\Handlers\FileHandler' driver.
INFO - 2022-02-09 20:43:53 --> Controller "App\Controllers\admin\Admin" loaded.
INFO - 2022-02-09 20:44:07 --> Session: Class initialized using 'CodeIgniter\Session\Handlers\FileHandler' driver.
INFO - 2022-02-09 20:44:07 --> Controller "App\Controllers\admin\Admin" loaded.
INFO - 2022-02-09 20:44:07 --> Session: Class initialized using 'CodeIgniter\Session\Handlers\FileHandler' driver.
INFO - 2022-02-09 20:44:07 --> Controller "App\Controllers\admin\Admin" loaded.
INFO - 2022-02-09 20:44:20 --> Session: Class initialized using 'CodeIgniter\Session\Handlers\FileHandler' driver.
INFO - 2022-02-09 20:44:20 --> Controller "App\Controllers\admin\Admin" loaded.
INFO - 2022-02-09 20:44:20 --> Session: Class initialized using 'CodeIgniter\Session\Handlers\FileHandler' driver.
INFO - 2022-02-09 20:44:20 --> Controller "App\Controllers\admin\Admin" loaded.
INFO - 2022-02-09 20:46:12 --> Session: Class initialized using 'CodeIgniter\Session\Handlers\FileHandler' driver.
INFO - 2022-02-09 20:46:12 --> Controller "App\Controllers\admin\Admin" loaded.
INFO - 2022-02-09 20:46:13 --> Session: Class initialized using 'CodeIgniter\Session\Handlers\FileHandler' driver.
INFO - 2022-02-09 20:46:13 --> Controller "App\Controllers\admin\Admin" loaded.
INFO - 2022-02-09 20:57:40 --> Session: Class initialized using 'CodeIgniter\Session\Handlers\FileHandler' driver.
INFO - 2022-02-09 20:57:40 --> Controller "App\Controllers\admin\Admin" loaded.
INFO - 2022-02-09 20:58:40 --> Session: Class initialized using 'CodeIgniter\Session\Handlers\FileHandler' driver.
INFO - 2022-02-09 20:58:40 --> Controller "App\Controllers\admin\Admin" loaded.
INFO - 2022-02-09 20:58:40 --> Session: Class initialized using 'CodeIgniter\Session\Handlers\FileHandler' driver.
INFO - 2022-02-09 20:58:40 --> Controller "App\Controllers\admin\Admin" loaded.
INFO - 2022-02-09 20:58:45 --> Session: Class initialized using 'CodeIgniter\Session\Handlers\FileHandler' driver.
INFO - 2022-02-09 20:58:45 --> Controller "App\Controllers\undangan\Undangan" loaded.
INFO - 2022-02-09 20:59:07 --> Session: Class initialized using 'CodeIgniter\Session\Handlers\FileHandler' driver.
INFO - 2022-02-09 20:59:07 --> Controller "App\Controllers\admin\Admin" loaded.
INFO - 2022-02-09 20:59:12 --> Session: Class initialized using 'CodeIgniter\Session\Handlers\FileHandler' driver.
INFO - 2022-02-09 20:59:12 --> Controller "App\Controllers\admin\Admin" loaded.
INFO - 2022-02-09 20:59:17 --> Session: Class initialized using 'CodeIgniter\Session\Handlers\FileHandler' driver.
INFO - 2022-02-09 20:59:17 --> Controller "App\Controllers\admin\Admin" loaded.
INFO - 2022-02-09 20:59:35 --> Session: Class initialized using 'CodeIgniter\Session\Handlers\FileHandler' driver.
INFO - 2022-02-09 20:59:35 --> Controller "App\Controllers\admin\Admin" loaded.
INFO - 2022-02-09 20:59:48 --> Session: Class initialized using 'CodeIgniter\Session\Handlers\FileHandler' driver.
INFO - 2022-02-09 20:59:48 --> Controller "App\Controllers\admin\Admin" loaded.
INFO - 2022-02-09 20:59:50 --> Session: Class initialized using 'CodeIgniter\Session\Handlers\FileHandler' driver.
INFO - 2022-02-09 20:59:50 --> Controller "App\Controllers\admin\Admin" loaded.
INFO - 2022-02-09 20:59:52 --> Session: Class initialized using 'CodeIgniter\Session\Handlers\FileHandler' driver.
INFO - 2022-02-09 20:59:52 --> Controller "App\Controllers\admin\Admin" loaded.
INFO - 2022-02-09 20:59:56 --> Session: Class initialized using 'CodeIgniter\Session\Handlers\FileHandler' driver.
INFO - 2022-02-09 20:59:56 --> Controller "App\Controllers\admin\Admin" loaded.
INFO - 2022-02-09 21:00:04 --> Session: Class initialized using 'CodeIgniter\Session\Handlers\FileHandler' driver.
INFO - 2022-02-09 21:00:04 --> Controller "App\Controllers\admin\Admin" loaded.
INFO - 2022-02-09 21:00:19 --> Session: Class initialized using 'CodeIgniter\Session\Handlers\FileHandler' driver.
INFO - 2022-02-09 21:00:19 --> Controller "App\Controllers\undangan\Undangan" loaded.
INFO - 2022-02-09 21:01:39 --> Session: Class initialized using 'CodeIgniter\Session\Handlers\FileHandler' driver.
INFO - 2022-02-09 21:01:39 --> Controller "App\Controllers\admin\Admin" loaded.
INFO - 2022-02-09 21:01:48 --> Session: Class initialized using 'CodeIgniter\Session\Handlers\FileHandler' driver.
INFO - 2022-02-09 21:01:48 --> Controller "App\Controllers\admin\Admin" loaded.
INFO - 2022-02-09 21:01:54 --> Session: Class initialized using 'CodeIgniter\Session\Handlers\FileHandler' driver.
INFO - 2022-02-09 21:01:54 --> Controller "App\Controllers\admin\Admin" loaded.
INFO - 2022-02-09 21:01:58 --> Session: Class initialized using 'CodeIgniter\Session\Handlers\FileHandler' driver.
INFO - 2022-02-09 21:01:58 --> Controller "App\Controllers\admin\Admin" loaded.
INFO - 2022-02-09 21:02:11 --> Session: Class initialized using 'CodeIgniter\Session\Handlers\FileHandler' driver.
INFO - 2022-02-09 21:02:11 --> Controller "App\Controllers\admin\Admin" loaded.
INFO - 2022-02-09 21:02:20 --> Session: Class initialized using 'CodeIgniter\Session\Handlers\FileHandler' driver.
INFO - 2022-02-09 21:02:20 --> Controller "App\Controllers\admin\Admin" loaded.
INFO - 2022-02-09 21:03:02 --> Session: Class initialized using 'CodeIgniter\Session\Handlers\FileHandler' driver.
INFO - 2022-02-09 21:03:02 --> Controller "App\Controllers\undangan\Undangan" loaded.
INFO - 2022-02-09 21:03:06 --> Session: Class initialized using 'CodeIgniter\Session\Handlers\FileHandler' driver.
INFO - 2022-02-09 21:03:06 --> Controller "App\Controllers\admin\Admin" loaded.
INFO - 2022-02-09 21:03:39 --> Session: Class initialized using 'CodeIgniter\Session\Handlers\FileHandler' driver.
INFO - 2022-02-09 21:03:39 --> Controller "App\Controllers\admin\Admin" loaded.
INFO - 2022-02-09 21:03:58 --> Session: Class initialized using 'CodeIgniter\Session\Handlers\FileHandler' driver.
INFO - 2022-02-09 21:03:58 --> Controller "App\Controllers\admin\Admin" loaded.
INFO - 2022-02-09 21:04:00 --> Session: Class initialized using 'CodeIgniter\Session\Handlers\FileHandler' driver.
INFO - 2022-02-09 21:04:00 --> Controller "App\Controllers\admin\Admin" loaded.
INFO - 2022-02-09 21:04:09 --> Session: Class initialized using 'CodeIgniter\Session\Handlers\FileHandler' driver.
INFO - 2022-02-09 21:04:09 --> Controller "App\Controllers\admin\Admin" loaded.
INFO - 2022-02-09 21:04:10 --> Session: Class initialized using 'CodeIgniter\Session\Handlers\FileHandler' driver.
INFO - 2022-02-09 21:04:10 --> Controller "App\Controllers\admin\Admin" loaded.
INFO - 2022-02-09 21:04:16 --> Session: Class initialized using 'CodeIgniter\Session\Handlers\FileHandler' driver.
INFO - 2022-02-09 21:04:16 --> Controller "App\Controllers\admin\Admin" loaded.
INFO - 2022-02-09 21:04:29 --> Session: Class initialized using 'CodeIgniter\Session\Handlers\FileHandler' driver.
INFO - 2022-02-09 21:04:29 --> Controller "App\Controllers\admin\Admin" loaded.
INFO - 2022-02-09 21:05:29 --> Session: Class initialized using 'CodeIgniter\Session\Handlers\FileHandler' driver.
INFO - 2022-02-09 21:05:29 --> Controller "App\Controllers\admin\Admin" loaded.
INFO - 2022-02-09 21:05:59 --> Session: Class initialized using 'CodeIgniter\Session\Handlers\FileHandler' driver.
INFO - 2022-02-09 21:05:59 --> Controller "App\Controllers\admin\Admin" loaded.
INFO - 2022-02-09 21:05:59 --> Session: Class initialized using 'CodeIgniter\Session\Handlers\FileHandler' driver.
INFO - 2022-02-09 21:05:59 --> Controller "App\Controllers\admin\Admin" loaded.
INFO - 2022-02-09 21:06:09 --> Session: Class initialized using 'CodeIgniter\Session\Handlers\FileHandler' driver.
INFO - 2022-02-09 21:06:09 --> Controller "App\Controllers\admin\Admin" loaded.
INFO - 2022-02-09 21:06:10 --> Session: Class initialized using 'CodeIgniter\Session\Handlers\FileHandler' driver.
INFO - 2022-02-09 21:06:10 --> Controller "App\Controllers\admin\Admin" loaded.
INFO - 2022-02-09 21:06:14 --> Session: Class initialized using 'CodeIgniter\Session\Handlers\FileHandler' driver.
INFO - 2022-02-09 21:06:14 --> Controller "App\Controllers\admin\Admin" loaded.
INFO - 2022-02-09 21:06:37 --> Session: Class initialized using 'CodeIgniter\Session\Handlers\FileHandler' driver.
INFO - 2022-02-09 21:06:37 --> Controller "App\Controllers\admin\Admin" loaded.
INFO - 2022-02-09 21:06:38 --> Session: Class initialized using 'CodeIgniter\Session\Handlers\FileHandler' driver.
INFO - 2022-02-09 21:06:38 --> Controller "App\Controllers\admin\Admin" loaded.
INFO - 2022-02-09 21:06:56 --> Session: Class initialized using 'CodeIgniter\Session\Handlers\FileHandler' driver.
INFO - 2022-02-09 21:06:56 --> Controller "App\Controllers\admin\Admin" loaded.
INFO - 2022-02-09 21:06:59 --> Session: Class initialized using 'CodeIgniter\Session\Handlers\FileHandler' driver.
INFO - 2022-02-09 21:06:59 --> Controller "App\Controllers\admin\Admin" loaded.
INFO - 2022-02-09 21:07:02 --> Session: Class initialized using 'CodeIgniter\Session\Handlers\FileHandler' driver.
INFO - 2022-02-09 21:07:02 --> Controller "App\Controllers\admin\Admin" loaded.
INFO - 2022-02-09 21:07:03 --> Session: Class initialized using 'CodeIgniter\Session\Handlers\FileHandler' driver.
INFO - 2022-02-09 21:07:03 --> Controller "App\Controllers\admin\Admin" loaded.
INFO - 2022-02-09 21:07:06 --> Session: Class initialized using 'CodeIgniter\Session\Handlers\FileHandler' driver.
INFO - 2022-02-09 21:07:06 --> Controller "App\Controllers\admin\Admin" loaded.
INFO - 2022-02-09 21:07:17 --> Session: Class initialized using 'CodeIgniter\Session\Handlers\FileHandler' driver.
INFO - 2022-02-09 21:07:17 --> Controller "App\Controllers\admin\Admin" loaded.
INFO - 2022-02-09 21:07:17 --> Session: Class initialized using 'CodeIgniter\Session\Handlers\FileHandler' driver.
INFO - 2022-02-09 21:07:17 --> Controller "App\Controllers\admin\Admin" loaded.
INFO - 2022-02-09 21:07:37 --> Session: Class initialized using 'CodeIgniter\Session\Handlers\FileHandler' driver.
INFO - 2022-02-09 21:07:37 --> Controller "App\Controllers\admin\Admin" loaded.
INFO - 2022-02-09 21:07:44 --> Session: Class initialized using 'CodeIgniter\Session\Handlers\FileHandler' driver.
INFO - 2022-02-09 21:07:44 --> Controller "App\Controllers\admin\Admin" loaded.
INFO - 2022-02-09 21:07:48 --> Session: Class initialized using 'CodeIgniter\Session\Handlers\FileHandler' driver.
INFO - 2022-02-09 21:07:48 --> Controller "App\Controllers\undangan\Undangan" loaded.
INFO - 2022-02-09 21:09:32 --> Session: Class initialized using 'CodeIgniter\Session\Handlers\FileHandler' driver.
INFO - 2022-02-09 21:09:32 --> Controller "App\Controllers\admin\Admin" loaded.
INFO - 2022-02-09 21:09:37 --> Session: Class initialized using 'CodeIgniter\Session\Handlers\FileHandler' driver.
INFO - 2022-02-09 21:09:37 --> Controller "App\Controllers\admin\Admin" loaded.
INFO - 2022-02-09 21:09:42 --> Session: Class initialized using 'CodeIgniter\Session\Handlers\FileHandler' driver.
INFO - 2022-02-09 21:09:42 --> Controller "App\Controllers\undangan\Undangan" loaded.
INFO - 2022-02-09 21:09:48 --> Session: Class initialized using 'CodeIgniter\Session\Handlers\FileHandler' driver.
INFO - 2022-02-09 21:09:48 --> Controller "App\Controllers\admin\Admin" loaded.
INFO - 2022-02-09 21:10:19 --> Session: Class initialized using 'CodeIgniter\Session\Handlers\FileHandler' driver.
INFO - 2022-02-09 21:10:20 --> Controller "App\Controllers\admin\Admin" loaded.
INFO - 2022-02-09 21:11:24 --> Session: Class initialized using 'CodeIgniter\Session\Handlers\FileHandler' driver.
INFO - 2022-02-09 21:11:24 --> Controller "App\Controllers\admin\Admin" loaded.
INFO - 2022-02-09 21:11:24 --> Session: Class initialized using 'CodeIgniter\Session\Handlers\FileHandler' driver.
INFO - 2022-02-09 21:11:24 --> Controller "App\Controllers\admin\Admin" loaded.
INFO - 2022-02-09 21:11:28 --> Session: Class initialized using 'CodeIgniter\Session\Handlers\FileHandler' driver.
INFO - 2022-02-09 21:11:28 --> Controller "App\Controllers\admin\Admin" loaded.
INFO - 2022-02-09 21:11:28 --> Session: Class initialized using 'CodeIgniter\Session\Handlers\FileHandler' driver.
INFO - 2022-02-09 21:11:28 --> Controller "App\Controllers\admin\Admin" loaded.
INFO - 2022-02-09 21:11:30 --> Session: Class initialized using 'CodeIgniter\Session\Handlers\FileHandler' driver.
INFO - 2022-02-09 21:11:30 --> Controller "App\Controllers\admin\Admin" loaded.
INFO - 2022-02-09 21:11:31 --> Session: Class initialized using 'CodeIgniter\Session\Handlers\FileHandler' driver.
INFO - 2022-02-09 21:11:31 --> Controller "App\Controllers\admin\Admin" loaded.
INFO - 2022-02-09 21:11:51 --> Session: Class initialized using 'CodeIgniter\Session\Handlers\FileHandler' driver.
INFO - 2022-02-09 21:11:51 --> Controller "App\Controllers\admin\Admin" loaded.
INFO - 2022-02-09 21:11:51 --> Session: Class initialized using 'CodeIgniter\Session\Handlers\FileHandler' driver.
INFO - 2022-02-09 21:11:51 --> Controller "App\Controllers\admin\Admin" loaded.
INFO - 2022-02-09 21:11:56 --> Session: Class initialized using 'CodeIgniter\Session\Handlers\FileHandler' driver.
INFO - 2022-02-09 21:11:56 --> Controller "App\Controllers\admin\Admin" loaded.
INFO - 2022-02-09 21:11:58 --> Session: Class initialized using 'CodeIgniter\Session\Handlers\FileHandler' driver.
INFO - 2022-02-09 21:11:58 --> Controller "App\Controllers\admin\Admin" loaded.
INFO - 2022-02-09 21:12:00 --> Session: Class initialized using 'CodeIgniter\Session\Handlers\FileHandler' driver.
INFO - 2022-02-09 21:12:00 --> Controller "App\Controllers\admin\Admin" loaded.
INFO - 2022-02-09 21:12:36 --> Session: Class initialized using 'CodeIgniter\Session\Handlers\FileHandler' driver.
INFO - 2022-02-09 21:12:36 --> Controller "App\Controllers\admin\Admin" loaded.
INFO - 2022-02-09 21:12:39 --> Session: Class initialized using 'CodeIgniter\Session\Handlers\FileHandler' driver.
INFO - 2022-02-09 21:12:39 --> Controller "App\Controllers\admin\Admin" loaded.
INFO - 2022-02-09 21:12:50 --> Session: Class initialized using 'CodeIgniter\Session\Handlers\FileHandler' driver.
INFO - 2022-02-09 21:12:50 --> Controller "App\Controllers\admin\Admin" loaded.
INFO - 2022-02-09 21:12:59 --> Session: Class initialized using 'CodeIgniter\Session\Handlers\FileHandler' driver.
INFO - 2022-02-09 21:12:59 --> Controller "App\Controllers\admin\Admin" loaded.
INFO - 2022-02-09 21:13:01 --> Session: Class initialized using 'CodeIgniter\Session\Handlers\FileHandler' driver.
INFO - 2022-02-09 21:13:01 --> Controller "App\Controllers\admin\Admin" loaded.
INFO - 2022-02-09 21:13:17 --> Session: Class initialized using 'CodeIgniter\Session\Handlers\FileHandler' driver.
INFO - 2022-02-09 21:13:17 --> Controller "App\Controllers\undangan\Undangan" loaded.
INFO - 2022-02-09 21:13:27 --> Controller "App\Controllers\base\Beranda" loaded.
INFO - 2022-02-09 21:14:22 --> Session: Class initialized using 'CodeIgniter\Session\Handlers\FileHandler' driver.
INFO - 2022-02-09 21:14:22 --> Controller "App\Controllers\base\Order" loaded.
INFO - 2022-02-09 21:14:22 --> Controller "App\Controllers\base\Beranda" loaded.
INFO - 2022-02-09 21:14:33 --> Controller "App\Controllers\base\Beranda" loaded.
INFO - 2022-02-09 21:14:45 --> Controller "App\Controllers\base\Beranda" loaded.
INFO - 2022-02-09 21:14:52 --> Controller "App\Controllers\base\Beranda" loaded.
