INFO - 2022-02-12 00:02:10 --> Controller "App\Controllers\base\Beranda" loaded.
INFO - 2022-02-12 00:03:30 --> Controller "App\Controllers\base\Beranda" loaded.
INFO - 2022-02-12 00:05:08 --> Controller "App\Controllers\base\Beranda" loaded.
INFO - 2022-02-12 00:07:53 --> Session: Class initialized using 'CodeIgniter\Session\Handlers\FileHandler' driver.
INFO - 2022-02-12 00:07:53 --> Controller "App\Controllers\base\Dashboard" loaded.
INFO - 2022-02-12 00:07:54 --> Controller "App\Controllers\base\Beranda" loaded.
INFO - 2022-02-12 00:19:52 --> Session: Class initialized using 'CodeIgniter\Session\Handlers\FileHandler' driver.
INFO - 2022-02-12 00:19:52 --> Controller "App\Controllers\base\Dashboard" loaded.
INFO - 2022-02-12 00:19:55 --> Session: Class initialized using 'CodeIgniter\Session\Handlers\FileHandler' driver.
INFO - 2022-02-12 00:19:55 --> Controller "App\Controllers\base\Dashboard" loaded.
INFO - 2022-02-12 00:19:55 --> Session: Class initialized using 'CodeIgniter\Session\Handlers\FileHandler' driver.
INFO - 2022-02-12 00:19:55 --> Controller "App\Controllers\base\Dashboard" loaded.
INFO - 2022-02-12 00:20:01 --> Controller "App\Controllers\base\Beranda" loaded.
INFO - 2022-02-12 00:20:41 --> Controller "App\Controllers\base\Beranda" loaded.
INFO - 2022-02-12 00:23:29 --> Session: Class initialized using 'CodeIgniter\Session\Handlers\FileHandler' driver.
INFO - 2022-02-12 00:23:29 --> Controller "App\Controllers\base\Dashboard" loaded.
INFO - 2022-02-12 00:23:31 --> Controller "App\Controllers\base\Beranda" loaded.
INFO - 2022-02-12 00:23:38 --> Controller "App\Controllers\base\Beranda" loaded.
INFO - 2022-02-12 00:23:39 --> Controller "App\Controllers\base\Beranda" loaded.
INFO - 2022-02-12 00:26:27 --> Controller "App\Controllers\base\Beranda" loaded.
INFO - 2022-02-12 00:27:03 --> Controller "App\Controllers\base\Beranda" loaded.
INFO - 2022-02-12 00:28:06 --> Controller "App\Controllers\base\Beranda" loaded.
INFO - 2022-02-12 00:28:39 --> Session: Class initialized using 'CodeIgniter\Session\Handlers\FileHandler' driver.
INFO - 2022-02-12 00:28:39 --> Controller "App\Controllers\base\Dashboard" loaded.
INFO - 2022-02-12 00:28:47 --> Session: Class initialized using 'CodeIgniter\Session\Handlers\FileHandler' driver.
INFO - 2022-02-12 00:28:47 --> Controller "App\Controllers\base\Dashboard" loaded.
INFO - 2022-02-12 00:28:57 --> Session: Class initialized using 'CodeIgniter\Session\Handlers\FileHandler' driver.
INFO - 2022-02-12 00:28:57 --> Controller "App\Controllers\base\Dashboard" loaded.
INFO - 2022-02-12 00:29:03 --> Session: Class initialized using 'CodeIgniter\Session\Handlers\FileHandler' driver.
INFO - 2022-02-12 00:29:03 --> Controller "App\Controllers\base\Dashboard" loaded.
INFO - 2022-02-12 00:29:08 --> Session: Class initialized using 'CodeIgniter\Session\Handlers\FileHandler' driver.
INFO - 2022-02-12 00:29:08 --> Controller "App\Controllers\base\Dashboard" loaded.
INFO - 2022-02-12 00:29:18 --> Controller "App\Controllers\base\Beranda" loaded.
INFO - 2022-02-12 00:33:41 --> Session: Class initialized using 'CodeIgniter\Session\Handlers\FileHandler' driver.
INFO - 2022-02-12 00:33:41 --> Controller "App\Controllers\base\Dashboard" loaded.
INFO - 2022-02-12 00:33:48 --> Controller "App\Controllers\base\Beranda" loaded.
INFO - 2022-02-12 00:34:35 --> Session: Class initialized using 'CodeIgniter\Session\Handlers\FileHandler' driver.
INFO - 2022-02-12 00:34:35 --> Controller "App\Controllers\base\Dashboard" loaded.
INFO - 2022-02-12 00:34:41 --> Session: Class initialized using 'CodeIgniter\Session\Handlers\FileHandler' driver.
INFO - 2022-02-12 00:34:41 --> Controller "App\Controllers\base\Dashboard" loaded.
INFO - 2022-02-12 00:34:43 --> Session: Class initialized using 'CodeIgniter\Session\Handlers\FileHandler' driver.
INFO - 2022-02-12 00:34:43 --> Controller "App\Controllers\base\Dashboard" loaded.
INFO - 2022-02-12 00:35:59 --> Session: Class initialized using 'CodeIgniter\Session\Handlers\FileHandler' driver.
INFO - 2022-02-12 00:35:59 --> Controller "App\Controllers\base\Dashboard" loaded.
INFO - 2022-02-12 00:35:59 --> Session: Class initialized using 'CodeIgniter\Session\Handlers\FileHandler' driver.
INFO - 2022-02-12 00:35:59 --> Controller "App\Controllers\base\Dashboard" loaded.
INFO - 2022-02-12 00:36:04 --> Controller "App\Controllers\base\Beranda" loaded.
INFO - 2022-02-12 00:36:17 --> Session: Class initialized using 'CodeIgniter\Session\Handlers\FileHandler' driver.
INFO - 2022-02-12 00:36:17 --> Controller "App\Controllers\base\Dashboard" loaded.
INFO - 2022-02-12 00:36:29 --> Controller "App\Controllers\base\Beranda" loaded.
INFO - 2022-02-12 00:36:34 --> Session: Class initialized using 'CodeIgniter\Session\Handlers\FileHandler' driver.
INFO - 2022-02-12 00:36:34 --> Controller "App\Controllers\base\Dashboard" loaded.
INFO - 2022-02-12 00:36:35 --> Controller "App\Controllers\base\Beranda" loaded.
INFO - 2022-02-12 00:36:47 --> Session: Class initialized using 'CodeIgniter\Session\Handlers\FileHandler' driver.
INFO - 2022-02-12 00:36:47 --> Controller "App\Controllers\base\Dashboard" loaded.
INFO - 2022-02-12 00:36:58 --> Session: Class initialized using 'CodeIgniter\Session\Handlers\FileHandler' driver.
INFO - 2022-02-12 00:36:58 --> Controller "App\Controllers\base\Dashboard" loaded.
INFO - 2022-02-12 00:37:10 --> Session: Class initialized using 'CodeIgniter\Session\Handlers\FileHandler' driver.
INFO - 2022-02-12 00:37:10 --> Controller "App\Controllers\base\Dashboard" loaded.
INFO - 2022-02-12 00:37:17 --> Session: Class initialized using 'CodeIgniter\Session\Handlers\FileHandler' driver.
INFO - 2022-02-12 00:37:17 --> Controller "App\Controllers\bukutamu\Bukutamu" loaded.
INFO - 2022-02-12 00:39:45 --> Session: Class initialized using 'CodeIgniter\Session\Handlers\FileHandler' driver.
INFO - 2022-02-12 00:39:45 --> Controller "App\Controllers\bukutamu\Bukutamu" loaded.
INFO - 2022-02-12 00:39:54 --> Session: Class initialized using 'CodeIgniter\Session\Handlers\FileHandler' driver.
INFO - 2022-02-12 00:39:54 --> Controller "App\Controllers\bukutamu\Bukutamu" loaded.
INFO - 2022-02-12 00:40:08 --> Session: Class initialized using 'CodeIgniter\Session\Handlers\FileHandler' driver.
INFO - 2022-02-12 00:40:08 --> Controller "App\Controllers\base\Dashboard" loaded.
INFO - 2022-02-12 00:40:10 --> Session: Class initialized using 'CodeIgniter\Session\Handlers\FileHandler' driver.
INFO - 2022-02-12 00:40:10 --> Controller "App\Controllers\base\Dashboard" loaded.
INFO - 2022-02-12 00:40:16 --> Session: Class initialized using 'CodeIgniter\Session\Handlers\FileHandler' driver.
INFO - 2022-02-12 00:40:16 --> Controller "App\Controllers\base\Dashboard" loaded.
INFO - 2022-02-12 00:40:22 --> Session: Class initialized using 'CodeIgniter\Session\Handlers\FileHandler' driver.
INFO - 2022-02-12 00:40:22 --> Controller "App\Controllers\base\Dashboard" loaded.
INFO - 2022-02-12 00:40:24 --> Session: Class initialized using 'CodeIgniter\Session\Handlers\FileHandler' driver.
INFO - 2022-02-12 00:40:24 --> Controller "App\Controllers\base\Dashboard" loaded.
INFO - 2022-02-12 00:40:41 --> Session: Class initialized using 'CodeIgniter\Session\Handlers\FileHandler' driver.
INFO - 2022-02-12 00:40:41 --> Controller "App\Controllers\base\Dashboard" loaded.
INFO - 2022-02-12 00:40:55 --> Session: Class initialized using 'CodeIgniter\Session\Handlers\FileHandler' driver.
INFO - 2022-02-12 00:40:55 --> Controller "App\Controllers\base\Dashboard" loaded.
INFO - 2022-02-12 00:40:55 --> Session: Class initialized using 'CodeIgniter\Session\Handlers\FileHandler' driver.
INFO - 2022-02-12 00:40:55 --> Controller "App\Controllers\base\Dashboard" loaded.
INFO - 2022-02-12 00:41:09 --> Session: Class initialized using 'CodeIgniter\Session\Handlers\FileHandler' driver.
INFO - 2022-02-12 00:41:09 --> Controller "App\Controllers\base\Dashboard" loaded.
INFO - 2022-02-12 00:43:49 --> Controller "App\Controllers\base\Beranda" loaded.
INFO - 2022-02-12 00:44:00 --> Session: Class initialized using 'CodeIgniter\Session\Handlers\FileHandler' driver.
INFO - 2022-02-12 00:44:00 --> Controller "App\Controllers\base\Dashboard" loaded.
INFO - 2022-02-12 00:44:45 --> Session: Class initialized using 'CodeIgniter\Session\Handlers\FileHandler' driver.
INFO - 2022-02-12 00:44:45 --> Controller "App\Controllers\base\Dashboard" loaded.
INFO - 2022-02-12 00:44:45 --> Session: Class initialized using 'CodeIgniter\Session\Handlers\FileHandler' driver.
INFO - 2022-02-12 00:44:45 --> Controller "App\Controllers\base\Dashboard" loaded.
INFO - 2022-02-12 00:44:48 --> Controller "App\Controllers\base\Beranda" loaded.
INFO - 2022-02-12 00:45:09 --> Session: Class initialized using 'CodeIgniter\Session\Handlers\FileHandler' driver.
INFO - 2022-02-12 00:45:09 --> Controller "App\Controllers\admin\Admin" loaded.
INFO - 2022-02-12 00:45:13 --> Session: Class initialized using 'CodeIgniter\Session\Handlers\FileHandler' driver.
INFO - 2022-02-12 00:45:13 --> Controller "App\Controllers\admin\Admin" loaded.
INFO - 2022-02-12 00:45:16 --> Session: Class initialized using 'CodeIgniter\Session\Handlers\FileHandler' driver.
INFO - 2022-02-12 00:45:16 --> Controller "App\Controllers\admin\Admin" loaded.
INFO - 2022-02-12 00:45:16 --> Session: Class initialized using 'CodeIgniter\Session\Handlers\FileHandler' driver.
INFO - 2022-02-12 00:45:16 --> Controller "App\Controllers\admin\Admin" loaded.
INFO - 2022-02-12 00:45:21 --> Session: Class initialized using 'CodeIgniter\Session\Handlers\FileHandler' driver.
INFO - 2022-02-12 00:45:21 --> Controller "App\Controllers\admin\Admin" loaded.
INFO - 2022-02-12 00:45:22 --> Session: Class initialized using 'CodeIgniter\Session\Handlers\FileHandler' driver.
INFO - 2022-02-12 00:45:22 --> Controller "App\Controllers\admin\Admin" loaded.
INFO - 2022-02-12 00:45:27 --> Session: Class initialized using 'CodeIgniter\Session\Handlers\FileHandler' driver.
INFO - 2022-02-12 00:45:27 --> Controller "App\Controllers\admin\Admin" loaded.
INFO - 2022-02-12 00:45:31 --> Session: Class initialized using 'CodeIgniter\Session\Handlers\FileHandler' driver.
INFO - 2022-02-12 00:45:31 --> Controller "App\Controllers\admin\Admin" loaded.
INFO - 2022-02-12 00:45:32 --> Session: Class initialized using 'CodeIgniter\Session\Handlers\FileHandler' driver.
INFO - 2022-02-12 00:45:32 --> Controller "App\Controllers\admin\Admin" loaded.
INFO - 2022-02-12 00:45:35 --> Session: Class initialized using 'CodeIgniter\Session\Handlers\FileHandler' driver.
INFO - 2022-02-12 00:45:35 --> Controller "App\Controllers\admin\Admin" loaded.
INFO - 2022-02-12 00:45:37 --> Session: Class initialized using 'CodeIgniter\Session\Handlers\FileHandler' driver.
INFO - 2022-02-12 00:45:37 --> Controller "App\Controllers\admin\Admin" loaded.
INFO - 2022-02-12 00:45:45 --> Controller "App\Controllers\base\Beranda" loaded.
INFO - 2022-02-12 00:49:45 --> Controller "App\Controllers\base\Beranda" loaded.
INFO - 2022-02-12 00:58:22 --> Controller "App\Controllers\base\Beranda" loaded.
INFO - 2022-02-12 01:00:19 --> Controller "App\Controllers\base\Beranda" loaded.
INFO - 2022-02-12 01:00:43 --> Controller "App\Controllers\base\Beranda" loaded.
INFO - 2022-02-12 01:00:49 --> Controller "App\Controllers\base\Beranda" loaded.
INFO - 2022-02-12 01:00:50 --> Controller "App\Controllers\base\Beranda" loaded.
INFO - 2022-02-12 01:00:56 --> Controller "App\Controllers\base\Beranda" loaded.
INFO - 2022-02-12 01:00:57 --> Controller "App\Controllers\base\Beranda" loaded.
INFO - 2022-02-12 01:01:12 --> Controller "App\Controllers\base\Beranda" loaded.
INFO - 2022-02-12 01:01:12 --> Controller "App\Controllers\base\Beranda" loaded.
INFO - 2022-02-12 01:01:12 --> Controller "App\Controllers\base\Beranda" loaded.
INFO - 2022-02-12 01:01:15 --> Controller "App\Controllers\base\Beranda" loaded.
INFO - 2022-02-12 01:01:19 --> Controller "App\Controllers\base\Beranda" loaded.
INFO - 2022-02-12 01:01:20 --> Controller "App\Controllers\base\Beranda" loaded.
INFO - 2022-02-12 01:01:25 --> Controller "App\Controllers\base\Beranda" loaded.
INFO - 2022-02-12 01:01:33 --> Controller "App\Controllers\base\Beranda" loaded.
INFO - 2022-02-12 01:01:37 --> Controller "App\Controllers\base\Beranda" loaded.
INFO - 2022-02-12 01:01:53 --> Controller "App\Controllers\base\Beranda" loaded.
INFO - 2022-02-12 01:01:56 --> Controller "App\Controllers\base\Beranda" loaded.
INFO - 2022-02-12 01:02:40 --> Controller "App\Controllers\base\Beranda" loaded.
INFO - 2022-02-12 01:02:44 --> Controller "App\Controllers\base\Beranda" loaded.
INFO - 2022-02-12 01:05:28 --> Controller "App\Controllers\base\Beranda" loaded.
INFO - 2022-02-12 01:07:26 --> Controller "App\Controllers\base\Beranda" loaded.
INFO - 2022-02-12 01:12:47 --> Controller "App\Controllers\base\Beranda" loaded.
INFO - 2022-02-12 01:13:32 --> Controller "App\Controllers\base\Beranda" loaded.
INFO - 2022-02-12 01:13:32 --> Controller "App\Controllers\base\Beranda" loaded.
INFO - 2022-02-12 01:17:01 --> Controller "App\Controllers\base\Beranda" loaded.
INFO - 2022-02-12 01:18:00 --> Controller "App\Controllers\base\Beranda" loaded.
INFO - 2022-02-12 01:19:21 --> Controller "App\Controllers\base\Beranda" loaded.
INFO - 2022-02-12 01:21:48 --> Controller "App\Controllers\base\Beranda" loaded.
INFO - 2022-02-12 01:42:43 --> Controller "App\Controllers\base\Beranda" loaded.
INFO - 2022-02-12 01:51:06 --> Controller "App\Controllers\base\Beranda" loaded.
INFO - 2022-02-12 01:53:37 --> Controller "App\Controllers\base\Beranda" loaded.
INFO - 2022-02-12 02:02:23 --> Controller "App\Controllers\base\Beranda" loaded.
INFO - 2022-02-12 02:02:38 --> Controller "App\Controllers\base\Beranda" loaded.
INFO - 2022-02-12 02:02:44 --> Controller "App\Controllers\base\Beranda" loaded.
INFO - 2022-02-12 02:02:51 --> Controller "App\Controllers\base\Beranda" loaded.
INFO - 2022-02-12 02:03:09 --> Controller "App\Controllers\base\Beranda" loaded.
INFO - 2022-02-12 02:03:09 --> Controller "App\Controllers\base\Beranda" loaded.
INFO - 2022-02-12 02:03:09 --> Controller "App\Controllers\base\Beranda" loaded.
INFO - 2022-02-12 02:03:42 --> Controller "App\Controllers\base\Beranda" loaded.
INFO - 2022-02-12 02:03:42 --> Controller "App\Controllers\base\Beranda" loaded.
INFO - 2022-02-12 02:03:42 --> Controller "App\Controllers\base\Beranda" loaded.
INFO - 2022-02-12 02:04:12 --> Controller "App\Controllers\base\Beranda" loaded.
INFO - 2022-02-12 02:04:12 --> Controller "App\Controllers\base\Beranda" loaded.
INFO - 2022-02-12 02:04:12 --> Controller "App\Controllers\base\Beranda" loaded.
INFO - 2022-02-12 02:05:45 --> Controller "App\Controllers\base\Beranda" loaded.
INFO - 2022-02-12 02:10:01 --> Controller "App\Controllers\base\Beranda" loaded.
INFO - 2022-02-12 02:11:19 --> Controller "App\Controllers\base\Beranda" loaded.
INFO - 2022-02-12 02:11:31 --> Controller "App\Controllers\base\Beranda" loaded.
INFO - 2022-02-12 02:20:02 --> Controller "App\Controllers\base\Beranda" loaded.
INFO - 2022-02-12 02:22:45 --> Controller "App\Controllers\base\Beranda" loaded.
INFO - 2022-02-12 02:26:41 --> Controller "App\Controllers\base\Beranda" loaded.
INFO - 2022-02-12 02:27:28 --> Controller "App\Controllers\base\Beranda" loaded.
INFO - 2022-02-12 02:34:21 --> Controller "App\Controllers\base\Beranda" loaded.
INFO - 2022-02-12 02:34:22 --> Controller "App\Controllers\base\Beranda" loaded.
INFO - 2022-02-12 02:34:32 --> Controller "App\Controllers\base\Beranda" loaded.
INFO - 2022-02-12 02:34:43 --> Controller "App\Controllers\base\Beranda" loaded.
INFO - 2022-02-12 02:34:43 --> Controller "App\Controllers\base\Beranda" loaded.
INFO - 2022-02-12 02:34:43 --> Controller "App\Controllers\base\Beranda" loaded.
INFO - 2022-02-12 02:35:05 --> Controller "App\Controllers\base\Beranda" loaded.
INFO - 2022-02-12 02:35:05 --> Controller "App\Controllers\base\Beranda" loaded.
INFO - 2022-02-12 02:35:05 --> Controller "App\Controllers\base\Beranda" loaded.
INFO - 2022-02-12 02:39:58 --> Controller "App\Controllers\base\Beranda" loaded.
INFO - 2022-02-12 02:44:43 --> Controller "App\Controllers\base\Beranda" loaded.
INFO - 2022-02-12 02:49:47 --> Controller "App\Controllers\base\Beranda" loaded.
INFO - 2022-02-12 02:53:56 --> Controller "App\Controllers\base\Beranda" loaded.
INFO - 2022-02-12 02:54:07 --> Session: Class initialized using 'CodeIgniter\Session\Handlers\FileHandler' driver.
INFO - 2022-02-12 02:54:07 --> Controller "App\Controllers\base\Order" loaded.
INFO - 2022-02-12 02:54:07 --> Controller "App\Controllers\base\Beranda" loaded.
INFO - 2022-02-12 02:54:16 --> Session: Class initialized using 'CodeIgniter\Session\Handlers\FileHandler' driver.
INFO - 2022-02-12 02:54:16 --> Controller "App\Controllers\base\Dashboard" loaded.
INFO - 2022-02-12 02:57:01 --> Controller "App\Controllers\base\Beranda" loaded.
INFO - 2022-02-12 02:57:37 --> Controller "App\Controllers\base\Beranda" loaded.
INFO - 2022-02-12 02:58:05 --> Controller "App\Controllers\base\Beranda" loaded.
INFO - 2022-02-12 02:58:51 --> Controller "App\Controllers\base\Beranda" loaded.
INFO - 2022-02-12 03:01:12 --> Controller "App\Controllers\base\Beranda" loaded.
INFO - 2022-02-12 03:03:00 --> Controller "App\Controllers\base\Beranda" loaded.
INFO - 2022-02-12 03:04:03 --> Session: Class initialized using 'CodeIgniter\Session\Handlers\FileHandler' driver.
INFO - 2022-02-12 03:04:03 --> Controller "App\Controllers\base\Order" loaded.
INFO - 2022-02-12 03:04:03 --> Controller "App\Controllers\base\Beranda" loaded.
INFO - 2022-02-12 03:04:10 --> Controller "App\Controllers\base\Beranda" loaded.
INFO - 2022-02-12 03:04:19 --> Controller "App\Controllers\base\Beranda" loaded.
INFO - 2022-02-12 03:05:03 --> Controller "App\Controllers\base\Beranda" loaded.
INFO - 2022-02-12 03:06:23 --> Controller "App\Controllers\base\Beranda" loaded.
INFO - 2022-02-12 03:07:02 --> Controller "App\Controllers\base\Beranda" loaded.
INFO - 2022-02-12 03:10:26 --> Controller "App\Controllers\base\Beranda" loaded.
INFO - 2022-02-12 03:10:57 --> Controller "App\Controllers\base\Beranda" loaded.
INFO - 2022-02-12 03:11:51 --> Controller "App\Controllers\base\Beranda" loaded.
INFO - 2022-02-12 03:12:11 --> Controller "App\Controllers\base\Beranda" loaded.
INFO - 2022-02-12 03:12:13 --> Controller "App\Controllers\base\Beranda" loaded.
INFO - 2022-02-12 03:12:26 --> Controller "App\Controllers\base\Beranda" loaded.
INFO - 2022-02-12 03:16:56 --> Controller "App\Controllers\base\Beranda" loaded.
INFO - 2022-02-12 03:17:09 --> Controller "App\Controllers\base\Beranda" loaded.
INFO - 2022-02-12 03:17:14 --> Controller "App\Controllers\base\Beranda" loaded.
INFO - 2022-02-12 03:17:57 --> Controller "App\Controllers\base\Beranda" loaded.
INFO - 2022-02-12 03:18:14 --> Controller "App\Controllers\base\Beranda" loaded.
INFO - 2022-02-12 03:18:22 --> Controller "App\Controllers\base\Beranda" loaded.
INFO - 2022-02-12 03:19:19 --> Controller "App\Controllers\base\Beranda" loaded.
INFO - 2022-02-12 03:20:17 --> Controller "App\Controllers\base\Beranda" loaded.
INFO - 2022-02-12 03:20:18 --> Controller "App\Controllers\base\Beranda" loaded.
INFO - 2022-02-12 03:20:42 --> Controller "App\Controllers\base\Beranda" loaded.
INFO - 2022-02-12 03:21:30 --> Controller "App\Controllers\base\Beranda" loaded.
INFO - 2022-02-12 03:21:34 --> Controller "App\Controllers\base\Beranda" loaded.
INFO - 2022-02-12 03:21:34 --> Controller "App\Controllers\base\Beranda" loaded.
INFO - 2022-02-12 03:22:53 --> Controller "App\Controllers\base\Beranda" loaded.
INFO - 2022-02-12 03:23:59 --> Controller "App\Controllers\base\Beranda" loaded.
INFO - 2022-02-12 03:24:03 --> Session: Class initialized using 'CodeIgniter\Session\Handlers\FileHandler' driver.
INFO - 2022-02-12 03:24:04 --> Controller "App\Controllers\base\Dashboard" loaded.
INFO - 2022-02-12 03:24:05 --> Session: Class initialized using 'CodeIgniter\Session\Handlers\FileHandler' driver.
INFO - 2022-02-12 03:24:05 --> Controller "App\Controllers\base\Order" loaded.
INFO - 2022-02-12 03:24:06 --> Controller "App\Controllers\base\Beranda" loaded.
INFO - 2022-02-12 03:24:07 --> Controller "App\Controllers\base\Beranda" loaded.
INFO - 2022-02-12 03:24:08 --> Session: Class initialized using 'CodeIgniter\Session\Handlers\FileHandler' driver.
INFO - 2022-02-12 03:24:08 --> Controller "App\Controllers\base\Order" loaded.
INFO - 2022-02-12 03:24:08 --> Controller "App\Controllers\base\Beranda" loaded.
INFO - 2022-02-12 03:24:09 --> Session: Class initialized using 'CodeIgniter\Session\Handlers\FileHandler' driver.
INFO - 2022-02-12 03:24:09 --> Controller "App\Controllers\base\Order" loaded.
INFO - 2022-02-12 03:24:09 --> Controller "App\Controllers\base\Beranda" loaded.
INFO - 2022-02-12 03:24:10 --> Controller "App\Controllers\base\Beranda" loaded.
INFO - 2022-02-12 03:24:11 --> Session: Class initialized using 'CodeIgniter\Session\Handlers\FileHandler' driver.
INFO - 2022-02-12 03:24:11 --> Controller "App\Controllers\base\Order" loaded.
INFO - 2022-02-12 03:24:12 --> Controller "App\Controllers\base\Beranda" loaded.
INFO - 2022-02-12 03:24:13 --> Session: Class initialized using 'CodeIgniter\Session\Handlers\FileHandler' driver.
INFO - 2022-02-12 03:24:13 --> Controller "App\Controllers\base\Order" loaded.
INFO - 2022-02-12 03:24:14 --> Controller "App\Controllers\base\Beranda" loaded.
INFO - 2022-02-12 03:24:14 --> Session: Class initialized using 'CodeIgniter\Session\Handlers\FileHandler' driver.
INFO - 2022-02-12 03:24:14 --> Controller "App\Controllers\base\Order" loaded.
INFO - 2022-02-12 03:24:15 --> Controller "App\Controllers\base\Beranda" loaded.
INFO - 2022-02-12 03:24:16 --> Session: Class initialized using 'CodeIgniter\Session\Handlers\FileHandler' driver.
INFO - 2022-02-12 03:24:16 --> Controller "App\Controllers\base\Order" loaded.
INFO - 2022-02-12 03:24:18 --> Controller "App\Controllers\base\Beranda" loaded.
INFO - 2022-02-12 03:24:18 --> Session: Class initialized using 'CodeIgniter\Session\Handlers\FileHandler' driver.
INFO - 2022-02-12 03:24:18 --> Controller "App\Controllers\base\Lupa_password" loaded.
INFO - 2022-02-12 03:24:19 --> Controller "App\Controllers\base\Beranda" loaded.
INFO - 2022-02-12 03:24:20 --> Session: Class initialized using 'CodeIgniter\Session\Handlers\FileHandler' driver.
INFO - 2022-02-12 03:24:20 --> Controller "App\Controllers\base\Order" loaded.
INFO - 2022-02-12 03:24:21 --> Controller "App\Controllers\base\Beranda" loaded.
INFO - 2022-02-12 03:24:22 --> Session: Class initialized using 'CodeIgniter\Session\Handlers\FileHandler' driver.
INFO - 2022-02-12 03:24:22 --> Controller "App\Controllers\base\Order" loaded.
INFO - 2022-02-12 03:24:23 --> Controller "App\Controllers\base\Beranda" loaded.
INFO - 2022-02-12 03:24:23 --> Session: Class initialized using 'CodeIgniter\Session\Handlers\FileHandler' driver.
INFO - 2022-02-12 03:24:23 --> Controller "App\Controllers\base\Order" loaded.
INFO - 2022-02-12 03:24:24 --> Controller "App\Controllers\base\Beranda" loaded.
INFO - 2022-02-12 03:24:25 --> Session: Class initialized using 'CodeIgniter\Session\Handlers\FileHandler' driver.
INFO - 2022-02-12 03:24:25 --> Controller "App\Controllers\base\Order" loaded.
INFO - 2022-02-12 03:24:26 --> Controller "App\Controllers\base\Beranda" loaded.
INFO - 2022-02-12 03:24:27 --> Session: Class initialized using 'CodeIgniter\Session\Handlers\FileHandler' driver.
INFO - 2022-02-12 03:24:27 --> Controller "App\Controllers\base\Order" loaded.
INFO - 2022-02-12 03:24:28 --> Controller "App\Controllers\base\Beranda" loaded.
INFO - 2022-02-12 03:24:28 --> Session: Class initialized using 'CodeIgniter\Session\Handlers\FileHandler' driver.
INFO - 2022-02-12 03:24:28 --> Controller "App\Controllers\base\Order" loaded.
INFO - 2022-02-12 03:24:29 --> Controller "App\Controllers\base\Beranda" loaded.
INFO - 2022-02-12 03:24:30 --> Controller "App\Controllers\base\Beranda" loaded.
INFO - 2022-02-12 03:24:31 --> Controller "App\Controllers\base\Beranda" loaded.
INFO - 2022-02-12 03:24:32 --> Controller "App\Controllers\base\Beranda" loaded.
INFO - 2022-02-12 03:24:32 --> Controller "App\Controllers\base\Beranda" loaded.
INFO - 2022-02-12 03:24:33 --> Controller "App\Controllers\base\Beranda" loaded.
INFO - 2022-02-12 03:24:34 --> Controller "App\Controllers\base\Beranda" loaded.
INFO - 2022-02-12 03:24:35 --> Session: Class initialized using 'CodeIgniter\Session\Handlers\FileHandler' driver.
INFO - 2022-02-12 03:24:35 --> Controller "App\Controllers\base\Order" loaded.
INFO - 2022-02-12 03:24:36 --> Controller "App\Controllers\base\Beranda" loaded.
INFO - 2022-02-12 03:24:36 --> Session: Class initialized using 'CodeIgniter\Session\Handlers\FileHandler' driver.
INFO - 2022-02-12 03:24:36 --> Controller "App\Controllers\base\Order" loaded.
INFO - 2022-02-12 03:24:37 --> Controller "App\Controllers\base\Beranda" loaded.
INFO - 2022-02-12 03:24:38 --> Session: Class initialized using 'CodeIgniter\Session\Handlers\FileHandler' driver.
INFO - 2022-02-12 03:24:38 --> Controller "App\Controllers\base\Order" loaded.
INFO - 2022-02-12 03:24:39 --> Controller "App\Controllers\base\Beranda" loaded.
INFO - 2022-02-12 03:24:40 --> Session: Class initialized using 'CodeIgniter\Session\Handlers\FileHandler' driver.
INFO - 2022-02-12 03:24:40 --> Controller "App\Controllers\base\Order" loaded.
INFO - 2022-02-12 03:24:40 --> Controller "App\Controllers\base\Beranda" loaded.
INFO - 2022-02-12 03:24:41 --> Session: Class initialized using 'CodeIgniter\Session\Handlers\FileHandler' driver.
INFO - 2022-02-12 03:24:41 --> Controller "App\Controllers\base\Order" loaded.
INFO - 2022-02-12 03:24:42 --> Controller "App\Controllers\base\Beranda" loaded.
INFO - 2022-02-12 03:24:43 --> Session: Class initialized using 'CodeIgniter\Session\Handlers\FileHandler' driver.
INFO - 2022-02-12 03:24:43 --> Controller "App\Controllers\base\Order" loaded.
INFO - 2022-02-12 03:24:44 --> Controller "App\Controllers\base\Beranda" loaded.
INFO - 2022-02-12 03:24:45 --> Session: Class initialized using 'CodeIgniter\Session\Handlers\FileHandler' driver.
INFO - 2022-02-12 03:24:45 --> Controller "App\Controllers\base\Order" loaded.
INFO - 2022-02-12 03:24:45 --> Controller "App\Controllers\base\Beranda" loaded.
INFO - 2022-02-12 03:24:46 --> Session: Class initialized using 'CodeIgniter\Session\Handlers\FileHandler' driver.
INFO - 2022-02-12 03:24:46 --> Controller "App\Controllers\base\Order" loaded.
INFO - 2022-02-12 03:24:47 --> Controller "App\Controllers\base\Beranda" loaded.
INFO - 2022-02-12 03:26:52 --> Session: Class initialized using 'CodeIgniter\Session\Handlers\FileHandler' driver.
INFO - 2022-02-12 03:26:52 --> Controller "App\Controllers\base\Order" loaded.
INFO - 2022-02-12 03:27:56 --> Controller "App\Controllers\base\Beranda" loaded.
INFO - 2022-02-12 03:30:35 --> Controller "App\Controllers\base\Beranda" loaded.
INFO - 2022-02-12 03:31:22 --> Controller "App\Controllers\base\Beranda" loaded.
INFO - 2022-02-12 03:31:36 --> Controller "App\Controllers\base\Beranda" loaded.
INFO - 2022-02-12 03:32:09 --> Controller "App\Controllers\base\Beranda" loaded.
INFO - 2022-02-12 03:32:51 --> Controller "App\Controllers\base\Beranda" loaded.
INFO - 2022-02-12 03:33:03 --> Controller "App\Controllers\base\Beranda" loaded.
INFO - 2022-02-12 03:33:36 --> Controller "App\Controllers\base\Beranda" loaded.
INFO - 2022-02-12 03:35:22 --> Controller "App\Controllers\base\Beranda" loaded.
INFO - 2022-02-12 03:35:26 --> Controller "App\Controllers\base\Beranda" loaded.
INFO - 2022-02-12 03:35:31 --> Controller "App\Controllers\base\Beranda" loaded.
INFO - 2022-02-12 03:50:33 --> Controller "App\Controllers\base\Beranda" loaded.
INFO - 2022-02-12 03:58:32 --> Controller "App\Controllers\base\Beranda" loaded.
INFO - 2022-02-12 03:59:51 --> Controller "App\Controllers\base\Beranda" loaded.
INFO - 2022-02-12 04:00:29 --> Controller "App\Controllers\base\Beranda" loaded.
INFO - 2022-02-12 04:01:11 --> Controller "App\Controllers\base\Beranda" loaded.
INFO - 2022-02-12 04:14:46 --> Controller "App\Controllers\base\Beranda" loaded.
INFO - 2022-02-12 04:17:56 --> Controller "App\Controllers\base\Beranda" loaded.
INFO - 2022-02-12 04:19:57 --> Controller "App\Controllers\base\Beranda" loaded.
INFO - 2022-02-12 04:24:31 --> Controller "App\Controllers\base\Beranda" loaded.
INFO - 2022-02-12 04:32:45 --> Controller "App\Controllers\base\Beranda" loaded.
INFO - 2022-02-12 06:55:58 --> Controller "App\Controllers\base\Beranda" loaded.
INFO - 2022-02-12 06:55:58 --> Controller "App\Controllers\base\Beranda" loaded.
INFO - 2022-02-12 06:55:58 --> Controller "App\Controllers\base\Beranda" loaded.
INFO - 2022-02-12 06:55:58 --> Session: Class initialized using 'CodeIgniter\Session\Handlers\FileHandler' driver.
INFO - 2022-02-12 06:55:58 --> Controller "App\Controllers\bukutamu\Bukutamu" loaded.
INFO - 2022-02-12 06:55:59 --> Session: Class initialized using 'CodeIgniter\Session\Handlers\FileHandler' driver.
INFO - 2022-02-12 06:55:59 --> Controller "App\Controllers\undangan\Undangan" loaded.
INFO - 2022-02-12 06:56:00 --> Session: Class initialized using 'CodeIgniter\Session\Handlers\FileHandler' driver.
INFO - 2022-02-12 06:56:00 --> Controller "App\Controllers\bukutamu\Bukutamu" loaded.
INFO - 2022-02-12 06:56:01 --> Session: Class initialized using 'CodeIgniter\Session\Handlers\FileHandler' driver.
INFO - 2022-02-12 06:56:01 --> Controller "App\Controllers\bukutamu\Bukutamu" loaded.
INFO - 2022-02-12 06:56:01 --> Session: Class initialized using 'CodeIgniter\Session\Handlers\FileHandler' driver.
INFO - 2022-02-12 06:56:01 --> Controller "App\Controllers\undangan\Undangan" loaded.
INFO - 2022-02-12 06:56:02 --> Session: Class initialized using 'CodeIgniter\Session\Handlers\FileHandler' driver.
INFO - 2022-02-12 06:56:02 --> Session: Class initialized using 'CodeIgniter\Session\Handlers\FileHandler' driver.
INFO - 2022-02-12 06:56:02 --> Controller "App\Controllers\undangan\Undangan" loaded.
INFO - 2022-02-12 06:56:02 --> Controller "App\Controllers\admin\Admin" loaded.
INFO - 2022-02-12 07:09:16 --> Controller "App\Controllers\base\Beranda" loaded.
INFO - 2022-02-12 07:09:16 --> Controller "App\Controllers\base\Beranda" loaded.
INFO - 2022-02-12 07:09:16 --> Controller "App\Controllers\base\Beranda" loaded.
INFO - 2022-02-12 07:09:16 --> Session: Class initialized using 'CodeIgniter\Session\Handlers\FileHandler' driver.
INFO - 2022-02-12 07:09:16 --> Controller "App\Controllers\bukutamu\Bukutamu" loaded.
INFO - 2022-02-12 07:09:16 --> Session: Class initialized using 'CodeIgniter\Session\Handlers\FileHandler' driver.
INFO - 2022-02-12 07:09:16 --> Controller "App\Controllers\undangan\Undangan" loaded.
INFO - 2022-02-12 07:09:18 --> Session: Class initialized using 'CodeIgniter\Session\Handlers\FileHandler' driver.
INFO - 2022-02-12 07:09:18 --> Controller "App\Controllers\bukutamu\Bukutamu" loaded.
INFO - 2022-02-12 07:09:18 --> Session: Class initialized using 'CodeIgniter\Session\Handlers\FileHandler' driver.
INFO - 2022-02-12 07:09:18 --> Controller "App\Controllers\undangan\Undangan" loaded.
INFO - 2022-02-12 07:09:18 --> Session: Class initialized using 'CodeIgniter\Session\Handlers\FileHandler' driver.
INFO - 2022-02-12 07:09:18 --> Controller "App\Controllers\bukutamu\Bukutamu" loaded.
INFO - 2022-02-12 07:09:18 --> Session: Class initialized using 'CodeIgniter\Session\Handlers\FileHandler' driver.
INFO - 2022-02-12 07:09:18 --> Controller "App\Controllers\undangan\Undangan" loaded.
INFO - 2022-02-12 07:09:19 --> Session: Class initialized using 'CodeIgniter\Session\Handlers\FileHandler' driver.
INFO - 2022-02-12 07:09:19 --> Controller "App\Controllers\admin\Admin" loaded.
INFO - 2022-02-12 08:36:42 --> Session: Class initialized using 'CodeIgniter\Session\Handlers\FileHandler' driver.
INFO - 2022-02-12 08:36:42 --> Controller "App\Controllers\bukutamu\Bukutamu" loaded.
INFO - 2022-02-12 08:36:42 --> Session: Class initialized using 'CodeIgniter\Session\Handlers\FileHandler' driver.
INFO - 2022-02-12 08:36:42 --> Controller "App\Controllers\bukutamu\Bukutamu" loaded.
INFO - 2022-02-12 08:36:42 --> Session: Class initialized using 'CodeIgniter\Session\Handlers\FileHandler' driver.
INFO - 2022-02-12 08:36:42 --> Controller "App\Controllers\undangan\Undangan" loaded.
INFO - 2022-02-12 08:36:46 --> Session: Class initialized using 'CodeIgniter\Session\Handlers\FileHandler' driver.
INFO - 2022-02-12 08:36:46 --> Controller "App\Controllers\undangan\Undangan" loaded.
INFO - 2022-02-12 08:36:47 --> Session: Class initialized using 'CodeIgniter\Session\Handlers\FileHandler' driver.
INFO - 2022-02-12 08:36:47 --> Controller "App\Controllers\admin\Admin" loaded.
INFO - 2022-02-12 09:04:04 --> Session: Class initialized using 'CodeIgniter\Session\Handlers\FileHandler' driver.
INFO - 2022-02-12 09:04:04 --> Controller "App\Controllers\bukutamu\Bukutamu" loaded.
INFO - 2022-02-12 09:04:04 --> Session: Class initialized using 'CodeIgniter\Session\Handlers\FileHandler' driver.
INFO - 2022-02-12 09:04:04 --> Controller "App\Controllers\bukutamu\Bukutamu" loaded.
INFO - 2022-02-12 09:04:04 --> Session: Class initialized using 'CodeIgniter\Session\Handlers\FileHandler' driver.
INFO - 2022-02-12 09:04:04 --> Controller "App\Controllers\undangan\Undangan" loaded.
INFO - 2022-02-12 09:04:04 --> Session: Class initialized using 'CodeIgniter\Session\Handlers\FileHandler' driver.
INFO - 2022-02-12 09:04:04 --> Controller "App\Controllers\undangan\Undangan" loaded.
INFO - 2022-02-12 09:04:06 --> Session: Class initialized using 'CodeIgniter\Session\Handlers\FileHandler' driver.
INFO - 2022-02-12 09:04:06 --> Controller "App\Controllers\admin\Admin" loaded.
INFO - 2022-02-12 16:39:15 --> Controller "App\Controllers\base\Beranda" loaded.
INFO - 2022-02-12 21:04:50 --> Controller "App\Controllers\base\Beranda" loaded.
INFO - 2022-02-12 21:40:46 --> Controller "App\Controllers\base\Beranda" loaded.
INFO - 2022-02-12 21:40:46 --> Controller "App\Controllers\base\Beranda" loaded.
INFO - 2022-02-12 21:50:24 --> Controller "App\Controllers\base\Beranda" loaded.
INFO - 2022-02-12 21:50:29 --> Controller "App\Controllers\base\Beranda" loaded.
INFO - 2022-02-12 21:50:47 --> Controller "App\Controllers\base\Beranda" loaded.
INFO - 2022-02-12 21:50:55 --> Controller "App\Controllers\base\Beranda" loaded.
INFO - 2022-02-12 21:51:01 --> Controller "App\Controllers\base\Beranda" loaded.
INFO - 2022-02-12 21:55:42 --> Controller "App\Controllers\base\Beranda" loaded.
INFO - 2022-02-12 22:23:58 --> Controller "App\Controllers\base\Beranda" loaded.
INFO - 2022-02-12 22:24:50 --> Controller "App\Controllers\base\Beranda" loaded.
INFO - 2022-02-12 22:25:50 --> Controller "App\Controllers\base\Beranda" loaded.
INFO - 2022-02-12 22:25:56 --> Controller "App\Controllers\base\Beranda" loaded.
INFO - 2022-02-12 22:26:34 --> Controller "App\Controllers\base\Beranda" loaded.
