INFO - 2024-05-04 15:02:43 --> Controller "App\Controllers\base\Beranda" loaded.
INFO - 2024-05-04 15:02:47 --> Session: Class initialized using 'CodeIgniter\Session\Handlers\FileHandler' driver.
INFO - 2024-05-04 15:02:47 --> Controller "App\Controllers\base\Dashboard" loaded.
INFO - 2024-05-04 15:03:51 --> Session: Class initialized using 'CodeIgniter\Session\Handlers\FileHandler' driver.
INFO - 2024-05-04 15:03:51 --> Controller "App\Controllers\base\Dashboard" loaded.
INFO - 2024-05-04 15:04:32 --> Session: Class initialized using 'CodeIgniter\Session\Handlers\FileHandler' driver.
INFO - 2024-05-04 15:04:32 --> Controller "App\Controllers\base\Dashboard" loaded.
INFO - 2024-05-04 15:04:32 --> Session: Class initialized using 'CodeIgniter\Session\Handlers\FileHandler' driver.
INFO - 2024-05-04 15:04:32 --> Controller "App\Controllers\base\Dashboard" loaded.
INFO - 2024-05-04 15:05:12 --> Session: Class initialized using 'CodeIgniter\Session\Handlers\FileHandler' driver.
INFO - 2024-05-04 15:05:12 --> Controller "App\Controllers\base\Dashboard" loaded.
INFO - 2024-05-04 15:05:12 --> Session: Class initialized using 'CodeIgniter\Session\Handlers\FileHandler' driver.
INFO - 2024-05-04 15:05:12 --> Controller "App\Controllers\base\Dashboard" loaded.
INFO - 2024-05-04 15:05:16 --> Session: Class initialized using 'CodeIgniter\Session\Handlers\FileHandler' driver.
INFO - 2024-05-04 15:05:16 --> Controller "App\Controllers\base\Dashboard" loaded.
INFO - 2024-05-04 15:07:50 --> Session: Class initialized using 'CodeIgniter\Session\Handlers\FileHandler' driver.
INFO - 2024-05-04 15:07:50 --> Controller "App\Controllers\base\Dashboard" loaded.
INFO - 2024-05-04 15:07:53 --> Session: Class initialized using 'CodeIgniter\Session\Handlers\FileHandler' driver.
INFO - 2024-05-04 15:07:53 --> Controller "App\Controllers\base\Dashboard" loaded.
INFO - 2024-05-04 15:08:01 --> Session: Class initialized using 'CodeIgniter\Session\Handlers\FileHandler' driver.
INFO - 2024-05-04 15:08:01 --> Controller "App\Controllers\base\Dashboard" loaded.
INFO - 2024-05-04 15:08:01 --> Session: Class initialized using 'CodeIgniter\Session\Handlers\FileHandler' driver.
INFO - 2024-05-04 15:08:01 --> Controller "App\Controllers\base\Dashboard" loaded.
INFO - 2024-05-04 15:09:05 --> Session: Class initialized using 'CodeIgniter\Session\Handlers\FileHandler' driver.
INFO - 2024-05-04 15:09:05 --> Controller "App\Controllers\base\Dashboard" loaded.
INFO - 2024-05-04 15:09:05 --> Session: Class initialized using 'CodeIgniter\Session\Handlers\FileHandler' driver.
INFO - 2024-05-04 15:09:05 --> Controller "App\Controllers\base\Dashboard" loaded.
INFO - 2024-05-04 15:09:41 --> Session: Class initialized using 'CodeIgniter\Session\Handlers\FileHandler' driver.
INFO - 2024-05-04 15:09:41 --> Controller "App\Controllers\base\Dashboard" loaded.
INFO - 2024-05-04 15:09:41 --> Session: Class initialized using 'CodeIgniter\Session\Handlers\FileHandler' driver.
INFO - 2024-05-04 15:09:41 --> Controller "App\Controllers\base\Dashboard" loaded.
INFO - 2024-05-04 15:09:51 --> Session: Class initialized using 'CodeIgniter\Session\Handlers\FileHandler' driver.
INFO - 2024-05-04 15:09:51 --> Controller "App\Controllers\base\Lupa_password" loaded.
INFO - 2024-05-04 15:09:56 --> Session: Class initialized using 'CodeIgniter\Session\Handlers\FileHandler' driver.
INFO - 2024-05-04 15:09:56 --> Controller "App\Controllers\base\Lupa_password" loaded.
INFO - 2024-05-04 15:09:56 --> Session: Class initialized using 'CodeIgniter\Session\Handlers\FileHandler' driver.
INFO - 2024-05-04 15:09:56 --> Controller "App\Controllers\base\Lupa_password" loaded.
INFO - 2024-05-04 15:09:59 --> Session: Class initialized using 'CodeIgniter\Session\Handlers\FileHandler' driver.
INFO - 2024-05-04 15:09:59 --> Controller "App\Controllers\base\Dashboard" loaded.
INFO - 2024-05-04 15:10:28 --> Controller "App\Controllers\base\Beranda" loaded.
INFO - 2024-05-04 15:10:45 --> Session: Class initialized using 'CodeIgniter\Session\Handlers\FileHandler' driver.
INFO - 2024-05-04 15:10:45 --> Controller "App\Controllers\base\Dashboard" loaded.
INFO - 2024-05-04 15:10:58 --> Session: Class initialized using 'CodeIgniter\Session\Handlers\FileHandler' driver.
INFO - 2024-05-04 15:10:58 --> Controller "App\Controllers\base\Dashboard" loaded.
INFO - 2024-05-04 15:10:58 --> Session: Class initialized using 'CodeIgniter\Session\Handlers\FileHandler' driver.
INFO - 2024-05-04 15:10:58 --> Controller "App\Controllers\base\Dashboard" loaded.
INFO - 2024-05-04 15:11:02 --> Session: Class initialized using 'CodeIgniter\Session\Handlers\FileHandler' driver.
INFO - 2024-05-04 15:11:02 --> Controller "App\Controllers\base\Dashboard" loaded.
INFO - 2024-05-04 15:11:02 --> Session: Class initialized using 'CodeIgniter\Session\Handlers\FileHandler' driver.
INFO - 2024-05-04 15:11:02 --> Controller "App\Controllers\base\Dashboard" loaded.
INFO - 2024-05-04 15:12:53 --> Controller "App\Controllers\base\Beranda" loaded.
INFO - 2024-05-04 15:13:34 --> Session: Class initialized using 'CodeIgniter\Session\Handlers\FileHandler' driver.
INFO - 2024-05-04 15:13:34 --> Controller "App\Controllers\base\Dashboard" loaded.
INFO - 2024-05-04 15:13:47 --> Controller "App\Controllers\base\Beranda" loaded.
INFO - 2024-05-04 15:20:55 --> Session: Class initialized using 'CodeIgniter\Session\Handlers\FileHandler' driver.
INFO - 2024-05-04 15:20:55 --> Controller "App\Controllers\base\Dashboard" loaded.
INFO - 2024-05-04 15:21:52 --> Controller "App\Controllers\base\Beranda" loaded.
INFO - 2024-05-04 15:22:08 --> Session: Class initialized using 'CodeIgniter\Session\Handlers\FileHandler' driver.
INFO - 2024-05-04 15:22:08 --> Controller "App\Controllers\base\Dashboard" loaded.
INFO - 2024-05-04 15:22:21 --> Session: Class initialized using 'CodeIgniter\Session\Handlers\FileHandler' driver.
INFO - 2024-05-04 15:22:21 --> Controller "App\Controllers\admin\Admin" loaded.
INFO - 2024-05-04 15:22:32 --> Session: Class initialized using 'CodeIgniter\Session\Handlers\FileHandler' driver.
INFO - 2024-05-04 15:22:32 --> Controller "App\Controllers\admin\Admin" loaded.
INFO - 2024-05-04 15:22:32 --> Session: Class initialized using 'CodeIgniter\Session\Handlers\FileHandler' driver.
INFO - 2024-05-04 15:22:32 --> Controller "App\Controllers\admin\Admin" loaded.
INFO - 2024-05-04 15:22:52 --> Session: Class initialized using 'CodeIgniter\Session\Handlers\FileHandler' driver.
INFO - 2024-05-04 15:22:52 --> Controller "App\Controllers\admin\Admin" loaded.
INFO - 2024-05-04 15:22:52 --> Session: Class initialized using 'CodeIgniter\Session\Handlers\FileHandler' driver.
INFO - 2024-05-04 15:22:52 --> Controller "App\Controllers\admin\Admin" loaded.
INFO - 2024-05-04 15:32:48 --> Controller "App\Controllers\base\Beranda" loaded.
INFO - 2024-05-04 15:32:52 --> Session: Class initialized using 'CodeIgniter\Session\Handlers\FileHandler' driver.
INFO - 2024-05-04 15:32:52 --> Controller "App\Controllers\base\Dashboard" loaded.
INFO - 2024-05-04 15:33:04 --> Session: Class initialized using 'CodeIgniter\Session\Handlers\FileHandler' driver.
INFO - 2024-05-04 15:33:05 --> Controller "App\Controllers\admin\Admin" loaded.
INFO - 2024-05-04 15:33:15 --> Controller "App\Controllers\base\Beranda" loaded.
INFO - 2024-05-04 15:33:24 --> Controller "App\Controllers\base\Beranda" loaded.
INFO - 2024-05-04 15:33:47 --> Session: Class initialized using 'CodeIgniter\Session\Handlers\FileHandler' driver.
INFO - 2024-05-04 15:33:47 --> Controller "App\Controllers\base\Dashboard" loaded.
INFO - 2024-05-04 15:33:47 --> Session: Class initialized using 'CodeIgniter\Session\Handlers\FileHandler' driver.
INFO - 2024-05-04 15:33:47 --> Controller "App\Controllers\base\Dashboard" loaded.
INFO - 2024-05-04 15:33:56 --> Session: Class initialized using 'CodeIgniter\Session\Handlers\FileHandler' driver.
INFO - 2024-05-04 15:33:56 --> Controller "App\Controllers\admin\Admin" loaded.
INFO - 2024-05-04 15:33:56 --> Session: Class initialized using 'CodeIgniter\Session\Handlers\FileHandler' driver.
INFO - 2024-05-04 15:33:56 --> Controller "App\Controllers\admin\Admin" loaded.
INFO - 2024-05-04 15:34:01 --> Session: Class initialized using 'CodeIgniter\Session\Handlers\FileHandler' driver.
INFO - 2024-05-04 15:34:01 --> Controller "App\Controllers\admin\Admin" loaded.
INFO - 2024-05-04 15:34:03 --> Session: Class initialized using 'CodeIgniter\Session\Handlers\FileHandler' driver.
INFO - 2024-05-04 15:34:03 --> Controller "App\Controllers\admin\Admin" loaded.
INFO - 2024-05-04 15:34:10 --> Session: Class initialized using 'CodeIgniter\Session\Handlers\FileHandler' driver.
INFO - 2024-05-04 15:34:10 --> Controller "App\Controllers\admin\Admin" loaded.
INFO - 2024-05-04 15:34:12 --> Session: Class initialized using 'CodeIgniter\Session\Handlers\FileHandler' driver.
INFO - 2024-05-04 15:34:12 --> Controller "App\Controllers\admin\Admin" loaded.
INFO - 2024-05-04 15:34:17 --> Session: Class initialized using 'CodeIgniter\Session\Handlers\FileHandler' driver.
INFO - 2024-05-04 15:34:17 --> Controller "App\Controllers\admin\Admin" loaded.
INFO - 2024-05-04 15:34:19 --> Session: Class initialized using 'CodeIgniter\Session\Handlers\FileHandler' driver.
INFO - 2024-05-04 15:34:19 --> Controller "App\Controllers\admin\Admin" loaded.
INFO - 2024-05-04 15:34:22 --> Session: Class initialized using 'CodeIgniter\Session\Handlers\FileHandler' driver.
INFO - 2024-05-04 15:34:22 --> Controller "App\Controllers\admin\Admin" loaded.
INFO - 2024-05-04 15:34:24 --> Session: Class initialized using 'CodeIgniter\Session\Handlers\FileHandler' driver.
INFO - 2024-05-04 15:34:24 --> Controller "App\Controllers\admin\Admin" loaded.
INFO - 2024-05-04 15:34:28 --> Session: Class initialized using 'CodeIgniter\Session\Handlers\FileHandler' driver.
INFO - 2024-05-04 15:34:28 --> Controller "App\Controllers\admin\Admin" loaded.
INFO - 2024-05-04 15:34:31 --> Session: Class initialized using 'CodeIgniter\Session\Handlers\FileHandler' driver.
INFO - 2024-05-04 15:34:31 --> Controller "App\Controllers\admin\Admin" loaded.
INFO - 2024-05-04 15:34:35 --> Session: Class initialized using 'CodeIgniter\Session\Handlers\FileHandler' driver.
INFO - 2024-05-04 15:34:35 --> Controller "App\Controllers\admin\Admin" loaded.
INFO - 2024-05-04 15:34:43 --> Session: Class initialized using 'CodeIgniter\Session\Handlers\FileHandler' driver.
INFO - 2024-05-04 15:34:44 --> Controller "App\Controllers\base\Dashboard" loaded.
INFO - 2024-05-04 15:35:10 --> Session: Class initialized using 'CodeIgniter\Session\Handlers\FileHandler' driver.
INFO - 2024-05-04 15:35:10 --> Controller "App\Controllers\undangan\Undangan" loaded.
INFO - 2024-05-04 15:35:44 --> Session: Class initialized using 'CodeIgniter\Session\Handlers\FileHandler' driver.
INFO - 2024-05-04 15:35:44 --> Controller "App\Controllers\base\Dashboard" loaded.
INFO - 2024-05-04 15:35:57 --> Controller "App\Controllers\base\Beranda" loaded.
INFO - 2024-05-04 15:36:11 --> Session: Class initialized using 'CodeIgniter\Session\Handlers\FileHandler' driver.
INFO - 2024-05-04 15:36:11 --> Controller "App\Controllers\base\Dashboard" loaded.
INFO - 2024-05-04 15:36:27 --> Session: Class initialized using 'CodeIgniter\Session\Handlers\FileHandler' driver.
INFO - 2024-05-04 15:36:27 --> Controller "App\Controllers\base\Dashboard" loaded.
INFO - 2024-05-04 15:36:37 --> Session: Class initialized using 'CodeIgniter\Session\Handlers\FileHandler' driver.
INFO - 2024-05-04 15:36:37 --> Controller "App\Controllers\admin\Admin" loaded.
INFO - 2024-05-04 15:36:42 --> Session: Class initialized using 'CodeIgniter\Session\Handlers\FileHandler' driver.
INFO - 2024-05-04 15:36:42 --> Controller "App\Controllers\admin\Admin" loaded.
INFO - 2024-05-04 15:36:43 --> Session: Class initialized using 'CodeIgniter\Session\Handlers\FileHandler' driver.
INFO - 2024-05-04 15:36:43 --> Controller "App\Controllers\admin\Admin" loaded.
INFO - 2024-05-04 15:37:20 --> Session: Class initialized using 'CodeIgniter\Session\Handlers\FileHandler' driver.
INFO - 2024-05-04 15:37:20 --> Controller "App\Controllers\admin\Admin" loaded.
INFO - 2024-05-04 15:37:22 --> Session: Class initialized using 'CodeIgniter\Session\Handlers\FileHandler' driver.
INFO - 2024-05-04 15:37:22 --> Controller "App\Controllers\admin\Admin" loaded.
INFO - 2024-05-04 15:37:26 --> Session: Class initialized using 'CodeIgniter\Session\Handlers\FileHandler' driver.
INFO - 2024-05-04 15:37:26 --> Controller "App\Controllers\admin\Admin" loaded.
INFO - 2024-05-04 15:38:11 --> Session: Class initialized using 'CodeIgniter\Session\Handlers\FileHandler' driver.
INFO - 2024-05-04 15:38:11 --> Controller "App\Controllers\admin\Admin" loaded.
INFO - 2024-05-04 15:38:14 --> Session: Class initialized using 'CodeIgniter\Session\Handlers\FileHandler' driver.
INFO - 2024-05-04 15:38:14 --> Controller "App\Controllers\admin\Admin" loaded.
INFO - 2024-05-04 15:38:17 --> Session: Class initialized using 'CodeIgniter\Session\Handlers\FileHandler' driver.
INFO - 2024-05-04 15:38:17 --> Controller "App\Controllers\admin\Admin" loaded.
INFO - 2024-05-04 15:38:28 --> Session: Class initialized using 'CodeIgniter\Session\Handlers\FileHandler' driver.
INFO - 2024-05-04 15:38:28 --> Controller "App\Controllers\admin\Admin" loaded.
INFO - 2024-05-04 15:39:41 --> Session: Class initialized using 'CodeIgniter\Session\Handlers\FileHandler' driver.
INFO - 2024-05-04 15:39:41 --> Controller "App\Controllers\admin\Admin" loaded.
INFO - 2024-05-04 15:39:50 --> Session: Class initialized using 'CodeIgniter\Session\Handlers\FileHandler' driver.
INFO - 2024-05-04 15:39:50 --> Controller "App\Controllers\admin\Admin" loaded.
INFO - 2024-05-04 15:39:57 --> Session: Class initialized using 'CodeIgniter\Session\Handlers\FileHandler' driver.
INFO - 2024-05-04 15:39:57 --> Controller "App\Controllers\admin\Admin" loaded.
INFO - 2024-05-04 15:40:30 --> Session: Class initialized using 'CodeIgniter\Session\Handlers\FileHandler' driver.
INFO - 2024-05-04 15:40:30 --> Controller "App\Controllers\admin\Admin" loaded.
INFO - 2024-05-04 15:40:30 --> Session: Class initialized using 'CodeIgniter\Session\Handlers\FileHandler' driver.
INFO - 2024-05-04 15:40:30 --> Controller "App\Controllers\admin\Admin" loaded.
INFO - 2024-05-04 15:40:37 --> Session: Class initialized using 'CodeIgniter\Session\Handlers\FileHandler' driver.
INFO - 2024-05-04 15:40:37 --> Controller "App\Controllers\base\Dashboard" loaded.
INFO - 2024-05-04 15:40:53 --> Session: Class initialized using 'CodeIgniter\Session\Handlers\FileHandler' driver.
INFO - 2024-05-04 15:40:53 --> Controller "App\Controllers\base\Dashboard" loaded.
INFO - 2024-05-04 15:41:32 --> Controller "App\Controllers\base\Beranda" loaded.
INFO - 2024-05-04 15:43:45 --> Session: Class initialized using 'CodeIgniter\Session\Handlers\FileHandler' driver.
INFO - 2024-05-04 15:43:45 --> Controller "App\Controllers\base\Dashboard" loaded.
INFO - 2024-05-04 15:44:11 --> Session: Class initialized using 'CodeIgniter\Session\Handlers\FileHandler' driver.
INFO - 2024-05-04 15:44:11 --> Controller "App\Controllers\base\Dashboard" loaded.
INFO - 2024-05-04 15:44:16 --> Session: Class initialized using 'CodeIgniter\Session\Handlers\FileHandler' driver.
INFO - 2024-05-04 15:44:16 --> Controller "App\Controllers\base\Dashboard" loaded.
INFO - 2024-05-04 15:44:49 --> Session: Class initialized using 'CodeIgniter\Session\Handlers\FileHandler' driver.
INFO - 2024-05-04 15:44:49 --> Controller "App\Controllers\undangan\Undangan" loaded.
INFO - 2024-05-04 15:44:59 --> Session: Class initialized using 'CodeIgniter\Session\Handlers\FileHandler' driver.
INFO - 2024-05-04 15:44:59 --> Controller "App\Controllers\base\Dashboard" loaded.
INFO - 2024-05-04 15:45:23 --> Session: Class initialized using 'CodeIgniter\Session\Handlers\FileHandler' driver.
INFO - 2024-05-04 15:45:23 --> Controller "App\Controllers\base\Dashboard" loaded.
INFO - 2024-05-04 15:45:43 --> Session: Class initialized using 'CodeIgniter\Session\Handlers\FileHandler' driver.
INFO - 2024-05-04 15:45:43 --> Controller "App\Controllers\undangan\Undangan" loaded.
INFO - 2024-05-04 15:46:09 --> Session: Class initialized using 'CodeIgniter\Session\Handlers\FileHandler' driver.
INFO - 2024-05-04 15:46:09 --> Controller "App\Controllers\base\Dashboard" loaded.
INFO - 2024-05-04 15:46:13 --> Session: Class initialized using 'CodeIgniter\Session\Handlers\FileHandler' driver.
INFO - 2024-05-04 15:46:13 --> Controller "App\Controllers\base\Dashboard" loaded.
INFO - 2024-05-04 15:46:20 --> Session: Class initialized using 'CodeIgniter\Session\Handlers\FileHandler' driver.
INFO - 2024-05-04 15:46:20 --> Controller "App\Controllers\base\Dashboard" loaded.
INFO - 2024-05-04 15:46:27 --> Session: Class initialized using 'CodeIgniter\Session\Handlers\FileHandler' driver.
INFO - 2024-05-04 15:46:27 --> Controller "App\Controllers\base\Dashboard" loaded.
INFO - 2024-05-04 15:46:31 --> Session: Class initialized using 'CodeIgniter\Session\Handlers\FileHandler' driver.
INFO - 2024-05-04 15:46:31 --> Controller "App\Controllers\base\Dashboard" loaded.
INFO - 2024-05-04 15:46:38 --> Session: Class initialized using 'CodeIgniter\Session\Handlers\FileHandler' driver.
INFO - 2024-05-04 15:46:38 --> Controller "App\Controllers\base\Dashboard" loaded.
INFO - 2024-05-04 15:46:38 --> Session: Class initialized using 'CodeIgniter\Session\Handlers\FileHandler' driver.
INFO - 2024-05-04 15:46:38 --> Controller "App\Controllers\base\Dashboard" loaded.
INFO - 2024-05-04 15:48:11 --> Session: Class initialized using 'CodeIgniter\Session\Handlers\FileHandler' driver.
INFO - 2024-05-04 15:48:11 --> Controller "App\Controllers\admin\Admin" loaded.
INFO - 2024-05-04 15:48:11 --> Session: Class initialized using 'CodeIgniter\Session\Handlers\FileHandler' driver.
INFO - 2024-05-04 15:48:11 --> Controller "App\Controllers\admin\Admin" loaded.
INFO - 2024-05-04 17:04:32 --> Controller "App\Controllers\base\Beranda" loaded.
INFO - 2024-05-04 17:04:50 --> Session: Class initialized using 'CodeIgniter\Session\Handlers\FileHandler' driver.
INFO - 2024-05-04 17:04:50 --> Controller "App\Controllers\base\Order" loaded.
INFO - 2024-05-04 17:04:50 --> Controller "App\Controllers\base\Beranda" loaded.
INFO - 2024-05-04 17:05:22 --> Controller "App\Controllers\base\Beranda" loaded.
INFO - 2024-05-04 17:05:29 --> Session: Class initialized using 'CodeIgniter\Session\Handlers\FileHandler' driver.
INFO - 2024-05-04 17:05:29 --> Controller "App\Controllers\base\Order" loaded.
INFO - 2024-05-04 17:05:29 --> Controller "App\Controllers\base\Beranda" loaded.
INFO - 2024-05-04 17:05:35 --> Controller "App\Controllers\base\Beranda" loaded.
INFO - 2024-05-04 17:06:35 --> Controller "App\Controllers\base\Beranda" loaded.
INFO - 2024-05-04 17:06:55 --> Controller "App\Controllers\base\Beranda" loaded.
INFO - 2024-05-04 17:06:59 --> Controller "App\Controllers\base\Beranda" loaded.
INFO - 2024-05-04 17:08:37 --> Controller "App\Controllers\base\Beranda" loaded.
INFO - 2024-05-04 17:09:53 --> Controller "App\Controllers\base\Beranda" loaded.
INFO - 2024-05-04 17:11:00 --> Controller "App\Controllers\base\Beranda" loaded.
INFO - 2024-05-04 17:12:09 --> Controller "App\Controllers\base\Beranda" loaded.
INFO - 2024-05-04 17:12:46 --> Session: Class initialized using 'CodeIgniter\Session\Handlers\FileHandler' driver.
INFO - 2024-05-04 17:12:46 --> Controller "App\Controllers\base\Order" loaded.
INFO - 2024-05-04 17:12:46 --> Controller "App\Controllers\base\Beranda" loaded.
INFO - 2024-05-04 17:13:01 --> Session: Class initialized using 'CodeIgniter\Session\Handlers\FileHandler' driver.
INFO - 2024-05-04 17:13:01 --> Controller "App\Controllers\base\Order" loaded.
INFO - 2024-05-04 17:13:01 --> Controller "App\Controllers\base\Beranda" loaded.
INFO - 2024-05-04 17:13:06 --> Controller "App\Controllers\base\Beranda" loaded.
INFO - 2024-05-04 17:14:00 --> Controller "App\Controllers\base\Beranda" loaded.
INFO - 2024-05-04 17:27:23 --> Controller "App\Controllers\base\Beranda" loaded.
INFO - 2024-05-04 17:27:27 --> Session: Class initialized using 'CodeIgniter\Session\Handlers\FileHandler' driver.
INFO - 2024-05-04 17:27:27 --> Controller "App\Controllers\base\Dashboard" loaded.
INFO - 2024-05-04 17:27:44 --> Session: Class initialized using 'CodeIgniter\Session\Handlers\FileHandler' driver.
INFO - 2024-05-04 17:27:44 --> Controller "App\Controllers\base\Dashboard" loaded.
INFO - 2024-05-04 17:27:44 --> Session: Class initialized using 'CodeIgniter\Session\Handlers\FileHandler' driver.
INFO - 2024-05-04 17:27:44 --> Controller "App\Controllers\base\Dashboard" loaded.
INFO - 2024-05-04 17:27:51 --> Session: Class initialized using 'CodeIgniter\Session\Handlers\FileHandler' driver.
INFO - 2024-05-04 17:27:51 --> Controller "App\Controllers\base\Dashboard" loaded.
INFO - 2024-05-04 17:27:56 --> Controller "App\Controllers\base\Beranda" loaded.
INFO - 2024-05-04 17:28:03 --> Session: Class initialized using 'CodeIgniter\Session\Handlers\FileHandler' driver.
INFO - 2024-05-04 17:28:03 --> Controller "App\Controllers\base\Dashboard" loaded.
INFO - 2024-05-04 17:28:06 --> Session: Class initialized using 'CodeIgniter\Session\Handlers\FileHandler' driver.
INFO - 2024-05-04 17:28:06 --> Controller "App\Controllers\base\Dashboard" loaded.
INFO - 2024-05-04 17:28:17 --> Session: Class initialized using 'CodeIgniter\Session\Handlers\FileHandler' driver.
INFO - 2024-05-04 17:28:17 --> Controller "App\Controllers\base\Dashboard" loaded.
INFO - 2024-05-04 17:28:30 --> Session: Class initialized using 'CodeIgniter\Session\Handlers\FileHandler' driver.
INFO - 2024-05-04 17:28:30 --> Controller "App\Controllers\base\Dashboard" loaded.
INFO - 2024-05-04 17:28:32 --> Session: Class initialized using 'CodeIgniter\Session\Handlers\FileHandler' driver.
INFO - 2024-05-04 17:28:32 --> Controller "App\Controllers\base\Dashboard" loaded.
INFO - 2024-05-04 17:28:37 --> Session: Class initialized using 'CodeIgniter\Session\Handlers\FileHandler' driver.
INFO - 2024-05-04 17:28:37 --> Controller "App\Controllers\base\Dashboard" loaded.
INFO - 2024-05-04 17:28:42 --> Session: Class initialized using 'CodeIgniter\Session\Handlers\FileHandler' driver.
INFO - 2024-05-04 17:28:42 --> Controller "App\Controllers\undangan\Undangan" loaded.
INFO - 2024-05-04 17:29:07 --> Session: Class initialized using 'CodeIgniter\Session\Handlers\FileHandler' driver.
INFO - 2024-05-04 17:29:07 --> Controller "App\Controllers\base\Dashboard" loaded.
INFO - 2024-05-04 17:33:42 --> Session: Class initialized using 'CodeIgniter\Session\Handlers\FileHandler' driver.
INFO - 2024-05-04 17:33:42 --> Controller "App\Controllers\base\Dashboard" loaded.
INFO - 2024-05-04 17:33:42 --> Session: Class initialized using 'CodeIgniter\Session\Handlers\FileHandler' driver.
INFO - 2024-05-04 17:33:42 --> Controller "App\Controllers\base\Dashboard" loaded.
INFO - 2024-05-04 17:35:33 --> Session: Class initialized using 'CodeIgniter\Session\Handlers\FileHandler' driver.
INFO - 2024-05-04 17:35:33 --> Controller "App\Controllers\base\Dashboard" loaded.
INFO - 2024-05-04 17:35:33 --> Session: Class initialized using 'CodeIgniter\Session\Handlers\FileHandler' driver.
INFO - 2024-05-04 17:35:33 --> Controller "App\Controllers\base\Dashboard" loaded.
INFO - 2024-05-04 17:35:40 --> Session: Class initialized using 'CodeIgniter\Session\Handlers\FileHandler' driver.
INFO - 2024-05-04 17:35:40 --> Controller "App\Controllers\base\Dashboard" loaded.
INFO - 2024-05-04 17:35:43 --> Session: Class initialized using 'CodeIgniter\Session\Handlers\FileHandler' driver.
INFO - 2024-05-04 17:35:43 --> Controller "App\Controllers\base\Dashboard" loaded.
INFO - 2024-05-04 17:35:45 --> Session: Class initialized using 'CodeIgniter\Session\Handlers\FileHandler' driver.
INFO - 2024-05-04 17:35:45 --> Controller "App\Controllers\undangan\Undangan" loaded.
INFO - 2024-05-04 17:36:55 --> Session: Class initialized using 'CodeIgniter\Session\Handlers\FileHandler' driver.
INFO - 2024-05-04 17:36:55 --> Controller "App\Controllers\base\Dashboard" loaded.
INFO - 2024-05-04 17:36:59 --> Session: Class initialized using 'CodeIgniter\Session\Handlers\FileHandler' driver.
INFO - 2024-05-04 17:36:59 --> Controller "App\Controllers\base\Dashboard" loaded.
INFO - 2024-05-04 17:37:05 --> Session: Class initialized using 'CodeIgniter\Session\Handlers\FileHandler' driver.
INFO - 2024-05-04 17:37:05 --> Controller "App\Controllers\base\Dashboard" loaded.
INFO - 2024-05-04 17:37:08 --> Session: Class initialized using 'CodeIgniter\Session\Handlers\FileHandler' driver.
INFO - 2024-05-04 17:37:08 --> Controller "App\Controllers\base\Dashboard" loaded.
INFO - 2024-05-04 17:37:31 --> Session: Class initialized using 'CodeIgniter\Session\Handlers\FileHandler' driver.
INFO - 2024-05-04 17:37:31 --> Controller "App\Controllers\base\Dashboard" loaded.
INFO - 2024-05-04 17:39:34 --> Controller "App\Controllers\base\Beranda" loaded.
INFO - 2024-05-04 17:43:59 --> Controller "App\Controllers\base\Beranda" loaded.
INFO - 2024-05-04 17:44:11 --> Session: Class initialized using 'CodeIgniter\Session\Handlers\FileHandler' driver.
INFO - 2024-05-04 17:44:11 --> Controller "App\Controllers\base\Dashboard" loaded.
INFO - 2024-05-04 17:44:33 --> Session: Class initialized using 'CodeIgniter\Session\Handlers\FileHandler' driver.
INFO - 2024-05-04 17:44:33 --> Controller "App\Controllers\admin\Admin" loaded.
INFO - 2024-05-04 17:44:39 --> Session: Class initialized using 'CodeIgniter\Session\Handlers\FileHandler' driver.
INFO - 2024-05-04 17:44:39 --> Controller "App\Controllers\admin\Admin" loaded.
INFO - 2024-05-04 17:44:47 --> Session: Class initialized using 'CodeIgniter\Session\Handlers\FileHandler' driver.
INFO - 2024-05-04 17:44:47 --> Controller "App\Controllers\admin\Admin" loaded.
INFO - 2024-05-04 17:44:47 --> Session: Class initialized using 'CodeIgniter\Session\Handlers\FileHandler' driver.
INFO - 2024-05-04 17:44:47 --> Controller "App\Controllers\admin\Admin" loaded.
INFO - 2024-05-04 17:45:03 --> Session: Class initialized using 'CodeIgniter\Session\Handlers\FileHandler' driver.
INFO - 2024-05-04 17:45:03 --> Controller "App\Controllers\base\Dashboard" loaded.
INFO - 2024-05-04 17:45:03 --> Session: Class initialized using 'CodeIgniter\Session\Handlers\FileHandler' driver.
INFO - 2024-05-04 17:45:03 --> Controller "App\Controllers\base\Dashboard" loaded.
INFO - 2024-05-04 17:45:16 --> Session: Class initialized using 'CodeIgniter\Session\Handlers\FileHandler' driver.
INFO - 2024-05-04 17:45:16 --> Controller "App\Controllers\base\Dashboard" loaded.
INFO - 2024-05-04 17:45:16 --> Session: Class initialized using 'CodeIgniter\Session\Handlers\FileHandler' driver.
INFO - 2024-05-04 17:45:16 --> Controller "App\Controllers\base\Dashboard" loaded.
INFO - 2024-05-04 17:45:27 --> Session: Class initialized using 'CodeIgniter\Session\Handlers\FileHandler' driver.
INFO - 2024-05-04 17:45:27 --> Controller "App\Controllers\undangan\Undangan" loaded.
INFO - 2024-05-04 17:45:40 --> Session: Class initialized using 'CodeIgniter\Session\Handlers\FileHandler' driver.
INFO - 2024-05-04 17:45:40 --> Controller "App\Controllers\base\Dashboard" loaded.
INFO - 2024-05-04 17:45:45 --> Controller "App\Controllers\base\Beranda" loaded.
INFO - 2024-05-04 17:47:14 --> Controller "App\Controllers\base\Beranda" loaded.
INFO - 2024-05-04 17:47:34 --> Session: Class initialized using 'CodeIgniter\Session\Handlers\FileHandler' driver.
INFO - 2024-05-04 17:47:34 --> Controller "App\Controllers\base\Dashboard" loaded.
INFO - 2024-05-04 17:47:50 --> Session: Class initialized using 'CodeIgniter\Session\Handlers\FileHandler' driver.
INFO - 2024-05-04 17:47:50 --> Controller "App\Controllers\base\Dashboard" loaded.
INFO - 2024-05-04 17:47:50 --> Session: Class initialized using 'CodeIgniter\Session\Handlers\FileHandler' driver.
INFO - 2024-05-04 17:47:50 --> Controller "App\Controllers\base\Dashboard" loaded.
INFO - 2024-05-04 17:48:09 --> Session: Class initialized using 'CodeIgniter\Session\Handlers\FileHandler' driver.
INFO - 2024-05-04 17:48:09 --> Controller "App\Controllers\base\Dashboard" loaded.
INFO - 2024-05-04 17:48:17 --> Session: Class initialized using 'CodeIgniter\Session\Handlers\FileHandler' driver.
INFO - 2024-05-04 17:48:17 --> Controller "App\Controllers\base\Dashboard" loaded.
INFO - 2024-05-04 17:48:18 --> Session: Class initialized using 'CodeIgniter\Session\Handlers\FileHandler' driver.
INFO - 2024-05-04 17:48:18 --> Controller "App\Controllers\base\Dashboard" loaded.
INFO - 2024-05-04 17:48:32 --> Controller "App\Controllers\base\Beranda" loaded.
INFO - 2024-05-04 17:48:40 --> Controller "App\Controllers\base\Beranda" loaded.
INFO - 2024-05-04 18:19:50 --> Session: Class initialized using 'CodeIgniter\Session\Handlers\FileHandler' driver.
INFO - 2024-05-04 18:19:50 --> Controller "App\Controllers\base\Dashboard" loaded.
INFO - 2024-05-04 18:19:55 --> Session: Class initialized using 'CodeIgniter\Session\Handlers\FileHandler' driver.
INFO - 2024-05-04 18:19:55 --> Controller "App\Controllers\base\Dashboard" loaded.
INFO - 2024-05-04 18:19:55 --> Session: Class initialized using 'CodeIgniter\Session\Handlers\FileHandler' driver.
INFO - 2024-05-04 18:19:55 --> Controller "App\Controllers\base\Dashboard" loaded.
INFO - 2024-05-04 18:20:01 --> Controller "App\Controllers\base\Beranda" loaded.
INFO - 2024-05-04 18:20:08 --> Controller "App\Controllers\base\Beranda" loaded.
INFO - 2024-05-04 19:03:27 --> Controller "App\Controllers\base\Beranda" loaded.
INFO - 2024-05-04 19:03:45 --> Session: Class initialized using 'CodeIgniter\Session\Handlers\FileHandler' driver.
INFO - 2024-05-04 19:03:45 --> Controller "App\Controllers\admin\Admin" loaded.
INFO - 2024-05-04 19:13:22 --> Controller "App\Controllers\base\Beranda" loaded.
INFO - 2024-05-04 19:13:30 --> Session: Class initialized using 'CodeIgniter\Session\Handlers\FileHandler' driver.
INFO - 2024-05-04 19:13:30 --> Controller "App\Controllers\base\Dashboard" loaded.
INFO - 2024-05-04 19:22:19 --> Controller "App\Controllers\base\Beranda" loaded.
INFO - 2024-05-04 19:22:36 --> Controller "App\Controllers\base\Beranda" loaded.
INFO - 2024-05-04 19:23:01 --> Session: Class initialized using 'CodeIgniter\Session\Handlers\FileHandler' driver.
INFO - 2024-05-04 19:23:01 --> Controller "App\Controllers\base\Dashboard" loaded.
INFO - 2024-05-04 19:23:15 --> Session: Class initialized using 'CodeIgniter\Session\Handlers\FileHandler' driver.
INFO - 2024-05-04 19:23:15 --> Controller "App\Controllers\base\Dashboard" loaded.
INFO - 2024-05-04 19:23:15 --> Session: Class initialized using 'CodeIgniter\Session\Handlers\FileHandler' driver.
INFO - 2024-05-04 19:23:15 --> Controller "App\Controllers\base\Dashboard" loaded.
INFO - 2024-05-04 19:48:35 --> Controller "App\Controllers\base\Beranda" loaded.
INFO - 2024-05-04 19:49:24 --> Controller "App\Controllers\base\Beranda" loaded.
INFO - 2024-05-04 19:49:50 --> Controller "App\Controllers\base\Beranda" loaded.
INFO - 2024-05-04 19:50:10 --> Controller "App\Controllers\base\Beranda" loaded.
INFO - 2024-05-04 19:50:46 --> Controller "App\Controllers\base\Beranda" loaded.
INFO - 2024-05-04 19:50:54 --> Controller "App\Controllers\base\Beranda" loaded.
INFO - 2024-05-04 19:51:11 --> Controller "App\Controllers\base\Beranda" loaded.
INFO - 2024-05-04 19:51:51 --> Controller "App\Controllers\base\Beranda" loaded.
INFO - 2024-05-04 19:51:51 --> Controller "App\Controllers\base\Beranda" loaded.
INFO - 2024-05-04 19:51:59 --> Controller "App\Controllers\base\Beranda" loaded.
INFO - 2024-05-04 19:52:02 --> Controller "App\Controllers\base\Beranda" loaded.
INFO - 2024-05-04 19:52:06 --> Controller "App\Controllers\base\Beranda" loaded.
INFO - 2024-05-04 19:52:17 --> Controller "App\Controllers\base\Beranda" loaded.
INFO - 2024-05-04 19:52:33 --> Controller "App\Controllers\base\Beranda" loaded.
INFO - 2024-05-04 19:53:13 --> Controller "App\Controllers\base\Beranda" loaded.
INFO - 2024-05-04 19:54:19 --> Controller "App\Controllers\base\Beranda" loaded.
INFO - 2024-05-04 19:54:49 --> Controller "App\Controllers\base\Beranda" loaded.
INFO - 2024-05-04 19:56:05 --> Controller "App\Controllers\base\Beranda" loaded.
INFO - 2024-05-04 21:32:08 --> Controller "App\Controllers\base\Beranda" loaded.
INFO - 2024-05-04 21:32:15 --> Session: Class initialized using 'CodeIgniter\Session\Handlers\FileHandler' driver.
INFO - 2024-05-04 21:32:15 --> Controller "App\Controllers\base\Dashboard" loaded.
INFO - 2024-05-04 21:36:29 --> Session: Class initialized using 'CodeIgniter\Session\Handlers\FileHandler' driver.
INFO - 2024-05-04 21:36:29 --> Session: Class initialized using 'CodeIgniter\Session\Handlers\FileHandler' driver.
INFO - 2024-05-04 21:36:29 --> Controller "App\Controllers\admin\Admin" loaded.
INFO - 2024-05-04 21:36:33 --> Session: Class initialized using 'CodeIgniter\Session\Handlers\FileHandler' driver.
INFO - 2024-05-04 21:36:33 --> Controller "App\Controllers\base\Dashboard" loaded.
